#
# A fatal error has been detected by the Java Runtime Environment:
#
#  EXCEPTION_ACCESS_VIOLATION (0xc0000005) at pc=0x00007ffc31bbc4be, pid=9444, tid=23156
#
# JRE version: OpenJDK Runtime Environment (16.0.2+7) (build 16.0.2+7-67)
# Java VM: OpenJDK 64-Bit Server VM (16.0.2+7-67, mixed mode, sharing, tiered, compressed oops, compressed class ptrs, g1 gc, windows-amd64)
# Problematic frame:
# C  [native-platform-file-events.dll+0x1c4be]
#
# No core dump will be written. Minidumps are not enabled by default on client versions of Windows
#
# If you would like to submit a bug report, please visit:
#   https://bugreport.java.com/bugreport/crash.jsp
# The crash happened outside the Java Virtual Machine in native code.
# See problematic frame for where to report the bug.
#

---------------  S U M M A R Y ------------

Command Line: --add-opens=java.base/java.util=ALL-UNNAMED --add-opens=java.base/java.lang=ALL-UNNAMED --add-opens=java.base/java.lang.invoke=ALL-UNNAMED --add-opens=java.base/java.util=ALL-UNNAMED --add-opens=java.prefs/java.util.prefs=ALL-UNNAMED --add-opens=java.prefs/java.util.prefs=ALL-UNNAMED --add-opens=java.base/java.nio.charset=ALL-UNNAMED --add-opens=java.base/java.net=ALL-UNNAMED --add-opens=java.base/java.util.concurrent.atomic=ALL-UNNAMED -XX:MaxMetaspaceSize=256m -XX:+HeapDumpOnOutOfMemoryError -Xms256m -Xmx512m -Dfile.encoding=windows-1252 -Duser.country=US -Duser.language=en -Duser.variant org.gradle.launcher.daemon.bootstrap.GradleDaemon 7.1.1

Host: Intel(R) Core(TM) i7-7700 CPU @ 3.60GHz, 8 cores, 15G,  Windows 10 , 64 bit Build 19041 (10.0.19041.1023)
Time: Thu Jul 29 16:15:38 2021 Azerbaijan Standard Time elapsed time: 13887.254387 seconds (0d 3h 51m 27s)

---------------  T H R E A D  ---------------

Current thread (0x000002079b6a09d0):  JavaThread "File watcher server" daemon [_thread_in_native, id=23156, stack(0x00000044cbf00000,0x00000044cc000000)]

Stack: [0x00000044cbf00000,0x00000044cc000000],  sp=0x00000044cbffe5d0,  free space=1017k
Native frames: (J=compiled Java code, j=interpreted, Vv=VM code, C=native code)
C  [native-platform-file-events.dll+0x1c4be]

Java frames: (J=compiled Java code, j=interpreted, Vv=VM code)
j  net.rubygrapefruit.platform.internal.jni.AbstractFileEventFunctions$NativeFileWatcher.executeRunLoop0(Ljava/lang/Object;)V+0
j  net.rubygrapefruit.platform.internal.jni.AbstractFileEventFunctions$NativeFileWatcher.access$100(Lnet/rubygrapefruit/platform/internal/jni/AbstractFileEventFunctions$NativeFileWatcher;Ljava/lang/Object;)V+2
j  net.rubygrapefruit.platform.internal.jni.AbstractFileEventFunctions$NativeFileWatcher$1.run()V+26
v  ~StubRoutines::call_stub

siginfo: EXCEPTION_ACCESS_VIOLATION (0xc0000005), reading address 0xffffffffffffffff


Register to memory mapping:

RIP=0x00007ffc31bbc4be native-platform-file-events.dll
RAX=0x0061006c005c0073 is an unknown value
RBX=0x0000000000000001 is an unknown value
RCX=0x0061006c005c0073 is an unknown value
RDX=0x00000044cbffe628 is pointing into the stack for thread: 0x000002079b6a09d0
RSP=0x00000044cbffe5d0 is pointing into the stack for thread: 0x000002079b6a09d0
RBP=0x00000044cbffefc8 is pointing into the stack for thread: 0x000002079b6a09d0
RSI=0x0 is NULL
RDI=0x00000000ffffffff is an unallocated location in the heap
R8 =0x00000044cbffe630 is pointing into the stack for thread: 0x000002079b6a09d0
R9 =0x000000007ffec000 points into unknown readable memory: 0x0000000000000001 | 01 00 00 00 00 00 00 00
R10=0x0000000000000001 is an unknown value
R11=0x000006295b013fec is an unknown value
R12=0x0 is NULL
R13={method} {0x000002079df1b338} 'executeRunLoop0' '(Ljava/lang/Object;)V' in 'net/rubygrapefruit/platform/internal/jni/AbstractFileEventFunctions$NativeFileWatcher'
R14=0x00000044cbffeff0 is pointing into the stack for thread: 0x000002079b6a09d0
R15=0x000002079b6a09d0 is a thread


Registers:
RAX=0x0061006c005c0073, RBX=0x0000000000000001, RCX=0x0061006c005c0073, RDX=0x00000044cbffe628
RSP=0x00000044cbffe5d0, RBP=0x00000044cbffefc8, RSI=0x0000000000000000, RDI=0x00000000ffffffff
R8 =0x00000044cbffe630, R9 =0x000000007ffec000, R10=0x0000000000000001, R11=0x000006295b013fec
R12=0x0000000000000000, R13=0x000002079df1b330, R14=0x00000044cbffeff0, R15=0x000002079b6a09d0
RIP=0x00007ffc31bbc4be, EFLAGS=0x0000000000010206

Top of Stack: (sp=0x00000044cbffe5d0)
0x00000044cbffe5d0:   000410c87a4837ec 000410c83f69de28
0x00000044cbffe5e0:   000410c87a4837ec 00007ffc31bd7be5
0x00000044cbffe5f0:   00000044cbffe6a8 00000044cbffe628
0x00000044cbffe600:   0000004400000000 00000044cbffe638
0x00000044cbffe610:   00000044cbff0001 00000a68679f7133
0x00000044cbffe620:   00000044cbffe630 00000000000003db
0x00000044cbffe630:   000410c83f69de28 000410c87a4837ec
0x00000044cbffe640:   00000044cbffeff0 00007ffc31bd7777
0x00000044cbffe650:   00000044cbffe6a8 00000044cbffe6a0
0x00000044cbffe660:   0000020799b72420 00000008001f8100
0x00000044cbffe670:   0000000000000000 00007ffc31bc8bee
0x00000044cbffe680:   000410c87a4837ec 00000000000003db
0x00000044cbffe690:   00000044cb3fc3c0 00000044cbffe700
0x00000044cbffe6a0:   0000fa55c0d7040f 00000000000003db
0x00000044cbffe6b0:   0000000000000000 00007ffc31bbc6ec
0x00000044cbffe6c0:   0061006c005c0073 0000004400000003 

Instructions: (pc=0x00007ffc31bbc4be)
0x00007ffc31bbc3be:   8b 00 48 89 44 24 38 48 8b 44 24 38 48 89 44 24
0x00007ffc31bbc3ce:   58 48 8b 84 24 b0 00 00 00 48 83 c0 08 48 89 44
0x00007ffc31bbc3de:   24 40 48 8d 54 24 70 48 8b 4c 24 40 e8 26 50 fe
0x00007ffc31bbc3ee:   ff 48 8b 00 48 89 44 24 48 48 8b 44 24 48 48 89
0x00007ffc31bbc3fe:   44 24 60 4c 8b 4c 24 50 4c 8b 44 24 58 48 8b 54
0x00007ffc31bbc40e:   24 60 48 8d 4c 24 78 e8 31 92 fe ff 48 8d 4c 24
0x00007ffc31bbc41e:   78 e8 8b 6a fe ff 48 8b c8 ff 15 db ab 11 00 89
0x00007ffc31bbc42e:   44 24 24 83 7c 24 24 ff 74 15 8b 44 24 24 83 e0
0x00007ffc31bbc43e:   10 85 c0 74 0a c7 44 24 28 01 00 00 00 eb 08 c7
0x00007ffc31bbc44e:   44 24 28 00 00 00 00 0f b6 44 24 28 88 44 24 20
0x00007ffc31bbc45e:   48 8d 4c 24 78 e8 1f 97 fe ff 0f b6 44 24 20 48
0x00007ffc31bbc46e:   8b 8c 24 98 00 00 00 48 33 cc e8 8f 76 fe ff 48
0x00007ffc31bbc47e:   81 c4 a8 00 00 00 c3 cc cc cc cc cc cc cc cc cc
0x00007ffc31bbc48e:   cc cc 48 89 4c 24 08 48 81 ec e8 00 00 00 48 8b
0x00007ffc31bbc49e:   05 a5 7d 10 00 48 33 c4 48 89 84 24 d0 00 00 00
0x00007ffc31bbc4ae:   c7 44 24 30 00 00 00 00 48 8b 84 24 f0 00 00 00
0x00007ffc31bbc4be:   83 78 68 03 0f 84 02 01 00 00 48 8b 84 24 f0 00
0x00007ffc31bbc4ce:   00 00 48 8b 48 28 ff 15 36 ab 11 00 89 44 24 38
0x00007ffc31bbc4de:   83 7c 24 38 00 0f 85 d0 00 00 00 ba 07 00 00 00
0x00007ffc31bbc4ee:   48 8b 0d 1b b0 10 00 e8 48 a4 fe ff 88 44 24 34
0x00007ffc31bbc4fe:   0f b6 44 24 34 85 c0 0f 84 90 00 00 00 ff 15 07
0x00007ffc31bbc50e:   ab 11 00 89 44 24 3c 48 8b 84 24 f0 00 00 00 48
0x00007ffc31bbc51e:   83 c0 08 48 8b d0 48 8d 8c 24 90 00 00 00 e8 05
0x00007ffc31bbc52e:   51 fe ff 48 89 44 24 40 48 8b 44 24 40 48 89 44
0x00007ffc31bbc53e:   24 48 8b 44 24 30 83 c8 01 89 44 24 30 48 8b 4c
0x00007ffc31bbc54e:   24 48 e8 d5 52 fe ff 48 89 44 24 50 48 8b 84 24
0x00007ffc31bbc55e:   f0 00 00 00 48 8b 40 28 48 89 44 24 58 8b 44 24
0x00007ffc31bbc56e:   3c 89 44 24 28 48 8b 44 24 50 48 89 44 24 20 4c
0x00007ffc31bbc57e:   8b 4c 24 58 4c 8d 05 77 af 0d 00 ba 07 00 00 00
0x00007ffc31bbc58e:   48 8b 0d 7b af 10 00 e8 f8 71 fe ff 90 8b 44 24
0x00007ffc31bbc59e:   30 83 e0 01 85 c0 74 13 83 64 24 30 fe 48 8d 8c
0x00007ffc31bbc5ae:   24 90 00 00 00 e8 e7 5a fe ff 90 eb 00 48 8b 84 


Stack slot to memory mapping:
stack at sp + 0 slots: 0x000410c87a4837ec is an unknown value
stack at sp + 1 slots: 0x000410c83f69de28 is an unknown value
stack at sp + 2 slots: 0x000410c87a4837ec is an unknown value
stack at sp + 3 slots: 0x00007ffc31bd7be5 native-platform-file-events.dll
stack at sp + 4 slots: 0x00000044cbffe6a8 is pointing into the stack for thread: 0x000002079b6a09d0
stack at sp + 5 slots: 0x00000044cbffe628 is pointing into the stack for thread: 0x000002079b6a09d0
stack at sp + 6 slots: 0x0000004400000000 is an unknown value
stack at sp + 7 slots: 0x00000044cbffe638 is pointing into the stack for thread: 0x000002079b6a09d0


---------------  P R O C E S S  ---------------

Threads class SMR info:
_java_thread_list=0x00000207996491c0, length=38, elements={
0x00000207fdd6eaa0, 0x00000207ffe771c0, 0x00000207ffe77f90, 0x00000207ffe8e290,
0x00000207ffe8eda0, 0x00000207ffe916c0, 0x00000207ffe92fe0, 0x00000207ffea01f0,
0x00000207ffea4c20, 0x00000207ffea5180, 0x00000207990e1690, 0x0000020799103bd0,
0x000002079ae28430, 0x000002079ae25f00, 0x000002079ae27ee0, 0x000002079ae27990,
0x000002079b6a39a0, 0x000002079b6a2f00, 0x000002079b6a09d0, 0x000002079b6a4ee0,
0x000002079b6a4440, 0x000002079b6a7410, 0x000002079b6a4990, 0x000002079b6a19c0,
0x000002079b6a1470, 0x000002079b6a5430, 0x000002079b6a5980, 0x000002079b6a5ed0,
0x000002079b6a6970, 0x000002079caa7e60, 0x000002079ef13770, 0x000002079caaa390,
0x000002079caa6920, 0x000002079caa8900, 0x000002079caa73c0, 0x000002079caab380,
0x000002079caa8e50, 0x000002079939dc80
}

Java Threads: ( => current thread )
  0x00000207fdd6eaa0 JavaThread "main" [_thread_blocked, id=17664, stack(0x00000044c9700000,0x00000044c9800000)]
  0x00000207ffe771c0 JavaThread "Reference Handler" daemon [_thread_blocked, id=17612, stack(0x00000044c9e00000,0x00000044c9f00000)]
  0x00000207ffe77f90 JavaThread "Finalizer" daemon [_thread_blocked, id=19216, stack(0x00000044c9f00000,0x00000044ca000000)]
  0x00000207ffe8e290 JavaThread "Signal Dispatcher" daemon [_thread_blocked, id=20432, stack(0x00000044ca000000,0x00000044ca100000)]
  0x00000207ffe8eda0 JavaThread "Attach Listener" daemon [_thread_blocked, id=15248, stack(0x00000044ca100000,0x00000044ca200000)]
  0x00000207ffe916c0 JavaThread "Service Thread" daemon [_thread_blocked, id=13864, stack(0x00000044ca200000,0x00000044ca300000)]
  0x00000207ffe92fe0 JavaThread "Monitor Deflation Thread" daemon [_thread_blocked, id=10488, stack(0x00000044ca300000,0x00000044ca400000)]
  0x00000207ffea01f0 JavaThread "C2 CompilerThread0" daemon [_thread_blocked, id=24176, stack(0x00000044ca400000,0x00000044ca500000)]
  0x00000207ffea4c20 JavaThread "C1 CompilerThread0" daemon [_thread_blocked, id=24508, stack(0x00000044ca500000,0x00000044ca600000)]
  0x00000207ffea5180 JavaThread "Sweeper thread" daemon [_thread_blocked, id=18588, stack(0x00000044ca600000,0x00000044ca700000)]
  0x00000207990e1690 JavaThread "Common-Cleaner" daemon [_thread_blocked, id=24260, stack(0x00000044ca700000,0x00000044ca800000)]
  0x0000020799103bd0 JavaThread "Notification Thread" daemon [_thread_blocked, id=924, stack(0x00000044ca800000,0x00000044ca900000)]
  0x000002079ae28430 JavaThread "Daemon health stats" [_thread_blocked, id=23884, stack(0x00000044cb100000,0x00000044cb200000)]
  0x000002079ae25f00 JavaThread "Incoming local TCP Connector on port 57061" [_thread_in_native, id=21404, stack(0x00000044caa00000,0x00000044cab00000)]
  0x000002079ae27ee0 JavaThread "Daemon periodic checks" [_thread_blocked, id=2748, stack(0x00000044cab00000,0x00000044cac00000)]
  0x000002079ae27990 JavaThread "Cache worker for journal cache (F:\Yunus Files\gradle-7.1.1-all\caches\journal-1)" [_thread_blocked, id=15260, stack(0x00000044cba00000,0x00000044cbb00000)]
  0x000002079b6a39a0 JavaThread "File lock request listener" [_thread_in_native, id=12428, stack(0x00000044cbb00000,0x00000044cbc00000)]
  0x000002079b6a2f00 JavaThread "Cache worker for file hash cache (F:\Yunus Files\gradle-7.1.1-all\caches\7.1.1\fileHashes)" [_thread_blocked, id=21892, stack(0x00000044cbc00000,0x00000044cbd00000)]
=>0x000002079b6a09d0 JavaThread "File watcher server" daemon [_thread_in_native, id=23156, stack(0x00000044cbf00000,0x00000044cc000000)]
  0x000002079b6a4ee0 JavaThread "File watcher consumer" daemon [_thread_blocked, id=15124, stack(0x00000044cc000000,0x00000044cc100000)]
  0x000002079b6a4440 JavaThread "Cache worker for execution history cache (F:\Yunus Files\gradle-7.1.1-all\caches\7.1.1\executionHistory)" [_thread_blocked, id=22724, stack(0x00000044cc400000,0x00000044cc500000)]
  0x000002079b6a7410 JavaThread "jar transforms" [_thread_blocked, id=8832, stack(0x00000044cc800000,0x00000044cc900000)]
  0x000002079b6a4990 JavaThread "jar transforms Thread 2" [_thread_blocked, id=19684, stack(0x00000044cc900000,0x00000044cca00000)]
  0x000002079b6a19c0 JavaThread "Cache worker for file content cache (F:\Yunus Files\gradle-7.1.1-all\caches\7.1.1\fileContent)" [_thread_blocked, id=17708, stack(0x00000044cca00000,0x00000044ccb00000)]
  0x000002079b6a1470 JavaThread "jar transforms Thread 3" [_thread_blocked, id=10184, stack(0x00000044ccb00000,0x00000044ccc00000)]
  0x000002079b6a5430 JavaThread "jar transforms Thread 4" [_thread_blocked, id=10552, stack(0x00000044ccc00000,0x00000044ccd00000)]
  0x000002079b6a5980 JavaThread "jar transforms Thread 5" [_thread_blocked, id=16164, stack(0x00000044ccd00000,0x00000044cce00000)]
  0x000002079b6a5ed0 JavaThread "jar transforms Thread 6" [_thread_blocked, id=23284, stack(0x00000044cce00000,0x00000044ccf00000)]
  0x000002079b6a6970 JavaThread "jar transforms Thread 7" [_thread_blocked, id=18884, stack(0x00000044cd000000,0x00000044cd100000)]
  0x000002079caa7e60 JavaThread "jar transforms Thread 8" [_thread_blocked, id=21744, stack(0x00000044ce600000,0x00000044ce700000)]
  0x000002079ef13770 JavaThread "Memory manager" [_thread_blocked, id=7360, stack(0x00000044ce700000,0x00000044ce800000)]
  0x000002079caaa390 JavaThread "Cache worker for Java compile cache (F:\Yunus Files\gradle-7.1.1-all\caches\7.1.1\javaCompile)" [_thread_blocked, id=14276, stack(0x00000044d2600000,0x00000044d2700000)]
  0x000002079caa6920 JavaThread "Daemon Thread 4" [_thread_blocked, id=10828, stack(0x00000044c9500000,0x00000044c9600000)]
  0x000002079caa8900 JavaThread "Handler for socket connection from /127.0.0.1:57061 to /127.0.0.1:53535" [_thread_in_native, id=9516, stack(0x00000044c9600000,0x00000044c9700000)]
  0x000002079caa73c0 JavaThread "Cancel handler" [_thread_blocked, id=9064, stack(0x00000044cb200000,0x00000044cb300000)]
  0x000002079caab380 JavaThread "Daemon worker Thread 4" [_thread_blocked, id=8516, stack(0x00000044cb300000,0x00000044cb400000)]
  0x000002079caa8e50 JavaThread "Asynchronous log dispatcher for DefaultDaemonConnection: socket connection from /127.0.0.1:57061 to /127.0.0.1:53535" [_thread_blocked, id=19796, stack(0x00000044cb400000,0x00000044cb500000)]
  0x000002079939dc80 JavaThread "C2 CompilerThread1" daemon [_thread_blocked, id=21936, stack(0x00000044cbe00000,0x00000044cbf00000)]

Other Threads:
  0x00000207ffe73660 VMThread "VM Thread" [stack: 0x00000044c9d00000,0x00000044c9e00000] [id=19324]
  0x0000020799104700 WatcherThread [stack: 0x00000044ca900000,0x00000044caa00000] [id=24276]
  0x00000207fdd97620 GCTaskThread "GC Thread#0" [stack: 0x00000044c9800000,0x00000044c9900000] [id=11216]
  0x0000020799c14810 GCTaskThread "GC Thread#1" [stack: 0x00000044cac00000,0x00000044cad00000] [id=10280]
  0x0000020799c14b20 GCTaskThread "GC Thread#2" [stack: 0x00000044cad00000,0x00000044cae00000] [id=2572]
  0x000002079962c750 GCTaskThread "GC Thread#3" [stack: 0x00000044cae00000,0x00000044caf00000] [id=12368]
  0x000002079962ca60 GCTaskThread "GC Thread#4" [stack: 0x00000044caf00000,0x00000044cb000000] [id=24112]
  0x0000020799c59160 GCTaskThread "GC Thread#5" [stack: 0x00000044cb000000,0x00000044cb100000] [id=2988]
  0x000002079cc8d960 GCTaskThread "GC Thread#6" [stack: 0x00000044cc500000,0x00000044cc600000] [id=2536]
  0x000002079cc8e290 GCTaskThread "GC Thread#7" [stack: 0x00000044cc600000,0x00000044cc700000] [id=11744]
  0x00000207fdd9c570 ConcurrentGCThread "G1 Main Marker" [stack: 0x00000044c9900000,0x00000044c9a00000] [id=22332]
  0x00000207fdd9cef0 ConcurrentGCThread "G1 Conc#0" [stack: 0x00000044c9a00000,0x00000044c9b00000] [id=6852]
  0x000002079cc8dc70 ConcurrentGCThread "G1 Conc#1" [stack: 0x00000044cc700000,0x00000044cc800000] [id=17644]
  0x00000207fde4bbd0 ConcurrentGCThread "G1 Refine#0" [stack: 0x00000044c9b00000,0x00000044c9c00000] [id=21092]
  0x000002079b74dea0 ConcurrentGCThread "G1 Refine#1" [stack: 0x00000044d2f00000,0x00000044d3000000] [id=22716]
  0x000002079b74eba0 ConcurrentGCThread "G1 Refine#2" [stack: 0x00000044c9400000,0x00000044c9500000] [id=17120]
  0x00000207fde4c560 ConcurrentGCThread "G1 Service" [stack: 0x00000044c9c00000,0x00000044c9d00000] [id=17056]

Threads with active compile tasks:

VM state: not at safepoint (normal execution)

VM Mutex/Monitor currently owned by a thread: None

Heap address: 0x00000000e0000000, size: 512 MB, Compressed Oops mode: 32-bit

CDS archive(s) mapped at: [0x0000000800000000-0x0000000800bb0000-0x0000000800bb0000), size 12255232, SharedBaseAddress: 0x0000000800000000, ArchiveRelocationMode: 0.
Compressed class space mapped at: 0x0000000800c00000-0x000000080dc00000, reserved size: 218103808
Narrow klass base: 0x0000000800000000, Narrow klass shift: 3, Narrow klass range: 0x100000000

GC Precious Log:
 CPUs: 8 total, 8 available
 Memory: 16343M
 Large Page Support: Disabled
 NUMA Support: Disabled
 Compressed Oops: Enabled (32-bit)
 Heap Region Size: 1M
 Heap Min Capacity: 256M
 Heap Initial Capacity: 256M
 Heap Max Capacity: 512M
 Pre-touch: Disabled
 Parallel Workers: 8
 Concurrent Workers: 2
 Concurrent Refinement Workers: 8
 Periodic GC: Disabled

Heap:
 garbage-first heap   total 262144K, used 196275K [0x00000000e0000000, 0x0000000100000000)
  region size 1024K, 124 young (126976K), 18 survivors (18432K)
 Metaspace       used 67774K, committed 68480K, reserved 278528K
  class space    used 8573K, committed 8960K, reserved 212992K

Heap Regions: E=young(eden), S=young(survivor), O=old, HS=humongous(starts), HC=humongous(continues), CS=collection set, F=free, OA=open archive, CA=closed archive, TAMS=top-at-mark-start (previous, next)
|   0|0x00000000e0000000, 0x00000000e0100000, 0x00000000e0100000|100%| O|  |TAMS 0x00000000e0100000, 0x00000000e0000000| Untracked 
|   1|0x00000000e0100000, 0x00000000e0200000, 0x00000000e0200000|100%| O|  |TAMS 0x00000000e0200000, 0x00000000e0100000| Untracked 
|   2|0x00000000e0200000, 0x00000000e0300000, 0x00000000e0300000|100%| O|  |TAMS 0x00000000e0300000, 0x00000000e0200000| Untracked 
|   3|0x00000000e0300000, 0x00000000e0400000, 0x00000000e0400000|100%|HS|  |TAMS 0x00000000e0400000, 0x00000000e0300000| Complete 
|   4|0x00000000e0400000, 0x00000000e0500000, 0x00000000e0500000|100%|HC|  |TAMS 0x00000000e0500000, 0x00000000e0400000| Complete 
|   5|0x00000000e0500000, 0x00000000e0600000, 0x00000000e0600000|100%|HC|  |TAMS 0x00000000e0600000, 0x00000000e0500000| Complete 
|   6|0x00000000e0600000, 0x00000000e0700000, 0x00000000e0700000|100%| O|  |TAMS 0x00000000e0700000, 0x00000000e0600000| Untracked 
|   7|0x00000000e0700000, 0x00000000e0800000, 0x00000000e0800000|100%| O|  |TAMS 0x00000000e0800000, 0x00000000e0700000| Untracked 
|   8|0x00000000e0800000, 0x00000000e0900000, 0x00000000e0900000|100%| O|  |TAMS 0x00000000e0900000, 0x00000000e0800000| Untracked 
|   9|0x00000000e0900000, 0x00000000e0a00000, 0x00000000e0a00000|100%| O|  |TAMS 0x00000000e0a00000, 0x00000000e0900000| Untracked 
|  10|0x00000000e0a00000, 0x00000000e0b00000, 0x00000000e0b00000|100%| O|  |TAMS 0x00000000e0b00000, 0x00000000e0a00000| Untracked 
|  11|0x00000000e0b00000, 0x00000000e0c00000, 0x00000000e0c00000|100%| O|  |TAMS 0x00000000e0c00000, 0x00000000e0b00000| Untracked 
|  12|0x00000000e0c00000, 0x00000000e0d00000, 0x00000000e0d00000|100%| O|  |TAMS 0x00000000e0d00000, 0x00000000e0c00000| Untracked 
|  13|0x00000000e0d00000, 0x00000000e0e00000, 0x00000000e0e00000|100%| O|  |TAMS 0x00000000e0e00000, 0x00000000e0d00000| Untracked 
|  14|0x00000000e0e00000, 0x00000000e0f00000, 0x00000000e0f00000|100%| O|  |TAMS 0x00000000e0f00000, 0x00000000e0e00000| Untracked 
|  15|0x00000000e0f00000, 0x00000000e1000000, 0x00000000e1000000|100%| O|  |TAMS 0x00000000e1000000, 0x00000000e0f00000| Untracked 
|  16|0x00000000e1000000, 0x00000000e1100000, 0x00000000e1100000|100%| O|  |TAMS 0x00000000e1100000, 0x00000000e1000000| Untracked 
|  17|0x00000000e1100000, 0x00000000e1200000, 0x00000000e1200000|100%| O|  |TAMS 0x00000000e1200000, 0x00000000e1100000| Untracked 
|  18|0x00000000e1200000, 0x00000000e1300000, 0x00000000e1300000|100%| O|  |TAMS 0x00000000e1300000, 0x00000000e1200000| Untracked 
|  19|0x00000000e1300000, 0x00000000e1400000, 0x00000000e1400000|100%| O|  |TAMS 0x00000000e1400000, 0x00000000e1300000| Untracked 
|  20|0x00000000e1400000, 0x00000000e1500000, 0x00000000e1500000|100%| O|  |TAMS 0x00000000e1500000, 0x00000000e1400000| Untracked 
|  21|0x00000000e1500000, 0x00000000e1600000, 0x00000000e1600000|100%| O|  |TAMS 0x00000000e1600000, 0x00000000e1500000| Untracked 
|  22|0x00000000e1600000, 0x00000000e1700000, 0x00000000e1700000|100%| O|  |TAMS 0x00000000e1700000, 0x00000000e1600000| Untracked 
|  23|0x00000000e1700000, 0x00000000e1800000, 0x00000000e1800000|100%| O|  |TAMS 0x00000000e1800000, 0x00000000e1700000| Untracked 
|  24|0x00000000e1800000, 0x00000000e1900000, 0x00000000e1900000|100%| O|  |TAMS 0x00000000e1900000, 0x00000000e1800000| Untracked 
|  25|0x00000000e1900000, 0x00000000e1a00000, 0x00000000e1a00000|100%| O|  |TAMS 0x00000000e1a00000, 0x00000000e1900000| Untracked 
|  26|0x00000000e1a00000, 0x00000000e1b00000, 0x00000000e1b00000|100%| O|  |TAMS 0x00000000e1b00000, 0x00000000e1a00000| Untracked 
|  27|0x00000000e1b00000, 0x00000000e1c00000, 0x00000000e1c00000|100%| O|  |TAMS 0x00000000e1c00000, 0x00000000e1b00000| Untracked 
|  28|0x00000000e1c00000, 0x00000000e1d00000, 0x00000000e1d00000|100%| O|  |TAMS 0x00000000e1d00000, 0x00000000e1c00000| Untracked 
|  29|0x00000000e1d00000, 0x00000000e1e00000, 0x00000000e1e00000|100%| O|  |TAMS 0x00000000e1e00000, 0x00000000e1d00000| Untracked 
|  30|0x00000000e1e00000, 0x00000000e1f00000, 0x00000000e1f00000|100%| O|  |TAMS 0x00000000e1f00000, 0x00000000e1e00000| Untracked 
|  31|0x00000000e1f00000, 0x00000000e2000000, 0x00000000e2000000|100%| O|  |TAMS 0x00000000e2000000, 0x00000000e1f00000| Untracked 
|  32|0x00000000e2000000, 0x00000000e2100000, 0x00000000e2100000|100%| O|  |TAMS 0x00000000e2100000, 0x00000000e2000000| Untracked 
|  33|0x00000000e2100000, 0x00000000e2200000, 0x00000000e2200000|100%| O|  |TAMS 0x00000000e2200000, 0x00000000e2100000| Untracked 
|  34|0x00000000e2200000, 0x00000000e2300000, 0x00000000e2300000|100%| O|  |TAMS 0x00000000e2300000, 0x00000000e2200000| Untracked 
|  35|0x00000000e2300000, 0x00000000e2400000, 0x00000000e2400000|100%| O|  |TAMS 0x00000000e2400000, 0x00000000e2300000| Untracked 
|  36|0x00000000e2400000, 0x00000000e2500000, 0x00000000e2500000|100%| O|  |TAMS 0x00000000e2500000, 0x00000000e2400000| Untracked 
|  37|0x00000000e2500000, 0x00000000e2600000, 0x00000000e2600000|100%| O|  |TAMS 0x00000000e2600000, 0x00000000e2500000| Untracked 
|  38|0x00000000e2600000, 0x00000000e2700000, 0x00000000e2700000|100%| O|  |TAMS 0x00000000e2600000, 0x00000000e2600000| Untracked 
|  39|0x00000000e2700000, 0x00000000e2800000, 0x00000000e2800000|100%|HS|  |TAMS 0x00000000e2800000, 0x00000000e2700000| Complete 
|  40|0x00000000e2800000, 0x00000000e2900000, 0x00000000e2900000|100%| O|  |TAMS 0x00000000e2900000, 0x00000000e2800000| Untracked 
|  41|0x00000000e2900000, 0x00000000e2a00000, 0x00000000e2a00000|100%| O|  |TAMS 0x00000000e2a00000, 0x00000000e2900000| Untracked 
|  42|0x00000000e2a00000, 0x00000000e2b00000, 0x00000000e2b00000|100%| O|  |TAMS 0x00000000e2b00000, 0x00000000e2a00000| Untracked 
|  43|0x00000000e2b00000, 0x00000000e2c00000, 0x00000000e2c00000|100%| O|  |TAMS 0x00000000e2c00000, 0x00000000e2b00000| Untracked 
|  44|0x00000000e2c00000, 0x00000000e2d00000, 0x00000000e2d00000|100%| O|  |TAMS 0x00000000e2d00000, 0x00000000e2c00000| Untracked 
|  45|0x00000000e2d00000, 0x00000000e2e00000, 0x00000000e2e00000|100%| O|  |TAMS 0x00000000e2e00000, 0x00000000e2d00000| Untracked 
|  46|0x00000000e2e00000, 0x00000000e2f00000, 0x00000000e2f00000|100%| O|  |TAMS 0x00000000e2f00000, 0x00000000e2e00000| Untracked 
|  47|0x00000000e2f00000, 0x00000000e3000000, 0x00000000e3000000|100%| O|  |TAMS 0x00000000e3000000, 0x00000000e2f00000| Untracked 
|  48|0x00000000e3000000, 0x00000000e3100000, 0x00000000e3100000|100%| O|  |TAMS 0x00000000e3100000, 0x00000000e3000000| Untracked 
|  49|0x00000000e3100000, 0x00000000e3200000, 0x00000000e3200000|100%| O|  |TAMS 0x00000000e3200000, 0x00000000e3100000| Untracked 
|  50|0x00000000e3200000, 0x00000000e3300000, 0x00000000e3300000|100%| O|  |TAMS 0x00000000e3300000, 0x00000000e3200000| Untracked 
|  51|0x00000000e3300000, 0x00000000e3400000, 0x00000000e3400000|100%| O|  |TAMS 0x00000000e3400000, 0x00000000e3300000| Untracked 
|  52|0x00000000e3400000, 0x00000000e3500000, 0x00000000e3500000|100%| O|  |TAMS 0x00000000e3500000, 0x00000000e3400000| Untracked 
|  53|0x00000000e3500000, 0x00000000e3600000, 0x00000000e3600000|100%| O|  |TAMS 0x00000000e3600000, 0x00000000e3500000| Untracked 
|  54|0x00000000e3600000, 0x00000000e3700000, 0x00000000e3700000|100%| O|  |TAMS 0x00000000e3700000, 0x00000000e3600000| Untracked 
|  55|0x00000000e3700000, 0x00000000e3800000, 0x00000000e3800000|100%| O|  |TAMS 0x00000000e3800000, 0x00000000e3700000| Untracked 
|  56|0x00000000e3800000, 0x00000000e3900000, 0x00000000e3900000|100%| O|  |TAMS 0x00000000e3900000, 0x00000000e3800000| Untracked 
|  57|0x00000000e3900000, 0x00000000e3a00000, 0x00000000e3a00000|100%| O|  |TAMS 0x00000000e3956a00, 0x00000000e3900000| Untracked 
|  58|0x00000000e3a00000, 0x00000000e3b00000, 0x00000000e3b00000|100%| O|  |TAMS 0x00000000e3a00000, 0x00000000e3a00000| Untracked 
|  59|0x00000000e3b00000, 0x00000000e3c00000, 0x00000000e3c00000|100%| O|  |TAMS 0x00000000e3b00000, 0x00000000e3b00000| Untracked 
|  60|0x00000000e3c00000, 0x00000000e3d00000, 0x00000000e3d00000|100%| O|  |TAMS 0x00000000e3c00000, 0x00000000e3c00000| Untracked 
|  61|0x00000000e3d00000, 0x00000000e3e00000, 0x00000000e3e00000|100%| O|  |TAMS 0x00000000e3d00000, 0x00000000e3d00000| Untracked 
|  62|0x00000000e3e00000, 0x00000000e3f00000, 0x00000000e3f00000|100%| O|  |TAMS 0x00000000e3e00000, 0x00000000e3e00000| Untracked 
|  63|0x00000000e3f00000, 0x00000000e4000000, 0x00000000e4000000|100%| O|  |TAMS 0x00000000e3f00000, 0x00000000e3f00000| Untracked 
|  64|0x00000000e4000000, 0x00000000e4000000, 0x00000000e4100000|  0%| F|  |TAMS 0x00000000e4000000, 0x00000000e4000000| Untracked 
|  65|0x00000000e4100000, 0x00000000e4200000, 0x00000000e4200000|100%| O|  |TAMS 0x00000000e4100000, 0x00000000e4100000| Untracked 
|  66|0x00000000e4200000, 0x00000000e4300000, 0x00000000e4300000|100%| O|  |TAMS 0x00000000e4200000, 0x00000000e4200000| Untracked 
|  67|0x00000000e4300000, 0x00000000e4400000, 0x00000000e4400000|100%| O|  |TAMS 0x00000000e4300000, 0x00000000e4300000| Untracked 
|  68|0x00000000e4400000, 0x00000000e4500000, 0x00000000e4500000|100%|HS|  |TAMS 0x00000000e4400000, 0x00000000e4400000| Complete 
|  69|0x00000000e4500000, 0x00000000e45acc00, 0x00000000e4600000| 67%| O|  |TAMS 0x00000000e4500000, 0x00000000e4500000| Untracked 
|  70|0x00000000e4600000, 0x00000000e4600000, 0x00000000e4700000|  0%| F|  |TAMS 0x00000000e4600000, 0x00000000e4600000| Untracked 
|  71|0x00000000e4700000, 0x00000000e4700000, 0x00000000e4800000|  0%| F|  |TAMS 0x00000000e4700000, 0x00000000e4700000| Untracked 
|  72|0x00000000e4800000, 0x00000000e4800000, 0x00000000e4900000|  0%| F|  |TAMS 0x00000000e4800000, 0x00000000e4800000| Untracked 
|  73|0x00000000e4900000, 0x00000000e4900000, 0x00000000e4a00000|  0%| F|  |TAMS 0x00000000e4900000, 0x00000000e4900000| Untracked 
|  74|0x00000000e4a00000, 0x00000000e4a00000, 0x00000000e4b00000|  0%| F|  |TAMS 0x00000000e4a00000, 0x00000000e4a00000| Untracked 
|  75|0x00000000e4b00000, 0x00000000e4b00000, 0x00000000e4c00000|  0%| F|  |TAMS 0x00000000e4b00000, 0x00000000e4b00000| Untracked 
|  76|0x00000000e4c00000, 0x00000000e4c00000, 0x00000000e4d00000|  0%| F|  |TAMS 0x00000000e4c00000, 0x00000000e4c00000| Untracked 
|  77|0x00000000e4d00000, 0x00000000e4d00000, 0x00000000e4e00000|  0%| F|  |TAMS 0x00000000e4d00000, 0x00000000e4d00000| Untracked 
|  78|0x00000000e4e00000, 0x00000000e4e00000, 0x00000000e4f00000|  0%| F|  |TAMS 0x00000000e4e00000, 0x00000000e4e00000| Untracked 
|  79|0x00000000e4f00000, 0x00000000e4f00000, 0x00000000e5000000|  0%| F|  |TAMS 0x00000000e4f00000, 0x00000000e4f00000| Untracked 
|  80|0x00000000e5000000, 0x00000000e5000000, 0x00000000e5100000|  0%| F|  |TAMS 0x00000000e5000000, 0x00000000e5000000| Untracked 
|  81|0x00000000e5100000, 0x00000000e5100000, 0x00000000e5200000|  0%| F|  |TAMS 0x00000000e5100000, 0x00000000e5100000| Untracked 
|  82|0x00000000e5200000, 0x00000000e5200000, 0x00000000e5300000|  0%| F|  |TAMS 0x00000000e5200000, 0x00000000e5200000| Untracked 
|  83|0x00000000e5300000, 0x00000000e5300000, 0x00000000e5400000|  0%| F|  |TAMS 0x00000000e5300000, 0x00000000e5300000| Untracked 
|  84|0x00000000e5400000, 0x00000000e5400000, 0x00000000e5500000|  0%| F|  |TAMS 0x00000000e5400000, 0x00000000e5400000| Untracked 
|  85|0x00000000e5500000, 0x00000000e5500000, 0x00000000e5600000|  0%| F|  |TAMS 0x00000000e5500000, 0x00000000e5500000| Untracked 
|  86|0x00000000e5600000, 0x00000000e5600000, 0x00000000e5700000|  0%| F|  |TAMS 0x00000000e5600000, 0x00000000e5600000| Untracked 
|  87|0x00000000e5700000, 0x00000000e5700000, 0x00000000e5800000|  0%| F|  |TAMS 0x00000000e5700000, 0x00000000e5700000| Untracked 
|  88|0x00000000e5800000, 0x00000000e5800000, 0x00000000e5900000|  0%| F|  |TAMS 0x00000000e5800000, 0x00000000e5800000| Untracked 
|  89|0x00000000e5900000, 0x00000000e5900000, 0x00000000e5a00000|  0%| F|  |TAMS 0x00000000e5900000, 0x00000000e5900000| Untracked 
|  90|0x00000000e5a00000, 0x00000000e5a00000, 0x00000000e5b00000|  0%| F|  |TAMS 0x00000000e5a00000, 0x00000000e5a00000| Untracked 
|  91|0x00000000e5b00000, 0x00000000e5b00000, 0x00000000e5c00000|  0%| F|  |TAMS 0x00000000e5b00000, 0x00000000e5b00000| Untracked 
|  92|0x00000000e5c00000, 0x00000000e5c00000, 0x00000000e5d00000|  0%| F|  |TAMS 0x00000000e5c00000, 0x00000000e5c00000| Untracked 
|  93|0x00000000e5d00000, 0x00000000e5d00000, 0x00000000e5e00000|  0%| F|  |TAMS 0x00000000e5d00000, 0x00000000e5d00000| Untracked 
|  94|0x00000000e5e00000, 0x00000000e5e00000, 0x00000000e5f00000|  0%| F|  |TAMS 0x00000000e5e00000, 0x00000000e5e00000| Untracked 
|  95|0x00000000e5f00000, 0x00000000e5f00000, 0x00000000e6000000|  0%| F|  |TAMS 0x00000000e5f00000, 0x00000000e5f00000| Untracked 
|  96|0x00000000e6000000, 0x00000000e6100000, 0x00000000e6100000|100%| S|CS|TAMS 0x00000000e6000000, 0x00000000e6000000| Complete 
|  97|0x00000000e6100000, 0x00000000e6200000, 0x00000000e6200000|100%| S|CS|TAMS 0x00000000e6100000, 0x00000000e6100000| Complete 
|  98|0x00000000e6200000, 0x00000000e6300000, 0x00000000e6300000|100%| S|CS|TAMS 0x00000000e6200000, 0x00000000e6200000| Complete 
|  99|0x00000000e6300000, 0x00000000e6400000, 0x00000000e6400000|100%| S|CS|TAMS 0x00000000e6300000, 0x00000000e6300000| Complete 
| 100|0x00000000e6400000, 0x00000000e6500000, 0x00000000e6500000|100%| S|CS|TAMS 0x00000000e6400000, 0x00000000e6400000| Complete 
| 101|0x00000000e6500000, 0x00000000e6500000, 0x00000000e6600000|  0%| F|  |TAMS 0x00000000e6500000, 0x00000000e6500000| Untracked 
| 102|0x00000000e6600000, 0x00000000e6600000, 0x00000000e6700000|  0%| F|  |TAMS 0x00000000e6600000, 0x00000000e6600000| Untracked 
| 103|0x00000000e6700000, 0x00000000e6700000, 0x00000000e6800000|  0%| F|  |TAMS 0x00000000e6700000, 0x00000000e6700000| Untracked 
| 104|0x00000000e6800000, 0x00000000e6800000, 0x00000000e6900000|  0%| F|  |TAMS 0x00000000e6800000, 0x00000000e6800000| Untracked 
| 105|0x00000000e6900000, 0x00000000e6900000, 0x00000000e6a00000|  0%| F|  |TAMS 0x00000000e6900000, 0x00000000e6900000| Untracked 
| 106|0x00000000e6a00000, 0x00000000e6a00000, 0x00000000e6b00000|  0%| F|  |TAMS 0x00000000e6a00000, 0x00000000e6a00000| Untracked 
| 107|0x00000000e6b00000, 0x00000000e6b00000, 0x00000000e6c00000|  0%| F|  |TAMS 0x00000000e6b00000, 0x00000000e6b00000| Untracked 
| 108|0x00000000e6c00000, 0x00000000e6c00000, 0x00000000e6d00000|  0%| F|  |TAMS 0x00000000e6c00000, 0x00000000e6c00000| Untracked 
| 109|0x00000000e6d00000, 0x00000000e6d00000, 0x00000000e6e00000|  0%| F|  |TAMS 0x00000000e6d00000, 0x00000000e6d00000| Untracked 
| 110|0x00000000e6e00000, 0x00000000e6e00000, 0x00000000e6f00000|  0%| F|  |TAMS 0x00000000e6e00000, 0x00000000e6e00000| Untracked 
| 111|0x00000000e6f00000, 0x00000000e7000000, 0x00000000e7000000|100%| S|CS|TAMS 0x00000000e6f00000, 0x00000000e6f00000| Complete 
| 112|0x00000000e7000000, 0x00000000e7100000, 0x00000000e7100000|100%| S|CS|TAMS 0x00000000e7000000, 0x00000000e7000000| Complete 
| 113|0x00000000e7100000, 0x00000000e7200000, 0x00000000e7200000|100%| S|CS|TAMS 0x00000000e7100000, 0x00000000e7100000| Complete 
| 114|0x00000000e7200000, 0x00000000e7300000, 0x00000000e7300000|100%| S|CS|TAMS 0x00000000e7200000, 0x00000000e7200000| Complete 
| 115|0x00000000e7300000, 0x00000000e7400000, 0x00000000e7400000|100%| S|CS|TAMS 0x00000000e7300000, 0x00000000e7300000| Complete 
| 116|0x00000000e7400000, 0x00000000e7500000, 0x00000000e7500000|100%| S|CS|TAMS 0x00000000e7400000, 0x00000000e7400000| Complete 
| 117|0x00000000e7500000, 0x00000000e7600000, 0x00000000e7600000|100%| S|CS|TAMS 0x00000000e7500000, 0x00000000e7500000| Complete 
| 118|0x00000000e7600000, 0x00000000e7700000, 0x00000000e7700000|100%| S|CS|TAMS 0x00000000e7600000, 0x00000000e7600000| Complete 
| 119|0x00000000e7700000, 0x00000000e7800000, 0x00000000e7800000|100%| S|CS|TAMS 0x00000000e7700000, 0x00000000e7700000| Complete 
| 120|0x00000000e7800000, 0x00000000e7900000, 0x00000000e7900000|100%| S|CS|TAMS 0x00000000e7800000, 0x00000000e7800000| Complete 
| 121|0x00000000e7900000, 0x00000000e7a00000, 0x00000000e7a00000|100%| S|CS|TAMS 0x00000000e7900000, 0x00000000e7900000| Complete 
| 122|0x00000000e7a00000, 0x00000000e7b00000, 0x00000000e7b00000|100%| S|CS|TAMS 0x00000000e7a00000, 0x00000000e7a00000| Complete 
| 123|0x00000000e7b00000, 0x00000000e7c00000, 0x00000000e7c00000|100%| S|CS|TAMS 0x00000000e7b00000, 0x00000000e7b00000| Complete 
| 124|0x00000000e7c00000, 0x00000000e7c00000, 0x00000000e7d00000|  0%| F|  |TAMS 0x00000000e7c00000, 0x00000000e7c00000| Untracked 
| 125|0x00000000e7d00000, 0x00000000e7d00000, 0x00000000e7e00000|  0%| F|  |TAMS 0x00000000e7d00000, 0x00000000e7d00000| Untracked 
| 126|0x00000000e7e00000, 0x00000000e7e00000, 0x00000000e7f00000|  0%| F|  |TAMS 0x00000000e7e00000, 0x00000000e7e00000| Untracked 
| 127|0x00000000e7f00000, 0x00000000e7f00000, 0x00000000e8000000|  0%| F|  |TAMS 0x00000000e7f00000, 0x00000000e7f00000| Untracked 
| 128|0x00000000e8000000, 0x00000000e8000000, 0x00000000e8100000|  0%| F|  |TAMS 0x00000000e8000000, 0x00000000e8000000| Untracked 
| 129|0x00000000e8100000, 0x00000000e8100000, 0x00000000e8200000|  0%| F|  |TAMS 0x00000000e8100000, 0x00000000e8100000| Untracked 
| 130|0x00000000e8200000, 0x00000000e8200000, 0x00000000e8300000|  0%| F|  |TAMS 0x00000000e8200000, 0x00000000e8200000| Untracked 
| 131|0x00000000e8300000, 0x00000000e8300000, 0x00000000e8400000|  0%| F|  |TAMS 0x00000000e8300000, 0x00000000e8300000| Untracked 
| 132|0x00000000e8400000, 0x00000000e8400000, 0x00000000e8500000|  0%| F|  |TAMS 0x00000000e8400000, 0x00000000e8400000| Untracked 
| 133|0x00000000e8500000, 0x00000000e8500000, 0x00000000e8600000|  0%| F|  |TAMS 0x00000000e8500000, 0x00000000e8500000| Untracked 
| 134|0x00000000e8600000, 0x00000000e8600000, 0x00000000e8700000|  0%| F|  |TAMS 0x00000000e8600000, 0x00000000e8600000| Untracked 
| 135|0x00000000e8700000, 0x00000000e8700000, 0x00000000e8800000|  0%| F|  |TAMS 0x00000000e8700000, 0x00000000e8700000| Untracked 
| 136|0x00000000e8800000, 0x00000000e8800000, 0x00000000e8900000|  0%| F|  |TAMS 0x00000000e8800000, 0x00000000e8800000| Untracked 
| 137|0x00000000e8900000, 0x00000000e8900000, 0x00000000e8a00000|  0%| F|  |TAMS 0x00000000e8900000, 0x00000000e8900000| Untracked 
| 138|0x00000000e8a00000, 0x00000000e8a00000, 0x00000000e8b00000|  0%| F|  |TAMS 0x00000000e8a00000, 0x00000000e8a00000| Untracked 
| 139|0x00000000e8b00000, 0x00000000e8b00000, 0x00000000e8c00000|  0%| F|  |TAMS 0x00000000e8b00000, 0x00000000e8b00000| Untracked 
| 140|0x00000000e8c00000, 0x00000000e8c00000, 0x00000000e8d00000|  0%| F|  |TAMS 0x00000000e8c00000, 0x00000000e8c00000| Untracked 
| 141|0x00000000e8d00000, 0x00000000e8d00000, 0x00000000e8e00000|  0%| F|  |TAMS 0x00000000e8d00000, 0x00000000e8d00000| Untracked 
| 142|0x00000000e8e00000, 0x00000000e8e00000, 0x00000000e8f00000|  0%| F|  |TAMS 0x00000000e8e00000, 0x00000000e8e00000| Untracked 
| 143|0x00000000e8f00000, 0x00000000e8f00000, 0x00000000e9000000|  0%| F|  |TAMS 0x00000000e8f00000, 0x00000000e8f00000| Untracked 
| 144|0x00000000e9000000, 0x00000000e9000000, 0x00000000e9100000|  0%| F|  |TAMS 0x00000000e9000000, 0x00000000e9000000| Untracked 
| 145|0x00000000e9100000, 0x00000000e9100000, 0x00000000e9200000|  0%| F|  |TAMS 0x00000000e9100000, 0x00000000e9100000| Untracked 
| 146|0x00000000e9200000, 0x00000000e9200000, 0x00000000e9300000|  0%| F|  |TAMS 0x00000000e9200000, 0x00000000e9200000| Untracked 
| 147|0x00000000e9300000, 0x00000000e9300000, 0x00000000e9400000|  0%| F|  |TAMS 0x00000000e9300000, 0x00000000e9300000| Untracked 
| 148|0x00000000e9400000, 0x00000000e9400000, 0x00000000e9500000|  0%| F|  |TAMS 0x00000000e9400000, 0x00000000e9400000| Untracked 
| 149|0x00000000e9500000, 0x00000000e9500000, 0x00000000e9600000|  0%| F|  |TAMS 0x00000000e9500000, 0x00000000e9500000| Untracked 
| 150|0x00000000e9600000, 0x00000000e9700000, 0x00000000e9700000|100%| E|  |TAMS 0x00000000e9600000, 0x00000000e9600000| Complete 
| 151|0x00000000e9700000, 0x00000000e9800000, 0x00000000e9800000|100%| E|CS|TAMS 0x00000000e9700000, 0x00000000e9700000| Complete 
| 152|0x00000000e9800000, 0x00000000e9900000, 0x00000000e9900000|100%| E|CS|TAMS 0x00000000e9800000, 0x00000000e9800000| Complete 
| 153|0x00000000e9900000, 0x00000000e9a00000, 0x00000000e9a00000|100%| E|CS|TAMS 0x00000000e9900000, 0x00000000e9900000| Complete 
| 154|0x00000000e9a00000, 0x00000000e9b00000, 0x00000000e9b00000|100%| E|CS|TAMS 0x00000000e9a00000, 0x00000000e9a00000| Complete 
| 155|0x00000000e9b00000, 0x00000000e9c00000, 0x00000000e9c00000|100%| E|CS|TAMS 0x00000000e9b00000, 0x00000000e9b00000| Complete 
| 156|0x00000000e9c00000, 0x00000000e9d00000, 0x00000000e9d00000|100%| E|CS|TAMS 0x00000000e9c00000, 0x00000000e9c00000| Complete 
| 157|0x00000000e9d00000, 0x00000000e9e00000, 0x00000000e9e00000|100%| E|CS|TAMS 0x00000000e9d00000, 0x00000000e9d00000| Complete 
| 158|0x00000000e9e00000, 0x00000000e9f00000, 0x00000000e9f00000|100%| E|CS|TAMS 0x00000000e9e00000, 0x00000000e9e00000| Complete 
| 159|0x00000000e9f00000, 0x00000000ea000000, 0x00000000ea000000|100%| E|CS|TAMS 0x00000000e9f00000, 0x00000000e9f00000| Complete 
| 160|0x00000000ea000000, 0x00000000ea100000, 0x00000000ea100000|100%| E|CS|TAMS 0x00000000ea000000, 0x00000000ea000000| Complete 
| 161|0x00000000ea100000, 0x00000000ea200000, 0x00000000ea200000|100%| E|CS|TAMS 0x00000000ea100000, 0x00000000ea100000| Complete 
| 162|0x00000000ea200000, 0x00000000ea300000, 0x00000000ea300000|100%| E|CS|TAMS 0x00000000ea200000, 0x00000000ea200000| Complete 
| 163|0x00000000ea300000, 0x00000000ea400000, 0x00000000ea400000|100%| E|CS|TAMS 0x00000000ea300000, 0x00000000ea300000| Complete 
| 164|0x00000000ea400000, 0x00000000ea500000, 0x00000000ea500000|100%| E|CS|TAMS 0x00000000ea400000, 0x00000000ea400000| Complete 
| 165|0x00000000ea500000, 0x00000000ea600000, 0x00000000ea600000|100%| E|CS|TAMS 0x00000000ea500000, 0x00000000ea500000| Complete 
| 166|0x00000000ea600000, 0x00000000ea700000, 0x00000000ea700000|100%| E|CS|TAMS 0x00000000ea600000, 0x00000000ea600000| Complete 
| 167|0x00000000ea700000, 0x00000000ea800000, 0x00000000ea800000|100%| E|CS|TAMS 0x00000000ea700000, 0x00000000ea700000| Complete 
| 168|0x00000000ea800000, 0x00000000ea900000, 0x00000000ea900000|100%| E|CS|TAMS 0x00000000ea800000, 0x00000000ea800000| Complete 
| 169|0x00000000ea900000, 0x00000000eaa00000, 0x00000000eaa00000|100%| E|CS|TAMS 0x00000000ea900000, 0x00000000ea900000| Complete 
| 170|0x00000000eaa00000, 0x00000000eab00000, 0x00000000eab00000|100%| E|CS|TAMS 0x00000000eaa00000, 0x00000000eaa00000| Complete 
| 171|0x00000000eab00000, 0x00000000eac00000, 0x00000000eac00000|100%| E|CS|TAMS 0x00000000eab00000, 0x00000000eab00000| Complete 
| 172|0x00000000eac00000, 0x00000000ead00000, 0x00000000ead00000|100%| E|CS|TAMS 0x00000000eac00000, 0x00000000eac00000| Complete 
| 173|0x00000000ead00000, 0x00000000eae00000, 0x00000000eae00000|100%| E|CS|TAMS 0x00000000ead00000, 0x00000000ead00000| Complete 
| 174|0x00000000eae00000, 0x00000000eaf00000, 0x00000000eaf00000|100%| E|CS|TAMS 0x00000000eae00000, 0x00000000eae00000| Complete 
| 175|0x00000000eaf00000, 0x00000000eb000000, 0x00000000eb000000|100%| E|CS|TAMS 0x00000000eaf00000, 0x00000000eaf00000| Complete 
| 176|0x00000000eb000000, 0x00000000eb100000, 0x00000000eb100000|100%| E|CS|TAMS 0x00000000eb000000, 0x00000000eb000000| Complete 
| 177|0x00000000eb100000, 0x00000000eb200000, 0x00000000eb200000|100%| E|CS|TAMS 0x00000000eb100000, 0x00000000eb100000| Complete 
| 178|0x00000000eb200000, 0x00000000eb300000, 0x00000000eb300000|100%| E|CS|TAMS 0x00000000eb200000, 0x00000000eb200000| Complete 
| 179|0x00000000eb300000, 0x00000000eb400000, 0x00000000eb400000|100%| E|CS|TAMS 0x00000000eb300000, 0x00000000eb300000| Complete 
| 180|0x00000000eb400000, 0x00000000eb500000, 0x00000000eb500000|100%| E|CS|TAMS 0x00000000eb400000, 0x00000000eb400000| Complete 
| 181|0x00000000eb500000, 0x00000000eb600000, 0x00000000eb600000|100%| E|CS|TAMS 0x00000000eb500000, 0x00000000eb500000| Complete 
| 182|0x00000000eb600000, 0x00000000eb700000, 0x00000000eb700000|100%| E|CS|TAMS 0x00000000eb600000, 0x00000000eb600000| Complete 
| 183|0x00000000eb700000, 0x00000000eb800000, 0x00000000eb800000|100%| E|CS|TAMS 0x00000000eb700000, 0x00000000eb700000| Complete 
| 184|0x00000000eb800000, 0x00000000eb900000, 0x00000000eb900000|100%| E|CS|TAMS 0x00000000eb800000, 0x00000000eb800000| Complete 
| 185|0x00000000eb900000, 0x00000000eba00000, 0x00000000eba00000|100%| E|CS|TAMS 0x00000000eb900000, 0x00000000eb900000| Complete 
| 186|0x00000000eba00000, 0x00000000ebb00000, 0x00000000ebb00000|100%| E|CS|TAMS 0x00000000eba00000, 0x00000000eba00000| Complete 
| 187|0x00000000ebb00000, 0x00000000ebc00000, 0x00000000ebc00000|100%| E|CS|TAMS 0x00000000ebb00000, 0x00000000ebb00000| Complete 
| 188|0x00000000ebc00000, 0x00000000ebd00000, 0x00000000ebd00000|100%| E|CS|TAMS 0x00000000ebc00000, 0x00000000ebc00000| Complete 
| 189|0x00000000ebd00000, 0x00000000ebe00000, 0x00000000ebe00000|100%| E|CS|TAMS 0x00000000ebd00000, 0x00000000ebd00000| Complete 
| 190|0x00000000ebe00000, 0x00000000ebf00000, 0x00000000ebf00000|100%| E|CS|TAMS 0x00000000ebe00000, 0x00000000ebe00000| Complete 
| 191|0x00000000ebf00000, 0x00000000ec000000, 0x00000000ec000000|100%| E|CS|TAMS 0x00000000ebf00000, 0x00000000ebf00000| Complete 
| 192|0x00000000ec000000, 0x00000000ec100000, 0x00000000ec100000|100%| E|CS|TAMS 0x00000000ec000000, 0x00000000ec000000| Complete 
| 193|0x00000000ec100000, 0x00000000ec200000, 0x00000000ec200000|100%| E|CS|TAMS 0x00000000ec100000, 0x00000000ec100000| Complete 
| 194|0x00000000ec200000, 0x00000000ec300000, 0x00000000ec300000|100%| E|CS|TAMS 0x00000000ec200000, 0x00000000ec200000| Complete 
| 195|0x00000000ec300000, 0x00000000ec400000, 0x00000000ec400000|100%| E|CS|TAMS 0x00000000ec300000, 0x00000000ec300000| Complete 
| 196|0x00000000ec400000, 0x00000000ec500000, 0x00000000ec500000|100%| E|CS|TAMS 0x00000000ec400000, 0x00000000ec400000| Complete 
| 197|0x00000000ec500000, 0x00000000ec600000, 0x00000000ec600000|100%| E|CS|TAMS 0x00000000ec500000, 0x00000000ec500000| Complete 
| 198|0x00000000ec600000, 0x00000000ec700000, 0x00000000ec700000|100%| E|CS|TAMS 0x00000000ec600000, 0x00000000ec600000| Complete 
| 199|0x00000000ec700000, 0x00000000ec800000, 0x00000000ec800000|100%| E|CS|TAMS 0x00000000ec700000, 0x00000000ec700000| Complete 
| 200|0x00000000ec800000, 0x00000000ec900000, 0x00000000ec900000|100%| E|CS|TAMS 0x00000000ec800000, 0x00000000ec800000| Complete 
| 201|0x00000000ec900000, 0x00000000eca00000, 0x00000000eca00000|100%| E|CS|TAMS 0x00000000ec900000, 0x00000000ec900000| Complete 
| 202|0x00000000eca00000, 0x00000000ecb00000, 0x00000000ecb00000|100%| E|CS|TAMS 0x00000000eca00000, 0x00000000eca00000| Complete 
| 203|0x00000000ecb00000, 0x00000000ecc00000, 0x00000000ecc00000|100%| E|CS|TAMS 0x00000000ecb00000, 0x00000000ecb00000| Complete 
| 204|0x00000000ecc00000, 0x00000000ecd00000, 0x00000000ecd00000|100%| E|CS|TAMS 0x00000000ecc00000, 0x00000000ecc00000| Complete 
| 205|0x00000000ecd00000, 0x00000000ece00000, 0x00000000ece00000|100%| E|CS|TAMS 0x00000000ecd00000, 0x00000000ecd00000| Complete 
| 206|0x00000000ece00000, 0x00000000ecf00000, 0x00000000ecf00000|100%| E|CS|TAMS 0x00000000ece00000, 0x00000000ece00000| Complete 
| 207|0x00000000ecf00000, 0x00000000ed000000, 0x00000000ed000000|100%| E|CS|TAMS 0x00000000ecf00000, 0x00000000ecf00000| Complete 
| 208|0x00000000ed000000, 0x00000000ed100000, 0x00000000ed100000|100%| E|CS|TAMS 0x00000000ed000000, 0x00000000ed000000| Complete 
| 209|0x00000000ed100000, 0x00000000ed200000, 0x00000000ed200000|100%| E|CS|TAMS 0x00000000ed100000, 0x00000000ed100000| Complete 
| 210|0x00000000ed200000, 0x00000000ed300000, 0x00000000ed300000|100%| E|CS|TAMS 0x00000000ed200000, 0x00000000ed200000| Complete 
| 211|0x00000000ed300000, 0x00000000ed400000, 0x00000000ed400000|100%| E|CS|TAMS 0x00000000ed300000, 0x00000000ed300000| Complete 
| 212|0x00000000ed400000, 0x00000000ed500000, 0x00000000ed500000|100%| E|CS|TAMS 0x00000000ed400000, 0x00000000ed400000| Complete 
| 213|0x00000000ed500000, 0x00000000ed600000, 0x00000000ed600000|100%| E|CS|TAMS 0x00000000ed500000, 0x00000000ed500000| Complete 
| 214|0x00000000ed600000, 0x00000000ed700000, 0x00000000ed700000|100%| E|CS|TAMS 0x00000000ed600000, 0x00000000ed600000| Complete 
| 215|0x00000000ed700000, 0x00000000ed800000, 0x00000000ed800000|100%| E|CS|TAMS 0x00000000ed700000, 0x00000000ed700000| Complete 
| 216|0x00000000ed800000, 0x00000000ed900000, 0x00000000ed900000|100%| E|CS|TAMS 0x00000000ed800000, 0x00000000ed800000| Complete 
| 217|0x00000000ed900000, 0x00000000eda00000, 0x00000000eda00000|100%| E|CS|TAMS 0x00000000ed900000, 0x00000000ed900000| Complete 
| 218|0x00000000eda00000, 0x00000000edb00000, 0x00000000edb00000|100%| E|CS|TAMS 0x00000000eda00000, 0x00000000eda00000| Complete 
| 219|0x00000000edb00000, 0x00000000edc00000, 0x00000000edc00000|100%| E|CS|TAMS 0x00000000edb00000, 0x00000000edb00000| Complete 
| 220|0x00000000edc00000, 0x00000000edd00000, 0x00000000edd00000|100%| E|CS|TAMS 0x00000000edc00000, 0x00000000edc00000| Complete 
| 221|0x00000000edd00000, 0x00000000ede00000, 0x00000000ede00000|100%| E|CS|TAMS 0x00000000edd00000, 0x00000000edd00000| Complete 
| 222|0x00000000ede00000, 0x00000000edf00000, 0x00000000edf00000|100%| E|CS|TAMS 0x00000000ede00000, 0x00000000ede00000| Complete 
| 223|0x00000000edf00000, 0x00000000ee000000, 0x00000000ee000000|100%| E|CS|TAMS 0x00000000edf00000, 0x00000000edf00000| Complete 
| 224|0x00000000ee000000, 0x00000000ee100000, 0x00000000ee100000|100%| E|CS|TAMS 0x00000000ee000000, 0x00000000ee000000| Complete 
| 225|0x00000000ee100000, 0x00000000ee200000, 0x00000000ee200000|100%| E|CS|TAMS 0x00000000ee100000, 0x00000000ee100000| Complete 
| 226|0x00000000ee200000, 0x00000000ee300000, 0x00000000ee300000|100%| E|CS|TAMS 0x00000000ee200000, 0x00000000ee200000| Complete 
| 227|0x00000000ee300000, 0x00000000ee400000, 0x00000000ee400000|100%| E|CS|TAMS 0x00000000ee300000, 0x00000000ee300000| Complete 
| 228|0x00000000ee400000, 0x00000000ee500000, 0x00000000ee500000|100%| E|CS|TAMS 0x00000000ee400000, 0x00000000ee400000| Complete 
| 229|0x00000000ee500000, 0x00000000ee600000, 0x00000000ee600000|100%| E|CS|TAMS 0x00000000ee500000, 0x00000000ee500000| Complete 
| 230|0x00000000ee600000, 0x00000000ee700000, 0x00000000ee700000|100%| E|CS|TAMS 0x00000000ee600000, 0x00000000ee600000| Complete 
| 231|0x00000000ee700000, 0x00000000ee800000, 0x00000000ee800000|100%| E|CS|TAMS 0x00000000ee700000, 0x00000000ee700000| Complete 
| 232|0x00000000ee800000, 0x00000000ee900000, 0x00000000ee900000|100%| E|CS|TAMS 0x00000000ee800000, 0x00000000ee800000| Complete 
| 233|0x00000000ee900000, 0x00000000eea00000, 0x00000000eea00000|100%| E|CS|TAMS 0x00000000ee900000, 0x00000000ee900000| Complete 
| 234|0x00000000eea00000, 0x00000000eeb00000, 0x00000000eeb00000|100%| E|CS|TAMS 0x00000000eea00000, 0x00000000eea00000| Complete 
| 235|0x00000000eeb00000, 0x00000000eec00000, 0x00000000eec00000|100%| E|CS|TAMS 0x00000000eeb00000, 0x00000000eeb00000| Complete 
| 236|0x00000000eec00000, 0x00000000eed00000, 0x00000000eed00000|100%| E|CS|TAMS 0x00000000eec00000, 0x00000000eec00000| Complete 
| 237|0x00000000eed00000, 0x00000000eee00000, 0x00000000eee00000|100%| E|CS|TAMS 0x00000000eed00000, 0x00000000eed00000| Complete 
| 238|0x00000000eee00000, 0x00000000eef00000, 0x00000000eef00000|100%| E|CS|TAMS 0x00000000eee00000, 0x00000000eee00000| Complete 
| 239|0x00000000eef00000, 0x00000000ef000000, 0x00000000ef000000|100%| E|CS|TAMS 0x00000000eef00000, 0x00000000eef00000| Complete 
| 240|0x00000000ef000000, 0x00000000ef100000, 0x00000000ef100000|100%| E|CS|TAMS 0x00000000ef000000, 0x00000000ef000000| Complete 
| 241|0x00000000ef100000, 0x00000000ef200000, 0x00000000ef200000|100%| E|CS|TAMS 0x00000000ef100000, 0x00000000ef100000| Complete 
| 242|0x00000000ef200000, 0x00000000ef300000, 0x00000000ef300000|100%| E|CS|TAMS 0x00000000ef200000, 0x00000000ef200000| Complete 
| 243|0x00000000ef300000, 0x00000000ef400000, 0x00000000ef400000|100%| E|CS|TAMS 0x00000000ef300000, 0x00000000ef300000| Complete 
| 244|0x00000000ef400000, 0x00000000ef500000, 0x00000000ef500000|100%| E|CS|TAMS 0x00000000ef400000, 0x00000000ef400000| Complete 
| 245|0x00000000ef500000, 0x00000000ef600000, 0x00000000ef600000|100%| E|CS|TAMS 0x00000000ef500000, 0x00000000ef500000| Complete 
| 246|0x00000000ef600000, 0x00000000ef700000, 0x00000000ef700000|100%| E|CS|TAMS 0x00000000ef600000, 0x00000000ef600000| Complete 
| 247|0x00000000ef700000, 0x00000000ef800000, 0x00000000ef800000|100%| E|CS|TAMS 0x00000000ef700000, 0x00000000ef700000| Complete 
| 248|0x00000000ef800000, 0x00000000ef900000, 0x00000000ef900000|100%| E|CS|TAMS 0x00000000ef800000, 0x00000000ef800000| Complete 
| 249|0x00000000ef900000, 0x00000000efa00000, 0x00000000efa00000|100%| E|CS|TAMS 0x00000000ef900000, 0x00000000ef900000| Complete 
| 250|0x00000000efa00000, 0x00000000efb00000, 0x00000000efb00000|100%| E|CS|TAMS 0x00000000efa00000, 0x00000000efa00000| Complete 
| 251|0x00000000efb00000, 0x00000000efc00000, 0x00000000efc00000|100%| E|CS|TAMS 0x00000000efb00000, 0x00000000efb00000| Complete 
| 252|0x00000000efc00000, 0x00000000efd00000, 0x00000000efd00000|100%| E|CS|TAMS 0x00000000efc00000, 0x00000000efc00000| Complete 
| 253|0x00000000efd00000, 0x00000000efe00000, 0x00000000efe00000|100%| E|CS|TAMS 0x00000000efd00000, 0x00000000efd00000| Complete 
| 254|0x00000000efe00000, 0x00000000eff00000, 0x00000000eff00000|100%| E|CS|TAMS 0x00000000efe00000, 0x00000000efe00000| Complete 
| 255|0x00000000eff00000, 0x00000000f0000000, 0x00000000f0000000|100%| E|CS|TAMS 0x00000000eff00000, 0x00000000eff00000| Complete 

Card table byte_map: [0x00000207fe280000,0x00000207fe380000] _byte_map_base: 0x00000207fdb80000

Marking Bits (Prev, Next): (CMBitMap*) 0x00000207fdd97ba0, (CMBitMap*) 0x00000207fdd97be0
 Prev Bits: [0x00000207fe480000, 0x00000207fec80000)
 Next Bits: [0x00000207fec80000, 0x00000207ff480000)

Polling page: 0x00000207fbd70000

Metaspace:

Usage:
  Non-class:     57.81 MB used.
      Class:      8.37 MB used.
       Both:     66.19 MB used.

Virtual space:
  Non-class space:       64.00 MB reserved,      58.12 MB ( 91%) committed,  8 nodes.
      Class space:      208.00 MB reserved,       8.75 MB (  4%) committed,  1 nodes.
              Both:      272.00 MB reserved,      66.88 MB ( 25%) committed. 

Chunk freelists:
   Non-Class:  1.59 MB
       Class:  3.18 MB
        Both:  4.77 MB

MaxMetaspaceSize: 256.00 MB
CompressedClassSpaceSize: 208.00 MB
 - commit_granule_bytes: 65536.
 - commit_granule_words: 8192.
 - virtual_space_node_default_size: 1048576.
 - enlarge_chunks_in_place: 1.
 - new_chunks_are_fully_committed: 0.
 - uncommit_free_chunks: 1.
 - use_allocation_guard: 0.
 - handle_deallocations: 1.


Internal statistics:

num_allocs_failed_limit: 12.
num_arena_births: 1052.
num_arena_deaths: 194.
num_vsnodes_births: 9.
num_vsnodes_deaths: 0.
num_space_committed: 1070.
num_space_uncommitted: 0.
num_chunks_returned_to_freelist: 238.
num_chunks_taken_from_freelist: 4090.
num_chunk_merges: 82.
num_chunk_splits: 2498.
num_chunks_enlarged: 1537.
num_purges: 4.

CodeHeap 'non-profiled nmethods': size=120000Kb used=10256Kb max_used=10256Kb free=109743Kb
 bounds [0x000002078f160000, 0x000002078fb70000, 0x0000020796690000]
CodeHeap 'profiled nmethods': size=120000Kb used=26215Kb max_used=26264Kb free=93785Kb
 bounds [0x0000020787c30000, 0x0000020789630000, 0x000002078f160000]
CodeHeap 'non-nmethods': size=5760Kb used=2368Kb max_used=2533Kb free=3391Kb
 bounds [0x0000020787690000, 0x0000020787930000, 0x0000020787c30000]
 total_blobs=13392 nmethods=12509 adapters=794
 compilation: enabled
              stopped_count=0, restarted_count=0
 full_count=0

Compilation events (20 events):
Event: 13887.220 Thread 0x00000207ffea4c20 nmethod 14975 0x0000020789428810 code [0x0000020789428a60, 0x0000020789429598]
Event: 13887.220 Thread 0x00000207ffea4c20 14978       3       java.io.Bits::putLong (86 bytes)
Event: 13887.220 Thread 0x00000207ffea4c20 nmethod 14978 0x00000207887d1c10 code [0x00000207887d1dc0, 0x00000207887d2038]
Event: 13887.220 Thread 0x00000207ffea4c20 14979       1       org.gradle.cache.internal.InMemoryDecoratedCache::getCacheId (5 bytes)
Event: 13887.220 Thread 0x00000207ffea4c20 nmethod 14979 0x000002078fb5c790 code [0x000002078fb5c920, 0x000002078fb5c9f8]
Event: 13887.220 Thread 0x00000207ffea4c20 14980       3       org.gradle.internal.resources.DefaultResourceLockCoordinationService$DefaultResourceLockState::registerUnlocked (53 bytes)
Event: 13887.221 Thread 0x00000207ffea4c20 nmethod 14980 0x0000020787cf3410 code [0x0000020787cf3620, 0x0000020787cf3e78]
Event: 13887.225 Thread 0x00000207ffea01f0 nmethod 14969 0x000002078fb5ca90 code [0x000002078fb5cc20, 0x000002078fb5d218]
Event: 13887.225 Thread 0x00000207ffea01f0 14977       4       java.io.ObjectOutputStream$BlockDataOutputStream::writeBytes (144 bytes)
Event: 13887.231 Thread 0x000002079939dc80 nmethod 14952 0x000002078fb5d610 code [0x000002078fb5d940, 0x000002078fb604e0]
Event: 13887.231 Thread 0x000002079939dc80 14957 %     4       sun.security.provider.SHA::implCompress0 @ 3 (482 bytes)
Event: 13887.232 Thread 0x00000207ffea01f0 nmethod 14977 0x000002078fb61910 code [0x000002078fb61ac0, 0x000002078fb62178]
Event: 13887.232 Thread 0x00000207ffea01f0 14976       4       java.lang.Class::getClassLoader (28 bytes)
Event: 13887.232 Thread 0x00000207ffea01f0 nmethod 14976 0x000002078fb62610 code [0x000002078fb627a0, 0x000002078fb62858]
Event: 13887.232 Thread 0x00000207ffea01f0 14967       4       org.gradle.internal.serialize.kryo.KryoBackedEncoder::writeBytes (11 bytes)
Event: 13887.234 Thread 0x00000207ffea01f0 nmethod 14967 0x000002078fb62910 code [0x000002078fb62aa0, 0x000002078fb62dc8]
Event: 13887.235 Thread 0x00000207ffea4c20 14981       3       org.gradle.internal.snapshot.AbstractIncompleteFileSystemNode::accept (16 bytes)
Event: 13887.236 Thread 0x00000207ffea4c20 nmethod 14981 0x0000020788614610 code [0x0000020788614820, 0x0000020788614f58]
Event: 13887.236 Thread 0x00000207ffea4c20 14982       3       org.gradle.internal.snapshot.AbstractIncompleteFileSystemNode$$Lambda$250/0x0000000800f55318::<init> (10 bytes)
Event: 13887.236 Thread 0x00000207ffea4c20 nmethod 14982 0x0000020788be4790 code [0x0000020788be4940, 0x0000020788be4af8]

GC Heap History (20 events):
Event: 2397.654 GC heap before
{Heap before GC invocations=8 (full 0):
 garbage-first heap   total 262144K, used 193833K [0x00000000e0000000, 0x0000000100000000)
  region size 1024K, 153 young (156672K), 8 survivors (8192K)
 Metaspace       used 50415K, committed 50944K, reserved 262144K
  class space    used 6703K, committed 6976K, reserved 212992K
}
Event: 2397.661 GC heap after
{Heap after GC invocations=9 (full 0):
 garbage-first heap   total 262144K, used 44128K [0x00000000e0000000, 0x0000000100000000)
  region size 1024K, 6 young (6144K), 6 survivors (6144K)
 Metaspace       used 50415K, committed 50944K, reserved 262144K
  class space    used 6703K, committed 6976K, reserved 212992K
}
Event: 2398.985 GC heap before
{Heap before GC invocations=9 (full 0):
 garbage-first heap   total 262144K, used 194656K [0x00000000e0000000, 0x0000000100000000)
  region size 1024K, 153 young (156672K), 6 survivors (6144K)
 Metaspace       used 53023K, committed 53568K, reserved 262144K
  class space    used 6995K, committed 7232K, reserved 212992K
}
Event: 2398.999 GC heap after
{Heap after GC invocations=10 (full 0):
 garbage-first heap   total 262144K, used 58385K [0x00000000e0000000, 0x0000000100000000)
  region size 1024K, 19 young (19456K), 19 survivors (19456K)
 Metaspace       used 53023K, committed 53568K, reserved 262144K
  class space    used 6995K, committed 7232K, reserved 212992K
}
Event: 2399.852 GC heap before
{Heap before GC invocations=10 (full 0):
 garbage-first heap   total 262144K, used 175121K [0x00000000e0000000, 0x0000000100000000)
  region size 1024K, 134 young (137216K), 19 survivors (19456K)
 Metaspace       used 58861K, committed 59328K, reserved 270336K
  class space    used 7696K, committed 7936K, reserved 212992K
}
Event: 2399.869 GC heap after
{Heap after GC invocations=11 (full 0):
 garbage-first heap   total 262144K, used 70713K [0x00000000e0000000, 0x0000000100000000)
  region size 1024K, 13 young (13312K), 13 survivors (13312K)
 Metaspace       used 58861K, committed 59328K, reserved 270336K
  class space    used 7696K, committed 7936K, reserved 212992K
}
Event: 3274.781 GC heap before
{Heap before GC invocations=12 (full 0):
 garbage-first heap   total 262144K, used 200761K [0x00000000e0000000, 0x0000000100000000)
  region size 1024K, 141 young (144384K), 13 survivors (13312K)
 Metaspace       used 63032K, committed 63616K, reserved 270336K
  class space    used 8146K, committed 8448K, reserved 212992K
}
Event: 3274.806 GC heap after
{Heap after GC invocations=13 (full 0):
 garbage-first heap   total 262144K, used 69952K [0x00000000e0000000, 0x0000000100000000)
  region size 1024K, 5 young (5120K), 5 survivors (5120K)
 Metaspace       used 63032K, committed 63616K, reserved 270336K
  class space    used 8146K, committed 8448K, reserved 212992K
}
Event: 7412.865 GC heap before
{Heap before GC invocations=14 (full 0):
 garbage-first heap   total 262144K, used 205120K [0x00000000e0000000, 0x0000000100000000)
  region size 1024K, 137 young (140288K), 5 survivors (5120K)
 Metaspace       used 63215K, committed 63808K, reserved 270336K
  class space    used 8163K, committed 8448K, reserved 212992K
}
Event: 7412.870 GC heap after
{Heap after GC invocations=15 (full 0):
 garbage-first heap   total 262144K, used 71533K [0x00000000e0000000, 0x0000000100000000)
  region size 1024K, 7 young (7168K), 7 survivors (7168K)
 Metaspace       used 63215K, committed 63808K, reserved 270336K
  class space    used 8163K, committed 8448K, reserved 212992K
}
Event: 7414.289 GC heap before
{Heap before GC invocations=15 (full 0):
 garbage-first heap   total 262144K, used 208749K [0x00000000e0000000, 0x0000000100000000)
  region size 1024K, 141 young (144384K), 7 survivors (7168K)
 Metaspace       used 63530K, committed 64128K, reserved 270336K
  class space    used 8163K, committed 8448K, reserved 212992K
}
Event: 7414.297 GC heap after
{Heap after GC invocations=16 (full 0):
 garbage-first heap   total 262144K, used 76243K [0x00000000e0000000, 0x0000000100000000)
  region size 1024K, 12 young (12288K), 12 survivors (12288K)
 Metaspace       used 63530K, committed 64128K, reserved 270336K
  class space    used 8163K, committed 8448K, reserved 212992K
}
Event: 7921.286 GC heap before
{Heap before GC invocations=16 (full 0):
 garbage-first heap   total 262144K, used 209363K [0x00000000e0000000, 0x0000000100000000)
  region size 1024K, 142 young (145408K), 12 survivors (12288K)
 Metaspace       used 65079K, committed 65728K, reserved 278528K
  class space    used 8335K, committed 8640K, reserved 212992K
}
Event: 7921.297 GC heap after
{Heap after GC invocations=17 (full 0):
 garbage-first heap   total 262144K, used 73592K [0x00000000e0000000, 0x0000000100000000)
  region size 1024K, 5 young (5120K), 5 survivors (5120K)
 Metaspace       used 65079K, committed 65728K, reserved 278528K
  class space    used 8335K, committed 8640K, reserved 212992K
}
Event: 12791.283 GC heap before
{Heap before GC invocations=17 (full 0):
 garbage-first heap   total 262144K, used 211832K [0x00000000e0000000, 0x0000000100000000)
  region size 1024K, 140 young (143360K), 5 survivors (5120K)
 Metaspace       used 65079K, committed 65728K, reserved 278528K
  class space    used 8335K, committed 8640K, reserved 212992K
}
Event: 12791.294 GC heap after
{Heap after GC invocations=18 (full 0):
 garbage-first heap   total 262144K, used 69365K [0x00000000e0000000, 0x0000000100000000)
  region size 1024K, 2 young (2048K), 2 survivors (2048K)
 Metaspace       used 65079K, committed 65728K, reserved 278528K
  class space    used 8335K, committed 8640K, reserved 212992K
}
Event: 13884.790 GC heap before
{Heap before GC invocations=18 (full 0):
 garbage-first heap   total 262144K, used 214773K [0x00000000e0000000, 0x0000000100000000)
  region size 1024K, 145 young (148480K), 2 survivors (2048K)
 Metaspace       used 65331K, committed 66048K, reserved 278528K
  class space    used 8347K, committed 8704K, reserved 212992K
}
Event: 13884.800 GC heap after
{Heap after GC invocations=19 (full 0):
 garbage-first heap   total 262144K, used 77752K [0x00000000e0000000, 0x0000000100000000)
  region size 1024K, 10 young (10240K), 10 survivors (10240K)
 Metaspace       used 65331K, committed 66048K, reserved 278528K
  class space    used 8347K, committed 8704K, reserved 212992K
}
Event: 13885.739 GC heap before
{Heap before GC invocations=19 (full 0):
 garbage-first heap   total 262144K, used 213944K [0x00000000e0000000, 0x0000000100000000)
  region size 1024K, 142 young (145408K), 10 survivors (10240K)
 Metaspace       used 66088K, committed 66816K, reserved 278528K
  class space    used 8427K, committed 8768K, reserved 212992K
}
Event: 13885.751 GC heap after
{Heap after GC invocations=20 (full 0):
 garbage-first heap   total 262144K, used 88755K [0x00000000e0000000, 0x0000000100000000)
  region size 1024K, 18 young (18432K), 18 survivors (18432K)
 Metaspace       used 66088K, committed 66816K, reserved 278528K
  class space    used 8427K, committed 8768K, reserved 212992K
}

Deoptimization events (20 events):
Event: 13886.747 Thread 0x000002079c6e4ee0 DEOPT PACKING pc=0x000002078f367574 sp=0x00000044ce4f6fc0
Event: 13886.747 Thread 0x000002079c6e4ee0 DEOPT UNPACKING pc=0x00000207876dd72e sp=0x00000044ce4f6ff8 mode 2
Event: 13886.755 Thread 0x000002079c6e4ee0 Uncommon trap: trap_request=0xffffffde fr.pc=0x000002078f8574b8 relative=0x0000000000000af8
Event: 13886.755 Thread 0x000002079c6e4ee0 Uncommon trap: reason=class_check action=maybe_recompile pc=0x000002078f8574b8 method=java.util.HashMap.removeNode(ILjava/lang/Object;Ljava/lang/Object;ZZ)Ljava/util/HashMap$Node; @ 143 c2
Event: 13886.755 Thread 0x000002079c6e4ee0 DEOPT PACKING pc=0x000002078f8574b8 sp=0x00000044ce4f7740
Event: 13886.755 Thread 0x000002079c6e4ee0 DEOPT UNPACKING pc=0x00000207876dd72e sp=0x00000044ce4f76b8 mode 2
Event: 13887.079 Thread 0x000002079c6e4ee0 DEOPT PACKING pc=0x0000020789159bc9 sp=0x00000044ce4f9c70
Event: 13887.079 Thread 0x000002079c6e4ee0 DEOPT UNPACKING pc=0x00000207876ddece sp=0x00000044ce4f91e8 mode 0
Event: 13887.200 Thread 0x000002079caa7910 Uncommon trap: trap_request=0xffffffd6 fr.pc=0x000002078fb23b04 relative=0x0000000000000924
Event: 13887.200 Thread 0x000002079caa7910 Uncommon trap: reason=array_check action=maybe_recompile pc=0x000002078fb23b04 method=java.util.ComparableTimSort.binarySort([Ljava/lang/Object;III)V @ 193 c2
Event: 13887.200 Thread 0x000002079caa7910 DEOPT PACKING pc=0x000002078fb23b04 sp=0x00000044cb6fe010
Event: 13887.200 Thread 0x000002079caa7910 DEOPT UNPACKING pc=0x00000207876dd72e sp=0x00000044cb6fdfc0 mode 2
Event: 13887.207 Thread 0x000002079e8cdaf0 Uncommon trap: trap_request=0xffffff45 fr.pc=0x000002078fad019c relative=0x000000000000017c
Event: 13887.207 Thread 0x000002079e8cdaf0 Uncommon trap: reason=unstable_if action=reinterpret pc=0x000002078fad019c method=org.gradle.internal.io.StreamByteBuffer.prepareRead()I @ 30 c2
Event: 13887.207 Thread 0x000002079e8cdaf0 DEOPT PACKING pc=0x000002078fad019c sp=0x00000044cedfe5f0
Event: 13887.207 Thread 0x000002079e8cdaf0 DEOPT UNPACKING pc=0x00000207876dd72e sp=0x00000044cedfe5a0 mode 2
Event: 13887.207 Thread 0x000002079e8cdaf0 Uncommon trap: trap_request=0xffffffde fr.pc=0x000002078f84b1e0 relative=0x00000000000004a0
Event: 13887.207 Thread 0x000002079e8cdaf0 Uncommon trap: reason=class_check action=maybe_recompile pc=0x000002078f84b1e0 method=java.io.BufferedOutputStream.write([BII)V @ 20 c2
Event: 13887.207 Thread 0x000002079e8cdaf0 DEOPT PACKING pc=0x000002078f84b1e0 sp=0x00000044cedfe4f0
Event: 13887.207 Thread 0x000002079e8cdaf0 DEOPT UNPACKING pc=0x00000207876dd72e sp=0x00000044cedfe420 mode 2

Classes unloaded (20 events):
Event: 2399.918 Thread 0x00000207ffe73660 Unloading class 0x0000000800cc2400 'java/lang/invoke/LambdaForm$MH+0x0000000800cc2400'
Event: 2399.918 Thread 0x00000207ffe73660 Unloading class 0x0000000800cc1c00 'java/lang/invoke/LambdaForm$MH+0x0000000800cc1c00'
Event: 2399.918 Thread 0x00000207ffe73660 Unloading class 0x0000000800c26c00 'java/lang/invoke/LambdaForm$MH+0x0000000800c26c00'
Event: 2399.918 Thread 0x00000207ffe73660 Unloading class 0x0000000800c26800 'java/lang/invoke/LambdaForm$MH+0x0000000800c26800'
Event: 2399.918 Thread 0x00000207ffe73660 Unloading class 0x0000000800c26000 'java/lang/invoke/LambdaForm$MH+0x0000000800c26000'
Event: 2399.918 Thread 0x00000207ffe73660 Unloading class 0x0000000800c24400 'java/lang/invoke/LambdaForm$MH+0x0000000800c24400'
Event: 3274.857 Thread 0x00000207ffe73660 Unloading class 0x00000008012eb400 'jdk/internal/reflect/GeneratedMethodAccessor27'
Event: 3274.857 Thread 0x00000207ffe73660 Unloading class 0x00000008012e8000 'jdk/internal/reflect/GeneratedConstructorAccessor31'
Event: 3274.857 Thread 0x00000207ffe73660 Unloading class 0x00000008012c9000 'jdk/internal/reflect/GeneratedSerializationConstructorAccessor17'
Event: 3274.857 Thread 0x00000207ffe73660 Unloading class 0x00000008012c8c00 'jdk/internal/reflect/GeneratedSerializationConstructorAccessor16'
Event: 3274.857 Thread 0x00000207ffe73660 Unloading class 0x00000008012c8800 'jdk/internal/reflect/GeneratedSerializationConstructorAccessor15'
Event: 3274.857 Thread 0x00000207ffe73660 Unloading class 0x00000008012c8400 'jdk/internal/reflect/GeneratedSerializationConstructorAccessor14'
Event: 3274.857 Thread 0x00000207ffe73660 Unloading class 0x00000008012b1000 'jdk/internal/reflect/GeneratedSerializationConstructorAccessor13'
Event: 3274.857 Thread 0x00000207ffe73660 Unloading class 0x00000008012b0c00 'jdk/internal/reflect/GeneratedSerializationConstructorAccessor12'
Event: 3274.857 Thread 0x00000207ffe73660 Unloading class 0x00000008012b0800 'jdk/internal/reflect/GeneratedSerializationConstructorAccessor11'
Event: 3274.857 Thread 0x00000207ffe73660 Unloading class 0x00000008012b0400 'jdk/internal/reflect/GeneratedSerializationConstructorAccessor10'
Event: 3274.857 Thread 0x00000207ffe73660 Unloading class 0x00000008012b0000 'jdk/internal/reflect/GeneratedSerializationConstructorAccessor9'
Event: 3274.857 Thread 0x00000207ffe73660 Unloading class 0x0000000801161c00 'java/lang/invoke/LambdaForm$MH+0x0000000801161c00'
Event: 3274.857 Thread 0x00000207ffe73660 Unloading class 0x0000000801161800 'java/lang/invoke/LambdaForm$MH+0x0000000801161800'
Event: 3274.857 Thread 0x00000207ffe73660 Unloading class 0x0000000801161000 'java/lang/invoke/LambdaForm$MH+0x0000000801161000'

Classes redefined (0 events):
No events

Internal exceptions (20 events):
Event: 13886.749 Thread 0x000002079c6e4ee0 Exception <a 'sun/nio/fs/WindowsException'{0x00000000ea4cf8b8}> (0x00000000ea4cf8b8) 
thrown [t:\workspace\open\src\hotspot\share\prims\jni.cpp, line 579]
Event: 13886.749 Thread 0x000002079c6e4ee0 Exception <a 'sun/nio/fs/WindowsException'{0x00000000ea4cfbd0}> (0x00000000ea4cfbd0) 
thrown [t:\workspace\open\src\hotspot\share\prims\jni.cpp, line 579]
Event: 13886.759 Thread 0x000002079c6e4ee0 Exception <a 'sun/nio/fs/WindowsException'{0x00000000ea3428a8}> (0x00000000ea3428a8) 
thrown [t:\workspace\open\src\hotspot\share\prims\jni.cpp, line 579]
Event: 13886.760 Thread 0x000002079c6e4ee0 Exception <a 'sun/nio/fs/WindowsException'{0x00000000ea3439f0}> (0x00000000ea3439f0) 
thrown [t:\workspace\open\src\hotspot\share\prims\jni.cpp, line 579]
Event: 13886.760 Thread 0x000002079c6e4ee0 Exception <a 'sun/nio/fs/WindowsException'{0x00000000ea344228}> (0x00000000ea344228) 
thrown [t:\workspace\open\src\hotspot\share\prims\jni.cpp, line 579]
Event: 13886.786 Thread 0x000002079c6e4ee0 Exception <a 'sun/nio/fs/WindowsException'{0x00000000ea379aa8}> (0x00000000ea379aa8) 
thrown [t:\workspace\open\src\hotspot\share\prims\jni.cpp, line 579]
Event: 13886.786 Thread 0x000002079c6e4ee0 Exception <a 'sun/nio/fs/WindowsException'{0x00000000ea37abe0}> (0x00000000ea37abe0) 
thrown [t:\workspace\open\src\hotspot\share\prims\jni.cpp, line 579]
Event: 13886.786 Thread 0x000002079c6e4ee0 Exception <a 'sun/nio/fs/WindowsException'{0x00000000ea37b3c0}> (0x00000000ea37b3c0) 
thrown [t:\workspace\open\src\hotspot\share\prims\jni.cpp, line 579]
Event: 13886.788 Thread 0x000002079c6e4ee0 Exception <a 'sun/nio/fs/WindowsException'{0x00000000ea37c580}> (0x00000000ea37c580) 
thrown [t:\workspace\open\src\hotspot\share\prims\jni.cpp, line 579]
Event: 13887.200 Thread 0x000002079caa7910 Exception <a 'java/lang/NoSuchMethodError'{0x00000000e9bfb8a8}: static Lorg/gradle/internal/build/event/types/DefaultTaskFinishedProgressEvent;.<clinit>()V> (0x00000000e9bfb8a8) 
thrown [t:\workspace\open\src\hotspot\share\prims\jni.cpp, line 1210]
Event: 13887.200 Thread 0x000002079caa7910 Exception <a 'java/lang/NoSuchMethodError'{0x00000000e9bfdbb0}: static Lorg/gradle/internal/build/event/types/AbstractProgressEvent;.<clinit>()V> (0x00000000e9bfdbb0) 
thrown [t:\workspace\open\src\hotspot\share\prims\jni.cpp, line 1210]
Event: 13887.201 Thread 0x000002079caa7910 Exception <a 'java/lang/NoSuchMethodError'{0x00000000e9a07288}: static Lorg/gradle/internal/build/event/types/DefaultTaskDescriptor;.<clinit>()V> (0x00000000e9a07288) 
thrown [t:\workspace\open\src\hotspot\share\prims\jni.cpp, line 1210]
Event: 13887.203 Thread 0x000002079caa7910 Exception <a 'java/lang/NoSuchMethodError'{0x00000000e9a25478}: static Lorg/gradle/internal/operations/OperationIdentifier;.<clinit>()V> (0x00000000e9a25478) 
thrown [t:\workspace\open\src\hotspot\share\prims\jni.cpp, line 1210]
Event: 13887.203 Thread 0x000002079caa7910 Exception <a 'java/lang/NoSuchMethodError'{0x00000000e9a2d178}: static Lorg/gradle/internal/build/event/types/DefaultBinaryPluginIdentifier;.<clinit>()V> (0x00000000e9a2d178) 
thrown [t:\workspace\open\src\hotspot\share\prims\jni.cpp, line 1210]
Event: 13887.204 Thread 0x000002079caa7910 Exception <a 'java/lang/NoSuchMethodError'{0x00000000e9a50210}: static Lorg/gradle/internal/build/event/types/DefaultJavaCompileTaskSuccessResult;.<clinit>()V> (0x00000000e9a50210) 
thrown [t:\workspace\open\src\hotspot\share\prims\jni.cpp, line 1210]
Event: 13887.204 Thread 0x000002079caa7910 Exception <a 'java/lang/NoSuchMethodError'{0x00000000e9a51a38}: static Lorg/gradle/internal/build/event/types/DefaultTaskSuccessResult;.<clinit>()V> (0x00000000e9a51a38) 
thrown [t:\workspace\open\src\hotspot\share\prims\jni.cpp, line 1210]
Event: 13887.205 Thread 0x000002079caa7910 Exception <a 'java/lang/NoSuchMethodError'{0x00000000e9a52c68}: static Lorg/gradle/internal/build/event/types/AbstractTaskResult;.<clinit>()V> (0x00000000e9a52c68) 
thrown [t:\workspace\open\src\hotspot\share\prims\jni.cpp, line 1210]
Event: 13887.205 Thread 0x000002079caa7910 Exception <a 'java/lang/NoSuchMethodError'{0x00000000e9a54248}: static Lorg/gradle/internal/build/event/types/AbstractResult;.<clinit>()V> (0x00000000e9a54248) 
thrown [t:\workspace\open\src\hotspot\share\prims\jni.cpp, line 1210]
Event: 13887.207 Thread 0x000002079caa7910 Exception <a 'java/lang/NoSuchMethodError'{0x00000000e9a93e88}: static [Ljava/lang/Object;.<clinit>()V> (0x00000000e9a93e88) 
thrown [t:\workspace\open\src\hotspot\share\prims\jni.cpp, line 1210]
Event: 13887.208 Thread 0x000002079caa7910 Exception <a 'java/lang/NoSuchMethodError'{0x00000000e9a9b440}: static Lorg/gradle/internal/build/event/types/DefaultTaskStartedProgressEvent;.<clinit>()V> (0x00000000e9a9b440) 
thrown [t:\workspace\open\src\hotspot\share\prims\jni.cpp, line 1210]

Events (20 events):
Event: 13885.690 Thread 0x00000207ffea5180 flushing nmethod 0x0000020789428810
Event: 13885.691 Thread 0x00000207ffea5180 flushing nmethod 0x00000207894dce10
Event: 13885.739 Executing  VM operation: G1CollectForAllocation
Event: 13885.751 Executing  VM operation: G1CollectForAllocation done
Event: 13886.193 Executing  VM operation: ICBufferFull
Event: 13886.193 Executing  VM operation: ICBufferFull done
Event: 13886.470 Executing  VM operation: ICBufferFull
Event: 13886.470 Executing  VM operation: ICBufferFull done
Event: 13886.659 Executing  VM operation: ICBufferFull
Event: 13886.660 Executing  VM operation: ICBufferFull done
Event: 13886.782 Executing  VM operation: ICBufferFull
Event: 13886.782 Executing  VM operation: ICBufferFull done
Event: 13886.949 Thread 0x000002079939e210 Thread exited: 0x000002079939e210
Event: 13887.218 Thread 0x000002079c6e7410 Thread exited: 0x000002079c6e7410
Event: 13887.218 Thread 0x000002079c6e93f0 Thread exited: 0x000002079c6e93f0
Event: 13887.218 Thread 0x000002079c6e4440 Thread exited: 0x000002079c6e4440
Event: 13887.218 Thread 0x000002079e8d1560 Thread exited: 0x000002079e8d1560
Event: 13887.218 Thread 0x000002079c6e5980 Thread exited: 0x000002079c6e5980
Event: 13887.218 Thread 0x000002079c6e4ee0 Thread exited: 0x000002079c6e4ee0
Event: 13887.218 Thread 0x000002079c6e5ed0 Thread exited: 0x000002079c6e5ed0


Dynamic libraries:
0x00007ff63c900000 - 0x00007ff63c90e000 	C:\Users\PC-YK-D-1\.jdks\openjdk-16.0.2\bin\java.exe
0x00007ffc92ad0000 - 0x00007ffc92cc5000 	C:\Windows\SYSTEM32\ntdll.dll
0x00007ffc90de0000 - 0x00007ffc90e9d000 	C:\Windows\System32\KERNEL32.DLL
0x00007ffc90210000 - 0x00007ffc904d9000 	C:\Windows\System32\KERNELBASE.dll
0x00007ffc909b0000 - 0x00007ffc90ab0000 	C:\Windows\System32\ucrtbase.dll
0x00007ffc878f0000 - 0x00007ffc87909000 	C:\Users\PC-YK-D-1\.jdks\openjdk-16.0.2\bin\VCRUNTIME140.dll
0x00007ffc877c0000 - 0x00007ffc877d8000 	C:\Users\PC-YK-D-1\.jdks\openjdk-16.0.2\bin\jli.dll
0x00007ffc92320000 - 0x00007ffc924c0000 	C:\Windows\System32\USER32.dll
0x00007ffc90920000 - 0x00007ffc90942000 	C:\Windows\System32\win32u.dll
0x00007ffc70160000 - 0x00007ffc703fa000 	C:\Windows\WinSxS\amd64_microsoft.windows.common-controls_6595b64144ccf1df_6.0.19041.1110_none_60b5254171f9507e\COMCTL32.dll
0x00007ffc91a70000 - 0x00007ffc91a9a000 	C:\Windows\System32\GDI32.dll
0x00007ffc904e0000 - 0x00007ffc905eb000 	C:\Windows\System32\gdi32full.dll
0x00007ffc91ce0000 - 0x00007ffc91d7e000 	C:\Windows\System32\msvcrt.dll
0x00007ffc90800000 - 0x00007ffc9089d000 	C:\Windows\System32\msvcp_win.dll
0x00007ffc91e60000 - 0x00007ffc91e90000 	C:\Windows\System32\IMM32.DLL
0x00007ffc878e0000 - 0x00007ffc878ec000 	C:\Users\PC-YK-D-1\.jdks\openjdk-16.0.2\bin\vcruntime140_1.dll
0x00007ffc45070000 - 0x00007ffc45101000 	C:\Users\PC-YK-D-1\.jdks\openjdk-16.0.2\bin\msvcp140.dll
0x00007ffc18140000 - 0x00007ffc18ceb000 	C:\Users\PC-YK-D-1\.jdks\openjdk-16.0.2\bin\server\jvm.dll
0x00007ffc90fd0000 - 0x00007ffc9107c000 	C:\Windows\System32\ADVAPI32.dll
0x00007ffc91b20000 - 0x00007ffc91bbb000 	C:\Windows\System32\sechost.dll
0x00007ffc91e90000 - 0x00007ffc91fba000 	C:\Windows\System32\RPCRT4.dll
0x00007ffc90b40000 - 0x00007ffc90b48000 	C:\Windows\System32\PSAPI.DLL
0x00007ffc765f0000 - 0x00007ffc765f9000 	C:\Windows\SYSTEM32\WSOCK32.dll
0x00007ffc8a970000 - 0x00007ffc8a97a000 	C:\Windows\SYSTEM32\VERSION.dll
0x00007ffc89af0000 - 0x00007ffc89b17000 	C:\Windows\SYSTEM32\WINMM.dll
0x00007ffc91a00000 - 0x00007ffc91a6b000 	C:\Windows\System32\WS2_32.dll
0x00007ffc8e120000 - 0x00007ffc8e132000 	C:\Windows\SYSTEM32\kernel.appcore.dll
0x00007ffc86590000 - 0x00007ffc8659a000 	C:\Users\PC-YK-D-1\.jdks\openjdk-16.0.2\bin\jimage.dll
0x00007ffc73220000 - 0x00007ffc73404000 	C:\Windows\SYSTEM32\DBGHELP.DLL
0x00007ffc72850000 - 0x00007ffc7287c000 	C:\Windows\SYSTEM32\dbgcore.DLL
0x00007ffc90ab0000 - 0x00007ffc90b33000 	C:\Windows\System32\bcryptPrimitives.dll
0x00007ffc84d80000 - 0x00007ffc84da5000 	C:\Users\PC-YK-D-1\.jdks\openjdk-16.0.2\bin\java.dll
0x00007ffc91130000 - 0x00007ffc9186f000 	C:\Windows\System32\SHELL32.dll
0x00007ffc8e320000 - 0x00007ffc8eab1000 	C:\Windows\SYSTEM32\windows.storage.dll
0x00007ffc91fc0000 - 0x00007ffc92315000 	C:\Windows\System32\combase.dll
0x00007ffc8fba0000 - 0x00007ffc8fbcc000 	C:\Windows\SYSTEM32\Wldp.dll
0x00007ffc929e0000 - 0x00007ffc92a8e000 	C:\Windows\System32\SHCORE.dll
0x00007ffc90d80000 - 0x00007ffc90dd5000 	C:\Windows\System32\shlwapi.dll
0x00007ffc90150000 - 0x00007ffc9016f000 	C:\Windows\SYSTEM32\profapi.dll
0x00007ffc86390000 - 0x00007ffc863a9000 	C:\Users\PC-YK-D-1\.jdks\openjdk-16.0.2\bin\net.dll
0x00007ffc88bf0000 - 0x00007ffc88cfa000 	C:\Windows\SYSTEM32\WINHTTP.dll
0x00007ffc8f980000 - 0x00007ffc8f9ea000 	C:\Windows\system32\mswsock.dll
0x00007ffc84d60000 - 0x00007ffc84d73000 	C:\Users\PC-YK-D-1\.jdks\openjdk-16.0.2\bin\nio.dll
0x00007ffc7ec70000 - 0x00007ffc7ec88000 	C:\Users\PC-YK-D-1\.jdks\openjdk-16.0.2\bin\zip.dll
0x00007ffc86580000 - 0x00007ffc86590000 	C:\Users\PC-YK-D-1\.jdks\openjdk-16.0.2\bin\verify.dll
0x00007ffc693d0000 - 0x00007ffc693f7000 	F:\Yunus Files\gradle-7.1.1-all\native\8bec1ad78214c89d9ad589b4d07fe93259594b29d510b10fafb7a158f7737e5d\windows-amd64\native-platform.dll
0x00007ffc31ba0000 - 0x00007ffc31cdd000 	F:\Yunus Files\gradle-7.1.1-all\native\53dbd7edfb1c66fb8903c78663c9afc45aea4f116125fa6feffd364cf09443e8\windows-amd64\native-platform-file-events.dll
0x00007ffc86310000 - 0x00007ffc86319000 	C:\Users\PC-YK-D-1\.jdks\openjdk-16.0.2\bin\management.dll
0x00007ffc86210000 - 0x00007ffc8621b000 	C:\Users\PC-YK-D-1\.jdks\openjdk-16.0.2\bin\management_ext.dll
0x00007ffc8fbe0000 - 0x00007ffc8fbf8000 	C:\Windows\SYSTEM32\CRYPTSP.dll
0x00007ffc8f2d0000 - 0x00007ffc8f304000 	C:\Windows\system32\rsaenh.dll
0x00007ffc908a0000 - 0x00007ffc908c7000 	C:\Windows\System32\bcrypt.dll
0x00007ffc90110000 - 0x00007ffc9013e000 	C:\Windows\SYSTEM32\USERENV.dll
0x00007ffc8fb00000 - 0x00007ffc8fb0c000 	C:\Windows\SYSTEM32\CRYPTBASE.dll
0x00007ffc8f640000 - 0x00007ffc8f67b000 	C:\Windows\SYSTEM32\IPHLPAPI.DLL
0x00007ffc91aa0000 - 0x00007ffc91aa8000 	C:\Windows\System32\NSI.dll
0x00007ffc8ab10000 - 0x00007ffc8ab27000 	C:\Windows\SYSTEM32\dhcpcsvc6.DLL
0x00007ffc8aaf0000 - 0x00007ffc8ab0d000 	C:\Windows\SYSTEM32\dhcpcsvc.DLL
0x00007ffc8f690000 - 0x00007ffc8f75c000 	C:\Windows\SYSTEM32\DNSAPI.dll
0x00007ffc85010000 - 0x00007ffc8501e000 	C:\Users\PC-YK-D-1\.jdks\openjdk-16.0.2\bin\sunmscapi.dll
0x00007ffc906a0000 - 0x00007ffc907ff000 	C:\Windows\System32\CRYPT32.dll
0x00007ffc8fcf0000 - 0x00007ffc8fd17000 	C:\Windows\SYSTEM32\ncrypt.dll
0x00007ffc8fcb0000 - 0x00007ffc8fceb000 	C:\Windows\SYSTEM32\NTASN1.dll
0x00007ffc7cd20000 - 0x00007ffc7cd27000 	C:\Windows\system32\wshunix.dll

dbghelp: loaded successfully - version: 4.0.5 - missing functions: none
symbol engine: initialized successfully - sym options: 0x614 - pdb path: .;C:\Users\PC-YK-D-1\.jdks\openjdk-16.0.2\bin;C:\Windows\SYSTEM32;C:\Windows\WinSxS\amd64_microsoft.windows.common-controls_6595b64144ccf1df_6.0.19041.1110_none_60b5254171f9507e;C:\Users\PC-YK-D-1\.jdks\openjdk-16.0.2\bin\server;F:\Yunus Files\gradle-7.1.1-all\native\8bec1ad78214c89d9ad589b4d07fe93259594b29d510b10fafb7a158f7737e5d\windows-amd64;F:\Yunus Files\gradle-7.1.1-all\native\53dbd7edfb1c66fb8903c78663c9afc45aea4f116125fa6feffd364cf09443e8\windows-amd64

VM Arguments:
jvm_args: --add-opens=java.base/java.util=ALL-UNNAMED --add-opens=java.base/java.lang=ALL-UNNAMED --add-opens=java.base/java.lang.invoke=ALL-UNNAMED --add-opens=java.base/java.util=ALL-UNNAMED --add-opens=java.prefs/java.util.prefs=ALL-UNNAMED --add-opens=java.prefs/java.util.prefs=ALL-UNNAMED --add-opens=java.base/java.nio.charset=ALL-UNNAMED --add-opens=java.base/java.net=ALL-UNNAMED --add-opens=java.base/java.util.concurrent.atomic=ALL-UNNAMED -XX:MaxMetaspaceSize=256m -XX:+HeapDumpOnOutOfMemoryError -Xms256m -Xmx512m -Dfile.encoding=windows-1252 -Duser.country=US -Duser.language=en -Duser.variant 
java_command: org.gradle.launcher.daemon.bootstrap.GradleDaemon 7.1.1
java_class_path (initial): F:\Yunus Files\gradle-7.1.1-all\wrapper\dists\gradle-7.1.1-bin\f29rtwfnc96ub43tt7p47zsru\gradle-7.1.1\lib\gradle-launcher-7.1.1.jar
Launcher Type: SUN_STANDARD

[Global flags]
     intx CICompilerCount                          = 4                                         {product} {ergonomic}
   size_t CompressedClassSpaceSize                 = 218103808                                 {product} {ergonomic}
     uint ConcGCThreads                            = 2                                         {product} {ergonomic}
     uint G1ConcRefinementThreads                  = 8                                         {product} {ergonomic}
   size_t G1HeapRegionSize                         = 1048576                                   {product} {ergonomic}
    uintx GCDrainStackTargetSize                   = 64                                        {product} {ergonomic}
     bool HeapDumpOnOutOfMemoryError               = true                                   {manageable} {command line}
   size_t InitialHeapSize                          = 268435456                                 {product} {command line}
   size_t MarkStackSize                            = 4194304                                   {product} {ergonomic}
   size_t MaxHeapSize                              = 536870912                                 {product} {command line}
   size_t MaxMetaspaceSize                         = 268435456                                 {product} {command line}
   size_t MaxNewSize                               = 321912832                                 {product} {ergonomic}
   size_t MinHeapDeltaBytes                        = 1048576                                   {product} {ergonomic}
   size_t MinHeapSize                              = 268435456                                 {product} {command line}
    uintx NonNMethodCodeHeapSize                   = 5839372                                {pd product} {ergonomic}
    uintx NonProfiledCodeHeapSize                  = 122909434                              {pd product} {ergonomic}
    uintx ProfiledCodeHeapSize                     = 122909434                              {pd product} {ergonomic}
    uintx ReservedCodeCacheSize                    = 251658240                              {pd product} {ergonomic}
     bool SegmentedCodeCache                       = true                                      {product} {ergonomic}
   size_t SoftMaxHeapSize                          = 536870912                              {manageable} {ergonomic}
     bool UseCompressedClassPointers               = true                           {product lp64_product} {ergonomic}
     bool UseCompressedOops                        = true                           {product lp64_product} {ergonomic}
     bool UseG1GC                                  = true                                      {product} {ergonomic}
     bool UseLargePagesIndividualAllocation        = false                                  {pd product} {ergonomic}

Logging:
Log output configuration:
 #0: stdout all=warning uptime,level,tags
 #1: stderr all=off uptime,level,tags

Environment Variables:
PATH=C:\Program Files\Common Files\Oracle\Java\javapath;C:\Program Files (x86)\Common Files\Oracle\Java\javapath;C:\Windows\system32;C:\Windows;C:\Windows\System32\Wbem;C:\Windows\System32\WindowsPowerShell\v1.0\;C:\Windows\System32\OpenSSH\;C:\Program Files\7-Zip;C:\Program Files (x86)\NVIDIA Corporation\PhysX\Common;C:\Program Files\NVIDIA Corporation\NVIDIA NvDLISR;C:\Program Files\Docker\Docker\resources\bin;C:\ProgramData\DockerDesktop\version-bin;C:\Program Files\Git\cmd;C:\Program Files (x86)\Microsoft SQL Server\110\Tools\Binn\;C:\Program Files\Microsoft SQL Server\110\Tools\Binn\;C:\Program Files\Microsoft SQL Server\110\DTS\Binn\;C:\Users\PC-YK-D-1\AppData\Local\Microsoft\WindowsApps;
USERNAME=PC-YK-D-1
OS=Windows_NT
PROCESSOR_IDENTIFIER=Intel64 Family 6 Model 158 Stepping 9, GenuineIntel



---------------  S Y S T E M  ---------------

OS:
 Windows 10 , 64 bit Build 19041 (10.0.19041.1023)
OS uptime: 13 days 5:52 hours
Hyper-V role detected

CPU: total 8 (initial active 8) (4 cores per cpu, 2 threads per core) family 6 model 158 stepping 9 microcode 0xb4, cx8, cmov, fxsr, ht, mmx, 3dnowpref, sse, sse2, sse3, ssse3, sse4.1, sse4.2, popcnt, lzcnt, tsc, tscinvbit, avx, avx2, aes, erms, clmul, bmi1, bmi2, rtm, adx, fma, vzeroupper, clflush, clflushopt, hv

Memory: 4k page, system-wide physical 16343M (8128M free)
TotalPageFile size 21852M (AvailPageFile size 3530M)
current process WorkingSet (physical memory assigned to process): 415M, peak: 468M
current process commit charge ("private bytes"): 556M, peak: 574M

vm_info: OpenJDK 64-Bit Server VM (16.0.2+7-67) for windows-amd64 JRE (16.0.2+7-67), built on Jun  8 2021 23:21:43 by "mach5one" with MS VC++ 16.7 (VS2019)

END.
