#
# A fatal error has been detected by the Java Runtime Environment:
#
#  EXCEPTION_ACCESS_VIOLATION (0xc0000005) at pc=0x00007ffc36b3c4be, pid=10948, tid=10996
#
# JRE version: OpenJDK Runtime Environment (16.0.2+7) (build 16.0.2+7-67)
# Java VM: OpenJDK 64-Bit Server VM (16.0.2+7-67, mixed mode, sharing, tiered, compressed oops, compressed class ptrs, g1 gc, windows-amd64)
# Problematic frame:
# C  [native-platform-file-events.dll+0x1c4be]
#
# No core dump will be written. Minidumps are not enabled by default on client versions of Windows
#
# If you would like to submit a bug report, please visit:
#   https://bugreport.java.com/bugreport/crash.jsp
# The crash happened outside the Java Virtual Machine in native code.
# See problematic frame for where to report the bug.
#

---------------  S U M M A R Y ------------

Command Line: --add-opens=java.base/java.util=ALL-UNNAMED --add-opens=java.base/java.lang=ALL-UNNAMED --add-opens=java.base/java.lang.invoke=ALL-UNNAMED --add-opens=java.base/java.util=ALL-UNNAMED --add-opens=java.prefs/java.util.prefs=ALL-UNNAMED --add-opens=java.prefs/java.util.prefs=ALL-UNNAMED --add-opens=java.base/java.nio.charset=ALL-UNNAMED --add-opens=java.base/java.net=ALL-UNNAMED --add-opens=java.base/java.util.concurrent.atomic=ALL-UNNAMED -XX:MaxMetaspaceSize=256m -XX:+HeapDumpOnOutOfMemoryError -Xms256m -Xmx512m -Dfile.encoding=windows-1252 -Duser.country=US -Duser.language=en -Duser.variant org.gradle.launcher.daemon.bootstrap.GradleDaemon 7.1.1

Host: Intel(R) Core(TM) i7-7700 CPU @ 3.60GHz, 8 cores, 15G,  Windows 10 , 64 bit Build 19041 (10.0.19041.1023)
Time: Thu Jul 22 17:02:32 2021 Azerbaijan Standard Time elapsed time: 346.092945 seconds (0d 0h 5m 46s)

---------------  T H R E A D  ---------------

Current thread (0x000002897919aff0):  JavaThread "File watcher server" daemon [_thread_in_native, id=10996, stack(0x000000ee15d00000,0x000000ee15e00000)]

Stack: [0x000000ee15d00000,0x000000ee15e00000],  sp=0x000000ee15dfe5a0,  free space=1017k
Native frames: (J=compiled Java code, j=interpreted, Vv=VM code, C=native code)
C  [native-platform-file-events.dll+0x1c4be]

Java frames: (J=compiled Java code, j=interpreted, Vv=VM code)
j  net.rubygrapefruit.platform.internal.jni.AbstractFileEventFunctions$NativeFileWatcher.executeRunLoop0(Ljava/lang/Object;)V+0
j  net.rubygrapefruit.platform.internal.jni.AbstractFileEventFunctions$NativeFileWatcher.access$100(Lnet/rubygrapefruit/platform/internal/jni/AbstractFileEventFunctions$NativeFileWatcher;Ljava/lang/Object;)V+2
j  net.rubygrapefruit.platform.internal.jni.AbstractFileEventFunctions$NativeFileWatcher$1.run()V+26
v  ~StubRoutines::call_stub

siginfo: EXCEPTION_ACCESS_VIOLATION (0xc0000005), reading address 0xffffffffffffffff


Register to memory mapping:

RIP=0x00007ffc36b3c4be native-platform-file-events.dll
RAX=0x0061006c005c0073 is an unknown value
RBX=0x0000000000000001 is an unknown value
RCX=0x0061006c005c0073 is an unknown value
RDX=0x000000ee15dfe5f8 is pointing into the stack for thread: 0x000002897919aff0
RSP=0x000000ee15dfe5a0 is pointing into the stack for thread: 0x000002897919aff0
RBP=0x000000ee15dfef98 is pointing into the stack for thread: 0x000002897919aff0
RSI=0x0 is NULL
RDI=0x00000000ffffffff is an unallocated location in the heap
R8 =0x000000ee15dfe600 is pointing into the stack for thread: 0x000002897919aff0
R9 =0x000000007ffec000 points into unknown readable memory: 0x0000000000000001 | 01 00 00 00 00 00 00 00
R10=0x0000000000000001 is an unknown value
R11=0x00000349ee707cff is an unknown value
R12=0x0 is NULL
R13={method} {0x000002897b31b0f8} 'executeRunLoop0' '(Ljava/lang/Object;)V' in 'net/rubygrapefruit/platform/internal/jni/AbstractFileEventFunctions$NativeFileWatcher'
R14=0x000000ee15dfefc0 is pointing into the stack for thread: 0x000002897919aff0
R15=0x000002897919aff0 is a thread


Registers:
RAX=0x0061006c005c0073, RBX=0x0000000000000001, RCX=0x0061006c005c0073, RDX=0x000000ee15dfe5f8
RSP=0x000000ee15dfe5a0, RBP=0x000000ee15dfef98, RSI=0x0000000000000000, RDI=0x00000000ffffffff
R8 =0x000000ee15dfe600, R9 =0x000000007ffec000, R10=0x0000000000000001, R11=0x00000349ee707cff
R12=0x0000000000000000, R13=0x000002897b31b0f0, R14=0x000000ee15dfefc0, R15=0x000002897919aff0
RIP=0x00007ffc36b3c4be, EFLAGS=0x0000000000010202

Top of Stack: (sp=0x000000ee15dfe5a0)
0x000000ee15dfe5a0:   0001ed4653b8a384 0001ed4628ebc35c
0x000000ee15dfe5b0:   0001ed4653b8a384 00007ffc36b57be5
0x000000ee15dfe5c0:   000000ee15dfe678 000000ee15dfe5f8
0x000000ee15dfe5d0:   000000ee00000000 000000ee15dfe608
0x000000ee15dfe5e0:   000000ee15df0001 000004eec8846809
0x000000ee15dfe5f0:   000000ee15dfe600 00000000000002ce
0x000000ee15dfe600:   0001ed4628ebc35c 0001ed4653b8a384
0x000000ee15dfe610:   000000ee15dfefc0 00007ffc36b57777
0x000000ee15dfe620:   000000ee15dfe678 000000ee15dfe670
0x000000ee15dfe630:   0000028977290780 00000008001f8100
0x000000ee15dfe640:   0000000000000000 00007ffc36b48bee
0x000000ee15dfe650:   0001ed4653b8a384 00000000000002ce
0x000000ee15dfe660:   000000ee152fc090 000000ee15dfe6d0
0x000000ee15dfe670:   000003a7f8d3f2a4 00000000000002ce
0x000000ee15dfe680:   0000000000000000 00007ffc36b3c6ec
0x000000ee15dfe690:   0061006c005c0073 000000ee00000003 

Instructions: (pc=0x00007ffc36b3c4be)
0x00007ffc36b3c3be:   8b 00 48 89 44 24 38 48 8b 44 24 38 48 89 44 24
0x00007ffc36b3c3ce:   58 48 8b 84 24 b0 00 00 00 48 83 c0 08 48 89 44
0x00007ffc36b3c3de:   24 40 48 8d 54 24 70 48 8b 4c 24 40 e8 26 50 fe
0x00007ffc36b3c3ee:   ff 48 8b 00 48 89 44 24 48 48 8b 44 24 48 48 89
0x00007ffc36b3c3fe:   44 24 60 4c 8b 4c 24 50 4c 8b 44 24 58 48 8b 54
0x00007ffc36b3c40e:   24 60 48 8d 4c 24 78 e8 31 92 fe ff 48 8d 4c 24
0x00007ffc36b3c41e:   78 e8 8b 6a fe ff 48 8b c8 ff 15 db ab 11 00 89
0x00007ffc36b3c42e:   44 24 24 83 7c 24 24 ff 74 15 8b 44 24 24 83 e0
0x00007ffc36b3c43e:   10 85 c0 74 0a c7 44 24 28 01 00 00 00 eb 08 c7
0x00007ffc36b3c44e:   44 24 28 00 00 00 00 0f b6 44 24 28 88 44 24 20
0x00007ffc36b3c45e:   48 8d 4c 24 78 e8 1f 97 fe ff 0f b6 44 24 20 48
0x00007ffc36b3c46e:   8b 8c 24 98 00 00 00 48 33 cc e8 8f 76 fe ff 48
0x00007ffc36b3c47e:   81 c4 a8 00 00 00 c3 cc cc cc cc cc cc cc cc cc
0x00007ffc36b3c48e:   cc cc 48 89 4c 24 08 48 81 ec e8 00 00 00 48 8b
0x00007ffc36b3c49e:   05 a5 7d 10 00 48 33 c4 48 89 84 24 d0 00 00 00
0x00007ffc36b3c4ae:   c7 44 24 30 00 00 00 00 48 8b 84 24 f0 00 00 00
0x00007ffc36b3c4be:   83 78 68 03 0f 84 02 01 00 00 48 8b 84 24 f0 00
0x00007ffc36b3c4ce:   00 00 48 8b 48 28 ff 15 36 ab 11 00 89 44 24 38
0x00007ffc36b3c4de:   83 7c 24 38 00 0f 85 d0 00 00 00 ba 07 00 00 00
0x00007ffc36b3c4ee:   48 8b 0d 1b b0 10 00 e8 48 a4 fe ff 88 44 24 34
0x00007ffc36b3c4fe:   0f b6 44 24 34 85 c0 0f 84 90 00 00 00 ff 15 07
0x00007ffc36b3c50e:   ab 11 00 89 44 24 3c 48 8b 84 24 f0 00 00 00 48
0x00007ffc36b3c51e:   83 c0 08 48 8b d0 48 8d 8c 24 90 00 00 00 e8 05
0x00007ffc36b3c52e:   51 fe ff 48 89 44 24 40 48 8b 44 24 40 48 89 44
0x00007ffc36b3c53e:   24 48 8b 44 24 30 83 c8 01 89 44 24 30 48 8b 4c
0x00007ffc36b3c54e:   24 48 e8 d5 52 fe ff 48 89 44 24 50 48 8b 84 24
0x00007ffc36b3c55e:   f0 00 00 00 48 8b 40 28 48 89 44 24 58 8b 44 24
0x00007ffc36b3c56e:   3c 89 44 24 28 48 8b 44 24 50 48 89 44 24 20 4c
0x00007ffc36b3c57e:   8b 4c 24 58 4c 8d 05 77 af 0d 00 ba 07 00 00 00
0x00007ffc36b3c58e:   48 8b 0d 7b af 10 00 e8 f8 71 fe ff 90 8b 44 24
0x00007ffc36b3c59e:   30 83 e0 01 85 c0 74 13 83 64 24 30 fe 48 8d 8c
0x00007ffc36b3c5ae:   24 90 00 00 00 e8 e7 5a fe ff 90 eb 00 48 8b 84 


Stack slot to memory mapping:
stack at sp + 0 slots: 0x0001ed4653b8a384 is an unknown value
stack at sp + 1 slots: 0x0001ed4628ebc35c is an unknown value
stack at sp + 2 slots: 0x0001ed4653b8a384 is an unknown value
stack at sp + 3 slots: 0x00007ffc36b57be5 native-platform-file-events.dll
stack at sp + 4 slots: 0x000000ee15dfe678 is pointing into the stack for thread: 0x000002897919aff0
stack at sp + 5 slots: 0x000000ee15dfe5f8 is pointing into the stack for thread: 0x000002897919aff0
stack at sp + 6 slots: 0x000000ee00000000 is an unknown value
stack at sp + 7 slots: 0x000000ee15dfe608 is pointing into the stack for thread: 0x000002897919aff0


---------------  P R O C E S S  ---------------

Threads class SMR info:
_java_thread_list=0x0000028978a4b720, length=129, elements={
0x000002895b9adf30, 0x0000028976148b10, 0x00000289761498e0, 0x000002897615af30,
0x000002897615d950, 0x0000028976160270, 0x0000028976162fa0, 0x00000289761701b0,
0x00000289761727d0, 0x0000028976174d40, 0x0000028976cdb770, 0x0000028976cdc760,
0x0000028976cd9ce0, 0x0000028976cdc210, 0x0000028976cdbcc0, 0x000002897919a550,
0x0000028979196590, 0x0000028979199ab0, 0x000002897919aff0, 0x00000289791955a0,
0x0000028979196ae0, 0x0000028979196040, 0x0000028979197030, 0x00000289791945b0,
0x0000028979195050, 0x0000028979195af0, 0x0000028979194060, 0x0000028979197580,
0x0000028979198570, 0x000002897d55ee40, 0x000002897d560380, 0x000002897f08bbd0,
0x000002897d01d890, 0x000002897d020310, 0x000002897d018e30, 0x000002897d01e330,
0x000002897d0198d0, 0x000002897d01fdc0, 0x000002897d01e880, 0x000002897d01a8c0,
0x000002897d01b360, 0x000002897d01edd0, 0x000002897d01dde0, 0x000002897d019e20,
0x000002897d01a370, 0x000002897d01f320, 0x000002897d020860, 0x000002897d01cdf0,
0x000002897d01d340, 0x000002897d01f870, 0x000002897d01b8b0, 0x000002897f08f0f0,
0x000002897f08f640, 0x000002897f08c670, 0x000002897f088c00, 0x000002897f08d110,
0x000002897f089150, 0x000002897f08b130, 0x000002897f08abe0, 0x000002897f08fb90,
0x000002897f08c120, 0x000002897d95ac20, 0x000002897b8f4a30, 0x000002897f0896a0,
0x000002897f089bf0, 0x000002897f08a140, 0x000002897f08a690, 0x00000289799e7680,
0x00000289799e8670, 0x00000289799eb0f0, 0x00000289799e5150, 0x00000289799eaba0,
0x00000289799ec0e0, 0x00000289799e4c00, 0x00000289799e7130, 0x00000289799e6be0,
0x00000289799e5bf0, 0x00000289799e7bd0, 0x00000289799e56a0, 0x00000289799ea100,
0x00000289799ea650, 0x00000289799e6140, 0x00000289799e8120, 0x00000289799e8bc0,
0x00000289799e6690, 0x00000289799e9110, 0x00000289799e9660, 0x00000289799e9bb0,
0x000002897d55e8f0, 0x000002897d562360, 0x000002897d55b920, 0x000002897d55fe30,
0x000002897d5608d0, 0x000002897d560e20, 0x000002897d561370, 0x000002897d55e3a0,
0x000002897d55ce60, 0x000002897d5628b0, 0x000002897d5618c0, 0x000002897d562e00,
0x000002897d563350, 0x000002897d55be70, 0x000002897d55c3c0, 0x000002897d55c910,
0x000002897d55d3b0, 0x000002897d55d900, 0x000002897d55de50, 0x0000028979199010,
0x0000028979199560, 0x0000028979194b00, 0x0000028979197ad0, 0x000002897919a000,
0x0000028979198020, 0x000002897919aaa0, 0x000002897919b540, 0x000002897919ba90,
0x0000028976cdacd0, 0x0000028976cdccb0, 0x0000028976cdd200, 0x0000028976cda230,
0x0000028976cdb220, 0x00000289796e34a0, 0x00000289796e0f70, 0x00000289796e4490,
0x00000289796dff80, 0x00000289796dea40, 0x00000289796e1a10, 0x00000289796e49e0,
0x00000289796e5480
}

Java Threads: ( => current thread )
  0x000002895b9adf30 JavaThread "main" [_thread_blocked, id=8280, stack(0x000000ee13500000,0x000000ee13600000)]
  0x0000028976148b10 JavaThread "Reference Handler" daemon [_thread_blocked, id=15636, stack(0x000000ee13c00000,0x000000ee13d00000)]
  0x00000289761498e0 JavaThread "Finalizer" daemon [_thread_blocked, id=6116, stack(0x000000ee13d00000,0x000000ee13e00000)]
  0x000002897615af30 JavaThread "Signal Dispatcher" daemon [_thread_blocked, id=3284, stack(0x000000ee13e00000,0x000000ee13f00000)]
  0x000002897615d950 JavaThread "Attach Listener" daemon [_thread_blocked, id=2200, stack(0x000000ee13f00000,0x000000ee14000000)]
  0x0000028976160270 JavaThread "Service Thread" daemon [_thread_blocked, id=17304, stack(0x000000ee14000000,0x000000ee14100000)]
  0x0000028976162fa0 JavaThread "Monitor Deflation Thread" daemon [_thread_blocked, id=17668, stack(0x000000ee14100000,0x000000ee14200000)]
  0x00000289761701b0 JavaThread "C2 CompilerThread0" daemon [_thread_in_native, id=12520, stack(0x000000ee14200000,0x000000ee14300000)]
  0x00000289761727d0 JavaThread "C1 CompilerThread0" daemon [_thread_blocked, id=1952, stack(0x000000ee14300000,0x000000ee14400000)]
  0x0000028976174d40 JavaThread "Sweeper thread" daemon [_thread_blocked, id=7352, stack(0x000000ee14400000,0x000000ee14500000)]
  0x0000028976cdb770 JavaThread "Common-Cleaner" daemon [_thread_blocked, id=6572, stack(0x000000ee14500000,0x000000ee14600000)]
  0x0000028976cdc760 JavaThread "Notification Thread" daemon [_thread_blocked, id=2940, stack(0x000000ee14600000,0x000000ee14700000)]
  0x0000028976cd9ce0 JavaThread "Daemon health stats" [_thread_blocked, id=9736, stack(0x000000ee14f00000,0x000000ee15000000)]
  0x0000028976cdc210 JavaThread "Incoming local TCP Connector on port 53282" [_thread_in_native, id=15400, stack(0x000000ee15000000,0x000000ee15100000)]
  0x0000028976cdbcc0 JavaThread "Daemon periodic checks" [_thread_blocked, id=1916, stack(0x000000ee15100000,0x000000ee15200000)]
  0x000002897919a550 JavaThread "Cache worker for journal cache (F:\Yunus Files\gradle-7.1.1-all\caches\journal-1)" [_thread_blocked, id=6896, stack(0x000000ee15900000,0x000000ee15a00000)]
  0x0000028979196590 JavaThread "File lock request listener" [_thread_in_native, id=12112, stack(0x000000ee15a00000,0x000000ee15b00000)]
  0x0000028979199ab0 JavaThread "Cache worker for file hash cache (F:\Yunus Files\gradle-7.1.1-all\caches\7.1.1\fileHashes)" [_thread_blocked, id=5696, stack(0x000000ee15b00000,0x000000ee15c00000)]
=>0x000002897919aff0 JavaThread "File watcher server" daemon [_thread_in_native, id=10996, stack(0x000000ee15d00000,0x000000ee15e00000)]
  0x00000289791955a0 JavaThread "File watcher consumer" daemon [_thread_blocked, id=16476, stack(0x000000ee15e00000,0x000000ee15f00000)]
  0x0000028979196ae0 JavaThread "Cache worker for execution history cache (F:\Yunus Files\gradle-7.1.1-all\caches\7.1.1\executionHistory)" [_thread_blocked, id=13620, stack(0x000000ee16200000,0x000000ee16300000)]
  0x0000028979196040 JavaThread "jar transforms" [_thread_blocked, id=10128, stack(0x000000ee16600000,0x000000ee16700000)]
  0x0000028979197030 JavaThread "jar transforms Thread 2" [_thread_blocked, id=8108, stack(0x000000ee16700000,0x000000ee16800000)]
  0x00000289791945b0 JavaThread "Cache worker for file content cache (F:\Yunus Files\gradle-7.1.1-all\caches\7.1.1\fileContent)" [_thread_blocked, id=13852, stack(0x000000ee16800000,0x000000ee16900000)]
  0x0000028979195050 JavaThread "jar transforms Thread 3" [_thread_blocked, id=8048, stack(0x000000ee16900000,0x000000ee16a00000)]
  0x0000028979195af0 JavaThread "jar transforms Thread 4" [_thread_blocked, id=10488, stack(0x000000ee16a00000,0x000000ee16b00000)]
  0x0000028979194060 JavaThread "jar transforms Thread 5" [_thread_blocked, id=10800, stack(0x000000ee16b00000,0x000000ee16c00000)]
  0x0000028979197580 JavaThread "jar transforms Thread 6" [_thread_blocked, id=12272, stack(0x000000ee16c00000,0x000000ee16d00000)]
  0x0000028979198570 JavaThread "jar transforms Thread 7" [_thread_blocked, id=8360, stack(0x000000ee16e00000,0x000000ee16f00000)]
  0x000002897d55ee40 JavaThread "jar transforms Thread 8" [_thread_blocked, id=5880, stack(0x000000ee18400000,0x000000ee18500000)]
  0x000002897d560380 JavaThread "Memory manager" [_thread_blocked, id=12796, stack(0x000000ee18500000,0x000000ee18600000)]
  0x000002897f08bbd0 JavaThread "Cache worker for Java compile cache (F:\Yunus Files\gradle-7.1.1-all\caches\7.1.1\javaCompile)" [_thread_blocked, id=2868, stack(0x000000ee1c500000,0x000000ee1c600000)]
  0x000002897d01d890 JavaThread "Daemon Thread 3" [_thread_blocked, id=15860, stack(0x000000ee13200000,0x000000ee13300000)]
  0x000002897d020310 JavaThread "Handler for socket connection from /127.0.0.1:53282 to /127.0.0.1:60329" [_thread_in_native, id=8476, stack(0x000000ee14800000,0x000000ee14900000)]
  0x000002897d018e30 JavaThread "Cancel handler" [_thread_blocked, id=9780, stack(0x000000ee14900000,0x000000ee14a00000)]
  0x000002897d01e330 JavaThread "Daemon worker Thread 3" [_thread_in_native, id=8180, stack(0x000000ee15200000,0x000000ee15300000)]
  0x000002897d0198d0 JavaThread "Asynchronous log dispatcher for DefaultDaemonConnection: socket connection from /127.0.0.1:53282 to /127.0.0.1:60329" [_thread_blocked, id=9288, stack(0x000000ee15300000,0x000000ee15400000)]
  0x000002897d01fdc0 JavaThread "Stdin handler" [_thread_blocked, id=17872, stack(0x000000ee15400000,0x000000ee15500000)]
  0x000002897d01e880 JavaThread "Daemon client event forwarder" [_thread_blocked, id=10480, stack(0x000000ee15500000,0x000000ee15600000)]
  0x000002897d01a8c0 JavaThread "Cache worker for checksums cache (Y:\IdeaProjects\customer\.gradle\checksums)" [_thread_blocked, id=14460, stack(0x000000ee15700000,0x000000ee15800000)]
  0x000002897d01b360 JavaThread "Cache worker for dependencies-accessors (Y:\IdeaProjects\customer\.gradle\7.1.1\dependencies-accessors)" [_thread_blocked, id=3316, stack(0x000000ee15f00000,0x000000ee16000000)]
  0x000002897d01edd0 JavaThread "Unconstrained build operations" [_thread_blocked, id=7300, stack(0x000000ee16f00000,0x000000ee17000000)]
  0x000002897d01dde0 JavaThread "Unconstrained build operations Thread 2" [_thread_blocked, id=10880, stack(0x000000ee17000000,0x000000ee17100000)]
  0x000002897d019e20 JavaThread "Unconstrained build operations Thread 3" [_thread_blocked, id=4816, stack(0x000000ee17100000,0x000000ee17200000)]
  0x000002897d01a370 JavaThread "Unconstrained build operations Thread 4" [_thread_blocked, id=17696, stack(0x000000ee17200000,0x000000ee17300000)]
  0x000002897d01f320 JavaThread "Unconstrained build operations Thread 5" [_thread_blocked, id=7896, stack(0x000000ee17300000,0x000000ee17400000)]
  0x000002897d020860 JavaThread "Unconstrained build operations Thread 6" [_thread_blocked, id=6464, stack(0x000000ee17400000,0x000000ee17500000)]
  0x000002897d01cdf0 JavaThread "Unconstrained build operations Thread 7" [_thread_blocked, id=16716, stack(0x000000ee17500000,0x000000ee17600000)]
  0x000002897d01d340 JavaThread "Unconstrained build operations Thread 8" [_thread_blocked, id=1992, stack(0x000000ee17600000,0x000000ee17700000)]
  0x000002897d01f870 JavaThread "Unconstrained build operations Thread 9" [_thread_blocked, id=15244, stack(0x000000ee17700000,0x000000ee17800000)]
  0x000002897d01b8b0 JavaThread "Unconstrained build operations Thread 10" [_thread_blocked, id=7156, stack(0x000000ee17800000,0x000000ee17900000)]
  0x000002897f08f0f0 JavaThread "Unconstrained build operations Thread 11" [_thread_blocked, id=12396, stack(0x000000ee17900000,0x000000ee17a00000)]
  0x000002897f08f640 JavaThread "Unconstrained build operations Thread 12" [_thread_blocked, id=12944, stack(0x000000ee17a00000,0x000000ee17b00000)]
  0x000002897f08c670 JavaThread "Unconstrained build operations Thread 13" [_thread_blocked, id=9036, stack(0x000000ee17b00000,0x000000ee17c00000)]
  0x000002897f088c00 JavaThread "Unconstrained build operations Thread 14" [_thread_blocked, id=9784, stack(0x000000ee17c00000,0x000000ee17d00000)]
  0x000002897f08d110 JavaThread "Unconstrained build operations Thread 15" [_thread_blocked, id=14124, stack(0x000000ee17d00000,0x000000ee17e00000)]
  0x000002897f089150 JavaThread "Unconstrained build operations Thread 16" [_thread_blocked, id=17048, stack(0x000000ee17e00000,0x000000ee17f00000)]
  0x000002897f08b130 JavaThread "Unconstrained build operations Thread 17" [_thread_blocked, id=17716, stack(0x000000ee17f00000,0x000000ee18000000)]
  0x000002897f08abe0 JavaThread "Unconstrained build operations Thread 18" [_thread_blocked, id=18340, stack(0x000000ee18000000,0x000000ee18100000)]
  0x000002897f08fb90 JavaThread "Unconstrained build operations Thread 19" [_thread_blocked, id=10300, stack(0x000000ee18100000,0x000000ee18200000)]
  0x000002897f08c120 JavaThread "Unconstrained build operations Thread 20" [_thread_blocked, id=10540, stack(0x000000ee18200000,0x000000ee18300000)]
  0x000002897d95ac20 JavaThread "C2 CompilerThread1" daemon [_thread_in_native, id=1512, stack(0x000000ee16000000,0x000000ee16100000)]
  0x000002897b8f4a30 JavaThread "C2 CompilerThread2" daemon [_thread_in_native, id=12380, stack(0x000000ee16d00000,0x000000ee16e00000)]
  0x000002897f0896a0 JavaThread "Unconstrained build operations Thread 21" [_thread_blocked, id=13848, stack(0x000000ee18d00000,0x000000ee18e00000)]
  0x000002897f089bf0 JavaThread "Unconstrained build operations Thread 22" [_thread_blocked, id=10448, stack(0x000000ee18e00000,0x000000ee18f00000)]
  0x000002897f08a140 JavaThread "Unconstrained build operations Thread 23" [_thread_blocked, id=17420, stack(0x000000ee18f00000,0x000000ee19000000)]
  0x000002897f08a690 JavaThread "Unconstrained build operations Thread 24" [_thread_blocked, id=6952, stack(0x000000ee19000000,0x000000ee19100000)]
  0x00000289799e7680 JavaThread "Unconstrained build operations Thread 25" [_thread_blocked, id=7424, stack(0x000000ee19100000,0x000000ee19200000)]
  0x00000289799e8670 JavaThread "Unconstrained build operations Thread 26" [_thread_blocked, id=8292, stack(0x000000ee19300000,0x000000ee19400000)]
  0x00000289799eb0f0 JavaThread "Unconstrained build operations Thread 27" [_thread_blocked, id=7684, stack(0x000000ee19400000,0x000000ee19500000)]
  0x00000289799e5150 JavaThread "Unconstrained build operations Thread 28" [_thread_blocked, id=14716, stack(0x000000ee19500000,0x000000ee19600000)]
  0x00000289799eaba0 JavaThread "Unconstrained build operations Thread 29" [_thread_blocked, id=17416, stack(0x000000ee19600000,0x000000ee19700000)]
  0x00000289799ec0e0 JavaThread "Unconstrained build operations Thread 30" [_thread_blocked, id=2564, stack(0x000000ee19700000,0x000000ee19800000)]
  0x00000289799e4c00 JavaThread "Unconstrained build operations Thread 31" [_thread_blocked, id=12116, stack(0x000000ee19800000,0x000000ee19900000)]
  0x00000289799e7130 JavaThread "Unconstrained build operations Thread 32" [_thread_blocked, id=13040, stack(0x000000ee19900000,0x000000ee19a00000)]
  0x00000289799e6be0 JavaThread "Unconstrained build operations Thread 33" [_thread_blocked, id=11288, stack(0x000000ee19a00000,0x000000ee19b00000)]
  0x00000289799e5bf0 JavaThread "Unconstrained build operations Thread 34" [_thread_blocked, id=14864, stack(0x000000ee19b00000,0x000000ee19c00000)]
  0x00000289799e7bd0 JavaThread "Unconstrained build operations Thread 35" [_thread_blocked, id=18052, stack(0x000000ee19c00000,0x000000ee19d00000)]
  0x00000289799e56a0 JavaThread "Unconstrained build operations Thread 36" [_thread_blocked, id=16452, stack(0x000000ee19d00000,0x000000ee19e00000)]
  0x00000289799ea100 JavaThread "Unconstrained build operations Thread 37" [_thread_blocked, id=8928, stack(0x000000ee19e00000,0x000000ee19f00000)]
  0x00000289799ea650 JavaThread "Unconstrained build operations Thread 38" [_thread_blocked, id=12560, stack(0x000000ee19f00000,0x000000ee1a000000)]
  0x00000289799e6140 JavaThread "Unconstrained build operations Thread 39" [_thread_blocked, id=12404, stack(0x000000ee1a000000,0x000000ee1a100000)]
  0x00000289799e8120 JavaThread "Unconstrained build operations Thread 40" [_thread_blocked, id=10236, stack(0x000000ee1a100000,0x000000ee1a200000)]
  0x00000289799e8bc0 JavaThread "Unconstrained build operations Thread 41" [_thread_blocked, id=8728, stack(0x000000ee1a200000,0x000000ee1a300000)]
  0x00000289799e6690 JavaThread "Unconstrained build operations Thread 42" [_thread_blocked, id=10832, stack(0x000000ee1a300000,0x000000ee1a400000)]
  0x00000289799e9110 JavaThread "Unconstrained build operations Thread 43" [_thread_blocked, id=11416, stack(0x000000ee1a400000,0x000000ee1a500000)]
  0x00000289799e9660 JavaThread "Unconstrained build operations Thread 44" [_thread_blocked, id=2384, stack(0x000000ee1a500000,0x000000ee1a600000)]
  0x00000289799e9bb0 JavaThread "Unconstrained build operations Thread 45" [_thread_blocked, id=6908, stack(0x000000ee1a600000,0x000000ee1a700000)]
  0x000002897d55e8f0 JavaThread "Unconstrained build operations Thread 46" [_thread_blocked, id=8004, stack(0x000000ee1a700000,0x000000ee1a800000)]
  0x000002897d562360 JavaThread "Unconstrained build operations Thread 47" [_thread_blocked, id=4352, stack(0x000000ee1a800000,0x000000ee1a900000)]
  0x000002897d55b920 JavaThread "Unconstrained build operations Thread 48" [_thread_blocked, id=18072, stack(0x000000ee1a900000,0x000000ee1aa00000)]
  0x000002897d55fe30 JavaThread "Unconstrained build operations Thread 49" [_thread_blocked, id=12088, stack(0x000000ee1aa00000,0x000000ee1ab00000)]
  0x000002897d5608d0 JavaThread "Unconstrained build operations Thread 50" [_thread_blocked, id=7228, stack(0x000000ee1ab00000,0x000000ee1ac00000)]
  0x000002897d560e20 JavaThread "Unconstrained build operations Thread 51" [_thread_blocked, id=1900, stack(0x000000ee1ac00000,0x000000ee1ad00000)]
  0x000002897d561370 JavaThread "Unconstrained build operations Thread 52" [_thread_blocked, id=8752, stack(0x000000ee1ad00000,0x000000ee1ae00000)]
  0x000002897d55e3a0 JavaThread "Unconstrained build operations Thread 53" [_thread_blocked, id=3708, stack(0x000000ee1ae00000,0x000000ee1af00000)]
  0x000002897d55ce60 JavaThread "Unconstrained build operations Thread 54" [_thread_blocked, id=15576, stack(0x000000ee1af00000,0x000000ee1b000000)]
  0x000002897d5628b0 JavaThread "Unconstrained build operations Thread 55" [_thread_blocked, id=7972, stack(0x000000ee1b000000,0x000000ee1b100000)]
  0x000002897d5618c0 JavaThread "Unconstrained build operations Thread 56" [_thread_blocked, id=14948, stack(0x000000ee1b100000,0x000000ee1b200000)]
  0x000002897d562e00 JavaThread "Unconstrained build operations Thread 57" [_thread_blocked, id=17284, stack(0x000000ee1b200000,0x000000ee1b300000)]
  0x000002897d563350 JavaThread "Unconstrained build operations Thread 58" [_thread_blocked, id=152, stack(0x000000ee1b300000,0x000000ee1b400000)]
  0x000002897d55be70 JavaThread "Unconstrained build operations Thread 59" [_thread_blocked, id=14720, stack(0x000000ee1b400000,0x000000ee1b500000)]
  0x000002897d55c3c0 JavaThread "Unconstrained build operations Thread 60" [_thread_blocked, id=17144, stack(0x000000ee1b500000,0x000000ee1b600000)]
  0x000002897d55c910 JavaThread "Unconstrained build operations Thread 61" [_thread_blocked, id=4132, stack(0x000000ee1b600000,0x000000ee1b700000)]
  0x000002897d55d3b0 JavaThread "Unconstrained build operations Thread 62" [_thread_blocked, id=12592, stack(0x000000ee1b700000,0x000000ee1b800000)]
  0x000002897d55d900 JavaThread "Unconstrained build operations Thread 63" [_thread_blocked, id=12004, stack(0x000000ee1b800000,0x000000ee1b900000)]
  0x000002897d55de50 JavaThread "Unconstrained build operations Thread 64" [_thread_blocked, id=13564, stack(0x000000ee1b900000,0x000000ee1ba00000)]
  0x0000028979199010 JavaThread "Unconstrained build operations Thread 65" [_thread_blocked, id=14656, stack(0x000000ee1ba00000,0x000000ee1bb00000)]
  0x0000028979199560 JavaThread "Unconstrained build operations Thread 66" [_thread_blocked, id=11712, stack(0x000000ee1bb00000,0x000000ee1bc00000)]
  0x0000028979194b00 JavaThread "Unconstrained build operations Thread 67" [_thread_blocked, id=14132, stack(0x000000ee1bc00000,0x000000ee1bd00000)]
  0x0000028979197ad0 JavaThread "Unconstrained build operations Thread 68" [_thread_blocked, id=14304, stack(0x000000ee1bd00000,0x000000ee1be00000)]
  0x000002897919a000 JavaThread "Unconstrained build operations Thread 69" [_thread_blocked, id=1944, stack(0x000000ee1be00000,0x000000ee1bf00000)]
  0x0000028979198020 JavaThread "Unconstrained build operations Thread 70" [_thread_blocked, id=10224, stack(0x000000ee1bf00000,0x000000ee1c000000)]
  0x000002897919aaa0 JavaThread "Unconstrained build operations Thread 71" [_thread_blocked, id=16548, stack(0x000000ee1c000000,0x000000ee1c100000)]
  0x000002897919b540 JavaThread "Unconstrained build operations Thread 72" [_thread_blocked, id=17900, stack(0x000000ee1c100000,0x000000ee1c200000)]
  0x000002897919ba90 JavaThread "Unconstrained build operations Thread 73" [_thread_blocked, id=8548, stack(0x000000ee1c200000,0x000000ee1c300000)]
  0x0000028976cdacd0 JavaThread "Unconstrained build operations Thread 74" [_thread_blocked, id=7688, stack(0x000000ee1c300000,0x000000ee1c400000)]
  0x0000028976cdccb0 JavaThread "Unconstrained build operations Thread 75" [_thread_blocked, id=820, stack(0x000000ee1c400000,0x000000ee1c500000)]
  0x0000028976cdd200 JavaThread "Unconstrained build operations Thread 76" [_thread_blocked, id=5512, stack(0x000000ee1c600000,0x000000ee1c700000)]
  0x0000028976cda230 JavaThread "Unconstrained build operations Thread 77" [_thread_blocked, id=11644, stack(0x000000ee1c700000,0x000000ee1c800000)]
  0x0000028976cdb220 JavaThread "Unconstrained build operations Thread 78" [_thread_blocked, id=10904, stack(0x000000ee1c800000,0x000000ee1c900000)]
  0x00000289796e34a0 JavaThread "Build operations" [_thread_blocked, id=18308, stack(0x000000ee1c900000,0x000000ee1ca00000)]
  0x00000289796e0f70 JavaThread "Build operations Thread 2" [_thread_blocked, id=5652, stack(0x000000ee1ca00000,0x000000ee1cb00000)]
  0x00000289796e4490 JavaThread "Build operations Thread 3" [_thread_blocked, id=15564, stack(0x000000ee1cb00000,0x000000ee1cc00000)]
  0x00000289796dff80 JavaThread "Build operations Thread 4" [_thread_blocked, id=15676, stack(0x000000ee1cc00000,0x000000ee1cd00000)]
  0x00000289796dea40 JavaThread "Build operations Thread 5" [_thread_blocked, id=8428, stack(0x000000ee1cd00000,0x000000ee1ce00000)]
  0x00000289796e1a10 JavaThread "Build operations Thread 6" [_thread_blocked, id=11064, stack(0x000000ee1ce00000,0x000000ee1cf00000)]
  0x00000289796e49e0 JavaThread "Build operations Thread 7" [_thread_blocked, id=18088, stack(0x000000ee1cf00000,0x000000ee1d000000)]
  0x00000289796e5480 JavaThread "Build operations Thread 8" [_thread_blocked, id=15696, stack(0x000000ee1d000000,0x000000ee1d100000)]

Other Threads:
  0x0000028976143300 VMThread "VM Thread" [stack: 0x000000ee13b00000,0x000000ee13c00000] [id=12260]
  0x0000028976ce24e0 WatcherThread [stack: 0x000000ee14700000,0x000000ee14800000] [id=1612]
  0x000002895b9d7080 GCTaskThread "GC Thread#0" [stack: 0x000000ee13600000,0x000000ee13700000] [id=3492]
  0x00000289772a0d60 GCTaskThread "GC Thread#1" [stack: 0x000000ee14a00000,0x000000ee14b00000] [id=17152]
  0x00000289772a1070 GCTaskThread "GC Thread#2" [stack: 0x000000ee14b00000,0x000000ee14c00000] [id=2636]
  0x00000289772a1380 GCTaskThread "GC Thread#3" [stack: 0x000000ee14c00000,0x000000ee14d00000] [id=11116]
  0x00000289772a1690 GCTaskThread "GC Thread#4" [stack: 0x000000ee14d00000,0x000000ee14e00000] [id=8184]
  0x0000028977d47550 GCTaskThread "GC Thread#5" [stack: 0x000000ee14e00000,0x000000ee14f00000] [id=18424]
  0x000002897b8c1160 GCTaskThread "GC Thread#6" [stack: 0x000000ee16300000,0x000000ee16400000] [id=16152]
  0x000002897a70be60 GCTaskThread "GC Thread#7" [stack: 0x000000ee16400000,0x000000ee16500000] [id=10208]
  0x000002895b9dbfe0 ConcurrentGCThread "G1 Main Marker" [stack: 0x000000ee13700000,0x000000ee13800000] [id=664]
  0x000002895b9dc960 ConcurrentGCThread "G1 Conc#0" [stack: 0x000000ee13800000,0x000000ee13900000] [id=7236]
  0x000002897b670660 ConcurrentGCThread "G1 Conc#1" [stack: 0x000000ee16500000,0x000000ee16600000] [id=15672]
  0x000002895ba8e5c0 ConcurrentGCThread "G1 Refine#0" [stack: 0x000000ee13900000,0x000000ee13a00000] [id=8756]
  0x000002897d8b7c00 ConcurrentGCThread "G1 Refine#1" [stack: 0x000000ee19200000,0x000000ee19300000] [id=3248]
  0x00000289760000b0 ConcurrentGCThread "G1 Service" [stack: 0x000000ee13a00000,0x000000ee13b00000] [id=2724]

Threads with active compile tasks:
C2 CompilerThread0   346154 11113       4       org.gradle.api.internal.tasks.compile.incremental.serialization.HierarchicalNameSerializer::write (7 bytes)
C2 CompilerThread1   346154 11110       4       org.gradle.api.internal.tasks.compile.incremental.serialization.HierarchicalNameSerializer::writeFirstOccurrenceOfName (73 bytes)
C2 CompilerThread2   346155 11114       4       org.gradle.api.internal.tasks.compile.incremental.serialization.HierarchicalNameSerializer::writeName (88 bytes)

VM state: not at safepoint (normal execution)

VM Mutex/Monitor currently owned by a thread: None

Heap address: 0x00000000e0000000, size: 512 MB, Compressed Oops mode: 32-bit

CDS archive(s) mapped at: [0x0000000800000000-0x0000000800bb0000-0x0000000800bb0000), size 12255232, SharedBaseAddress: 0x0000000800000000, ArchiveRelocationMode: 0.
Compressed class space mapped at: 0x0000000800c00000-0x000000080dc00000, reserved size: 218103808
Narrow klass base: 0x0000000800000000, Narrow klass shift: 3, Narrow klass range: 0x100000000

GC Precious Log:
 CPUs: 8 total, 8 available
 Memory: 16343M
 Large Page Support: Disabled
 NUMA Support: Disabled
 Compressed Oops: Enabled (32-bit)
 Heap Region Size: 1M
 Heap Min Capacity: 256M
 Heap Initial Capacity: 256M
 Heap Max Capacity: 512M
 Pre-touch: Disabled
 Parallel Workers: 8
 Concurrent Workers: 2
 Concurrent Refinement Workers: 8
 Periodic GC: Disabled

Heap:
 garbage-first heap   total 262144K, used 145529K [0x00000000e0000000, 0x0000000100000000)
  region size 1024K, 95 young (97280K), 13 survivors (13312K)
 Metaspace       used 59489K, committed 60096K, reserved 270336K
  class space    used 7814K, committed 8128K, reserved 212992K

Heap Regions: E=young(eden), S=young(survivor), O=old, HS=humongous(starts), HC=humongous(continues), CS=collection set, F=free, OA=open archive, CA=closed archive, TAMS=top-at-mark-start (previous, next)
|   0|0x00000000e0000000, 0x00000000e0100000, 0x00000000e0100000|100%| O|  |TAMS 0x00000000e0100000, 0x00000000e0000000| Untracked 
|   1|0x00000000e0100000, 0x00000000e0200000, 0x00000000e0200000|100%| O|  |TAMS 0x00000000e0200000, 0x00000000e0100000| Untracked 
|   2|0x00000000e0200000, 0x00000000e0300000, 0x00000000e0300000|100%| O|  |TAMS 0x00000000e0300000, 0x00000000e0200000| Untracked 
|   3|0x00000000e0300000, 0x00000000e0400000, 0x00000000e0400000|100%|HS|  |TAMS 0x00000000e0400000, 0x00000000e0300000| Complete 
|   4|0x00000000e0400000, 0x00000000e0500000, 0x00000000e0500000|100%|HC|  |TAMS 0x00000000e0500000, 0x00000000e0400000| Complete 
|   5|0x00000000e0500000, 0x00000000e0600000, 0x00000000e0600000|100%|HC|  |TAMS 0x00000000e0600000, 0x00000000e0500000| Complete 
|   6|0x00000000e0600000, 0x00000000e0700000, 0x00000000e0700000|100%| O|  |TAMS 0x00000000e0700000, 0x00000000e0600000| Untracked 
|   7|0x00000000e0700000, 0x00000000e0800000, 0x00000000e0800000|100%| O|  |TAMS 0x00000000e0800000, 0x00000000e0700000| Untracked 
|   8|0x00000000e0800000, 0x00000000e0900000, 0x00000000e0900000|100%| O|  |TAMS 0x00000000e0900000, 0x00000000e0800000| Untracked 
|   9|0x00000000e0900000, 0x00000000e0a00000, 0x00000000e0a00000|100%| O|  |TAMS 0x00000000e0a00000, 0x00000000e0900000| Untracked 
|  10|0x00000000e0a00000, 0x00000000e0b00000, 0x00000000e0b00000|100%| O|  |TAMS 0x00000000e0b00000, 0x00000000e0a00000| Untracked 
|  11|0x00000000e0b00000, 0x00000000e0c00000, 0x00000000e0c00000|100%| O|  |TAMS 0x00000000e0c00000, 0x00000000e0b00000| Untracked 
|  12|0x00000000e0c00000, 0x00000000e0d00000, 0x00000000e0d00000|100%| O|  |TAMS 0x00000000e0d00000, 0x00000000e0c00000| Untracked 
|  13|0x00000000e0d00000, 0x00000000e0e00000, 0x00000000e0e00000|100%| O|  |TAMS 0x00000000e0e00000, 0x00000000e0d00000| Untracked 
|  14|0x00000000e0e00000, 0x00000000e0f00000, 0x00000000e0f00000|100%| O|  |TAMS 0x00000000e0f00000, 0x00000000e0e00000| Untracked 
|  15|0x00000000e0f00000, 0x00000000e1000000, 0x00000000e1000000|100%| O|  |TAMS 0x00000000e1000000, 0x00000000e0f00000| Untracked 
|  16|0x00000000e1000000, 0x00000000e1100000, 0x00000000e1100000|100%| O|  |TAMS 0x00000000e1100000, 0x00000000e1000000| Untracked 
|  17|0x00000000e1100000, 0x00000000e1200000, 0x00000000e1200000|100%| O|  |TAMS 0x00000000e1200000, 0x00000000e1100000| Untracked 
|  18|0x00000000e1200000, 0x00000000e1300000, 0x00000000e1300000|100%| O|  |TAMS 0x00000000e1300000, 0x00000000e1200000| Untracked 
|  19|0x00000000e1300000, 0x00000000e1400000, 0x00000000e1400000|100%| O|  |TAMS 0x00000000e1400000, 0x00000000e1300000| Untracked 
|  20|0x00000000e1400000, 0x00000000e1500000, 0x00000000e1500000|100%| O|  |TAMS 0x00000000e1500000, 0x00000000e1400000| Untracked 
|  21|0x00000000e1500000, 0x00000000e1600000, 0x00000000e1600000|100%| O|  |TAMS 0x00000000e1600000, 0x00000000e1500000| Untracked 
|  22|0x00000000e1600000, 0x00000000e1700000, 0x00000000e1700000|100%| O|  |TAMS 0x00000000e1700000, 0x00000000e1600000| Untracked 
|  23|0x00000000e1700000, 0x00000000e1800000, 0x00000000e1800000|100%| O|  |TAMS 0x00000000e1800000, 0x00000000e1700000| Untracked 
|  24|0x00000000e1800000, 0x00000000e1900000, 0x00000000e1900000|100%| O|  |TAMS 0x00000000e1900000, 0x00000000e1800000| Untracked 
|  25|0x00000000e1900000, 0x00000000e1a00000, 0x00000000e1a00000|100%| O|  |TAMS 0x00000000e1a00000, 0x00000000e1900000| Untracked 
|  26|0x00000000e1a00000, 0x00000000e1b00000, 0x00000000e1b00000|100%| O|  |TAMS 0x00000000e1b00000, 0x00000000e1a00000| Untracked 
|  27|0x00000000e1b00000, 0x00000000e1c00000, 0x00000000e1c00000|100%| O|  |TAMS 0x00000000e1c00000, 0x00000000e1b00000| Untracked 
|  28|0x00000000e1c00000, 0x00000000e1d00000, 0x00000000e1d00000|100%| O|  |TAMS 0x00000000e1d00000, 0x00000000e1c00000| Untracked 
|  29|0x00000000e1d00000, 0x00000000e1e00000, 0x00000000e1e00000|100%| O|  |TAMS 0x00000000e1e00000, 0x00000000e1d00000| Untracked 
|  30|0x00000000e1e00000, 0x00000000e1f00000, 0x00000000e1f00000|100%| O|  |TAMS 0x00000000e1f00000, 0x00000000e1e00000| Untracked 
|  31|0x00000000e1f00000, 0x00000000e2000000, 0x00000000e2000000|100%| O|  |TAMS 0x00000000e2000000, 0x00000000e1f00000| Untracked 
|  32|0x00000000e2000000, 0x00000000e2100000, 0x00000000e2100000|100%| O|  |TAMS 0x00000000e2100000, 0x00000000e2000000| Untracked 
|  33|0x00000000e2100000, 0x00000000e2200000, 0x00000000e2200000|100%| O|  |TAMS 0x00000000e2200000, 0x00000000e2100000| Untracked 
|  34|0x00000000e2200000, 0x00000000e2300000, 0x00000000e2300000|100%| O|  |TAMS 0x00000000e2300000, 0x00000000e2200000| Untracked 
|  35|0x00000000e2300000, 0x00000000e2400000, 0x00000000e2400000|100%| O|  |TAMS 0x00000000e2400000, 0x00000000e2300000| Untracked 
|  36|0x00000000e2400000, 0x00000000e2500000, 0x00000000e2500000|100%| O|  |TAMS 0x00000000e2500000, 0x00000000e2400000| Untracked 
|  37|0x00000000e2500000, 0x00000000e2600000, 0x00000000e2600000|100%|HS|  |TAMS 0x00000000e2500000, 0x00000000e2500000| Complete 
|  38|0x00000000e2600000, 0x00000000e2700000, 0x00000000e2700000|100%|HS|  |TAMS 0x00000000e2600000, 0x00000000e2600000| Complete 
|  39|0x00000000e2700000, 0x00000000e2700000, 0x00000000e2800000|  0%| F|  |TAMS 0x00000000e2700000, 0x00000000e2700000| Untracked 
|  40|0x00000000e2800000, 0x00000000e2800000, 0x00000000e2900000|  0%| F|  |TAMS 0x00000000e2800000, 0x00000000e2800000| Untracked 
|  41|0x00000000e2900000, 0x00000000e2a00000, 0x00000000e2a00000|100%| O|  |TAMS 0x00000000e2a00000, 0x00000000e2900000| Untracked 
|  42|0x00000000e2a00000, 0x00000000e2b00000, 0x00000000e2b00000|100%| O|  |TAMS 0x00000000e2b00000, 0x00000000e2a00000| Untracked 
|  43|0x00000000e2b00000, 0x00000000e2c00000, 0x00000000e2c00000|100%| O|  |TAMS 0x00000000e2c00000, 0x00000000e2b00000| Untracked 
|  44|0x00000000e2c00000, 0x00000000e2d00000, 0x00000000e2d00000|100%| O|  |TAMS 0x00000000e2d00000, 0x00000000e2c00000| Untracked 
|  45|0x00000000e2d00000, 0x00000000e2e00000, 0x00000000e2e00000|100%| O|  |TAMS 0x00000000e2e00000, 0x00000000e2d00000| Untracked 
|  46|0x00000000e2e00000, 0x00000000e2f00000, 0x00000000e2f00000|100%| O|  |TAMS 0x00000000e2f00000, 0x00000000e2e00000| Untracked 
|  47|0x00000000e2f00000, 0x00000000e3000000, 0x00000000e3000000|100%| O|  |TAMS 0x00000000e3000000, 0x00000000e2f00000| Untracked 
|  48|0x00000000e3000000, 0x00000000e3100000, 0x00000000e3100000|100%| O|  |TAMS 0x00000000e3100000, 0x00000000e3000000| Untracked 
|  49|0x00000000e3100000, 0x00000000e3200000, 0x00000000e3200000|100%| O|  |TAMS 0x00000000e3200000, 0x00000000e3100000| Untracked 
|  50|0x00000000e3200000, 0x00000000e3300000, 0x00000000e3300000|100%| O|  |TAMS 0x00000000e3300000, 0x00000000e3200000| Untracked 
|  51|0x00000000e3300000, 0x00000000e3400000, 0x00000000e3400000|100%| O|  |TAMS 0x00000000e3400000, 0x00000000e3300000| Untracked 
|  52|0x00000000e3400000, 0x00000000e3400000, 0x00000000e3500000|  0%| F|  |TAMS 0x00000000e3400000, 0x00000000e3400000| Untracked 
|  53|0x00000000e3500000, 0x00000000e3500000, 0x00000000e3600000|  0%| F|  |TAMS 0x00000000e3500000, 0x00000000e3500000| Untracked 
|  54|0x00000000e3600000, 0x00000000e3600000, 0x00000000e3700000|  0%| F|  |TAMS 0x00000000e3600000, 0x00000000e3600000| Untracked 
|  55|0x00000000e3700000, 0x00000000e3700000, 0x00000000e3800000|  0%| F|  |TAMS 0x00000000e3700000, 0x00000000e3700000| Untracked 
|  56|0x00000000e3800000, 0x00000000e3800000, 0x00000000e3900000|  0%| F|  |TAMS 0x00000000e3800000, 0x00000000e3800000| Untracked 
|  57|0x00000000e3900000, 0x00000000e3900000, 0x00000000e3a00000|  0%| F|  |TAMS 0x00000000e3900000, 0x00000000e3900000| Untracked 
|  58|0x00000000e3a00000, 0x00000000e3a00000, 0x00000000e3b00000|  0%| F|  |TAMS 0x00000000e3a00000, 0x00000000e3a00000| Untracked 
|  59|0x00000000e3b00000, 0x00000000e3b00000, 0x00000000e3c00000|  0%| F|  |TAMS 0x00000000e3b00000, 0x00000000e3b00000| Untracked 
|  60|0x00000000e3c00000, 0x00000000e3c00000, 0x00000000e3d00000|  0%| F|  |TAMS 0x00000000e3c00000, 0x00000000e3c00000| Untracked 
|  61|0x00000000e3d00000, 0x00000000e3d00000, 0x00000000e3e00000|  0%| F|  |TAMS 0x00000000e3d00000, 0x00000000e3d00000| Untracked 
|  62|0x00000000e3e00000, 0x00000000e3e00000, 0x00000000e3f00000|  0%| F|  |TAMS 0x00000000e3e00000, 0x00000000e3e00000| Untracked 
|  63|0x00000000e3f00000, 0x00000000e3f00000, 0x00000000e4000000|  0%| F|  |TAMS 0x00000000e3f00000, 0x00000000e3f00000| Untracked 
|  64|0x00000000e4000000, 0x00000000e4000000, 0x00000000e4100000|  0%| F|  |TAMS 0x00000000e4000000, 0x00000000e4000000| Untracked 
|  65|0x00000000e4100000, 0x00000000e4100000, 0x00000000e4200000|  0%| F|  |TAMS 0x00000000e4100000, 0x00000000e4100000| Untracked 
|  66|0x00000000e4200000, 0x00000000e4200000, 0x00000000e4300000|  0%| F|  |TAMS 0x00000000e4200000, 0x00000000e4200000| Untracked 
|  67|0x00000000e4300000, 0x00000000e4300000, 0x00000000e4400000|  0%| F|  |TAMS 0x00000000e4300000, 0x00000000e4300000| Untracked 
|  68|0x00000000e4400000, 0x00000000e4400000, 0x00000000e4500000|  0%| F|  |TAMS 0x00000000e4400000, 0x00000000e4400000| Untracked 
|  69|0x00000000e4500000, 0x00000000e4500000, 0x00000000e4600000|  0%| F|  |TAMS 0x00000000e4500000, 0x00000000e4500000| Untracked 
|  70|0x00000000e4600000, 0x00000000e4600000, 0x00000000e4700000|  0%| F|  |TAMS 0x00000000e4600000, 0x00000000e4600000| Untracked 
|  71|0x00000000e4700000, 0x00000000e4700000, 0x00000000e4800000|  0%| F|  |TAMS 0x00000000e4700000, 0x00000000e4700000| Untracked 
|  72|0x00000000e4800000, 0x00000000e4800000, 0x00000000e4900000|  0%| F|  |TAMS 0x00000000e4800000, 0x00000000e4800000| Untracked 
|  73|0x00000000e4900000, 0x00000000e4900000, 0x00000000e4a00000|  0%| F|  |TAMS 0x00000000e4900000, 0x00000000e4900000| Untracked 
|  74|0x00000000e4a00000, 0x00000000e4a00000, 0x00000000e4b00000|  0%| F|  |TAMS 0x00000000e4a00000, 0x00000000e4a00000| Untracked 
|  75|0x00000000e4b00000, 0x00000000e4b00000, 0x00000000e4c00000|  0%| F|  |TAMS 0x00000000e4b00000, 0x00000000e4b00000| Untracked 
|  76|0x00000000e4c00000, 0x00000000e4c00000, 0x00000000e4d00000|  0%| F|  |TAMS 0x00000000e4c00000, 0x00000000e4c00000| Untracked 
|  77|0x00000000e4d00000, 0x00000000e4d00000, 0x00000000e4e00000|  0%| F|  |TAMS 0x00000000e4d00000, 0x00000000e4d00000| Untracked 
|  78|0x00000000e4e00000, 0x00000000e4e00000, 0x00000000e4f00000|  0%| F|  |TAMS 0x00000000e4e00000, 0x00000000e4e00000| Untracked 
|  79|0x00000000e4f00000, 0x00000000e4f00000, 0x00000000e5000000|  0%| F|  |TAMS 0x00000000e4f00000, 0x00000000e4f00000| Untracked 
|  80|0x00000000e5000000, 0x00000000e5000000, 0x00000000e5100000|  0%| F|  |TAMS 0x00000000e5000000, 0x00000000e5000000| Untracked 
|  81|0x00000000e5100000, 0x00000000e5100000, 0x00000000e5200000|  0%| F|  |TAMS 0x00000000e5100000, 0x00000000e5100000| Untracked 
|  82|0x00000000e5200000, 0x00000000e5200000, 0x00000000e5300000|  0%| F|  |TAMS 0x00000000e5200000, 0x00000000e5200000| Untracked 
|  83|0x00000000e5300000, 0x00000000e5300000, 0x00000000e5400000|  0%| F|  |TAMS 0x00000000e5300000, 0x00000000e5300000| Untracked 
|  84|0x00000000e5400000, 0x00000000e5400000, 0x00000000e5500000|  0%| F|  |TAMS 0x00000000e5400000, 0x00000000e5400000| Untracked 
|  85|0x00000000e5500000, 0x00000000e5500000, 0x00000000e5600000|  0%| F|  |TAMS 0x00000000e5500000, 0x00000000e5500000| Untracked 
|  86|0x00000000e5600000, 0x00000000e5600000, 0x00000000e5700000|  0%| F|  |TAMS 0x00000000e5600000, 0x00000000e5600000| Untracked 
|  87|0x00000000e5700000, 0x00000000e5700000, 0x00000000e5800000|  0%| F|  |TAMS 0x00000000e5700000, 0x00000000e5700000| Untracked 
|  88|0x00000000e5800000, 0x00000000e5800000, 0x00000000e5900000|  0%| F|  |TAMS 0x00000000e5800000, 0x00000000e5800000| Untracked 
|  89|0x00000000e5900000, 0x00000000e5900000, 0x00000000e5a00000|  0%| F|  |TAMS 0x00000000e5900000, 0x00000000e5900000| Untracked 
|  90|0x00000000e5a00000, 0x00000000e5a00000, 0x00000000e5b00000|  0%| F|  |TAMS 0x00000000e5a00000, 0x00000000e5a00000| Untracked 
|  91|0x00000000e5b00000, 0x00000000e5b00000, 0x00000000e5c00000|  0%| F|  |TAMS 0x00000000e5b00000, 0x00000000e5b00000| Untracked 
|  92|0x00000000e5c00000, 0x00000000e5c00000, 0x00000000e5d00000|  0%| F|  |TAMS 0x00000000e5c00000, 0x00000000e5c00000| Untracked 
|  93|0x00000000e5d00000, 0x00000000e5d00000, 0x00000000e5e00000|  0%| F|  |TAMS 0x00000000e5d00000, 0x00000000e5d00000| Untracked 
|  94|0x00000000e5e00000, 0x00000000e5e00000, 0x00000000e5f00000|  0%| F|  |TAMS 0x00000000e5e00000, 0x00000000e5e00000| Untracked 
|  95|0x00000000e5f00000, 0x00000000e5f00000, 0x00000000e6000000|  0%| F|  |TAMS 0x00000000e5f00000, 0x00000000e5f00000| Untracked 
|  96|0x00000000e6000000, 0x00000000e601e780, 0x00000000e6100000| 11%| S|CS|TAMS 0x00000000e6000000, 0x00000000e6000000| Complete 
|  97|0x00000000e6100000, 0x00000000e6200000, 0x00000000e6200000|100%| S|CS|TAMS 0x00000000e6100000, 0x00000000e6100000| Complete 
|  98|0x00000000e6200000, 0x00000000e6300000, 0x00000000e6300000|100%| S|CS|TAMS 0x00000000e6200000, 0x00000000e6200000| Complete 
|  99|0x00000000e6300000, 0x00000000e6400000, 0x00000000e6400000|100%| S|CS|TAMS 0x00000000e6300000, 0x00000000e6300000| Complete 
| 100|0x00000000e6400000, 0x00000000e6500000, 0x00000000e6500000|100%| S|CS|TAMS 0x00000000e6400000, 0x00000000e6400000| Complete 
| 101|0x00000000e6500000, 0x00000000e6600000, 0x00000000e6600000|100%| S|CS|TAMS 0x00000000e6500000, 0x00000000e6500000| Complete 
| 102|0x00000000e6600000, 0x00000000e6700000, 0x00000000e6700000|100%| S|CS|TAMS 0x00000000e6600000, 0x00000000e6600000| Complete 
| 103|0x00000000e6700000, 0x00000000e6800000, 0x00000000e6800000|100%| S|CS|TAMS 0x00000000e6700000, 0x00000000e6700000| Complete 
| 104|0x00000000e6800000, 0x00000000e6900000, 0x00000000e6900000|100%| S|CS|TAMS 0x00000000e6800000, 0x00000000e6800000| Complete 
| 105|0x00000000e6900000, 0x00000000e6a00000, 0x00000000e6a00000|100%| S|CS|TAMS 0x00000000e6900000, 0x00000000e6900000| Complete 
| 106|0x00000000e6a00000, 0x00000000e6b00000, 0x00000000e6b00000|100%| S|CS|TAMS 0x00000000e6a00000, 0x00000000e6a00000| Complete 
| 107|0x00000000e6b00000, 0x00000000e6c00000, 0x00000000e6c00000|100%| S|CS|TAMS 0x00000000e6b00000, 0x00000000e6b00000| Complete 
| 108|0x00000000e6c00000, 0x00000000e6d00000, 0x00000000e6d00000|100%| S|CS|TAMS 0x00000000e6c00000, 0x00000000e6c00000| Complete 
| 109|0x00000000e6d00000, 0x00000000e6d00000, 0x00000000e6e00000|  0%| F|  |TAMS 0x00000000e6d00000, 0x00000000e6d00000| Untracked 
| 110|0x00000000e6e00000, 0x00000000e6e00000, 0x00000000e6f00000|  0%| F|  |TAMS 0x00000000e6e00000, 0x00000000e6e00000| Untracked 
| 111|0x00000000e6f00000, 0x00000000e6f00000, 0x00000000e7000000|  0%| F|  |TAMS 0x00000000e6f00000, 0x00000000e6f00000| Untracked 
| 112|0x00000000e7000000, 0x00000000e7000000, 0x00000000e7100000|  0%| F|  |TAMS 0x00000000e7000000, 0x00000000e7000000| Untracked 
| 113|0x00000000e7100000, 0x00000000e7100000, 0x00000000e7200000|  0%| F|  |TAMS 0x00000000e7100000, 0x00000000e7100000| Untracked 
| 114|0x00000000e7200000, 0x00000000e7200000, 0x00000000e7300000|  0%| F|  |TAMS 0x00000000e7200000, 0x00000000e7200000| Untracked 
| 115|0x00000000e7300000, 0x00000000e7300000, 0x00000000e7400000|  0%| F|  |TAMS 0x00000000e7300000, 0x00000000e7300000| Untracked 
| 116|0x00000000e7400000, 0x00000000e7400000, 0x00000000e7500000|  0%| F|  |TAMS 0x00000000e7400000, 0x00000000e7400000| Untracked 
| 117|0x00000000e7500000, 0x00000000e7500000, 0x00000000e7600000|  0%| F|  |TAMS 0x00000000e7500000, 0x00000000e7500000| Untracked 
| 118|0x00000000e7600000, 0x00000000e7600000, 0x00000000e7700000|  0%| F|  |TAMS 0x00000000e7600000, 0x00000000e7600000| Untracked 
| 119|0x00000000e7700000, 0x00000000e7700000, 0x00000000e7800000|  0%| F|  |TAMS 0x00000000e7700000, 0x00000000e7700000| Untracked 
| 120|0x00000000e7800000, 0x00000000e7800000, 0x00000000e7900000|  0%| F|  |TAMS 0x00000000e7800000, 0x00000000e7800000| Untracked 
| 121|0x00000000e7900000, 0x00000000e7900000, 0x00000000e7a00000|  0%| F|  |TAMS 0x00000000e7900000, 0x00000000e7900000| Untracked 
| 122|0x00000000e7a00000, 0x00000000e7a00000, 0x00000000e7b00000|  0%| F|  |TAMS 0x00000000e7a00000, 0x00000000e7a00000| Untracked 
| 123|0x00000000e7b00000, 0x00000000e7b00000, 0x00000000e7c00000|  0%| F|  |TAMS 0x00000000e7b00000, 0x00000000e7b00000| Untracked 
| 124|0x00000000e7c00000, 0x00000000e7c00000, 0x00000000e7d00000|  0%| F|  |TAMS 0x00000000e7c00000, 0x00000000e7c00000| Untracked 
| 125|0x00000000e7d00000, 0x00000000e7d00000, 0x00000000e7e00000|  0%| F|  |TAMS 0x00000000e7d00000, 0x00000000e7d00000| Untracked 
| 126|0x00000000e7e00000, 0x00000000e7e00000, 0x00000000e7f00000|  0%| F|  |TAMS 0x00000000e7e00000, 0x00000000e7e00000| Untracked 
| 127|0x00000000e7f00000, 0x00000000e7f00000, 0x00000000e8000000|  0%| F|  |TAMS 0x00000000e7f00000, 0x00000000e7f00000| Untracked 
| 128|0x00000000e8000000, 0x00000000e8000000, 0x00000000e8100000|  0%| F|  |TAMS 0x00000000e8000000, 0x00000000e8000000| Untracked 
| 129|0x00000000e8100000, 0x00000000e8100000, 0x00000000e8200000|  0%| F|  |TAMS 0x00000000e8100000, 0x00000000e8100000| Untracked 
| 130|0x00000000e8200000, 0x00000000e8200000, 0x00000000e8300000|  0%| F|  |TAMS 0x00000000e8200000, 0x00000000e8200000| Untracked 
| 131|0x00000000e8300000, 0x00000000e8300000, 0x00000000e8400000|  0%| F|  |TAMS 0x00000000e8300000, 0x00000000e8300000| Untracked 
| 132|0x00000000e8400000, 0x00000000e8400000, 0x00000000e8500000|  0%| F|  |TAMS 0x00000000e8400000, 0x00000000e8400000| Untracked 
| 133|0x00000000e8500000, 0x00000000e8500000, 0x00000000e8600000|  0%| F|  |TAMS 0x00000000e8500000, 0x00000000e8500000| Untracked 
| 134|0x00000000e8600000, 0x00000000e8600000, 0x00000000e8700000|  0%| F|  |TAMS 0x00000000e8600000, 0x00000000e8600000| Untracked 
| 135|0x00000000e8700000, 0x00000000e8700000, 0x00000000e8800000|  0%| F|  |TAMS 0x00000000e8700000, 0x00000000e8700000| Untracked 
| 136|0x00000000e8800000, 0x00000000e8800000, 0x00000000e8900000|  0%| F|  |TAMS 0x00000000e8800000, 0x00000000e8800000| Untracked 
| 137|0x00000000e8900000, 0x00000000e8900000, 0x00000000e8a00000|  0%| F|  |TAMS 0x00000000e8900000, 0x00000000e8900000| Untracked 
| 138|0x00000000e8a00000, 0x00000000e8a00000, 0x00000000e8b00000|  0%| F|  |TAMS 0x00000000e8a00000, 0x00000000e8a00000| Untracked 
| 139|0x00000000e8b00000, 0x00000000e8b00000, 0x00000000e8c00000|  0%| F|  |TAMS 0x00000000e8b00000, 0x00000000e8b00000| Untracked 
| 140|0x00000000e8c00000, 0x00000000e8c00000, 0x00000000e8d00000|  0%| F|  |TAMS 0x00000000e8c00000, 0x00000000e8c00000| Untracked 
| 141|0x00000000e8d00000, 0x00000000e8d00000, 0x00000000e8e00000|  0%| F|  |TAMS 0x00000000e8d00000, 0x00000000e8d00000| Untracked 
| 142|0x00000000e8e00000, 0x00000000e8e00000, 0x00000000e8f00000|  0%| F|  |TAMS 0x00000000e8e00000, 0x00000000e8e00000| Untracked 
| 143|0x00000000e8f00000, 0x00000000e8f00000, 0x00000000e9000000|  0%| F|  |TAMS 0x00000000e8f00000, 0x00000000e8f00000| Untracked 
| 144|0x00000000e9000000, 0x00000000e9000000, 0x00000000e9100000|  0%| F|  |TAMS 0x00000000e9000000, 0x00000000e9000000| Untracked 
| 145|0x00000000e9100000, 0x00000000e9100000, 0x00000000e9200000|  0%| F|  |TAMS 0x00000000e9100000, 0x00000000e9100000| Untracked 
| 146|0x00000000e9200000, 0x00000000e9200000, 0x00000000e9300000|  0%| F|  |TAMS 0x00000000e9200000, 0x00000000e9200000| Untracked 
| 147|0x00000000e9300000, 0x00000000e9300000, 0x00000000e9400000|  0%| F|  |TAMS 0x00000000e9300000, 0x00000000e9300000| Untracked 
| 148|0x00000000e9400000, 0x00000000e9400000, 0x00000000e9500000|  0%| F|  |TAMS 0x00000000e9400000, 0x00000000e9400000| Untracked 
| 149|0x00000000e9500000, 0x00000000e9500000, 0x00000000e9600000|  0%| F|  |TAMS 0x00000000e9500000, 0x00000000e9500000| Untracked 
| 150|0x00000000e9600000, 0x00000000e9600000, 0x00000000e9700000|  0%| F|  |TAMS 0x00000000e9600000, 0x00000000e9600000| Untracked 
| 151|0x00000000e9700000, 0x00000000e9700000, 0x00000000e9800000|  0%| F|  |TAMS 0x00000000e9700000, 0x00000000e9700000| Untracked 
| 152|0x00000000e9800000, 0x00000000e9800000, 0x00000000e9900000|  0%| F|  |TAMS 0x00000000e9800000, 0x00000000e9800000| Untracked 
| 153|0x00000000e9900000, 0x00000000e9900000, 0x00000000e9a00000|  0%| F|  |TAMS 0x00000000e9900000, 0x00000000e9900000| Untracked 
| 154|0x00000000e9a00000, 0x00000000e9a00000, 0x00000000e9b00000|  0%| F|  |TAMS 0x00000000e9a00000, 0x00000000e9a00000| Untracked 
| 155|0x00000000e9b00000, 0x00000000e9b00000, 0x00000000e9c00000|  0%| F|  |TAMS 0x00000000e9b00000, 0x00000000e9b00000| Untracked 
| 156|0x00000000e9c00000, 0x00000000e9c00000, 0x00000000e9d00000|  0%| F|  |TAMS 0x00000000e9c00000, 0x00000000e9c00000| Untracked 
| 157|0x00000000e9d00000, 0x00000000e9d00000, 0x00000000e9e00000|  0%| F|  |TAMS 0x00000000e9d00000, 0x00000000e9d00000| Untracked 
| 158|0x00000000e9e00000, 0x00000000e9e00000, 0x00000000e9f00000|  0%| F|  |TAMS 0x00000000e9e00000, 0x00000000e9e00000| Untracked 
| 159|0x00000000e9f00000, 0x00000000e9f00000, 0x00000000ea000000|  0%| F|  |TAMS 0x00000000e9f00000, 0x00000000e9f00000| Untracked 
| 160|0x00000000ea000000, 0x00000000ea000000, 0x00000000ea100000|  0%| F|  |TAMS 0x00000000ea000000, 0x00000000ea000000| Untracked 
| 161|0x00000000ea100000, 0x00000000ea100000, 0x00000000ea200000|  0%| F|  |TAMS 0x00000000ea100000, 0x00000000ea100000| Untracked 
| 162|0x00000000ea200000, 0x00000000ea200000, 0x00000000ea300000|  0%| F|  |TAMS 0x00000000ea200000, 0x00000000ea200000| Untracked 
| 163|0x00000000ea300000, 0x00000000ea300000, 0x00000000ea400000|  0%| F|  |TAMS 0x00000000ea300000, 0x00000000ea300000| Untracked 
| 164|0x00000000ea400000, 0x00000000ea400000, 0x00000000ea500000|  0%| F|  |TAMS 0x00000000ea400000, 0x00000000ea400000| Untracked 
| 165|0x00000000ea500000, 0x00000000ea500000, 0x00000000ea600000|  0%| F|  |TAMS 0x00000000ea500000, 0x00000000ea500000| Untracked 
| 166|0x00000000ea600000, 0x00000000ea600000, 0x00000000ea700000|  0%| F|  |TAMS 0x00000000ea600000, 0x00000000ea600000| Untracked 
| 167|0x00000000ea700000, 0x00000000ea700000, 0x00000000ea800000|  0%| F|  |TAMS 0x00000000ea700000, 0x00000000ea700000| Untracked 
| 168|0x00000000ea800000, 0x00000000ea800000, 0x00000000ea900000|  0%| F|  |TAMS 0x00000000ea800000, 0x00000000ea800000| Untracked 
| 169|0x00000000ea900000, 0x00000000ea900000, 0x00000000eaa00000|  0%| F|  |TAMS 0x00000000ea900000, 0x00000000ea900000| Untracked 
| 170|0x00000000eaa00000, 0x00000000eaa00000, 0x00000000eab00000|  0%| F|  |TAMS 0x00000000eaa00000, 0x00000000eaa00000| Untracked 
| 171|0x00000000eab00000, 0x00000000eab00000, 0x00000000eac00000|  0%| F|  |TAMS 0x00000000eab00000, 0x00000000eab00000| Untracked 
| 172|0x00000000eac00000, 0x00000000eac00000, 0x00000000ead00000|  0%| F|  |TAMS 0x00000000eac00000, 0x00000000eac00000| Untracked 
| 173|0x00000000ead00000, 0x00000000ead00000, 0x00000000eae00000|  0%| F|  |TAMS 0x00000000ead00000, 0x00000000ead00000| Untracked 
| 174|0x00000000eae00000, 0x00000000eae96d80, 0x00000000eaf00000| 58%| E|  |TAMS 0x00000000eae00000, 0x00000000eae00000| Complete 
| 175|0x00000000eaf00000, 0x00000000eb000000, 0x00000000eb000000|100%| E|CS|TAMS 0x00000000eaf00000, 0x00000000eaf00000| Complete 
| 176|0x00000000eb000000, 0x00000000eb100000, 0x00000000eb100000|100%| E|CS|TAMS 0x00000000eb000000, 0x00000000eb000000| Complete 
| 177|0x00000000eb100000, 0x00000000eb200000, 0x00000000eb200000|100%| E|CS|TAMS 0x00000000eb100000, 0x00000000eb100000| Complete 
| 178|0x00000000eb200000, 0x00000000eb300000, 0x00000000eb300000|100%| E|CS|TAMS 0x00000000eb200000, 0x00000000eb200000| Complete 
| 179|0x00000000eb300000, 0x00000000eb400000, 0x00000000eb400000|100%| E|CS|TAMS 0x00000000eb300000, 0x00000000eb300000| Complete 
| 180|0x00000000eb400000, 0x00000000eb500000, 0x00000000eb500000|100%| E|CS|TAMS 0x00000000eb400000, 0x00000000eb400000| Complete 
| 181|0x00000000eb500000, 0x00000000eb600000, 0x00000000eb600000|100%| E|  |TAMS 0x00000000eb500000, 0x00000000eb500000| Complete 
| 182|0x00000000eb600000, 0x00000000eb700000, 0x00000000eb700000|100%| E|CS|TAMS 0x00000000eb600000, 0x00000000eb600000| Complete 
| 183|0x00000000eb700000, 0x00000000eb800000, 0x00000000eb800000|100%| E|CS|TAMS 0x00000000eb700000, 0x00000000eb700000| Complete 
| 184|0x00000000eb800000, 0x00000000eb900000, 0x00000000eb900000|100%| E|CS|TAMS 0x00000000eb800000, 0x00000000eb800000| Complete 
| 185|0x00000000eb900000, 0x00000000eba00000, 0x00000000eba00000|100%| E|CS|TAMS 0x00000000eb900000, 0x00000000eb900000| Complete 
| 186|0x00000000eba00000, 0x00000000ebb00000, 0x00000000ebb00000|100%| E|CS|TAMS 0x00000000eba00000, 0x00000000eba00000| Complete 
| 187|0x00000000ebb00000, 0x00000000ebc00000, 0x00000000ebc00000|100%| E|CS|TAMS 0x00000000ebb00000, 0x00000000ebb00000| Complete 
| 188|0x00000000ebc00000, 0x00000000ebd00000, 0x00000000ebd00000|100%| E|CS|TAMS 0x00000000ebc00000, 0x00000000ebc00000| Complete 
| 189|0x00000000ebd00000, 0x00000000ebe00000, 0x00000000ebe00000|100%| E|CS|TAMS 0x00000000ebd00000, 0x00000000ebd00000| Complete 
| 190|0x00000000ebe00000, 0x00000000ebf00000, 0x00000000ebf00000|100%| E|CS|TAMS 0x00000000ebe00000, 0x00000000ebe00000| Complete 
| 191|0x00000000ebf00000, 0x00000000ec000000, 0x00000000ec000000|100%| E|CS|TAMS 0x00000000ebf00000, 0x00000000ebf00000| Complete 
| 192|0x00000000ec000000, 0x00000000ec100000, 0x00000000ec100000|100%| E|CS|TAMS 0x00000000ec000000, 0x00000000ec000000| Complete 
| 193|0x00000000ec100000, 0x00000000ec200000, 0x00000000ec200000|100%| E|CS|TAMS 0x00000000ec100000, 0x00000000ec100000| Complete 
| 194|0x00000000ec200000, 0x00000000ec300000, 0x00000000ec300000|100%| E|CS|TAMS 0x00000000ec200000, 0x00000000ec200000| Complete 
| 195|0x00000000ec300000, 0x00000000ec400000, 0x00000000ec400000|100%| E|CS|TAMS 0x00000000ec300000, 0x00000000ec300000| Complete 
| 196|0x00000000ec400000, 0x00000000ec500000, 0x00000000ec500000|100%| E|CS|TAMS 0x00000000ec400000, 0x00000000ec400000| Complete 
| 197|0x00000000ec500000, 0x00000000ec600000, 0x00000000ec600000|100%| E|CS|TAMS 0x00000000ec500000, 0x00000000ec500000| Complete 
| 198|0x00000000ec600000, 0x00000000ec700000, 0x00000000ec700000|100%| E|CS|TAMS 0x00000000ec600000, 0x00000000ec600000| Complete 
| 199|0x00000000ec700000, 0x00000000ec800000, 0x00000000ec800000|100%| E|CS|TAMS 0x00000000ec700000, 0x00000000ec700000| Complete 
| 200|0x00000000ec800000, 0x00000000ec900000, 0x00000000ec900000|100%| E|CS|TAMS 0x00000000ec800000, 0x00000000ec800000| Complete 
| 201|0x00000000ec900000, 0x00000000eca00000, 0x00000000eca00000|100%| E|CS|TAMS 0x00000000ec900000, 0x00000000ec900000| Complete 
| 202|0x00000000eca00000, 0x00000000ecb00000, 0x00000000ecb00000|100%| E|CS|TAMS 0x00000000eca00000, 0x00000000eca00000| Complete 
| 203|0x00000000ecb00000, 0x00000000ecc00000, 0x00000000ecc00000|100%| E|CS|TAMS 0x00000000ecb00000, 0x00000000ecb00000| Complete 
| 204|0x00000000ecc00000, 0x00000000ecd00000, 0x00000000ecd00000|100%| E|CS|TAMS 0x00000000ecc00000, 0x00000000ecc00000| Complete 
| 205|0x00000000ecd00000, 0x00000000ece00000, 0x00000000ece00000|100%| E|CS|TAMS 0x00000000ecd00000, 0x00000000ecd00000| Complete 
| 206|0x00000000ece00000, 0x00000000ecf00000, 0x00000000ecf00000|100%| E|CS|TAMS 0x00000000ece00000, 0x00000000ece00000| Complete 
| 207|0x00000000ecf00000, 0x00000000ed000000, 0x00000000ed000000|100%| E|CS|TAMS 0x00000000ecf00000, 0x00000000ecf00000| Complete 
| 208|0x00000000ed000000, 0x00000000ed100000, 0x00000000ed100000|100%| E|CS|TAMS 0x00000000ed000000, 0x00000000ed000000| Complete 
| 209|0x00000000ed100000, 0x00000000ed200000, 0x00000000ed200000|100%| E|CS|TAMS 0x00000000ed100000, 0x00000000ed100000| Complete 
| 210|0x00000000ed200000, 0x00000000ed300000, 0x00000000ed300000|100%| E|CS|TAMS 0x00000000ed200000, 0x00000000ed200000| Complete 
| 211|0x00000000ed300000, 0x00000000ed400000, 0x00000000ed400000|100%| E|CS|TAMS 0x00000000ed300000, 0x00000000ed300000| Complete 
| 212|0x00000000ed400000, 0x00000000ed500000, 0x00000000ed500000|100%| E|CS|TAMS 0x00000000ed400000, 0x00000000ed400000| Complete 
| 213|0x00000000ed500000, 0x00000000ed600000, 0x00000000ed600000|100%| E|CS|TAMS 0x00000000ed500000, 0x00000000ed500000| Complete 
| 214|0x00000000ed600000, 0x00000000ed700000, 0x00000000ed700000|100%| E|CS|TAMS 0x00000000ed600000, 0x00000000ed600000| Complete 
| 215|0x00000000ed700000, 0x00000000ed800000, 0x00000000ed800000|100%| E|CS|TAMS 0x00000000ed700000, 0x00000000ed700000| Complete 
| 216|0x00000000ed800000, 0x00000000ed900000, 0x00000000ed900000|100%| E|CS|TAMS 0x00000000ed800000, 0x00000000ed800000| Complete 
| 217|0x00000000ed900000, 0x00000000eda00000, 0x00000000eda00000|100%| E|CS|TAMS 0x00000000ed900000, 0x00000000ed900000| Complete 
| 218|0x00000000eda00000, 0x00000000edb00000, 0x00000000edb00000|100%| E|CS|TAMS 0x00000000eda00000, 0x00000000eda00000| Complete 
| 219|0x00000000edb00000, 0x00000000edc00000, 0x00000000edc00000|100%| E|CS|TAMS 0x00000000edb00000, 0x00000000edb00000| Complete 
| 220|0x00000000edc00000, 0x00000000edd00000, 0x00000000edd00000|100%| E|CS|TAMS 0x00000000edc00000, 0x00000000edc00000| Complete 
| 221|0x00000000edd00000, 0x00000000ede00000, 0x00000000ede00000|100%| E|CS|TAMS 0x00000000edd00000, 0x00000000edd00000| Complete 
| 222|0x00000000ede00000, 0x00000000edf00000, 0x00000000edf00000|100%| E|CS|TAMS 0x00000000ede00000, 0x00000000ede00000| Complete 
| 223|0x00000000edf00000, 0x00000000ee000000, 0x00000000ee000000|100%| E|CS|TAMS 0x00000000edf00000, 0x00000000edf00000| Complete 
| 224|0x00000000ee000000, 0x00000000ee100000, 0x00000000ee100000|100%| E|CS|TAMS 0x00000000ee000000, 0x00000000ee000000| Complete 
| 225|0x00000000ee100000, 0x00000000ee200000, 0x00000000ee200000|100%| E|CS|TAMS 0x00000000ee100000, 0x00000000ee100000| Complete 
| 226|0x00000000ee200000, 0x00000000ee300000, 0x00000000ee300000|100%| E|CS|TAMS 0x00000000ee200000, 0x00000000ee200000| Complete 
| 227|0x00000000ee300000, 0x00000000ee400000, 0x00000000ee400000|100%| E|CS|TAMS 0x00000000ee300000, 0x00000000ee300000| Complete 
| 228|0x00000000ee400000, 0x00000000ee500000, 0x00000000ee500000|100%| E|CS|TAMS 0x00000000ee400000, 0x00000000ee400000| Complete 
| 229|0x00000000ee500000, 0x00000000ee600000, 0x00000000ee600000|100%| E|CS|TAMS 0x00000000ee500000, 0x00000000ee500000| Complete 
| 230|0x00000000ee600000, 0x00000000ee700000, 0x00000000ee700000|100%| E|CS|TAMS 0x00000000ee600000, 0x00000000ee600000| Complete 
| 231|0x00000000ee700000, 0x00000000ee800000, 0x00000000ee800000|100%| E|CS|TAMS 0x00000000ee700000, 0x00000000ee700000| Complete 
| 232|0x00000000ee800000, 0x00000000ee900000, 0x00000000ee900000|100%| E|CS|TAMS 0x00000000ee800000, 0x00000000ee800000| Complete 
| 233|0x00000000ee900000, 0x00000000eea00000, 0x00000000eea00000|100%| E|CS|TAMS 0x00000000ee900000, 0x00000000ee900000| Complete 
| 234|0x00000000eea00000, 0x00000000eeb00000, 0x00000000eeb00000|100%| E|CS|TAMS 0x00000000eea00000, 0x00000000eea00000| Complete 
| 235|0x00000000eeb00000, 0x00000000eec00000, 0x00000000eec00000|100%| E|CS|TAMS 0x00000000eeb00000, 0x00000000eeb00000| Complete 
| 236|0x00000000eec00000, 0x00000000eed00000, 0x00000000eed00000|100%| E|CS|TAMS 0x00000000eec00000, 0x00000000eec00000| Complete 
| 237|0x00000000eed00000, 0x00000000eee00000, 0x00000000eee00000|100%| E|CS|TAMS 0x00000000eed00000, 0x00000000eed00000| Complete 
| 238|0x00000000eee00000, 0x00000000eef00000, 0x00000000eef00000|100%| E|CS|TAMS 0x00000000eee00000, 0x00000000eee00000| Complete 
| 239|0x00000000eef00000, 0x00000000ef000000, 0x00000000ef000000|100%| E|CS|TAMS 0x00000000eef00000, 0x00000000eef00000| Complete 
| 240|0x00000000ef000000, 0x00000000ef100000, 0x00000000ef100000|100%| E|CS|TAMS 0x00000000ef000000, 0x00000000ef000000| Complete 
| 241|0x00000000ef100000, 0x00000000ef200000, 0x00000000ef200000|100%| E|CS|TAMS 0x00000000ef100000, 0x00000000ef100000| Complete 
| 242|0x00000000ef200000, 0x00000000ef300000, 0x00000000ef300000|100%| E|CS|TAMS 0x00000000ef200000, 0x00000000ef200000| Complete 
| 243|0x00000000ef300000, 0x00000000ef400000, 0x00000000ef400000|100%| E|CS|TAMS 0x00000000ef300000, 0x00000000ef300000| Complete 
| 244|0x00000000ef400000, 0x00000000ef500000, 0x00000000ef500000|100%| E|CS|TAMS 0x00000000ef400000, 0x00000000ef400000| Complete 
| 245|0x00000000ef500000, 0x00000000ef600000, 0x00000000ef600000|100%| E|CS|TAMS 0x00000000ef500000, 0x00000000ef500000| Complete 
| 246|0x00000000ef600000, 0x00000000ef700000, 0x00000000ef700000|100%| E|CS|TAMS 0x00000000ef600000, 0x00000000ef600000| Complete 
| 247|0x00000000ef700000, 0x00000000ef800000, 0x00000000ef800000|100%| E|CS|TAMS 0x00000000ef700000, 0x00000000ef700000| Complete 
| 248|0x00000000ef800000, 0x00000000ef900000, 0x00000000ef900000|100%| E|CS|TAMS 0x00000000ef800000, 0x00000000ef800000| Complete 
| 249|0x00000000ef900000, 0x00000000efa00000, 0x00000000efa00000|100%| E|CS|TAMS 0x00000000ef900000, 0x00000000ef900000| Complete 
| 250|0x00000000efa00000, 0x00000000efb00000, 0x00000000efb00000|100%| E|CS|TAMS 0x00000000efa00000, 0x00000000efa00000| Complete 
| 251|0x00000000efb00000, 0x00000000efc00000, 0x00000000efc00000|100%| E|CS|TAMS 0x00000000efb00000, 0x00000000efb00000| Complete 
| 252|0x00000000efc00000, 0x00000000efd00000, 0x00000000efd00000|100%| E|CS|TAMS 0x00000000efc00000, 0x00000000efc00000| Complete 
| 253|0x00000000efd00000, 0x00000000efe00000, 0x00000000efe00000|100%| E|CS|TAMS 0x00000000efd00000, 0x00000000efd00000| Complete 
| 254|0x00000000efe00000, 0x00000000eff00000, 0x00000000eff00000|100%| E|CS|TAMS 0x00000000efe00000, 0x00000000efe00000| Complete 
| 255|0x00000000eff00000, 0x00000000f0000000, 0x00000000f0000000|100%| E|CS|TAMS 0x00000000eff00000, 0x00000000eff00000| Complete 

Card table byte_map: [0x0000028972550000,0x0000028972650000] _byte_map_base: 0x0000028971e50000

Marking Bits (Prev, Next): (CMBitMap*) 0x000002895b9d7640, (CMBitMap*) 0x000002895b9d7600
 Prev Bits: [0x0000028972f50000, 0x0000028973750000)
 Next Bits: [0x0000028972750000, 0x0000028972f50000)

Polling page: 0x0000028959b60000

Metaspace:

Usage:
  Non-class:     50.46 MB used.
      Class:      7.63 MB used.
       Both:     58.09 MB used.

Virtual space:
  Non-class space:       56.00 MB reserved,      50.75 MB ( 91%) committed,  7 nodes.
      Class space:      208.00 MB reserved,       7.94 MB (  4%) committed,  1 nodes.
              Both:      264.00 MB reserved,      58.69 MB ( 22%) committed. 

Chunk freelists:
   Non-Class:  624.00 KB
       Class:  3.96 MB
        Both:  4.57 MB

MaxMetaspaceSize: 256.00 MB
CompressedClassSpaceSize: 208.00 MB
 - commit_granule_bytes: 65536.
 - commit_granule_words: 8192.
 - virtual_space_node_default_size: 1048576.
 - enlarge_chunks_in_place: 1.
 - new_chunks_are_fully_committed: 0.
 - uncommit_free_chunks: 1.
 - use_allocation_guard: 0.
 - handle_deallocations: 1.


Internal statistics:

num_allocs_failed_limit: 9.
num_arena_births: 672.
num_arena_deaths: 0.
num_vsnodes_births: 8.
num_vsnodes_deaths: 0.
num_space_committed: 939.
num_space_uncommitted: 0.
num_chunks_returned_to_freelist: 9.
num_chunks_taken_from_freelist: 3095.
num_chunk_merges: 9.
num_chunk_splits: 1985.
num_chunks_enlarged: 1289.
num_purges: 0.

CodeHeap 'non-profiled nmethods': size=120000Kb used=6404Kb max_used=6404Kb free=113595Kb
 bounds [0x000002896abf0000, 0x000002896b240000, 0x0000028972120000]
CodeHeap 'profiled nmethods': size=120000Kb used=18378Kb max_used=19940Kb free=101621Kb
 bounds [0x00000289636c0000, 0x0000028964a60000, 0x000002896abf0000]
CodeHeap 'non-nmethods': size=5760Kb used=2353Kb max_used=2435Kb free=3406Kb
 bounds [0x0000028963120000, 0x00000289633a0000, 0x00000289636c0000]
 total_blobs=10340 nmethods=9472 adapters=780
 compilation: enabled
              stopped_count=0, restarted_count=0
 full_count=0

Compilation events (20 events):
Event: 346.064 Thread 0x00000289761727d0 11139   !   3       java.util.concurrent.ThreadPoolExecutor::tryTerminate (163 bytes)
Event: 346.066 Thread 0x00000289761727d0 nmethod 11139 0x0000028963bd5e10 code [0x0000028963bd61e0, 0x0000028963bd7d28]
Event: 346.066 Thread 0x00000289761727d0 11140       3       kotlin.jvm.internal.Lambda::<init> (10 bytes)
Event: 346.066 Thread 0x00000289761727d0 nmethod 11140 0x0000028963e2f810 code [0x0000028963e2f9c0, 0x0000028963e2fb38]
Event: 346.066 Thread 0x00000289761727d0 11143       3       org.gradle.internal.service.scopes.VirtualFileSystemServices$GradleUserHomeServices$$Lambda$117/0x0000000800ddfa98::test (12 bytes)
Event: 346.067 Thread 0x00000289761727d0 nmethod 11143 0x00000289639c4510 code [0x00000289639c46e0, 0x00000289639c4b28]
Event: 346.067 Thread 0x00000289761727d0 11144       3       org.gradle.internal.service.scopes.VirtualFileSystemServices$GradleUserHomeServices::lambda$createVirtualFileSystem$0 (16 bytes)
Event: 346.067 Thread 0x00000289761727d0 nmethod 11144 0x0000028963c95e90 code [0x0000028963c96040, 0x0000028963c96308]
Event: 346.067 Thread 0x00000289761727d0 11141       3       kotlin.reflect.jvm.internal.impl.name.FqNameUnsafe::<init> (28 bytes)
Event: 346.067 Thread 0x00000289761727d0 nmethod 11141 0x0000028963ce5a90 code [0x0000028963ce5c40, 0x0000028963ce5f48]
Event: 346.073 Thread 0x00000289761727d0 11145       3       com.google.common.collect.ImmutableSortedMap$1EntrySet$1::get (6 bytes)
Event: 346.073 Thread 0x00000289761727d0 nmethod 11145 0x0000028963cb6d10 code [0x0000028963cb6ec0, 0x0000028963cb7008]
Event: 346.073 Thread 0x00000289761727d0 11146       3       com.google.common.collect.ImmutableSortedMap$1EntrySet$1::get (39 bytes)
Event: 346.073 Thread 0x00000289761727d0 nmethod 11146 0x00000289638a1190 code [0x00000289638a1380, 0x00000289638a1898]
Event: 346.074 Thread 0x00000289761727d0 11147       1       org.gradle.internal.file.impl.DefaultFileMetadata::getLastModified (5 bytes)
Event: 346.074 Thread 0x00000289761727d0 nmethod 11147 0x000002896b105f10 code [0x000002896b1060a0, 0x000002896b106178]
Event: 346.074 Thread 0x00000289761727d0 11148       1       org.gradle.internal.file.impl.DefaultFileMetadata::getLength (5 bytes)
Event: 346.074 Thread 0x00000289761727d0 nmethod 11148 0x000002896b105c10 code [0x000002896b105da0, 0x000002896b105e78]
Event: 346.084 Thread 0x00000289761727d0 11149       3       org.gradle.internal.snapshot.AbstractListChildMap::visitChildren (47 bytes)
Event: 346.085 Thread 0x00000289761727d0 nmethod 11149 0x0000028963a64a90 code [0x0000028963a64c80, 0x0000028963a652d8]

GC Heap History (20 events):
Event: 0.399 GC heap before
{Heap before GC invocations=0 (full 0):
 garbage-first heap   total 262144K, used 28672K [0x00000000e0000000, 0x0000000100000000)
  region size 1024K, 23 young (23552K), 0 survivors (0K)
 Metaspace       used 3109K, committed 3264K, reserved 221184K
  class space    used 378K, committed 448K, reserved 212992K
}
Event: 0.402 GC heap after
{Heap after GC invocations=1 (full 0):
 garbage-first heap   total 262144K, used 8946K [0x00000000e0000000, 0x0000000100000000)
  region size 1024K, 3 young (3072K), 3 survivors (3072K)
 Metaspace       used 3109K, committed 3264K, reserved 221184K
  class space    used 378K, committed 448K, reserved 212992K
}
Event: 0.534 GC heap before
{Heap before GC invocations=1 (full 0):
 garbage-first heap   total 262144K, used 38642K [0x00000000e0000000, 0x0000000100000000)
  region size 1024K, 32 young (32768K), 3 survivors (3072K)
 Metaspace       used 4011K, committed 4224K, reserved 221184K
  class space    used 473K, committed 576K, reserved 212992K
}
Event: 0.536 GC heap after
{Heap after GC invocations=2 (full 0):
 garbage-first heap   total 262144K, used 12162K [0x00000000e0000000, 0x0000000100000000)
  region size 1024K, 2 young (2048K), 2 survivors (2048K)
 Metaspace       used 4011K, committed 4224K, reserved 221184K
  class space    used 473K, committed 576K, reserved 212992K
}
Event: 2.151 GC heap before
{Heap before GC invocations=2 (full 0):
 garbage-first heap   total 262144K, used 120706K [0x00000000e0000000, 0x0000000100000000)
  region size 1024K, 110 young (112640K), 2 survivors (2048K)
 Metaspace       used 20946K, committed 21248K, reserved 237568K
  class space    used 3103K, committed 3264K, reserved 212992K
}
Event: 2.158 GC heap after
{Heap after GC invocations=3 (full 0):
 garbage-first heap   total 262144K, used 20577K [0x00000000e0000000, 0x0000000100000000)
  region size 1024K, 12 young (12288K), 12 survivors (12288K)
 Metaspace       used 20946K, committed 21248K, reserved 237568K
  class space    used 3103K, committed 3264K, reserved 212992K
}
Event: 3.328 GC heap before
{Heap before GC invocations=4 (full 0):
 garbage-first heap   total 262144K, used 124001K [0x00000000e0000000, 0x0000000100000000)
  region size 1024K, 111 young (113664K), 12 survivors (12288K)
 Metaspace       used 35185K, committed 35520K, reserved 245760K
  class space    used 4774K, committed 4928K, reserved 212992K
}
Event: 3.338 GC heap after
{Heap after GC invocations=5 (full 0):
 garbage-first heap   total 262144K, used 29198K [0x00000000e0000000, 0x0000000100000000)
  region size 1024K, 18 young (18432K), 18 survivors (18432K)
 Metaspace       used 35185K, committed 35520K, reserved 245760K
  class space    used 4774K, committed 4928K, reserved 212992K
}
Event: 5.140 GC heap before
{Heap before GC invocations=6 (full 0):
 garbage-first heap   total 262144K, used 167438K [0x00000000e0000000, 0x0000000100000000)
  region size 1024K, 153 young (156672K), 18 survivors (18432K)
 Metaspace       used 46232K, committed 46656K, reserved 253952K
  class space    used 6350K, committed 6528K, reserved 212992K
}
Event: 5.158 GC heap after
{Heap after GC invocations=7 (full 0):
 garbage-first heap   total 262144K, used 40311K [0x00000000e0000000, 0x0000000100000000)
  region size 1024K, 20 young (20480K), 20 survivors (20480K)
 Metaspace       used 46232K, committed 46656K, reserved 253952K
  class space    used 6350K, committed 6528K, reserved 212992K
}
Event: 244.348 GC heap before
{Heap before GC invocations=7 (full 0):
 garbage-first heap   total 262144K, used 176503K [0x00000000e0000000, 0x0000000100000000)
  region size 1024K, 153 young (156672K), 20 survivors (20480K)
 Metaspace       used 49030K, committed 49536K, reserved 262144K
  class space    used 6589K, committed 6848K, reserved 212992K
}
Event: 244.364 GC heap after
{Heap after GC invocations=8 (full 0):
 garbage-first heap   total 262144K, used 46942K [0x00000000e0000000, 0x0000000100000000)
  region size 1024K, 8 young (8192K), 8 survivors (8192K)
 Metaspace       used 49030K, committed 49536K, reserved 262144K
  class space    used 6589K, committed 6848K, reserved 212992K
}
Event: 245.539 GC heap before
{Heap before GC invocations=8 (full 0):
 garbage-first heap   total 262144K, used 195422K [0x00000000e0000000, 0x0000000100000000)
  region size 1024K, 153 young (156672K), 8 survivors (8192K)
 Metaspace       used 51867K, committed 52352K, reserved 262144K
  class space    used 6934K, committed 7168K, reserved 212992K
}
Event: 245.553 GC heap after
{Heap after GC invocations=9 (full 0):
 garbage-first heap   total 262144K, used 58815K [0x00000000e0000000, 0x0000000100000000)
  region size 1024K, 19 young (19456K), 19 survivors (19456K)
 Metaspace       used 51867K, committed 52352K, reserved 262144K
  class space    used 6934K, committed 7168K, reserved 212992K
}
Event: 344.435 GC heap before
{Heap before GC invocations=9 (full 0):
 garbage-first heap   total 262144K, used 197055K [0x00000000e0000000, 0x0000000100000000)
  region size 1024K, 153 young (156672K), 19 survivors (19456K)
 Metaspace       used 58882K, committed 59520K, reserved 270336K
  class space    used 7814K, committed 8128K, reserved 212992K
}
Event: 344.448 GC heap after
{Heap after GC invocations=10 (full 0):
 garbage-first heap   total 262144K, used 59407K [0x00000000e0000000, 0x0000000100000000)
  region size 1024K, 8 young (8192K), 8 survivors (8192K)
 Metaspace       used 58882K, committed 59520K, reserved 270336K
  class space    used 7814K, committed 8128K, reserved 212992K
}
Event: 344.496 GC heap before
{Heap before GC invocations=10 (full 0):
 garbage-first heap   total 262144K, used 63503K [0x00000000e0000000, 0x0000000100000000)
  region size 1024K, 13 young (13312K), 8 survivors (8192K)
 Metaspace       used 58907K, committed 59520K, reserved 270336K
  class space    used 7814K, committed 8128K, reserved 212992K
}
Event: 344.501 GC heap after
{Heap after GC invocations=11 (full 0):
 garbage-first heap   total 262144K, used 55141K [0x00000000e0000000, 0x0000000100000000)
  region size 1024K, 5 young (5120K), 5 survivors (5120K)
 Metaspace       used 58907K, committed 59520K, reserved 270336K
  class space    used 7814K, committed 8128K, reserved 212992K
}
Event: 345.529 GC heap before
{Heap before GC invocations=12 (full 0):
 garbage-first heap   total 262144K, used 200457K [0x00000000e0000000, 0x0000000100000000)
  region size 1024K, 147 young (150528K), 5 survivors (5120K)
 Metaspace       used 59268K, committed 59840K, reserved 270336K
  class space    used 7814K, committed 8128K, reserved 212992K
}
Event: 345.535 GC heap after
{Heap after GC invocations=13 (full 0):
 garbage-first heap   total 262144K, used 62585K [0x00000000e0000000, 0x0000000100000000)
  region size 1024K, 13 young (13312K), 13 survivors (13312K)
 Metaspace       used 59268K, committed 59840K, reserved 270336K
  class space    used 7814K, committed 8128K, reserved 212992K
}

Deoptimization events (20 events):
Event: 345.636 Thread 0x000002897f08dbb0 Uncommon trap: trap_request=0xffffffbe fr.pc=0x000002896b112030 relative=0x0000000000000290
Event: 345.636 Thread 0x000002897f08dbb0 Uncommon trap: reason=profile_predicate action=maybe_recompile pc=0x000002896b112030 method=java.util.LinkedHashMap.valuesToArray([Ljava/lang/Object;)[Ljava/lang/Object; @ 10 c2
Event: 345.636 Thread 0x000002897f08dbb0 DEOPT PACKING pc=0x000002896b112030 sp=0x000000ee187f7ff0
Event: 345.636 Thread 0x000002897f08dbb0 DEOPT UNPACKING pc=0x000002896316d72e sp=0x000000ee187f7fb0 mode 2
Event: 345.735 Thread 0x0000028976cd9ce0 Uncommon trap: trap_request=0xffffff76 fr.pc=0x000002896ad8d7f8 relative=0x0000000000000638
Event: 345.735 Thread 0x0000028976cd9ce0 Uncommon trap: reason=predicate action=maybe_recompile pc=0x000002896ad8d7f8 method=java.util.ComparableTimSort.reverseRange([Ljava/lang/Object;II)V @ 5 c2
Event: 345.735 Thread 0x0000028976cd9ce0 DEOPT PACKING pc=0x000002896ad8d7f8 sp=0x000000ee14ffe480
Event: 345.735 Thread 0x0000028976cd9ce0 DEOPT UNPACKING pc=0x000002896316d72e sp=0x000000ee14ffe3c0 mode 2
Event: 345.735 Thread 0x0000028976cd9ce0 Uncommon trap: trap_request=0xffffff76 fr.pc=0x000002896b203bf0 relative=0x00000000000002d0
Event: 345.735 Thread 0x0000028976cd9ce0 Uncommon trap: reason=predicate action=maybe_recompile pc=0x000002896b203bf0 method=java.util.ComparableTimSort.reverseRange([Ljava/lang/Object;II)V @ 5 c2
Event: 345.735 Thread 0x0000028976cd9ce0 DEOPT PACKING pc=0x000002896b203bf0 sp=0x000000ee14ffe3e0
Event: 345.735 Thread 0x0000028976cd9ce0 DEOPT UNPACKING pc=0x000002896316d72e sp=0x000000ee14ffe3b0 mode 2
Event: 345.878 Thread 0x000002897f08dbb0 Uncommon trap: trap_request=0xffffffd6 fr.pc=0x000002896af2da1c relative=0x000000000000047c
Event: 345.878 Thread 0x000002897f08dbb0 Uncommon trap: reason=array_check action=maybe_recompile pc=0x000002896af2da1c method=java.util.HashMap.keysToArray([Ljava/lang/Object;)[Ljava/lang/Object; @ 62 c2
Event: 345.878 Thread 0x000002897f08dbb0 DEOPT PACKING pc=0x000002896af2da1c sp=0x000000ee187f94b0
Event: 345.878 Thread 0x000002897f08dbb0 DEOPT UNPACKING pc=0x000002896316d72e sp=0x000000ee187f9448 mode 2
Event: 345.989 Thread 0x000002897f08dbb0 Uncommon trap: trap_request=0xffffff45 fr.pc=0x000002896b175130 relative=0x00000000000074d0
Event: 345.989 Thread 0x000002897f08dbb0 Uncommon trap: reason=unstable_if action=reinterpret pc=0x000002896b175130 method=com.google.common.collect.HashBiMap.inverse()Lcom/google/common/collect/BiMap; @ 6 c2
Event: 345.989 Thread 0x000002897f08dbb0 DEOPT PACKING pc=0x000002896b175130 sp=0x000000ee187f9920
Event: 345.989 Thread 0x000002897f08dbb0 DEOPT UNPACKING pc=0x000002896316d72e sp=0x000000ee187f98d8 mode 2

Classes unloaded (0 events):
No events

Classes redefined (0 events):
No events

Internal exceptions (20 events):
Event: 345.750 Thread 0x000002897f08dbb0 Exception <a 'sun/nio/fs/WindowsException'{0x00000000ebd8fa28}> (0x00000000ebd8fa28) 
thrown [t:\workspace\open\src\hotspot\share\prims\jni.cpp, line 579]
Event: 345.750 Thread 0x000002897f08dbb0 Exception <a 'sun/nio/fs/WindowsException'{0x00000000ebd8fd68}> (0x00000000ebd8fd68) 
thrown [t:\workspace\open\src\hotspot\share\prims\jni.cpp, line 579]
Event: 345.753 Thread 0x000002897f08dbb0 Exception <a 'sun/nio/fs/WindowsException'{0x00000000ebdecae0}> (0x00000000ebdecae0) 
thrown [t:\workspace\open\src\hotspot\share\prims\jni.cpp, line 579]
Event: 345.754 Thread 0x000002897f08dbb0 Exception <a 'sun/nio/fs/WindowsException'{0x00000000ebdecdf0}> (0x00000000ebdecdf0) 
thrown [t:\workspace\open\src\hotspot\share\prims\jni.cpp, line 579]
Event: 345.757 Thread 0x000002897f08dbb0 Exception <a 'sun/nio/fs/WindowsException'{0x00000000ebdf8b40}> (0x00000000ebdf8b40) 
thrown [t:\workspace\open\src\hotspot\share\prims\jni.cpp, line 579]
Event: 345.757 Thread 0x000002897f08dbb0 Exception <a 'sun/nio/fs/WindowsException'{0x00000000ebdf8db0}> (0x00000000ebdf8db0) 
thrown [t:\workspace\open\src\hotspot\share\prims\jni.cpp, line 579]
Event: 345.763 Thread 0x000002897f08dbb0 Exception <a 'sun/nio/fs/WindowsException'{0x00000000eba1f928}> (0x00000000eba1f928) 
thrown [t:\workspace\open\src\hotspot\share\prims\jni.cpp, line 579]
Event: 345.781 Thread 0x000002897f08dbb0 Exception <a 'sun/nio/fs/WindowsException'{0x00000000eb99fe80}> (0x00000000eb99fe80) 
thrown [t:\workspace\open\src\hotspot\share\prims\jni.cpp, line 579]
Event: 345.781 Thread 0x000002897f08dbb0 Exception <a 'sun/nio/fs/WindowsException'{0x00000000eb9a0140}> (0x00000000eb9a0140) 
thrown [t:\workspace\open\src\hotspot\share\prims\jni.cpp, line 579]
Event: 345.785 Thread 0x000002897f08dbb0 Exception <a 'sun/nio/fs/WindowsException'{0x00000000eb824f50}> (0x00000000eb824f50) 
thrown [t:\workspace\open\src\hotspot\share\prims\jni.cpp, line 579]
Event: 345.785 Thread 0x000002897f08dbb0 Exception <a 'sun/nio/fs/WindowsException'{0x00000000eb825280}> (0x00000000eb825280) 
thrown [t:\workspace\open\src\hotspot\share\prims\jni.cpp, line 579]
Event: 345.795 Thread 0x000002897f08dbb0 Exception <a 'sun/nio/fs/WindowsException'{0x00000000eb7b3fd0}> (0x00000000eb7b3fd0) 
thrown [t:\workspace\open\src\hotspot\share\prims\jni.cpp, line 579]
Event: 345.828 Thread 0x000002897f08dbb0 Exception <a 'sun/nio/fs/WindowsException'{0x00000000eb7c12b0}> (0x00000000eb7c12b0) 
thrown [t:\workspace\open\src\hotspot\share\prims\jni.cpp, line 579]
Event: 345.828 Thread 0x000002897f08dbb0 Exception <a 'sun/nio/fs/WindowsException'{0x00000000eb7c15f8}> (0x00000000eb7c15f8) 
thrown [t:\workspace\open\src\hotspot\share\prims\jni.cpp, line 579]
Event: 345.830 Thread 0x000002897f08dbb0 Exception <a 'sun/nio/fs/WindowsException'{0x00000000eb7d83a0}> (0x00000000eb7d83a0) 
thrown [t:\workspace\open\src\hotspot\share\prims\jni.cpp, line 579]
Event: 345.830 Thread 0x000002897f08dbb0 Exception <a 'sun/nio/fs/WindowsException'{0x00000000eb7d86d0}> (0x00000000eb7d86d0) 
thrown [t:\workspace\open\src\hotspot\share\prims\jni.cpp, line 579]
Event: 345.832 Thread 0x000002897f08dbb0 Exception <a 'sun/nio/fs/WindowsException'{0x00000000eb7f0220}> (0x00000000eb7f0220) 
thrown [t:\workspace\open\src\hotspot\share\prims\jni.cpp, line 579]
Event: 345.832 Thread 0x000002897f08dbb0 Exception <a 'sun/nio/fs/WindowsException'{0x00000000eb7f0570}> (0x00000000eb7f0570) 
thrown [t:\workspace\open\src\hotspot\share\prims\jni.cpp, line 579]
Event: 345.840 Thread 0x000002897f08dbb0 Exception <a 'sun/nio/fs/WindowsException'{0x00000000eb646508}> (0x00000000eb646508) 
thrown [t:\workspace\open\src\hotspot\share\prims\jni.cpp, line 579]
Event: 345.989 Thread 0x000002897f08dbb0 Implicit null exception at 0x000002896b16dcc0 to 0x000002896b175118

Events (20 events):
Event: 345.574 Thread 0x0000028976174d40 flushing nmethod 0x00000289647d6a90
Event: 345.574 Thread 0x0000028976174d40 flushing nmethod 0x00000289647e6110
Event: 345.574 Thread 0x0000028976174d40 flushing nmethod 0x00000289647e8390
Event: 345.574 Thread 0x0000028976174d40 flushing nmethod 0x00000289647e8b10
Event: 345.574 Thread 0x0000028976174d40 flushing nmethod 0x00000289647e9090
Event: 345.574 Thread 0x0000028976174d40 flushing nmethod 0x00000289647e9590
Event: 345.574 Thread 0x0000028976174d40 flushing nmethod 0x00000289647e9c90
Event: 345.574 Thread 0x0000028976174d40 flushing nmethod 0x00000289647eaf10
Event: 345.574 Thread 0x0000028976174d40 flushing nmethod 0x00000289647eb790
Event: 345.574 Thread 0x0000028976174d40 flushing nmethod 0x00000289647ed390
Event: 345.574 Thread 0x0000028976174d40 flushing nmethod 0x00000289647f0890
Event: 345.836 Executing  VM operation: ICBufferFull
Event: 345.836 Executing  VM operation: ICBufferFull done
Event: 346.064 Thread 0x000002897f08e100 Thread exited: 0x000002897f08e100
Event: 346.064 Thread 0x000002897f08dbb0 Thread exited: 0x000002897f08dbb0
Event: 346.064 Thread 0x000002897f088160 Thread exited: 0x000002897f088160
Event: 346.064 Thread 0x000002897f08eba0 Thread exited: 0x000002897f08eba0
Event: 346.064 Thread 0x000002897f08cbc0 Thread exited: 0x000002897f08cbc0
Event: 346.064 Thread 0x000002897f08d660 Thread exited: 0x000002897f08d660
Event: 346.064 Thread 0x000002897f08b680 Thread exited: 0x000002897f08b680


Dynamic libraries:
0x00007ff6c5cb0000 - 0x00007ff6c5cbe000 	C:\Users\PC-YK-D-1\.jdks\openjdk-16.0.2\bin\java.exe
0x00007ffc92ad0000 - 0x00007ffc92cc5000 	C:\Windows\SYSTEM32\ntdll.dll
0x00007ffc90de0000 - 0x00007ffc90e9d000 	C:\Windows\System32\KERNEL32.DLL
0x00007ffc90210000 - 0x00007ffc904d9000 	C:\Windows\System32\KERNELBASE.dll
0x00007ffc909b0000 - 0x00007ffc90ab0000 	C:\Windows\System32\ucrtbase.dll
0x00007ffc8b960000 - 0x00007ffc8b978000 	C:\Users\PC-YK-D-1\.jdks\openjdk-16.0.2\bin\jli.dll
0x00007ffc85a90000 - 0x00007ffc85aa9000 	C:\Users\PC-YK-D-1\.jdks\openjdk-16.0.2\bin\VCRUNTIME140.dll
0x00007ffc92320000 - 0x00007ffc924c0000 	C:\Windows\System32\USER32.dll
0x00007ffc90920000 - 0x00007ffc90942000 	C:\Windows\System32\win32u.dll
0x00007ffc70160000 - 0x00007ffc703fa000 	C:\Windows\WinSxS\amd64_microsoft.windows.common-controls_6595b64144ccf1df_6.0.19041.1110_none_60b5254171f9507e\COMCTL32.dll
0x00007ffc91a70000 - 0x00007ffc91a9a000 	C:\Windows\System32\GDI32.dll
0x00007ffc91ce0000 - 0x00007ffc91d7e000 	C:\Windows\System32\msvcrt.dll
0x00007ffc904e0000 - 0x00007ffc905eb000 	C:\Windows\System32\gdi32full.dll
0x00007ffc90800000 - 0x00007ffc9089d000 	C:\Windows\System32\msvcp_win.dll
0x00007ffc91e60000 - 0x00007ffc91e90000 	C:\Windows\System32\IMM32.DLL
0x00007ffc86480000 - 0x00007ffc8648c000 	C:\Users\PC-YK-D-1\.jdks\openjdk-16.0.2\bin\vcruntime140_1.dll
0x00007ffc4d010000 - 0x00007ffc4d0a1000 	C:\Users\PC-YK-D-1\.jdks\openjdk-16.0.2\bin\msvcp140.dll
0x00007ffc18140000 - 0x00007ffc18ceb000 	C:\Users\PC-YK-D-1\.jdks\openjdk-16.0.2\bin\server\jvm.dll
0x00007ffc90fd0000 - 0x00007ffc9107c000 	C:\Windows\System32\ADVAPI32.dll
0x00007ffc91b20000 - 0x00007ffc91bbb000 	C:\Windows\System32\sechost.dll
0x00007ffc91e90000 - 0x00007ffc91fba000 	C:\Windows\System32\RPCRT4.dll
0x00007ffc90b40000 - 0x00007ffc90b48000 	C:\Windows\System32\PSAPI.DLL
0x00007ffc89af0000 - 0x00007ffc89b17000 	C:\Windows\SYSTEM32\WINMM.dll
0x00007ffc8a970000 - 0x00007ffc8a97a000 	C:\Windows\SYSTEM32\VERSION.dll
0x00007ffc765f0000 - 0x00007ffc765f9000 	C:\Windows\SYSTEM32\WSOCK32.dll
0x00007ffc91a00000 - 0x00007ffc91a6b000 	C:\Windows\System32\WS2_32.dll
0x00007ffc8e120000 - 0x00007ffc8e132000 	C:\Windows\SYSTEM32\kernel.appcore.dll
0x00007ffc85e80000 - 0x00007ffc85e8a000 	C:\Users\PC-YK-D-1\.jdks\openjdk-16.0.2\bin\jimage.dll
0x00007ffc73220000 - 0x00007ffc73404000 	C:\Windows\SYSTEM32\DBGHELP.DLL
0x00007ffc72850000 - 0x00007ffc7287c000 	C:\Windows\SYSTEM32\dbgcore.DLL
0x00007ffc90ab0000 - 0x00007ffc90b33000 	C:\Windows\System32\bcryptPrimitives.dll
0x00007ffc7e3b0000 - 0x00007ffc7e3d5000 	C:\Users\PC-YK-D-1\.jdks\openjdk-16.0.2\bin\java.dll
0x00007ffc91130000 - 0x00007ffc9186f000 	C:\Windows\System32\SHELL32.dll
0x00007ffc8e320000 - 0x00007ffc8eab1000 	C:\Windows\SYSTEM32\windows.storage.dll
0x00007ffc91fc0000 - 0x00007ffc92315000 	C:\Windows\System32\combase.dll
0x00007ffc8fba0000 - 0x00007ffc8fbcc000 	C:\Windows\SYSTEM32\Wldp.dll
0x00007ffc929e0000 - 0x00007ffc92a8e000 	C:\Windows\System32\SHCORE.dll
0x00007ffc90d80000 - 0x00007ffc90dd5000 	C:\Windows\System32\shlwapi.dll
0x00007ffc90150000 - 0x00007ffc9016f000 	C:\Windows\SYSTEM32\profapi.dll
0x00007ffc7e2b0000 - 0x00007ffc7e2c9000 	C:\Users\PC-YK-D-1\.jdks\openjdk-16.0.2\bin\net.dll
0x00007ffc88bf0000 - 0x00007ffc88cfa000 	C:\Windows\SYSTEM32\WINHTTP.dll
0x00007ffc8f980000 - 0x00007ffc8f9ea000 	C:\Windows\system32\mswsock.dll
0x00007ffc7e290000 - 0x00007ffc7e2a3000 	C:\Users\PC-YK-D-1\.jdks\openjdk-16.0.2\bin\nio.dll
0x00007ffc7e1e0000 - 0x00007ffc7e1f8000 	C:\Users\PC-YK-D-1\.jdks\openjdk-16.0.2\bin\zip.dll
0x00007ffc85ba0000 - 0x00007ffc85bb0000 	C:\Users\PC-YK-D-1\.jdks\openjdk-16.0.2\bin\verify.dll
0x00007ffc7dc20000 - 0x00007ffc7dc47000 	F:\Yunus Files\gradle-7.1.1-all\native\8bec1ad78214c89d9ad589b4d07fe93259594b29d510b10fafb7a158f7737e5d\windows-amd64\native-platform.dll
0x00007ffc36b20000 - 0x00007ffc36c5d000 	F:\Yunus Files\gradle-7.1.1-all\native\53dbd7edfb1c66fb8903c78663c9afc45aea4f116125fa6feffd364cf09443e8\windows-amd64\native-platform-file-events.dll
0x00007ffc85a40000 - 0x00007ffc85a49000 	C:\Users\PC-YK-D-1\.jdks\openjdk-16.0.2\bin\management.dll
0x00007ffc7e3a0000 - 0x00007ffc7e3ab000 	C:\Users\PC-YK-D-1\.jdks\openjdk-16.0.2\bin\management_ext.dll
0x00007ffc8fbe0000 - 0x00007ffc8fbf8000 	C:\Windows\SYSTEM32\CRYPTSP.dll
0x00007ffc8f2d0000 - 0x00007ffc8f304000 	C:\Windows\system32\rsaenh.dll
0x00007ffc908a0000 - 0x00007ffc908c7000 	C:\Windows\System32\bcrypt.dll
0x00007ffc90110000 - 0x00007ffc9013e000 	C:\Windows\SYSTEM32\USERENV.dll
0x00007ffc8fb00000 - 0x00007ffc8fb0c000 	C:\Windows\SYSTEM32\CRYPTBASE.dll
0x00007ffc8f640000 - 0x00007ffc8f67b000 	C:\Windows\SYSTEM32\IPHLPAPI.DLL
0x00007ffc91aa0000 - 0x00007ffc91aa8000 	C:\Windows\System32\NSI.dll
0x00007ffc8ab10000 - 0x00007ffc8ab27000 	C:\Windows\SYSTEM32\dhcpcsvc6.DLL
0x00007ffc8aaf0000 - 0x00007ffc8ab0d000 	C:\Windows\SYSTEM32\dhcpcsvc.DLL
0x00007ffc8f690000 - 0x00007ffc8f75c000 	C:\Windows\SYSTEM32\DNSAPI.dll
0x00007ffc7e280000 - 0x00007ffc7e28e000 	C:\Users\PC-YK-D-1\.jdks\openjdk-16.0.2\bin\sunmscapi.dll
0x00007ffc906a0000 - 0x00007ffc907ff000 	C:\Windows\System32\CRYPT32.dll
0x00007ffc8fcf0000 - 0x00007ffc8fd17000 	C:\Windows\SYSTEM32\ncrypt.dll
0x00007ffc8fcb0000 - 0x00007ffc8fceb000 	C:\Windows\SYSTEM32\NTASN1.dll
0x00007ffc7dc70000 - 0x00007ffc7dc77000 	C:\Windows\system32\wshunix.dll

dbghelp: loaded successfully - version: 4.0.5 - missing functions: none
symbol engine: initialized successfully - sym options: 0x614 - pdb path: .;C:\Users\PC-YK-D-1\.jdks\openjdk-16.0.2\bin;C:\Windows\SYSTEM32;C:\Windows\WinSxS\amd64_microsoft.windows.common-controls_6595b64144ccf1df_6.0.19041.1110_none_60b5254171f9507e;C:\Users\PC-YK-D-1\.jdks\openjdk-16.0.2\bin\server;F:\Yunus Files\gradle-7.1.1-all\native\8bec1ad78214c89d9ad589b4d07fe93259594b29d510b10fafb7a158f7737e5d\windows-amd64;F:\Yunus Files\gradle-7.1.1-all\native\53dbd7edfb1c66fb8903c78663c9afc45aea4f116125fa6feffd364cf09443e8\windows-amd64

VM Arguments:
jvm_args: --add-opens=java.base/java.util=ALL-UNNAMED --add-opens=java.base/java.lang=ALL-UNNAMED --add-opens=java.base/java.lang.invoke=ALL-UNNAMED --add-opens=java.base/java.util=ALL-UNNAMED --add-opens=java.prefs/java.util.prefs=ALL-UNNAMED --add-opens=java.prefs/java.util.prefs=ALL-UNNAMED --add-opens=java.base/java.nio.charset=ALL-UNNAMED --add-opens=java.base/java.net=ALL-UNNAMED --add-opens=java.base/java.util.concurrent.atomic=ALL-UNNAMED -XX:MaxMetaspaceSize=256m -XX:+HeapDumpOnOutOfMemoryError -Xms256m -Xmx512m -Dfile.encoding=windows-1252 -Duser.country=US -Duser.language=en -Duser.variant 
java_command: org.gradle.launcher.daemon.bootstrap.GradleDaemon 7.1.1
java_class_path (initial): F:\Yunus Files\gradle-7.1.1-all\wrapper\dists\gradle-7.1.1-bin\f29rtwfnc96ub43tt7p47zsru\gradle-7.1.1\lib\gradle-launcher-7.1.1.jar
Launcher Type: SUN_STANDARD

[Global flags]
     intx CICompilerCount                          = 4                                         {product} {ergonomic}
   size_t CompressedClassSpaceSize                 = 218103808                                 {product} {ergonomic}
     uint ConcGCThreads                            = 2                                         {product} {ergonomic}
     uint G1ConcRefinementThreads                  = 8                                         {product} {ergonomic}
   size_t G1HeapRegionSize                         = 1048576                                   {product} {ergonomic}
    uintx GCDrainStackTargetSize                   = 64                                        {product} {ergonomic}
     bool HeapDumpOnOutOfMemoryError               = true                                   {manageable} {command line}
   size_t InitialHeapSize                          = 268435456                                 {product} {command line}
   size_t MarkStackSize                            = 4194304                                   {product} {ergonomic}
   size_t MaxHeapSize                              = 536870912                                 {product} {command line}
   size_t MaxMetaspaceSize                         = 268435456                                 {product} {command line}
   size_t MaxNewSize                               = 321912832                                 {product} {ergonomic}
   size_t MinHeapDeltaBytes                        = 1048576                                   {product} {ergonomic}
   size_t MinHeapSize                              = 268435456                                 {product} {command line}
    uintx NonNMethodCodeHeapSize                   = 5839372                                {pd product} {ergonomic}
    uintx NonProfiledCodeHeapSize                  = 122909434                              {pd product} {ergonomic}
    uintx ProfiledCodeHeapSize                     = 122909434                              {pd product} {ergonomic}
    uintx ReservedCodeCacheSize                    = 251658240                              {pd product} {ergonomic}
     bool SegmentedCodeCache                       = true                                      {product} {ergonomic}
   size_t SoftMaxHeapSize                          = 536870912                              {manageable} {ergonomic}
     bool UseCompressedClassPointers               = true                           {product lp64_product} {ergonomic}
     bool UseCompressedOops                        = true                           {product lp64_product} {ergonomic}
     bool UseG1GC                                  = true                                      {product} {ergonomic}
     bool UseLargePagesIndividualAllocation        = false                                  {pd product} {ergonomic}

Logging:
Log output configuration:
 #0: stdout all=warning uptime,level,tags
 #1: stderr all=off uptime,level,tags

Environment Variables:
PATH=C:\Program Files\Common Files\Oracle\Java\javapath;C:\Program Files (x86)\Common Files\Oracle\Java\javapath;C:\Windows\system32;C:\Windows;C:\Windows\System32\Wbem;C:\Windows\System32\WindowsPowerShell\v1.0\;C:\Windows\System32\OpenSSH\;C:\Program Files\7-Zip;C:\Program Files (x86)\NVIDIA Corporation\PhysX\Common;C:\Program Files\NVIDIA Corporation\NVIDIA NvDLISR;C:\Program Files\Docker\Docker\resources\bin;C:\ProgramData\DockerDesktop\version-bin;C:\Program Files\Git\cmd;C:\Program Files (x86)\Microsoft SQL Server\110\Tools\Binn\;C:\Program Files\Microsoft SQL Server\110\Tools\Binn\;C:\Program Files\Microsoft SQL Server\110\DTS\Binn\;C:\Users\PC-YK-D-1\AppData\Local\Microsoft\WindowsApps;
USERNAME=PC-YK-D-1
OS=Windows_NT
PROCESSOR_IDENTIFIER=Intel64 Family 6 Model 158 Stepping 9, GenuineIntel



---------------  S Y S T E M  ---------------

OS:
 Windows 10 , 64 bit Build 19041 (10.0.19041.1023)
OS uptime: 6 days 6:39 hours
Hyper-V role detected

CPU: total 8 (initial active 8) (4 cores per cpu, 2 threads per core) family 6 model 158 stepping 9 microcode 0xb4, cx8, cmov, fxsr, ht, mmx, 3dnowpref, sse, sse2, sse3, ssse3, sse4.1, sse4.2, popcnt, lzcnt, tsc, tscinvbit, avx, avx2, aes, erms, clmul, bmi1, bmi2, rtm, adx, fma, vzeroupper, clflush, clflushopt, hv

Memory: 4k page, system-wide physical 16343M (7781M free)
TotalPageFile size 18775M (AvailPageFile size 3941M)
current process WorkingSet (physical memory assigned to process): 458M, peak: 464M
current process commit charge ("private bytes"): 528M, peak: 539M

vm_info: OpenJDK 64-Bit Server VM (16.0.2+7-67) for windows-amd64 JRE (16.0.2+7-67), built on Jun  8 2021 23:21:43 by "mach5one" with MS VC++ 16.7 (VS2019)

END.
