#
# A fatal error has been detected by the Java Runtime Environment:
#
#  EXCEPTION_ACCESS_VIOLATION (0xc0000005) at pc=0x00007ffc31bbc4be, pid=1136, tid=21968
#
# JRE version: OpenJDK Runtime Environment (16.0.2+7) (build 16.0.2+7-67)
# Java VM: OpenJDK 64-Bit Server VM (16.0.2+7-67, mixed mode, sharing, tiered, compressed oops, compressed class ptrs, g1 gc, windows-amd64)
# Problematic frame:
# C  [native-platform-file-events.dll+0x1c4be]
#
# No core dump will be written. Minidumps are not enabled by default on client versions of Windows
#
# If you would like to submit a bug report, please visit:
#   https://bugreport.java.com/bugreport/crash.jsp
# The crash happened outside the Java Virtual Machine in native code.
# See problematic frame for where to report the bug.
#

---------------  S U M M A R Y ------------

Command Line: --add-opens=java.base/java.util=ALL-UNNAMED --add-opens=java.base/java.lang=ALL-UNNAMED --add-opens=java.base/java.lang.invoke=ALL-UNNAMED --add-opens=java.base/java.util=ALL-UNNAMED --add-opens=java.prefs/java.util.prefs=ALL-UNNAMED --add-opens=java.prefs/java.util.prefs=ALL-UNNAMED --add-opens=java.base/java.nio.charset=ALL-UNNAMED --add-opens=java.base/java.net=ALL-UNNAMED --add-opens=java.base/java.util.concurrent.atomic=ALL-UNNAMED -XX:MaxMetaspaceSize=256m -XX:+HeapDumpOnOutOfMemoryError -Xms256m -Xmx512m -Dfile.encoding=windows-1252 -Duser.country=US -Duser.language=en -Duser.variant org.gradle.launcher.daemon.bootstrap.GradleDaemon 7.1.1

Host: Intel(R) Core(TM) i7-7700 CPU @ 3.60GHz, 8 cores, 15G,  Windows 10 , 64 bit Build 19041 (10.0.19041.1023)
Time: Thu Jul 29 17:17:17 2021 Azerbaijan Standard Time elapsed time: 1094.494694 seconds (0d 0h 18m 14s)

---------------  T H R E A D  ---------------

Current thread (0x00000165c65c0a70):  JavaThread "File watcher server" daemon [_thread_in_native, id=21968, stack(0x0000000a81500000,0x0000000a81600000)]

Stack: [0x0000000a81500000,0x0000000a81600000],  sp=0x0000000a815fe9a0,  free space=1018k
Native frames: (J=compiled Java code, j=interpreted, Vv=VM code, C=native code)
C  [native-platform-file-events.dll+0x1c4be]

Java frames: (J=compiled Java code, j=interpreted, Vv=VM code)
j  net.rubygrapefruit.platform.internal.jni.AbstractFileEventFunctions$NativeFileWatcher.executeRunLoop0(Ljava/lang/Object;)V+0
j  net.rubygrapefruit.platform.internal.jni.AbstractFileEventFunctions$NativeFileWatcher.access$100(Lnet/rubygrapefruit/platform/internal/jni/AbstractFileEventFunctions$NativeFileWatcher;Ljava/lang/Object;)V+2
j  net.rubygrapefruit.platform.internal.jni.AbstractFileEventFunctions$NativeFileWatcher$1.run()V+26
v  ~StubRoutines::call_stub

siginfo: EXCEPTION_ACCESS_VIOLATION (0xc0000005), reading address 0xffffffffffffffff


Register to memory mapping:

RIP=0x00007ffc31bbc4be native-platform-file-events.dll
RAX=0x0062002d00740073 is an unknown value
RBX=0x0000000000000001 is an unknown value
RCX=0x0062002d00740073 is an unknown value
RDX=0x0000000a815fe9f8 is pointing into the stack for thread: 0x00000165c65c0a70
RSP=0x0000000a815fe9a0 is pointing into the stack for thread: 0x00000165c65c0a70
RBP=0x0000000a815ff398 is pointing into the stack for thread: 0x00000165c65c0a70
RSI=0x0 is NULL
RDI=0x00000000ffffffff is an unallocated location in the heap
R8 =0x0000000a815fea00 is pointing into the stack for thread: 0x00000165c65c0a70
R9 =0x000000007ffec000 points into unknown readable memory: 0x0000000000000001 | 01 00 00 00 00 00 00 00
R10=0x0000000000000001 is an unknown value
R11=0x000006295b013fec is an unknown value
R12=0x0 is NULL
R13={method} {0x00000165c7b1a328} 'executeRunLoop0' '(Ljava/lang/Object;)V' in 'net/rubygrapefruit/platform/internal/jni/AbstractFileEventFunctions$NativeFileWatcher'
R14=0x0000000a815ff3c0 is pointing into the stack for thread: 0x00000165c65c0a70
R15=0x00000165c65c0a70 is a thread


Registers:
RAX=0x0062002d00740073, RBX=0x0000000000000001, RCX=0x0062002d00740073, RDX=0x0000000a815fe9f8
RSP=0x0000000a815fe9a0, RBP=0x0000000a815ff398, RSI=0x0000000000000000, RDI=0x00000000ffffffff
R8 =0x0000000a815fea00, R9 =0x000000007ffec000, R10=0x0000000000000001, R11=0x000006295b013fec
R12=0x0000000000000000, R13=0x00000165c7b1a320, R14=0x0000000a815ff3c0, R15=0x00000165c65c0a70
RIP=0x00007ffc31bbc4be, EFLAGS=0x0000000000010206

Top of Stack: (sp=0x0000000a815fe9a0)
0x0000000a815fe9a0:   00041425aa353634 00041425aa2425d8
0x0000000a815fe9b0:   00041425aa353634 00007ffc31bd7be5
0x0000000a815fe9c0:   0000000a815fea78 0000000a815fe9f8
0x0000000a815fe9d0:   0000000a00000000 0000000a815fea08
0x0000000a815fe9e0:   0000000a815f0001 00000a7104431795
0x0000000a815fe9f0:   0000000a815fea00 0000000000000001
0x0000000a815fea00:   00041425aa2425d8 00041425aa353634
0x0000000a815fea10:   0000000a815ff3c0 00007ffc31bd7777
0x0000000a815fea20:   0000000a815fea78 0000000a815fea70
0x0000000a815fea30:   00000165c36d0fa0 00000008001f8100
0x0000000a815fea40:   0000000000000000 00007ffc31bc8bee
0x0000000a815fea50:   00041425aa353634 0000000000000001
0x0000000a815fea60:   0000000a80bfbb70 0000000a815fead0
0x0000000a815fea70:   00009668dea13dc6 0000000000000001
0x0000000a815fea80:   0000000000000000 00007ffc31bbc6ec
0x0000000a815fea90:   0062002d00740073 0000000a00000003 

Instructions: (pc=0x00007ffc31bbc4be)
0x00007ffc31bbc3be:   8b 00 48 89 44 24 38 48 8b 44 24 38 48 89 44 24
0x00007ffc31bbc3ce:   58 48 8b 84 24 b0 00 00 00 48 83 c0 08 48 89 44
0x00007ffc31bbc3de:   24 40 48 8d 54 24 70 48 8b 4c 24 40 e8 26 50 fe
0x00007ffc31bbc3ee:   ff 48 8b 00 48 89 44 24 48 48 8b 44 24 48 48 89
0x00007ffc31bbc3fe:   44 24 60 4c 8b 4c 24 50 4c 8b 44 24 58 48 8b 54
0x00007ffc31bbc40e:   24 60 48 8d 4c 24 78 e8 31 92 fe ff 48 8d 4c 24
0x00007ffc31bbc41e:   78 e8 8b 6a fe ff 48 8b c8 ff 15 db ab 11 00 89
0x00007ffc31bbc42e:   44 24 24 83 7c 24 24 ff 74 15 8b 44 24 24 83 e0
0x00007ffc31bbc43e:   10 85 c0 74 0a c7 44 24 28 01 00 00 00 eb 08 c7
0x00007ffc31bbc44e:   44 24 28 00 00 00 00 0f b6 44 24 28 88 44 24 20
0x00007ffc31bbc45e:   48 8d 4c 24 78 e8 1f 97 fe ff 0f b6 44 24 20 48
0x00007ffc31bbc46e:   8b 8c 24 98 00 00 00 48 33 cc e8 8f 76 fe ff 48
0x00007ffc31bbc47e:   81 c4 a8 00 00 00 c3 cc cc cc cc cc cc cc cc cc
0x00007ffc31bbc48e:   cc cc 48 89 4c 24 08 48 81 ec e8 00 00 00 48 8b
0x00007ffc31bbc49e:   05 a5 7d 10 00 48 33 c4 48 89 84 24 d0 00 00 00
0x00007ffc31bbc4ae:   c7 44 24 30 00 00 00 00 48 8b 84 24 f0 00 00 00
0x00007ffc31bbc4be:   83 78 68 03 0f 84 02 01 00 00 48 8b 84 24 f0 00
0x00007ffc31bbc4ce:   00 00 48 8b 48 28 ff 15 36 ab 11 00 89 44 24 38
0x00007ffc31bbc4de:   83 7c 24 38 00 0f 85 d0 00 00 00 ba 07 00 00 00
0x00007ffc31bbc4ee:   48 8b 0d 1b b0 10 00 e8 48 a4 fe ff 88 44 24 34
0x00007ffc31bbc4fe:   0f b6 44 24 34 85 c0 0f 84 90 00 00 00 ff 15 07
0x00007ffc31bbc50e:   ab 11 00 89 44 24 3c 48 8b 84 24 f0 00 00 00 48
0x00007ffc31bbc51e:   83 c0 08 48 8b d0 48 8d 8c 24 90 00 00 00 e8 05
0x00007ffc31bbc52e:   51 fe ff 48 89 44 24 40 48 8b 44 24 40 48 89 44
0x00007ffc31bbc53e:   24 48 8b 44 24 30 83 c8 01 89 44 24 30 48 8b 4c
0x00007ffc31bbc54e:   24 48 e8 d5 52 fe ff 48 89 44 24 50 48 8b 84 24
0x00007ffc31bbc55e:   f0 00 00 00 48 8b 40 28 48 89 44 24 58 8b 44 24
0x00007ffc31bbc56e:   3c 89 44 24 28 48 8b 44 24 50 48 89 44 24 20 4c
0x00007ffc31bbc57e:   8b 4c 24 58 4c 8d 05 77 af 0d 00 ba 07 00 00 00
0x00007ffc31bbc58e:   48 8b 0d 7b af 10 00 e8 f8 71 fe ff 90 8b 44 24
0x00007ffc31bbc59e:   30 83 e0 01 85 c0 74 13 83 64 24 30 fe 48 8d 8c
0x00007ffc31bbc5ae:   24 90 00 00 00 e8 e7 5a fe ff 90 eb 00 48 8b 84 


Stack slot to memory mapping:
stack at sp + 0 slots: 0x00041425aa353634 is an unknown value
stack at sp + 1 slots: 0x00041425aa2425d8 is an unknown value
stack at sp + 2 slots: 0x00041425aa353634 is an unknown value
stack at sp + 3 slots: 0x00007ffc31bd7be5 native-platform-file-events.dll
stack at sp + 4 slots: 0x0000000a815fea78 is pointing into the stack for thread: 0x00000165c65c0a70
stack at sp + 5 slots: 0x0000000a815fe9f8 is pointing into the stack for thread: 0x00000165c65c0a70
stack at sp + 6 slots: 0x0000000a00000000 is an unknown value
stack at sp + 7 slots: 0x0000000a815fea08 is pointing into the stack for thread: 0x00000165c65c0a70


---------------  P R O C E S S  ---------------

Threads class SMR info:
_java_thread_list=0x00000165c98eafa0, length=39, elements={
0x00000165a7eecbc0, 0x00000165c26a5210, 0x00000165c26a5fe0, 0x00000165c26bb9f0,
0x00000165c26bc500, 0x00000165c26bee20, 0x00000165c26c0ee0, 0x00000165c26c2be0,
0x00000165c26c7280, 0x00000165c26ca380, 0x00000165c31db340, 0x00000165c31db860,
0x00000165c3a7d5c0, 0x00000165c3a7e5b0, 0x00000165c3a7eb00, 0x00000165c65bf530,
0x00000165c65c6a10, 0x00000165c65c54d0, 0x00000165c65c0a70, 0x00000165c65c2fa0,
0x00000165c65c34f0, 0x00000165c65c0fc0, 0x00000165c65c44e0, 0x00000165c65c64c0,
0x00000165c65bfa80, 0x00000165c65c1a60, 0x00000165c65c2500, 0x00000165c65c1fb0,
0x00000165c99cf490, 0x00000165c99cca10, 0x00000165c632b040, 0x00000165c98f5ad0,
0x00000165c98f6020, 0x00000165c98f25b0, 0x00000165c98f8aa0, 0x00000165c98f7010,
0x00000165c98f3050, 0x00000165c5699d70, 0x00000165c382f1e0
}

Java Threads: ( => current thread )
  0x00000165a7eecbc0 JavaThread "main" [_thread_blocked, id=15376, stack(0x0000000afed00000,0x0000000afee00000)]
  0x00000165c26a5210 JavaThread "Reference Handler" daemon [_thread_blocked, id=17056, stack(0x0000000aff400000,0x0000000aff500000)]
  0x00000165c26a5fe0 JavaThread "Finalizer" daemon [_thread_blocked, id=22292, stack(0x0000000aff500000,0x0000000aff600000)]
  0x00000165c26bb9f0 JavaThread "Signal Dispatcher" daemon [_thread_blocked, id=23284, stack(0x0000000aff600000,0x0000000aff700000)]
  0x00000165c26bc500 JavaThread "Attach Listener" daemon [_thread_blocked, id=7712, stack(0x0000000aff700000,0x0000000aff800000)]
  0x00000165c26bee20 JavaThread "Service Thread" daemon [_thread_blocked, id=22500, stack(0x0000000aff800000,0x0000000aff900000)]
  0x00000165c26c0ee0 JavaThread "Monitor Deflation Thread" daemon [_thread_blocked, id=14212, stack(0x0000000aff900000,0x0000000affa00000)]
  0x00000165c26c2be0 JavaThread "C2 CompilerThread0" daemon [_thread_blocked, id=10108, stack(0x0000000affa00000,0x0000000affb00000)]
  0x00000165c26c7280 JavaThread "C1 CompilerThread0" daemon [_thread_blocked, id=6532, stack(0x0000000affb00000,0x0000000affc00000)]
  0x00000165c26ca380 JavaThread "Sweeper thread" daemon [_thread_blocked, id=18584, stack(0x0000000affc00000,0x0000000affd00000)]
  0x00000165c31db340 JavaThread "Common-Cleaner" daemon [_thread_blocked, id=7904, stack(0x0000000affd00000,0x0000000affe00000)]
  0x00000165c31db860 JavaThread "Notification Thread" daemon [_thread_blocked, id=16896, stack(0x0000000affe00000,0x0000000afff00000)]
  0x00000165c3a7d5c0 JavaThread "Daemon health stats" [_thread_blocked, id=18612, stack(0x0000000a80700000,0x0000000a80800000)]
  0x00000165c3a7e5b0 JavaThread "Incoming local TCP Connector on port 55645" [_thread_in_native, id=10360, stack(0x0000000a80800000,0x0000000a80900000)]
  0x00000165c3a7eb00 JavaThread "Daemon periodic checks" [_thread_blocked, id=19672, stack(0x0000000a80900000,0x0000000a80a00000)]
  0x00000165c65bf530 JavaThread "Cache worker for journal cache (F:\Yunus Files\gradle-7.1.1-all\caches\journal-1)" [_thread_blocked, id=21616, stack(0x0000000a81100000,0x0000000a81200000)]
  0x00000165c65c6a10 JavaThread "File lock request listener" [_thread_in_native, id=16516, stack(0x0000000a81200000,0x0000000a81300000)]
  0x00000165c65c54d0 JavaThread "Cache worker for file hash cache (F:\Yunus Files\gradle-7.1.1-all\caches\7.1.1\fileHashes)" [_thread_blocked, id=19492, stack(0x0000000a81300000,0x0000000a81400000)]
=>0x00000165c65c0a70 JavaThread "File watcher server" daemon [_thread_in_native, id=21968, stack(0x0000000a81500000,0x0000000a81600000)]
  0x00000165c65c2fa0 JavaThread "File watcher consumer" daemon [_thread_blocked, id=14952, stack(0x0000000a81600000,0x0000000a81700000)]
  0x00000165c65c34f0 JavaThread "Cache worker for execution history cache (F:\Yunus Files\gradle-7.1.1-all\caches\7.1.1\executionHistory)" [_thread_blocked, id=17540, stack(0x0000000a81a00000,0x0000000a81b00000)]
  0x00000165c65c0fc0 JavaThread "jar transforms" [_thread_blocked, id=19676, stack(0x0000000a81e00000,0x0000000a81f00000)]
  0x00000165c65c44e0 JavaThread "jar transforms Thread 2" [_thread_blocked, id=23852, stack(0x0000000a81f00000,0x0000000a82000000)]
  0x00000165c65c64c0 JavaThread "Cache worker for file content cache (F:\Yunus Files\gradle-7.1.1-all\caches\7.1.1\fileContent)" [_thread_blocked, id=13332, stack(0x0000000a82000000,0x0000000a82100000)]
  0x00000165c65bfa80 JavaThread "jar transforms Thread 3" [_thread_blocked, id=23372, stack(0x0000000a82100000,0x0000000a82200000)]
  0x00000165c65c1a60 JavaThread "jar transforms Thread 4" [_thread_blocked, id=17768, stack(0x0000000a82200000,0x0000000a82300000)]
  0x00000165c65c2500 JavaThread "jar transforms Thread 5" [_thread_blocked, id=12556, stack(0x0000000a82300000,0x0000000a82400000)]
  0x00000165c65c1fb0 JavaThread "jar transforms Thread 6" [_thread_blocked, id=10044, stack(0x0000000a82400000,0x0000000a82500000)]
  0x00000165c99cf490 JavaThread "jar transforms Thread 7" [_thread_blocked, id=11660, stack(0x0000000a82600000,0x0000000a82700000)]
  0x00000165c99cca10 JavaThread "jar transforms Thread 8" [_thread_blocked, id=18128, stack(0x0000000a83c00000,0x0000000a83d00000)]
  0x00000165c632b040 JavaThread "Memory manager" [_thread_blocked, id=23996, stack(0x0000000a83d00000,0x0000000a83e00000)]
  0x00000165c98f5ad0 JavaThread "Daemon Thread 2" [_thread_blocked, id=15860, stack(0x0000000a80000000,0x0000000a80100000)]
  0x00000165c98f6020 JavaThread "Handler for socket connection from /127.0.0.1:55645 to /127.0.0.1:56637" [_thread_in_native, id=23668, stack(0x0000000a80100000,0x0000000a80200000)]
  0x00000165c98f25b0 JavaThread "Cancel handler" [_thread_blocked, id=7756, stack(0x0000000a80a00000,0x0000000a80b00000)]
  0x00000165c98f8aa0 JavaThread "Daemon worker Thread 2" [_thread_in_native, id=24424, stack(0x0000000a80b00000,0x0000000a80c00000)]
  0x00000165c98f7010 JavaThread "Asynchronous log dispatcher for DefaultDaemonConnection: socket connection from /127.0.0.1:55645 to /127.0.0.1:56637" [_thread_blocked, id=18892, stack(0x0000000a80c00000,0x0000000a80d00000)]
  0x00000165c98f3050 JavaThread "Stdin handler" [_thread_blocked, id=15164, stack(0x0000000a80d00000,0x0000000a80e00000)]
  0x00000165c5699d70 JavaThread "C2 CompilerThread1" daemon [_thread_in_native, id=12668, stack(0x0000000a84700000,0x0000000a84800000)]
  0x00000165c382f1e0 JavaThread "C2 CompilerThread2" daemon [_thread_in_native, id=5376, stack(0x0000000a84c00000,0x0000000a84d00000)]

Other Threads:
  0x00000165c269ef00 VMThread "VM Thread" [stack: 0x0000000aff300000,0x0000000aff400000] [id=23356]
  0x00000165c31ddd90 WatcherThread [stack: 0x0000000afff00000,0x0000000b00000000] [id=19576]
  0x00000165a7f16940 GCTaskThread "GC Thread#0" [stack: 0x0000000afee00000,0x0000000afef00000] [id=18292]
  0x00000165c3ee0a50 GCTaskThread "GC Thread#1" [stack: 0x0000000a80200000,0x0000000a80300000] [id=9508]
  0x00000165c3ee0d60 GCTaskThread "GC Thread#2" [stack: 0x0000000a80300000,0x0000000a80400000] [id=18588]
  0x00000165c3ee1070 GCTaskThread "GC Thread#3" [stack: 0x0000000a80400000,0x0000000a80500000] [id=5912]
  0x00000165c3fdf7f0 GCTaskThread "GC Thread#4" [stack: 0x0000000a80500000,0x0000000a80600000] [id=23188]
  0x00000165c3d5bbc0 GCTaskThread "GC Thread#5" [stack: 0x0000000a80600000,0x0000000a80700000] [id=7932]
  0x00000165c53806f0 GCTaskThread "GC Thread#6" [stack: 0x0000000a81b00000,0x0000000a81c00000] [id=12724]
  0x00000165c53800d0 GCTaskThread "GC Thread#7" [stack: 0x0000000a81c00000,0x0000000a81d00000] [id=18540]
  0x00000165a7f1b890 ConcurrentGCThread "G1 Main Marker" [stack: 0x0000000afef00000,0x0000000aff000000] [id=6364]
  0x00000165a7f1c210 ConcurrentGCThread "G1 Conc#0" [stack: 0x0000000aff000000,0x0000000aff100000] [id=20164]
  0x00000165c537f490 ConcurrentGCThread "G1 Conc#1" [stack: 0x0000000a81d00000,0x0000000a81e00000] [id=18864]
  0x00000165c25600b0 ConcurrentGCThread "G1 Refine#0" [stack: 0x0000000aff100000,0x0000000aff200000] [id=21724]
  0x00000165c2560a40 ConcurrentGCThread "G1 Service" [stack: 0x0000000aff200000,0x0000000aff300000] [id=19164]

Threads with active compile tasks:
C2 CompilerThread1  1094555 8604       4       io.spring.gradle.dependencymanagement.org.codehaus.plexus.interpolation.PrefixedValueSourceWrapper::getValue (39 bytes)
C2 CompilerThread2  1094555 8603       4       io.spring.gradle.dependencymanagement.org.codehaus.plexus.interpolation.AbstractDelegatingValueSource::getValue (11 bytes)

VM state: not at safepoint (normal execution)

VM Mutex/Monitor currently owned by a thread: None

Heap address: 0x00000000e0000000, size: 512 MB, Compressed Oops mode: 32-bit

CDS archive(s) mapped at: [0x0000000800000000-0x0000000800bb0000-0x0000000800bb0000), size 12255232, SharedBaseAddress: 0x0000000800000000, ArchiveRelocationMode: 0.
Compressed class space mapped at: 0x0000000800c00000-0x000000080dc00000, reserved size: 218103808
Narrow klass base: 0x0000000800000000, Narrow klass shift: 3, Narrow klass range: 0x100000000

GC Precious Log:
 CPUs: 8 total, 8 available
 Memory: 16343M
 Large Page Support: Disabled
 NUMA Support: Disabled
 Compressed Oops: Enabled (32-bit)
 Heap Region Size: 1M
 Heap Min Capacity: 256M
 Heap Initial Capacity: 256M
 Heap Max Capacity: 512M
 Pre-touch: Disabled
 Parallel Workers: 8
 Concurrent Workers: 2
 Concurrent Refinement Workers: 8
 Periodic GC: Disabled

Heap:
 garbage-first heap   total 262144K, used 131072K [0x00000000e0000000, 0x0000000100000000)
  region size 1024K, 92 young (94208K), 6 survivors (6144K)
 Metaspace       used 49580K, committed 50112K, reserved 262144K
  class space    used 6587K, committed 6848K, reserved 212992K

Heap Regions: E=young(eden), S=young(survivor), O=old, HS=humongous(starts), HC=humongous(continues), CS=collection set, F=free, OA=open archive, CA=closed archive, TAMS=top-at-mark-start (previous, next)
|   0|0x00000000e0000000, 0x00000000e0100000, 0x00000000e0100000|100%| O|  |TAMS 0x00000000e0000000, 0x00000000e0000000| Untracked 
|   1|0x00000000e0100000, 0x00000000e0200000, 0x00000000e0200000|100%| O|  |TAMS 0x00000000e0200000, 0x00000000e0100000| Untracked 
|   2|0x00000000e0200000, 0x00000000e0300000, 0x00000000e0300000|100%| O|  |TAMS 0x00000000e0300000, 0x00000000e0200000| Untracked 
|   3|0x00000000e0300000, 0x00000000e0400000, 0x00000000e0400000|100%|HS|  |TAMS 0x00000000e0400000, 0x00000000e0300000| Complete 
|   4|0x00000000e0400000, 0x00000000e0500000, 0x00000000e0500000|100%|HC|  |TAMS 0x00000000e0500000, 0x00000000e0400000| Complete 
|   5|0x00000000e0500000, 0x00000000e0600000, 0x00000000e0600000|100%|HC|  |TAMS 0x00000000e0600000, 0x00000000e0500000| Complete 
|   6|0x00000000e0600000, 0x00000000e0700000, 0x00000000e0700000|100%| O|  |TAMS 0x00000000e0700000, 0x00000000e0600000| Untracked 
|   7|0x00000000e0700000, 0x00000000e0800000, 0x00000000e0800000|100%| O|  |TAMS 0x00000000e0800000, 0x00000000e0700000| Untracked 
|   8|0x00000000e0800000, 0x00000000e0900000, 0x00000000e0900000|100%| O|  |TAMS 0x00000000e0900000, 0x00000000e0800000| Untracked 
|   9|0x00000000e0900000, 0x00000000e0a00000, 0x00000000e0a00000|100%| O|  |TAMS 0x00000000e09f3c00, 0x00000000e0900000| Untracked 
|  10|0x00000000e0a00000, 0x00000000e0b00000, 0x00000000e0b00000|100%| O|  |TAMS 0x00000000e0a00000, 0x00000000e0a00000| Untracked 
|  11|0x00000000e0b00000, 0x00000000e0c00000, 0x00000000e0c00000|100%| O|  |TAMS 0x00000000e0b00000, 0x00000000e0b00000| Untracked 
|  12|0x00000000e0c00000, 0x00000000e0d00000, 0x00000000e0d00000|100%| O|  |TAMS 0x00000000e0c00000, 0x00000000e0c00000| Untracked 
|  13|0x00000000e0d00000, 0x00000000e0e00000, 0x00000000e0e00000|100%| O|  |TAMS 0x00000000e0d00000, 0x00000000e0d00000| Untracked 
|  14|0x00000000e0e00000, 0x00000000e0f00000, 0x00000000e0f00000|100%| O|  |TAMS 0x00000000e0e00000, 0x00000000e0e00000| Untracked 
|  15|0x00000000e0f00000, 0x00000000e1000000, 0x00000000e1000000|100%| O|  |TAMS 0x00000000e0f00000, 0x00000000e0f00000| Untracked 
|  16|0x00000000e1000000, 0x00000000e1100000, 0x00000000e1100000|100%| O|  |TAMS 0x00000000e1000000, 0x00000000e1000000| Untracked 
|  17|0x00000000e1100000, 0x00000000e1200000, 0x00000000e1200000|100%| O|  |TAMS 0x00000000e1100000, 0x00000000e1100000| Untracked 
|  18|0x00000000e1200000, 0x00000000e1300000, 0x00000000e1300000|100%| O|  |TAMS 0x00000000e1200000, 0x00000000e1200000| Untracked 
|  19|0x00000000e1300000, 0x00000000e1400000, 0x00000000e1400000|100%| O|  |TAMS 0x00000000e1300000, 0x00000000e1300000| Untracked 
|  20|0x00000000e1400000, 0x00000000e1500000, 0x00000000e1500000|100%| O|  |TAMS 0x00000000e1400000, 0x00000000e1400000| Untracked 
|  21|0x00000000e1500000, 0x00000000e1600000, 0x00000000e1600000|100%| O|  |TAMS 0x00000000e1500000, 0x00000000e1500000| Untracked 
|  22|0x00000000e1600000, 0x00000000e1700000, 0x00000000e1700000|100%| O|  |TAMS 0x00000000e1600000, 0x00000000e1600000| Untracked 
|  23|0x00000000e1700000, 0x00000000e1800000, 0x00000000e1800000|100%| O|  |TAMS 0x00000000e1700000, 0x00000000e1700000| Untracked 
|  24|0x00000000e1800000, 0x00000000e1900000, 0x00000000e1900000|100%| O|  |TAMS 0x00000000e1800000, 0x00000000e1800000| Untracked 
|  25|0x00000000e1900000, 0x00000000e1a00000, 0x00000000e1a00000|100%| O|  |TAMS 0x00000000e1900000, 0x00000000e1900000| Untracked 
|  26|0x00000000e1a00000, 0x00000000e1b00000, 0x00000000e1b00000|100%| O|  |TAMS 0x00000000e1a00000, 0x00000000e1a00000| Untracked 
|  27|0x00000000e1b00000, 0x00000000e1c00000, 0x00000000e1c00000|100%| O|  |TAMS 0x00000000e1b00000, 0x00000000e1b00000| Untracked 
|  28|0x00000000e1c00000, 0x00000000e1d00000, 0x00000000e1d00000|100%| O|  |TAMS 0x00000000e1c00000, 0x00000000e1c00000| Untracked 
|  29|0x00000000e1d00000, 0x00000000e1e00000, 0x00000000e1e00000|100%| O|  |TAMS 0x00000000e1d00000, 0x00000000e1d00000| Untracked 
|  30|0x00000000e1e00000, 0x00000000e1f00000, 0x00000000e1f00000|100%| O|  |TAMS 0x00000000e1e00000, 0x00000000e1e00000| Untracked 
|  31|0x00000000e1f00000, 0x00000000e2000000, 0x00000000e2000000|100%| O|  |TAMS 0x00000000e1f00000, 0x00000000e1f00000| Untracked 
|  32|0x00000000e2000000, 0x00000000e2100000, 0x00000000e2100000|100%| O|  |TAMS 0x00000000e2000000, 0x00000000e2000000| Untracked 
|  33|0x00000000e2100000, 0x00000000e2200000, 0x00000000e2200000|100%| O|  |TAMS 0x00000000e2100000, 0x00000000e2100000| Untracked 
|  34|0x00000000e2200000, 0x00000000e2300000, 0x00000000e2300000|100%| O|  |TAMS 0x00000000e2200000, 0x00000000e2200000| Untracked 
|  35|0x00000000e2300000, 0x00000000e2400000, 0x00000000e2400000|100%| O|  |TAMS 0x00000000e2300000, 0x00000000e2300000| Untracked 
|  36|0x00000000e2400000, 0x00000000e2500000, 0x00000000e2500000|100%| O|  |TAMS 0x00000000e2400000, 0x00000000e2400000| Untracked 
|  37|0x00000000e2500000, 0x00000000e2600000, 0x00000000e2600000|100%| O|  |TAMS 0x00000000e2500000, 0x00000000e2500000| Untracked 
|  38|0x00000000e2600000, 0x00000000e2600000, 0x00000000e2700000|  0%| F|  |TAMS 0x00000000e2600000, 0x00000000e2600000| Untracked 
|  39|0x00000000e2700000, 0x00000000e2700000, 0x00000000e2800000|  0%| F|  |TAMS 0x00000000e2700000, 0x00000000e2700000| Untracked 
|  40|0x00000000e2800000, 0x00000000e2800000, 0x00000000e2900000|  0%| F|  |TAMS 0x00000000e2800000, 0x00000000e2800000| Untracked 
|  41|0x00000000e2900000, 0x00000000e2900000, 0x00000000e2a00000|  0%| F|  |TAMS 0x00000000e2900000, 0x00000000e2900000| Untracked 
|  42|0x00000000e2a00000, 0x00000000e2a00000, 0x00000000e2b00000|  0%| F|  |TAMS 0x00000000e2a00000, 0x00000000e2a00000| Untracked 
|  43|0x00000000e2b00000, 0x00000000e2b00000, 0x00000000e2c00000|  0%| F|  |TAMS 0x00000000e2b00000, 0x00000000e2b00000| Untracked 
|  44|0x00000000e2c00000, 0x00000000e2c00000, 0x00000000e2d00000|  0%| F|  |TAMS 0x00000000e2c00000, 0x00000000e2c00000| Untracked 
|  45|0x00000000e2d00000, 0x00000000e2d00000, 0x00000000e2e00000|  0%| F|  |TAMS 0x00000000e2d00000, 0x00000000e2d00000| Untracked 
|  46|0x00000000e2e00000, 0x00000000e2e00000, 0x00000000e2f00000|  0%| F|  |TAMS 0x00000000e2e00000, 0x00000000e2e00000| Untracked 
|  47|0x00000000e2f00000, 0x00000000e2f00000, 0x00000000e3000000|  0%| F|  |TAMS 0x00000000e2f00000, 0x00000000e2f00000| Untracked 
|  48|0x00000000e3000000, 0x00000000e3000000, 0x00000000e3100000|  0%| F|  |TAMS 0x00000000e3000000, 0x00000000e3000000| Untracked 
|  49|0x00000000e3100000, 0x00000000e3100000, 0x00000000e3200000|  0%| F|  |TAMS 0x00000000e3100000, 0x00000000e3100000| Untracked 
|  50|0x00000000e3200000, 0x00000000e3200000, 0x00000000e3300000|  0%| F|  |TAMS 0x00000000e3200000, 0x00000000e3200000| Untracked 
|  51|0x00000000e3300000, 0x00000000e3300000, 0x00000000e3400000|  0%| F|  |TAMS 0x00000000e3300000, 0x00000000e3300000| Untracked 
|  52|0x00000000e3400000, 0x00000000e3400000, 0x00000000e3500000|  0%| F|  |TAMS 0x00000000e3400000, 0x00000000e3400000| Untracked 
|  53|0x00000000e3500000, 0x00000000e3500000, 0x00000000e3600000|  0%| F|  |TAMS 0x00000000e3500000, 0x00000000e3500000| Untracked 
|  54|0x00000000e3600000, 0x00000000e3600000, 0x00000000e3700000|  0%| F|  |TAMS 0x00000000e3600000, 0x00000000e3600000| Untracked 
|  55|0x00000000e3700000, 0x00000000e3700000, 0x00000000e3800000|  0%| F|  |TAMS 0x00000000e3700000, 0x00000000e3700000| Untracked 
|  56|0x00000000e3800000, 0x00000000e3800000, 0x00000000e3900000|  0%| F|  |TAMS 0x00000000e3800000, 0x00000000e3800000| Untracked 
|  57|0x00000000e3900000, 0x00000000e3900000, 0x00000000e3a00000|  0%| F|  |TAMS 0x00000000e3900000, 0x00000000e3900000| Untracked 
|  58|0x00000000e3a00000, 0x00000000e3a00000, 0x00000000e3b00000|  0%| F|  |TAMS 0x00000000e3a00000, 0x00000000e3a00000| Untracked 
|  59|0x00000000e3b00000, 0x00000000e3b00000, 0x00000000e3c00000|  0%| F|  |TAMS 0x00000000e3b00000, 0x00000000e3b00000| Untracked 
|  60|0x00000000e3c00000, 0x00000000e3c00000, 0x00000000e3d00000|  0%| F|  |TAMS 0x00000000e3c00000, 0x00000000e3c00000| Untracked 
|  61|0x00000000e3d00000, 0x00000000e3d00000, 0x00000000e3e00000|  0%| F|  |TAMS 0x00000000e3d00000, 0x00000000e3d00000| Untracked 
|  62|0x00000000e3e00000, 0x00000000e3e00000, 0x00000000e3f00000|  0%| F|  |TAMS 0x00000000e3e00000, 0x00000000e3e00000| Untracked 
|  63|0x00000000e3f00000, 0x00000000e3f00000, 0x00000000e4000000|  0%| F|  |TAMS 0x00000000e3f00000, 0x00000000e3f00000| Untracked 
|  64|0x00000000e4000000, 0x00000000e4000000, 0x00000000e4100000|  0%| F|  |TAMS 0x00000000e4000000, 0x00000000e4000000| Untracked 
|  65|0x00000000e4100000, 0x00000000e4100000, 0x00000000e4200000|  0%| F|  |TAMS 0x00000000e4100000, 0x00000000e4100000| Untracked 
|  66|0x00000000e4200000, 0x00000000e4200000, 0x00000000e4300000|  0%| F|  |TAMS 0x00000000e4200000, 0x00000000e4200000| Untracked 
|  67|0x00000000e4300000, 0x00000000e4300000, 0x00000000e4400000|  0%| F|  |TAMS 0x00000000e4300000, 0x00000000e4300000| Untracked 
|  68|0x00000000e4400000, 0x00000000e4400000, 0x00000000e4500000|  0%| F|  |TAMS 0x00000000e4400000, 0x00000000e4400000| Untracked 
|  69|0x00000000e4500000, 0x00000000e4500000, 0x00000000e4600000|  0%| F|  |TAMS 0x00000000e4500000, 0x00000000e4500000| Untracked 
|  70|0x00000000e4600000, 0x00000000e4600000, 0x00000000e4700000|  0%| F|  |TAMS 0x00000000e4600000, 0x00000000e4600000| Untracked 
|  71|0x00000000e4700000, 0x00000000e4700000, 0x00000000e4800000|  0%| F|  |TAMS 0x00000000e4700000, 0x00000000e4700000| Untracked 
|  72|0x00000000e4800000, 0x00000000e4800000, 0x00000000e4900000|  0%| F|  |TAMS 0x00000000e4800000, 0x00000000e4800000| Untracked 
|  73|0x00000000e4900000, 0x00000000e4900000, 0x00000000e4a00000|  0%| F|  |TAMS 0x00000000e4900000, 0x00000000e4900000| Untracked 
|  74|0x00000000e4a00000, 0x00000000e4a00000, 0x00000000e4b00000|  0%| F|  |TAMS 0x00000000e4a00000, 0x00000000e4a00000| Untracked 
|  75|0x00000000e4b00000, 0x00000000e4b00000, 0x00000000e4c00000|  0%| F|  |TAMS 0x00000000e4b00000, 0x00000000e4b00000| Untracked 
|  76|0x00000000e4c00000, 0x00000000e4c00000, 0x00000000e4d00000|  0%| F|  |TAMS 0x00000000e4c00000, 0x00000000e4c00000| Untracked 
|  77|0x00000000e4d00000, 0x00000000e4d00000, 0x00000000e4e00000|  0%| F|  |TAMS 0x00000000e4d00000, 0x00000000e4d00000| Untracked 
|  78|0x00000000e4e00000, 0x00000000e4e00000, 0x00000000e4f00000|  0%| F|  |TAMS 0x00000000e4e00000, 0x00000000e4e00000| Untracked 
|  79|0x00000000e4f00000, 0x00000000e4f00000, 0x00000000e5000000|  0%| F|  |TAMS 0x00000000e4f00000, 0x00000000e4f00000| Untracked 
|  80|0x00000000e5000000, 0x00000000e5000000, 0x00000000e5100000|  0%| F|  |TAMS 0x00000000e5000000, 0x00000000e5000000| Untracked 
|  81|0x00000000e5100000, 0x00000000e5100000, 0x00000000e5200000|  0%| F|  |TAMS 0x00000000e5100000, 0x00000000e5100000| Untracked 
|  82|0x00000000e5200000, 0x00000000e5200000, 0x00000000e5300000|  0%| F|  |TAMS 0x00000000e5200000, 0x00000000e5200000| Untracked 
|  83|0x00000000e5300000, 0x00000000e5300000, 0x00000000e5400000|  0%| F|  |TAMS 0x00000000e5300000, 0x00000000e5300000| Untracked 
|  84|0x00000000e5400000, 0x00000000e5400000, 0x00000000e5500000|  0%| F|  |TAMS 0x00000000e5400000, 0x00000000e5400000| Untracked 
|  85|0x00000000e5500000, 0x00000000e5500000, 0x00000000e5600000|  0%| F|  |TAMS 0x00000000e5500000, 0x00000000e5500000| Untracked 
|  86|0x00000000e5600000, 0x00000000e5600000, 0x00000000e5700000|  0%| F|  |TAMS 0x00000000e5600000, 0x00000000e5600000| Untracked 
|  87|0x00000000e5700000, 0x00000000e5700000, 0x00000000e5800000|  0%| F|  |TAMS 0x00000000e5700000, 0x00000000e5700000| Untracked 
|  88|0x00000000e5800000, 0x00000000e5800000, 0x00000000e5900000|  0%| F|  |TAMS 0x00000000e5800000, 0x00000000e5800000| Untracked 
|  89|0x00000000e5900000, 0x00000000e5900000, 0x00000000e5a00000|  0%| F|  |TAMS 0x00000000e5900000, 0x00000000e5900000| Untracked 
|  90|0x00000000e5a00000, 0x00000000e5a00000, 0x00000000e5b00000|  0%| F|  |TAMS 0x00000000e5a00000, 0x00000000e5a00000| Untracked 
|  91|0x00000000e5b00000, 0x00000000e5b00000, 0x00000000e5c00000|  0%| F|  |TAMS 0x00000000e5b00000, 0x00000000e5b00000| Untracked 
|  92|0x00000000e5c00000, 0x00000000e5c00000, 0x00000000e5d00000|  0%| F|  |TAMS 0x00000000e5c00000, 0x00000000e5c00000| Untracked 
|  93|0x00000000e5d00000, 0x00000000e5d00000, 0x00000000e5e00000|  0%| F|  |TAMS 0x00000000e5d00000, 0x00000000e5d00000| Untracked 
|  94|0x00000000e5e00000, 0x00000000e5e00000, 0x00000000e5f00000|  0%| F|  |TAMS 0x00000000e5e00000, 0x00000000e5e00000| Untracked 
|  95|0x00000000e5f00000, 0x00000000e5f00000, 0x00000000e6000000|  0%| F|  |TAMS 0x00000000e5f00000, 0x00000000e5f00000| Untracked 
|  96|0x00000000e6000000, 0x00000000e6000000, 0x00000000e6100000|  0%| F|  |TAMS 0x00000000e6000000, 0x00000000e6000000| Untracked 
|  97|0x00000000e6100000, 0x00000000e6100000, 0x00000000e6200000|  0%| F|  |TAMS 0x00000000e6100000, 0x00000000e6100000| Untracked 
|  98|0x00000000e6200000, 0x00000000e6200000, 0x00000000e6300000|  0%| F|  |TAMS 0x00000000e6200000, 0x00000000e6200000| Untracked 
|  99|0x00000000e6300000, 0x00000000e6300000, 0x00000000e6400000|  0%| F|  |TAMS 0x00000000e6300000, 0x00000000e6300000| Untracked 
| 100|0x00000000e6400000, 0x00000000e6400000, 0x00000000e6500000|  0%| F|  |TAMS 0x00000000e6400000, 0x00000000e6400000| Untracked 
| 101|0x00000000e6500000, 0x00000000e6500000, 0x00000000e6600000|  0%| F|  |TAMS 0x00000000e6500000, 0x00000000e6500000| Untracked 
| 102|0x00000000e6600000, 0x00000000e6600000, 0x00000000e6700000|  0%| F|  |TAMS 0x00000000e6600000, 0x00000000e6600000| Untracked 
| 103|0x00000000e6700000, 0x00000000e6700000, 0x00000000e6800000|  0%| F|  |TAMS 0x00000000e6700000, 0x00000000e6700000| Untracked 
| 104|0x00000000e6800000, 0x00000000e6800000, 0x00000000e6900000|  0%| F|  |TAMS 0x00000000e6800000, 0x00000000e6800000| Untracked 
| 105|0x00000000e6900000, 0x00000000e6900000, 0x00000000e6a00000|  0%| F|  |TAMS 0x00000000e6900000, 0x00000000e6900000| Untracked 
| 106|0x00000000e6a00000, 0x00000000e6a00000, 0x00000000e6b00000|  0%| F|  |TAMS 0x00000000e6a00000, 0x00000000e6a00000| Untracked 
| 107|0x00000000e6b00000, 0x00000000e6b00000, 0x00000000e6c00000|  0%| F|  |TAMS 0x00000000e6b00000, 0x00000000e6b00000| Untracked 
| 108|0x00000000e6c00000, 0x00000000e6c00000, 0x00000000e6d00000|  0%| F|  |TAMS 0x00000000e6c00000, 0x00000000e6c00000| Untracked 
| 109|0x00000000e6d00000, 0x00000000e6d00000, 0x00000000e6e00000|  0%| F|  |TAMS 0x00000000e6d00000, 0x00000000e6d00000| Untracked 
| 110|0x00000000e6e00000, 0x00000000e6e00000, 0x00000000e6f00000|  0%| F|  |TAMS 0x00000000e6e00000, 0x00000000e6e00000| Untracked 
| 111|0x00000000e6f00000, 0x00000000e6f00000, 0x00000000e7000000|  0%| F|  |TAMS 0x00000000e6f00000, 0x00000000e6f00000| Untracked 
| 112|0x00000000e7000000, 0x00000000e7000000, 0x00000000e7100000|  0%| F|  |TAMS 0x00000000e7000000, 0x00000000e7000000| Untracked 
| 113|0x00000000e7100000, 0x00000000e7100000, 0x00000000e7200000|  0%| F|  |TAMS 0x00000000e7100000, 0x00000000e7100000| Untracked 
| 114|0x00000000e7200000, 0x00000000e7200000, 0x00000000e7300000|  0%| F|  |TAMS 0x00000000e7200000, 0x00000000e7200000| Untracked 
| 115|0x00000000e7300000, 0x00000000e7300000, 0x00000000e7400000|  0%| F|  |TAMS 0x00000000e7300000, 0x00000000e7300000| Untracked 
| 116|0x00000000e7400000, 0x00000000e7400000, 0x00000000e7500000|  0%| F|  |TAMS 0x00000000e7400000, 0x00000000e7400000| Untracked 
| 117|0x00000000e7500000, 0x00000000e7600000, 0x00000000e7600000|100%| S|CS|TAMS 0x00000000e7500000, 0x00000000e7500000| Complete 
| 118|0x00000000e7600000, 0x00000000e7700000, 0x00000000e7700000|100%| S|CS|TAMS 0x00000000e7600000, 0x00000000e7600000| Complete 
| 119|0x00000000e7700000, 0x00000000e7800000, 0x00000000e7800000|100%| S|CS|TAMS 0x00000000e7700000, 0x00000000e7700000| Complete 
| 120|0x00000000e7800000, 0x00000000e7900000, 0x00000000e7900000|100%| S|CS|TAMS 0x00000000e7800000, 0x00000000e7800000| Complete 
| 121|0x00000000e7900000, 0x00000000e7a00000, 0x00000000e7a00000|100%| S|CS|TAMS 0x00000000e7900000, 0x00000000e7900000| Complete 
| 122|0x00000000e7a00000, 0x00000000e7b00000, 0x00000000e7b00000|100%| S|CS|TAMS 0x00000000e7a00000, 0x00000000e7a00000| Complete 
| 123|0x00000000e7b00000, 0x00000000e7b00000, 0x00000000e7c00000|  0%| F|  |TAMS 0x00000000e7b00000, 0x00000000e7b00000| Untracked 
| 124|0x00000000e7c00000, 0x00000000e7c00000, 0x00000000e7d00000|  0%| F|  |TAMS 0x00000000e7c00000, 0x00000000e7c00000| Untracked 
| 125|0x00000000e7d00000, 0x00000000e7d00000, 0x00000000e7e00000|  0%| F|  |TAMS 0x00000000e7d00000, 0x00000000e7d00000| Untracked 
| 126|0x00000000e7e00000, 0x00000000e7e00000, 0x00000000e7f00000|  0%| F|  |TAMS 0x00000000e7e00000, 0x00000000e7e00000| Untracked 
| 127|0x00000000e7f00000, 0x00000000e7f00000, 0x00000000e8000000|  0%| F|  |TAMS 0x00000000e7f00000, 0x00000000e7f00000| Untracked 
| 128|0x00000000e8000000, 0x00000000e8000000, 0x00000000e8100000|  0%| F|  |TAMS 0x00000000e8000000, 0x00000000e8000000| Untracked 
| 129|0x00000000e8100000, 0x00000000e8100000, 0x00000000e8200000|  0%| F|  |TAMS 0x00000000e8100000, 0x00000000e8100000| Untracked 
| 130|0x00000000e8200000, 0x00000000e8200000, 0x00000000e8300000|  0%| F|  |TAMS 0x00000000e8200000, 0x00000000e8200000| Untracked 
| 131|0x00000000e8300000, 0x00000000e8300000, 0x00000000e8400000|  0%| F|  |TAMS 0x00000000e8300000, 0x00000000e8300000| Untracked 
| 132|0x00000000e8400000, 0x00000000e8400000, 0x00000000e8500000|  0%| F|  |TAMS 0x00000000e8400000, 0x00000000e8400000| Untracked 
| 133|0x00000000e8500000, 0x00000000e8500000, 0x00000000e8600000|  0%| F|  |TAMS 0x00000000e8500000, 0x00000000e8500000| Untracked 
| 134|0x00000000e8600000, 0x00000000e8600000, 0x00000000e8700000|  0%| F|  |TAMS 0x00000000e8600000, 0x00000000e8600000| Untracked 
| 135|0x00000000e8700000, 0x00000000e8700000, 0x00000000e8800000|  0%| F|  |TAMS 0x00000000e8700000, 0x00000000e8700000| Untracked 
| 136|0x00000000e8800000, 0x00000000e8800000, 0x00000000e8900000|  0%| F|  |TAMS 0x00000000e8800000, 0x00000000e8800000| Untracked 
| 137|0x00000000e8900000, 0x00000000e8900000, 0x00000000e8a00000|  0%| F|  |TAMS 0x00000000e8900000, 0x00000000e8900000| Untracked 
| 138|0x00000000e8a00000, 0x00000000e8a00000, 0x00000000e8b00000|  0%| F|  |TAMS 0x00000000e8a00000, 0x00000000e8a00000| Untracked 
| 139|0x00000000e8b00000, 0x00000000e8b00000, 0x00000000e8c00000|  0%| F|  |TAMS 0x00000000e8b00000, 0x00000000e8b00000| Untracked 
| 140|0x00000000e8c00000, 0x00000000e8c00000, 0x00000000e8d00000|  0%| F|  |TAMS 0x00000000e8c00000, 0x00000000e8c00000| Untracked 
| 141|0x00000000e8d00000, 0x00000000e8d00000, 0x00000000e8e00000|  0%| F|  |TAMS 0x00000000e8d00000, 0x00000000e8d00000| Untracked 
| 142|0x00000000e8e00000, 0x00000000e8e00000, 0x00000000e8f00000|  0%| F|  |TAMS 0x00000000e8e00000, 0x00000000e8e00000| Untracked 
| 143|0x00000000e8f00000, 0x00000000e8f00000, 0x00000000e9000000|  0%| F|  |TAMS 0x00000000e8f00000, 0x00000000e8f00000| Untracked 
| 144|0x00000000e9000000, 0x00000000e9000000, 0x00000000e9100000|  0%| F|  |TAMS 0x00000000e9000000, 0x00000000e9000000| Untracked 
| 145|0x00000000e9100000, 0x00000000e9100000, 0x00000000e9200000|  0%| F|  |TAMS 0x00000000e9100000, 0x00000000e9100000| Untracked 
| 146|0x00000000e9200000, 0x00000000e9200000, 0x00000000e9300000|  0%| F|  |TAMS 0x00000000e9200000, 0x00000000e9200000| Untracked 
| 147|0x00000000e9300000, 0x00000000e9300000, 0x00000000e9400000|  0%| F|  |TAMS 0x00000000e9300000, 0x00000000e9300000| Untracked 
| 148|0x00000000e9400000, 0x00000000e9400000, 0x00000000e9500000|  0%| F|  |TAMS 0x00000000e9400000, 0x00000000e9400000| Untracked 
| 149|0x00000000e9500000, 0x00000000e9500000, 0x00000000e9600000|  0%| F|  |TAMS 0x00000000e9500000, 0x00000000e9500000| Untracked 
| 150|0x00000000e9600000, 0x00000000e9600000, 0x00000000e9700000|  0%| F|  |TAMS 0x00000000e9600000, 0x00000000e9600000| Untracked 
| 151|0x00000000e9700000, 0x00000000e9700000, 0x00000000e9800000|  0%| F|  |TAMS 0x00000000e9700000, 0x00000000e9700000| Untracked 
| 152|0x00000000e9800000, 0x00000000e9800000, 0x00000000e9900000|  0%| F|  |TAMS 0x00000000e9800000, 0x00000000e9800000| Untracked 
| 153|0x00000000e9900000, 0x00000000e9900000, 0x00000000e9a00000|  0%| F|  |TAMS 0x00000000e9900000, 0x00000000e9900000| Untracked 
| 154|0x00000000e9a00000, 0x00000000e9a00000, 0x00000000e9b00000|  0%| F|  |TAMS 0x00000000e9a00000, 0x00000000e9a00000| Untracked 
| 155|0x00000000e9b00000, 0x00000000e9b00000, 0x00000000e9c00000|  0%| F|  |TAMS 0x00000000e9b00000, 0x00000000e9b00000| Untracked 
| 156|0x00000000e9c00000, 0x00000000e9c00000, 0x00000000e9d00000|  0%| F|  |TAMS 0x00000000e9c00000, 0x00000000e9c00000| Untracked 
| 157|0x00000000e9d00000, 0x00000000e9d00000, 0x00000000e9e00000|  0%| F|  |TAMS 0x00000000e9d00000, 0x00000000e9d00000| Untracked 
| 158|0x00000000e9e00000, 0x00000000e9e00000, 0x00000000e9f00000|  0%| F|  |TAMS 0x00000000e9e00000, 0x00000000e9e00000| Untracked 
| 159|0x00000000e9f00000, 0x00000000e9f00000, 0x00000000ea000000|  0%| F|  |TAMS 0x00000000e9f00000, 0x00000000e9f00000| Untracked 
| 160|0x00000000ea000000, 0x00000000ea000000, 0x00000000ea100000|  0%| F|  |TAMS 0x00000000ea000000, 0x00000000ea000000| Untracked 
| 161|0x00000000ea100000, 0x00000000ea100000, 0x00000000ea200000|  0%| F|  |TAMS 0x00000000ea100000, 0x00000000ea100000| Untracked 
| 162|0x00000000ea200000, 0x00000000ea200000, 0x00000000ea300000|  0%| F|  |TAMS 0x00000000ea200000, 0x00000000ea200000| Untracked 
| 163|0x00000000ea300000, 0x00000000ea300000, 0x00000000ea400000|  0%| F|  |TAMS 0x00000000ea300000, 0x00000000ea300000| Untracked 
| 164|0x00000000ea400000, 0x00000000ea400000, 0x00000000ea500000|  0%| F|  |TAMS 0x00000000ea400000, 0x00000000ea400000| Untracked 
| 165|0x00000000ea500000, 0x00000000ea500000, 0x00000000ea600000|  0%| F|  |TAMS 0x00000000ea500000, 0x00000000ea500000| Untracked 
| 166|0x00000000ea600000, 0x00000000ea600000, 0x00000000ea700000|  0%| F|  |TAMS 0x00000000ea600000, 0x00000000ea600000| Untracked 
| 167|0x00000000ea700000, 0x00000000ea700000, 0x00000000ea800000|  0%| F|  |TAMS 0x00000000ea700000, 0x00000000ea700000| Untracked 
| 168|0x00000000ea800000, 0x00000000ea800000, 0x00000000ea900000|  0%| F|  |TAMS 0x00000000ea800000, 0x00000000ea800000| Untracked 
| 169|0x00000000ea900000, 0x00000000ea900000, 0x00000000eaa00000|  0%| F|  |TAMS 0x00000000ea900000, 0x00000000ea900000| Untracked 
| 170|0x00000000eaa00000, 0x00000000eaa56780, 0x00000000eab00000| 33%| E|  |TAMS 0x00000000eaa00000, 0x00000000eaa00000| Complete 
| 171|0x00000000eab00000, 0x00000000eac00000, 0x00000000eac00000|100%| E|CS|TAMS 0x00000000eab00000, 0x00000000eab00000| Complete 
| 172|0x00000000eac00000, 0x00000000ead00000, 0x00000000ead00000|100%| E|CS|TAMS 0x00000000eac00000, 0x00000000eac00000| Complete 
| 173|0x00000000ead00000, 0x00000000eae00000, 0x00000000eae00000|100%| E|CS|TAMS 0x00000000ead00000, 0x00000000ead00000| Complete 
| 174|0x00000000eae00000, 0x00000000eaf00000, 0x00000000eaf00000|100%| E|CS|TAMS 0x00000000eae00000, 0x00000000eae00000| Complete 
| 175|0x00000000eaf00000, 0x00000000eb000000, 0x00000000eb000000|100%| E|CS|TAMS 0x00000000eaf00000, 0x00000000eaf00000| Complete 
| 176|0x00000000eb000000, 0x00000000eb100000, 0x00000000eb100000|100%| E|CS|TAMS 0x00000000eb000000, 0x00000000eb000000| Complete 
| 177|0x00000000eb100000, 0x00000000eb200000, 0x00000000eb200000|100%| E|CS|TAMS 0x00000000eb100000, 0x00000000eb100000| Complete 
| 178|0x00000000eb200000, 0x00000000eb300000, 0x00000000eb300000|100%| E|CS|TAMS 0x00000000eb200000, 0x00000000eb200000| Complete 
| 179|0x00000000eb300000, 0x00000000eb400000, 0x00000000eb400000|100%| E|CS|TAMS 0x00000000eb300000, 0x00000000eb300000| Complete 
| 180|0x00000000eb400000, 0x00000000eb500000, 0x00000000eb500000|100%| E|CS|TAMS 0x00000000eb400000, 0x00000000eb400000| Complete 
| 181|0x00000000eb500000, 0x00000000eb600000, 0x00000000eb600000|100%| E|CS|TAMS 0x00000000eb500000, 0x00000000eb500000| Complete 
| 182|0x00000000eb600000, 0x00000000eb700000, 0x00000000eb700000|100%| E|CS|TAMS 0x00000000eb600000, 0x00000000eb600000| Complete 
| 183|0x00000000eb700000, 0x00000000eb800000, 0x00000000eb800000|100%| E|CS|TAMS 0x00000000eb700000, 0x00000000eb700000| Complete 
| 184|0x00000000eb800000, 0x00000000eb900000, 0x00000000eb900000|100%| E|CS|TAMS 0x00000000eb800000, 0x00000000eb800000| Complete 
| 185|0x00000000eb900000, 0x00000000eba00000, 0x00000000eba00000|100%| E|  |TAMS 0x00000000eb900000, 0x00000000eb900000| Complete 
| 186|0x00000000eba00000, 0x00000000ebb00000, 0x00000000ebb00000|100%| E|CS|TAMS 0x00000000eba00000, 0x00000000eba00000| Complete 
| 187|0x00000000ebb00000, 0x00000000ebc00000, 0x00000000ebc00000|100%| E|CS|TAMS 0x00000000ebb00000, 0x00000000ebb00000| Complete 
| 188|0x00000000ebc00000, 0x00000000ebd00000, 0x00000000ebd00000|100%| E|CS|TAMS 0x00000000ebc00000, 0x00000000ebc00000| Complete 
| 189|0x00000000ebd00000, 0x00000000ebe00000, 0x00000000ebe00000|100%| E|CS|TAMS 0x00000000ebd00000, 0x00000000ebd00000| Complete 
| 190|0x00000000ebe00000, 0x00000000ebf00000, 0x00000000ebf00000|100%| E|CS|TAMS 0x00000000ebe00000, 0x00000000ebe00000| Complete 
| 191|0x00000000ebf00000, 0x00000000ec000000, 0x00000000ec000000|100%| E|CS|TAMS 0x00000000ebf00000, 0x00000000ebf00000| Complete 
| 192|0x00000000ec000000, 0x00000000ec100000, 0x00000000ec100000|100%| E|CS|TAMS 0x00000000ec000000, 0x00000000ec000000| Complete 
| 193|0x00000000ec100000, 0x00000000ec200000, 0x00000000ec200000|100%| E|CS|TAMS 0x00000000ec100000, 0x00000000ec100000| Complete 
| 194|0x00000000ec200000, 0x00000000ec300000, 0x00000000ec300000|100%| E|CS|TAMS 0x00000000ec200000, 0x00000000ec200000| Complete 
| 195|0x00000000ec300000, 0x00000000ec400000, 0x00000000ec400000|100%| E|CS|TAMS 0x00000000ec300000, 0x00000000ec300000| Complete 
| 196|0x00000000ec400000, 0x00000000ec500000, 0x00000000ec500000|100%| E|CS|TAMS 0x00000000ec400000, 0x00000000ec400000| Complete 
| 197|0x00000000ec500000, 0x00000000ec600000, 0x00000000ec600000|100%| E|CS|TAMS 0x00000000ec500000, 0x00000000ec500000| Complete 
| 198|0x00000000ec600000, 0x00000000ec700000, 0x00000000ec700000|100%| E|CS|TAMS 0x00000000ec600000, 0x00000000ec600000| Complete 
| 199|0x00000000ec700000, 0x00000000ec800000, 0x00000000ec800000|100%| E|CS|TAMS 0x00000000ec700000, 0x00000000ec700000| Complete 
| 200|0x00000000ec800000, 0x00000000ec900000, 0x00000000ec900000|100%| E|CS|TAMS 0x00000000ec800000, 0x00000000ec800000| Complete 
| 201|0x00000000ec900000, 0x00000000eca00000, 0x00000000eca00000|100%| E|CS|TAMS 0x00000000ec900000, 0x00000000ec900000| Complete 
| 202|0x00000000eca00000, 0x00000000ecb00000, 0x00000000ecb00000|100%| E|CS|TAMS 0x00000000eca00000, 0x00000000eca00000| Complete 
| 203|0x00000000ecb00000, 0x00000000ecc00000, 0x00000000ecc00000|100%| E|CS|TAMS 0x00000000ecb00000, 0x00000000ecb00000| Complete 
| 204|0x00000000ecc00000, 0x00000000ecd00000, 0x00000000ecd00000|100%| E|CS|TAMS 0x00000000ecc00000, 0x00000000ecc00000| Complete 
| 205|0x00000000ecd00000, 0x00000000ece00000, 0x00000000ece00000|100%| E|CS|TAMS 0x00000000ecd00000, 0x00000000ecd00000| Complete 
| 206|0x00000000ece00000, 0x00000000ecf00000, 0x00000000ecf00000|100%| E|CS|TAMS 0x00000000ece00000, 0x00000000ece00000| Complete 
| 207|0x00000000ecf00000, 0x00000000ed000000, 0x00000000ed000000|100%| E|CS|TAMS 0x00000000ecf00000, 0x00000000ecf00000| Complete 
| 208|0x00000000ed000000, 0x00000000ed100000, 0x00000000ed100000|100%| E|CS|TAMS 0x00000000ed000000, 0x00000000ed000000| Complete 
| 209|0x00000000ed100000, 0x00000000ed200000, 0x00000000ed200000|100%| E|CS|TAMS 0x00000000ed100000, 0x00000000ed100000| Complete 
| 210|0x00000000ed200000, 0x00000000ed300000, 0x00000000ed300000|100%| E|CS|TAMS 0x00000000ed200000, 0x00000000ed200000| Complete 
| 211|0x00000000ed300000, 0x00000000ed400000, 0x00000000ed400000|100%| E|CS|TAMS 0x00000000ed300000, 0x00000000ed300000| Complete 
| 212|0x00000000ed400000, 0x00000000ed500000, 0x00000000ed500000|100%| E|CS|TAMS 0x00000000ed400000, 0x00000000ed400000| Complete 
| 213|0x00000000ed500000, 0x00000000ed600000, 0x00000000ed600000|100%| E|CS|TAMS 0x00000000ed500000, 0x00000000ed500000| Complete 
| 214|0x00000000ed600000, 0x00000000ed700000, 0x00000000ed700000|100%| E|CS|TAMS 0x00000000ed600000, 0x00000000ed600000| Complete 
| 215|0x00000000ed700000, 0x00000000ed800000, 0x00000000ed800000|100%| E|CS|TAMS 0x00000000ed700000, 0x00000000ed700000| Complete 
| 216|0x00000000ed800000, 0x00000000ed900000, 0x00000000ed900000|100%| E|CS|TAMS 0x00000000ed800000, 0x00000000ed800000| Complete 
| 217|0x00000000ed900000, 0x00000000eda00000, 0x00000000eda00000|100%| E|CS|TAMS 0x00000000ed900000, 0x00000000ed900000| Complete 
| 218|0x00000000eda00000, 0x00000000edb00000, 0x00000000edb00000|100%| E|CS|TAMS 0x00000000eda00000, 0x00000000eda00000| Complete 
| 219|0x00000000edb00000, 0x00000000edc00000, 0x00000000edc00000|100%| E|CS|TAMS 0x00000000edb00000, 0x00000000edb00000| Complete 
| 220|0x00000000edc00000, 0x00000000edd00000, 0x00000000edd00000|100%| E|CS|TAMS 0x00000000edc00000, 0x00000000edc00000| Complete 
| 221|0x00000000edd00000, 0x00000000ede00000, 0x00000000ede00000|100%| E|CS|TAMS 0x00000000edd00000, 0x00000000edd00000| Complete 
| 222|0x00000000ede00000, 0x00000000edf00000, 0x00000000edf00000|100%| E|CS|TAMS 0x00000000ede00000, 0x00000000ede00000| Complete 
| 223|0x00000000edf00000, 0x00000000ee000000, 0x00000000ee000000|100%| E|CS|TAMS 0x00000000edf00000, 0x00000000edf00000| Complete 
| 224|0x00000000ee000000, 0x00000000ee100000, 0x00000000ee100000|100%| E|CS|TAMS 0x00000000ee000000, 0x00000000ee000000| Complete 
| 225|0x00000000ee100000, 0x00000000ee200000, 0x00000000ee200000|100%| E|CS|TAMS 0x00000000ee100000, 0x00000000ee100000| Complete 
| 226|0x00000000ee200000, 0x00000000ee300000, 0x00000000ee300000|100%| E|CS|TAMS 0x00000000ee200000, 0x00000000ee200000| Complete 
| 227|0x00000000ee300000, 0x00000000ee400000, 0x00000000ee400000|100%| E|CS|TAMS 0x00000000ee300000, 0x00000000ee300000| Complete 
| 228|0x00000000ee400000, 0x00000000ee500000, 0x00000000ee500000|100%| E|CS|TAMS 0x00000000ee400000, 0x00000000ee400000| Complete 
| 229|0x00000000ee500000, 0x00000000ee600000, 0x00000000ee600000|100%| E|CS|TAMS 0x00000000ee500000, 0x00000000ee500000| Complete 
| 230|0x00000000ee600000, 0x00000000ee700000, 0x00000000ee700000|100%| E|CS|TAMS 0x00000000ee600000, 0x00000000ee600000| Complete 
| 231|0x00000000ee700000, 0x00000000ee800000, 0x00000000ee800000|100%| E|CS|TAMS 0x00000000ee700000, 0x00000000ee700000| Complete 
| 232|0x00000000ee800000, 0x00000000ee900000, 0x00000000ee900000|100%| E|CS|TAMS 0x00000000ee800000, 0x00000000ee800000| Complete 
| 233|0x00000000ee900000, 0x00000000eea00000, 0x00000000eea00000|100%| E|CS|TAMS 0x00000000ee900000, 0x00000000ee900000| Complete 
| 234|0x00000000eea00000, 0x00000000eeb00000, 0x00000000eeb00000|100%| E|CS|TAMS 0x00000000eea00000, 0x00000000eea00000| Complete 
| 235|0x00000000eeb00000, 0x00000000eec00000, 0x00000000eec00000|100%| E|CS|TAMS 0x00000000eeb00000, 0x00000000eeb00000| Complete 
| 236|0x00000000eec00000, 0x00000000eed00000, 0x00000000eed00000|100%| E|CS|TAMS 0x00000000eec00000, 0x00000000eec00000| Complete 
| 237|0x00000000eed00000, 0x00000000eee00000, 0x00000000eee00000|100%| E|CS|TAMS 0x00000000eed00000, 0x00000000eed00000| Complete 
| 238|0x00000000eee00000, 0x00000000eef00000, 0x00000000eef00000|100%| E|CS|TAMS 0x00000000eee00000, 0x00000000eee00000| Complete 
| 239|0x00000000eef00000, 0x00000000ef000000, 0x00000000ef000000|100%| E|CS|TAMS 0x00000000eef00000, 0x00000000eef00000| Complete 
| 240|0x00000000ef000000, 0x00000000ef100000, 0x00000000ef100000|100%| E|CS|TAMS 0x00000000ef000000, 0x00000000ef000000| Complete 
| 241|0x00000000ef100000, 0x00000000ef200000, 0x00000000ef200000|100%| E|CS|TAMS 0x00000000ef100000, 0x00000000ef100000| Complete 
| 242|0x00000000ef200000, 0x00000000ef300000, 0x00000000ef300000|100%| E|CS|TAMS 0x00000000ef200000, 0x00000000ef200000| Complete 
| 243|0x00000000ef300000, 0x00000000ef400000, 0x00000000ef400000|100%| E|CS|TAMS 0x00000000ef300000, 0x00000000ef300000| Complete 
| 244|0x00000000ef400000, 0x00000000ef500000, 0x00000000ef500000|100%| E|CS|TAMS 0x00000000ef400000, 0x00000000ef400000| Complete 
| 245|0x00000000ef500000, 0x00000000ef600000, 0x00000000ef600000|100%| E|CS|TAMS 0x00000000ef500000, 0x00000000ef500000| Complete 
| 246|0x00000000ef600000, 0x00000000ef700000, 0x00000000ef700000|100%| E|CS|TAMS 0x00000000ef600000, 0x00000000ef600000| Complete 
| 247|0x00000000ef700000, 0x00000000ef800000, 0x00000000ef800000|100%| E|CS|TAMS 0x00000000ef700000, 0x00000000ef700000| Complete 
| 248|0x00000000ef800000, 0x00000000ef900000, 0x00000000ef900000|100%| E|CS|TAMS 0x00000000ef800000, 0x00000000ef800000| Complete 
| 249|0x00000000ef900000, 0x00000000efa00000, 0x00000000efa00000|100%| E|CS|TAMS 0x00000000ef900000, 0x00000000ef900000| Complete 
| 250|0x00000000efa00000, 0x00000000efb00000, 0x00000000efb00000|100%| E|CS|TAMS 0x00000000efa00000, 0x00000000efa00000| Complete 
| 251|0x00000000efb00000, 0x00000000efc00000, 0x00000000efc00000|100%| E|CS|TAMS 0x00000000efb00000, 0x00000000efb00000| Complete 
| 252|0x00000000efc00000, 0x00000000efd00000, 0x00000000efd00000|100%| E|CS|TAMS 0x00000000efc00000, 0x00000000efc00000| Complete 
| 253|0x00000000efd00000, 0x00000000efe00000, 0x00000000efe00000|100%| E|CS|TAMS 0x00000000efd00000, 0x00000000efd00000| Complete 
| 254|0x00000000efe00000, 0x00000000eff00000, 0x00000000eff00000|100%| E|CS|TAMS 0x00000000efe00000, 0x00000000efe00000| Complete 
| 255|0x00000000eff00000, 0x00000000f0000000, 0x00000000f0000000|100%| E|CS|TAMS 0x00000000eff00000, 0x00000000eff00000| Complete 

Card table byte_map: [0x00000165bea90000,0x00000165beb90000] _byte_map_base: 0x00000165be390000

Marking Bits (Prev, Next): (CMBitMap*) 0x00000165a7f16ec0, (CMBitMap*) 0x00000165a7f16f00
 Prev Bits: [0x00000165bec90000, 0x00000165bf490000)
 Next Bits: [0x00000165bf490000, 0x00000165bfc90000)

Polling page: 0x00000165a76d0000

Metaspace:

Usage:
  Non-class:     41.99 MB used.
      Class:      6.43 MB used.
       Both:     48.42 MB used.

Virtual space:
  Non-class space:       48.00 MB reserved,      42.25 MB ( 88%) committed,  6 nodes.
      Class space:      208.00 MB reserved,       6.69 MB (  3%) committed,  1 nodes.
              Both:      256.00 MB reserved,      48.94 MB ( 19%) committed. 

Chunk freelists:
   Non-Class:  1.75 MB
       Class:  1.18 MB
        Both:  2.94 MB

MaxMetaspaceSize: 256.00 MB
CompressedClassSpaceSize: 208.00 MB
 - commit_granule_bytes: 65536.
 - commit_granule_words: 8192.
 - virtual_space_node_default_size: 1048576.
 - enlarge_chunks_in_place: 1.
 - new_chunks_are_fully_committed: 0.
 - uncommit_free_chunks: 1.
 - use_allocation_guard: 0.
 - handle_deallocations: 1.


Internal statistics:

num_allocs_failed_limit: 6.
num_arena_births: 580.
num_arena_deaths: 0.
num_vsnodes_births: 7.
num_vsnodes_deaths: 0.
num_space_committed: 783.
num_space_uncommitted: 0.
num_chunks_returned_to_freelist: 6.
num_chunks_taken_from_freelist: 2570.
num_chunk_merges: 6.
num_chunk_splits: 1632.
num_chunks_enlarged: 1053.
num_purges: 0.

CodeHeap 'non-profiled nmethods': size=120000Kb used=4836Kb max_used=4836Kb free=115163Kb
 bounds [0x00000165b7130000, 0x00000165b75f0000, 0x00000165be660000]
CodeHeap 'profiled nmethods': size=120000Kb used=16486Kb max_used=16486Kb free=103514Kb
 bounds [0x00000165afc00000, 0x00000165b0c20000, 0x00000165b7130000]
CodeHeap 'non-nmethods': size=5760Kb used=2335Kb max_used=2423Kb free=3424Kb
 bounds [0x00000165af660000, 0x00000165af8e0000, 0x00000165afc00000]
 total_blobs=9040 nmethods=8193 adapters=759
 compilation: enabled
              stopped_count=0, restarted_count=0
 full_count=0

Compilation events (20 events):
Event: 1094.465 Thread 0x00000165c26c7280 nmethod 9002 0x00000165b75c9e10 code [0x00000165b75c9fa0, 0x00000165b75ca078]
Event: 1094.465 Thread 0x00000165c26c7280 9003       1       java.io.ObjectStreamClass::getNumObjFields (5 bytes)
Event: 1094.466 Thread 0x00000165c26c7280 nmethod 9003 0x00000165b75ca110 code [0x00000165b75ca2a0, 0x00000165b75ca378]
Event: 1094.467 Thread 0x00000165c26c7280 9004       3       org.gradle.internal.watch.registry.impl.WatchableHierarchies$RemoveUnwatchedFiles::visitEntry (21 bytes)
Event: 1094.467 Thread 0x00000165c26c7280 nmethod 9004 0x00000165b0c0c790 code [0x00000165b0c0c980, 0x00000165b0c0cef8]
Event: 1094.467 Thread 0x00000165c26c7280 9005       3       org.gradle.internal.watch.registry.impl.WatchableHierarchies$RemoveUnwatchedFiles::shouldBeRemoved (55 bytes)
Event: 1094.468 Thread 0x00000165c26c7280 nmethod 9005 0x00000165b0c0d110 code [0x00000165b0c0d300, 0x00000165b0c0d9d8]
Event: 1094.468 Thread 0x00000165c26c7280 9007       3       org.gradle.internal.watch.registry.impl.WatchableHierarchies::isInWatchableHierarchy (11 bytes)
Event: 1094.468 Thread 0x00000165c26c7280 nmethod 9007 0x00000165b0c0dc10 code [0x00000165b0c0ddc0, 0x00000165b0c0dfa8]
Event: 1094.468 Thread 0x00000165c26c7280 9006       3       org.gradle.internal.service.scopes.VirtualFileSystemServices$GradleUserHomeServices$$Lambda$117/0x0000000800de0000::test (12 bytes)
Event: 1094.468 Thread 0x00000165c26c7280 nmethod 9006 0x00000165b0c0e090 code [0x00000165b0c0e260, 0x00000165b0c0e6a8]
Event: 1094.468 Thread 0x00000165c5699d70 nmethod 8535 0x00000165b75ca410 code [0x00000165b75ca9c0, 0x00000165b75d1770]
Event: 1094.470 Thread 0x00000165c5699d70 8550       4       java.nio.ByteBuffer::array (35 bytes)
Event: 1094.470 Thread 0x00000165c5699d70 nmethod 8550 0x00000165b75d6390 code [0x00000165b75d6520, 0x00000165b75d65d8]
Event: 1094.470 Thread 0x00000165c5699d70 8651       4       com.google.common.collect.ImmutableList::construct (8 bytes)
Event: 1094.472 Thread 0x00000165c5699d70 nmethod 8651 0x00000165b75d6690 code [0x00000165b75d6820, 0x00000165b75d6978]
Event: 1094.472 Thread 0x00000165c5699d70 8604       4       io.spring.gradle.dependencymanagement.org.codehaus.plexus.interpolation.PrefixedValueSourceWrapper::getValue (39 bytes)
Event: 1094.487 Thread 0x00000165c26c7280 9008       3       org.gradle.internal.watch.vfs.impl.DefaultFileSystemWatchingStatistics$$Lambda$879/0x00000008012c2710::visitSnapshotRoot (9 bytes)
Event: 1094.488 Thread 0x00000165c26c7280 nmethod 9008 0x00000165b0c0e810 code [0x00000165b0c0ea20, 0x00000165b0c0f158]
Event: 1094.488 Thread 0x00000165c26c7280 9009       3       org.gradle.internal.watch.vfs.impl.DefaultFileSystemWatchingStatistics::lambda$getStatistics$1 (14 bytes)

GC Heap History (12 events):
Event: 0.414 GC heap before
{Heap before GC invocations=0 (full 0):
 garbage-first heap   total 262144K, used 28672K [0x00000000e0000000, 0x0000000100000000)
  region size 1024K, 23 young (23552K), 0 survivors (0K)
 Metaspace       used 3112K, committed 3264K, reserved 221184K
  class space    used 378K, committed 448K, reserved 212992K
}
Event: 0.418 GC heap after
{Heap after GC invocations=1 (full 0):
 garbage-first heap   total 262144K, used 9012K [0x00000000e0000000, 0x0000000100000000)
  region size 1024K, 3 young (3072K), 3 survivors (3072K)
 Metaspace       used 3112K, committed 3264K, reserved 221184K
  class space    used 378K, committed 448K, reserved 212992K
}
Event: 0.558 GC heap before
{Heap before GC invocations=1 (full 0):
 garbage-first heap   total 262144K, used 38708K [0x00000000e0000000, 0x0000000100000000)
  region size 1024K, 32 young (32768K), 3 survivors (3072K)
 Metaspace       used 4006K, committed 4224K, reserved 221184K
  class space    used 474K, committed 576K, reserved 212992K
}
Event: 0.560 GC heap after
{Heap after GC invocations=2 (full 0):
 garbage-first heap   total 262144K, used 12266K [0x00000000e0000000, 0x0000000100000000)
  region size 1024K, 3 young (3072K), 3 survivors (3072K)
 Metaspace       used 4006K, committed 4224K, reserved 221184K
  class space    used 474K, committed 576K, reserved 212992K
}
Event: 2.300 GC heap before
{Heap before GC invocations=2 (full 0):
 garbage-first heap   total 262144K, used 119786K [0x00000000e0000000, 0x0000000100000000)
  region size 1024K, 110 young (112640K), 3 survivors (3072K)
 Metaspace       used 20952K, committed 21248K, reserved 237568K
  class space    used 3103K, committed 3264K, reserved 212992K
}
Event: 2.307 GC heap after
{Heap after GC invocations=3 (full 0):
 garbage-first heap   total 262144K, used 20571K [0x00000000e0000000, 0x0000000100000000)
  region size 1024K, 12 young (12288K), 12 survivors (12288K)
 Metaspace       used 20952K, committed 21248K, reserved 237568K
  class space    used 3103K, committed 3264K, reserved 212992K
}
Event: 3.460 GC heap before
{Heap before GC invocations=4 (full 0):
 garbage-first heap   total 262144K, used 122971K [0x00000000e0000000, 0x0000000100000000)
  region size 1024K, 110 young (112640K), 12 survivors (12288K)
 Metaspace       used 35179K, committed 35520K, reserved 245760K
  class space    used 4771K, committed 4928K, reserved 212992K
}
Event: 3.470 GC heap after
{Heap after GC invocations=5 (full 0):
 garbage-first heap   total 262144K, used 29187K [0x00000000e0000000, 0x0000000100000000)
  region size 1024K, 18 young (18432K), 18 survivors (18432K)
 Metaspace       used 35179K, committed 35520K, reserved 245760K
  class space    used 4771K, committed 4928K, reserved 212992K
}
Event: 5.280 GC heap before
{Heap before GC invocations=6 (full 0):
 garbage-first heap   total 262144K, used 166403K [0x00000000e0000000, 0x0000000100000000)
  region size 1024K, 153 young (156672K), 18 survivors (18432K)
 Metaspace       used 46245K, committed 46720K, reserved 253952K
  class space    used 6347K, committed 6592K, reserved 212992K
}
Event: 5.295 GC heap after
{Heap after GC invocations=7 (full 0):
 garbage-first heap   total 262144K, used 40231K [0x00000000e0000000, 0x0000000100000000)
  region size 1024K, 20 young (20480K), 20 survivors (20480K)
 Metaspace       used 46245K, committed 46720K, reserved 253952K
  class space    used 6347K, committed 6592K, reserved 212992K
}
Event: 1093.959 GC heap before
{Heap before GC invocations=7 (full 0):
 garbage-first heap   total 262144K, used 175399K [0x00000000e0000000, 0x0000000100000000)
  region size 1024K, 153 young (156672K), 20 survivors (20480K)
 Metaspace       used 48929K, committed 49344K, reserved 262144K
  class space    used 6582K, committed 6784K, reserved 212992K
}
Event: 1093.971 GC heap after
{Heap after GC invocations=8 (full 0):
 garbage-first heap   total 262144K, used 45056K [0x00000000e0000000, 0x0000000100000000)
  region size 1024K, 6 young (6144K), 6 survivors (6144K)
 Metaspace       used 48929K, committed 49344K, reserved 262144K
  class space    used 6582K, committed 6784K, reserved 212992K
}

Deoptimization events (20 events):
Event: 1094.068 Thread 0x00000165c99cef40 Uncommon trap: trap_request=0xffffffde fr.pc=0x00000165b750c880 relative=0x00000000000007e0
Event: 1094.068 Thread 0x00000165c99cef40 Uncommon trap: reason=class_check action=maybe_recompile pc=0x00000165b750c880 method=java.util.stream.ReferencePipeline$7$1.accept(Ljava/lang/Object;)V @ 8 c2
Event: 1094.068 Thread 0x00000165c99cef40 DEOPT PACKING pc=0x00000165b750c880 sp=0x0000000a83bf8c30
Event: 1094.068 Thread 0x00000165c99cef40 DEOPT UNPACKING pc=0x00000165af6ad72e sp=0x0000000a83bf8be0 mode 2
Event: 1094.068 Thread 0x00000165c99cef40 Uncommon trap: trap_request=0xffffffc6 fr.pc=0x00000165b750b730 relative=0x0000000000000270
Event: 1094.068 Thread 0x00000165c99cef40 Uncommon trap: reason=bimorphic_or_optimized_type_check action=maybe_recompile pc=0x00000165b750b730 method=java.util.stream.ReferencePipeline$Head.forEach(Ljava/util/function/Consumer;)V @ 12 c2
Event: 1094.068 Thread 0x00000165c99cef40 DEOPT PACKING pc=0x00000165b750b730 sp=0x0000000a83bf8b90
Event: 1094.068 Thread 0x00000165c99cef40 DEOPT UNPACKING pc=0x00000165af6ad72e sp=0x0000000a83bf8b68 mode 2
Event: 1094.076 Thread 0x00000165c99cef40 Uncommon trap: trap_request=0xffffffc6 fr.pc=0x00000165b750b730 relative=0x0000000000000270
Event: 1094.076 Thread 0x00000165c99cef40 Uncommon trap: reason=bimorphic_or_optimized_type_check action=maybe_recompile pc=0x00000165b750b730 method=java.util.stream.ReferencePipeline$Head.forEach(Ljava/util/function/Consumer;)V @ 12 c2
Event: 1094.076 Thread 0x00000165c99cef40 DEOPT PACKING pc=0x00000165b750b730 sp=0x0000000a83bf8b90
Event: 1094.076 Thread 0x00000165c99cef40 DEOPT UNPACKING pc=0x00000165af6ad72e sp=0x0000000a83bf8b68 mode 2
Event: 1094.110 Thread 0x00000165c99cef40 Uncommon trap: trap_request=0xfffffff4 fr.pc=0x00000165b7568580 relative=0x0000000000000a80
Event: 1094.110 Thread 0x00000165c99cef40 Uncommon trap: reason=null_check action=make_not_entrant pc=0x00000165b7568580 method=org.gradle.internal.classpath.Instrumented$DecoratingEntrySet$1.computeNext()Ljava/util/Map$Entry; @ 16 c2
Event: 1094.110 Thread 0x00000165c99cef40 DEOPT PACKING pc=0x00000165b7568580 sp=0x0000000a83bfa4e0
Event: 1094.111 Thread 0x00000165c99cef40 DEOPT UNPACKING pc=0x00000165af6ad72e sp=0x0000000a83bfa398 mode 2
Event: 1094.303 Thread 0x00000165c99cef40 Uncommon trap: trap_request=0xffffff45 fr.pc=0x00000165b74bf834 relative=0x00000000000073f4
Event: 1094.303 Thread 0x00000165c99cef40 Uncommon trap: reason=unstable_if action=reinterpret pc=0x00000165b74bf834 method=io.spring.gradle.dependencymanagement.org.codehaus.plexus.interpolation.StringSearchInterpolator.interpolate(Ljava/lang/String;Lio/spring/gradle/dependencymanagement/org/cod
Event: 1094.303 Thread 0x00000165c99cef40 DEOPT PACKING pc=0x00000165b74bf834 sp=0x0000000a83bf9f40
Event: 1094.303 Thread 0x00000165c99cef40 DEOPT UNPACKING pc=0x00000165af6ad72e sp=0x0000000a83bf9f40 mode 2

Classes unloaded (0 events):
No events

Classes redefined (0 events):
No events

Internal exceptions (20 events):
Event: 4.631 Thread 0x00000165c632c580 Exception <a 'java/lang/IncompatibleClassChangeError'{0x00000000eaad5428}: Found class java.lang.Object, but interface was expected> (0x00000000eaad5428) 
thrown [t:\workspace\open\src\hotspot\share\interpreter\linkResolver.cpp, line 857]
Event: 4.725 Thread 0x00000165c632c580 Exception <a 'java/lang/IncompatibleClassChangeError'{0x00000000ea823688}: Found class java.lang.Object, but interface was expected> (0x00000000ea823688) 
thrown [t:\workspace\open\src\hotspot\share\interpreter\linkResolver.cpp, line 857]
Event: 4.738 Thread 0x00000165c632c580 Exception <a 'java/lang/IncompatibleClassChangeError'{0x00000000ea8ccb70}: Found class java.lang.Object, but interface was expected> (0x00000000ea8ccb70) 
thrown [t:\workspace\open\src\hotspot\share\interpreter\linkResolver.cpp, line 857]
Event: 4.747 Thread 0x00000165c632c580 Exception <a 'java/lang/ClassNotFoundException'{0x00000000ea53cda0}: org/gradle/api/internal/artifacts/configurations/DefaultConfiguration_DecoratedBeanInfo> (0x00000000ea53cda0) 
thrown [t:\workspace\open\src\hotspot\share\classfile\systemDictionary.cpp, line 256]
Event: 4.748 Thread 0x00000165c632c580 Exception <a 'java/lang/ClassNotFoundException'{0x00000000ea548610}: org/gradle/api/internal/artifacts/configurations/DefaultConfigurationBeanInfo> (0x00000000ea548610) 
thrown [t:\workspace\open\src\hotspot\share\classfile\systemDictionary.cpp, line 256]
Event: 4.748 Thread 0x00000165c632c580 Exception <a 'java/lang/ClassNotFoundException'{0x00000000ea5519f0}: org/gradle/api/internal/file/AbstractFileCollectionBeanInfo> (0x00000000ea5519f0) 
thrown [t:\workspace\open\src\hotspot\share\classfile\systemDictionary.cpp, line 256]
Event: 4.748 Thread 0x00000165c632c580 Exception <a 'java/lang/ClassNotFoundException'{0x00000000ea55ada0}: org/gradle/api/internal/file/AbstractFileCollectionCustomizer> (0x00000000ea55ada0) 
thrown [t:\workspace\open\src\hotspot\share\classfile\systemDictionary.cpp, line 256]
Event: 4.748 Thread 0x00000165c632c580 Exception <a 'java/lang/ClassNotFoundException'{0x00000000ea578720}: org/gradle/api/internal/artifacts/configurations/DefaultConfigurationCustomizer> (0x00000000ea578720) 
thrown [t:\workspace\open\src\hotspot\share\classfile\systemDictionary.cpp, line 256]
Event: 4.750 Thread 0x00000165c632c580 Exception <a 'java/lang/ClassNotFoundException'{0x00000000ea5dd9b8}: org/gradle/api/internal/artifacts/configurations/DefaultConfiguration_DecoratedCustomizer> (0x00000000ea5dd9b8) 
thrown [t:\workspace\open\src\hotspot\share\classfile\systemDictionary.cpp, line 256]
Event: 4.897 Thread 0x00000165c632c580 Implicit null exception at 0x00000165b7246460 to 0x00000165b72475b8
Event: 5.821 Thread 0x00000165c632c580 Exception <a 'java/lang/NoSuchMethodError'{0x00000000ebcd3838}: 'int java.lang.invoke.DirectMethodHandle$Holder.invokeStaticInit(java.lang.Object, java.lang.Object, java.lang.Object, java.lang.Object, java.lang.Object)'> (0x00000000ebcd3838) 
thrown [t:\workspace\open\src\hotspot\share\interpreter\linkResolver.cpp, line 790]
Event: 5.839 Thread 0x00000165c65c0520 Exception <a 'java/lang/NoSuchMethodError'{0x00000000eff20938}: static Lorg/gradle/internal/build/event/types/DefaultTaskFinishedProgressEvent;.<clinit>()V> (0x00000000eff20938) 
thrown [t:\workspace\open\src\hotspot\share\prims\jni.cpp, line 1210]
Event: 5.841 Thread 0x00000165c65c0520 Exception <a 'java/lang/NoSuchMethodError'{0x00000000eba3fa00}: static Lorg/gradle/internal/build/event/types/DefaultTaskSuccessResult;.<clinit>()V> (0x00000000eba3fa00) 
thrown [t:\workspace\open\src\hotspot\share\prims\jni.cpp, line 1210]
Event: 5.842 Thread 0x00000165c65c0520 Exception <a 'java/lang/NoSuchMethodError'{0x00000000eba40d28}: static Lorg/gradle/internal/build/event/types/AbstractTaskResult;.<clinit>()V> (0x00000000eba40d28) 
thrown [t:\workspace\open\src\hotspot\share\prims\jni.cpp, line 1210]
Event: 5.842 Thread 0x00000165c65c0520 Exception <a 'java/lang/NoSuchMethodError'{0x00000000eba42308}: static Lorg/gradle/internal/build/event/types/AbstractResult;.<clinit>()V> (0x00000000eba42308) 
thrown [t:\workspace\open\src\hotspot\share\prims\jni.cpp, line 1210]
Event: 5.901 Thread 0x00000165c3a7e060 Exception <a 'java/lang/NoSuchMethodError'{0x00000000eb7a3fa8}: 'int java.lang.invoke.DirectMethodHandle$Holder.invokeVirtual(java.lang.Object, java.lang.Object, java.lang.Object)'> (0x00000000eb7a3fa8) 
thrown [t:\workspace\open\src\hotspot\share\interpreter\linkResolver.cpp, line 790]
Event: 11.118 Thread 0x00000165c3a7eb00 Implicit null exception at 0x00000165b716b4d5 to 0x00000165b716ba64
Event: 11.118 Thread 0x00000165c3a7eb00 Implicit null exception at 0x00000165b71770d2 to 0x00000165b717764c
Event: 1093.571 Thread 0x00000165c98f8aa0 Exception <a 'java/lang/NoClassDefFoundError'{0x00000000e8990ea8}: org/jetbrains/kotlin/gradle/plugin/KotlinPluginWrapper> (0x00000000e8990ea8) 
thrown [t:\workspace\open\src\hotspot\share\oops\constantPool.cpp, line 809]
Event: 1094.110 Thread 0x00000165c99cef40 Implicit null exception at 0x00000165b7567fc0 to 0x00000165b7568570

Events (20 events):
Event: 1094.259 Thread 0x00000165c59dbc70 Thread added: 0x00000165c59dbc70
Event: 1094.267 Thread 0x00000165c59ddc50 Thread added: 0x00000165c59ddc50
Event: 1094.273 Thread 0x00000165c59dcc60 Thread added: 0x00000165c59dcc60
Event: 1094.280 Thread 0x00000165c59dc1c0 Thread added: 0x00000165c59dc1c0
Event: 1094.288 Thread 0x00000165c59dc710 Thread added: 0x00000165c59dc710
Event: 1094.296 Thread 0x00000165c59db1d0 Thread added: 0x00000165c59db1d0
Event: 1094.300 Thread 0x00000165c59dac80 Thread added: 0x00000165c59dac80
Event: 1094.307 Thread 0x00000165c59de1a0 Thread added: 0x00000165c59de1a0
Event: 1094.311 Thread 0x00000165c59dd1b0 Thread added: 0x00000165c59dd1b0
Event: 1094.326 Thread 0x00000165c59dd700 Thread added: 0x00000165c59dd700
Event: 1094.346 Thread 0x00000165c98cf520 Thread added: 0x00000165c98cf520
Event: 1094.428 Executing  VM operation: ICBufferFull
Event: 1094.428 Executing  VM operation: ICBufferFull done
Event: 1094.464 Thread 0x00000165c99cc4c0 Thread exited: 0x00000165c99cc4c0
Event: 1094.464 Thread 0x00000165c99c7fb0 Thread exited: 0x00000165c99c7fb0
Event: 1094.464 Thread 0x00000165c99c8500 Thread exited: 0x00000165c99c8500
Event: 1094.464 Thread 0x00000165c99c94f0 Thread exited: 0x00000165c99c94f0
Event: 1094.464 Thread 0x00000165c99c8a50 Thread exited: 0x00000165c99c8a50
Event: 1094.464 Thread 0x00000165c99c9a40 Thread exited: 0x00000165c99c9a40
Event: 1094.464 Thread 0x00000165c99cef40 Thread exited: 0x00000165c99cef40


Dynamic libraries:
0x00007ff63c900000 - 0x00007ff63c90e000 	C:\Users\PC-YK-D-1\.jdks\openjdk-16.0.2\bin\java.exe
0x00007ffc92ad0000 - 0x00007ffc92cc5000 	C:\Windows\SYSTEM32\ntdll.dll
0x00007ffc90de0000 - 0x00007ffc90e9d000 	C:\Windows\System32\KERNEL32.DLL
0x00007ffc90210000 - 0x00007ffc904d9000 	C:\Windows\System32\KERNELBASE.dll
0x00007ffc909b0000 - 0x00007ffc90ab0000 	C:\Windows\System32\ucrtbase.dll
0x00007ffc86390000 - 0x00007ffc863a8000 	C:\Users\PC-YK-D-1\.jdks\openjdk-16.0.2\bin\jli.dll
0x00007ffc7ec70000 - 0x00007ffc7ec89000 	C:\Users\PC-YK-D-1\.jdks\openjdk-16.0.2\bin\VCRUNTIME140.dll
0x00007ffc92320000 - 0x00007ffc924c0000 	C:\Windows\System32\USER32.dll
0x00007ffc90920000 - 0x00007ffc90942000 	C:\Windows\System32\win32u.dll
0x00007ffc91a70000 - 0x00007ffc91a9a000 	C:\Windows\System32\GDI32.dll
0x00007ffc70160000 - 0x00007ffc703fa000 	C:\Windows\WinSxS\amd64_microsoft.windows.common-controls_6595b64144ccf1df_6.0.19041.1110_none_60b5254171f9507e\COMCTL32.dll
0x00007ffc904e0000 - 0x00007ffc905eb000 	C:\Windows\System32\gdi32full.dll
0x00007ffc91ce0000 - 0x00007ffc91d7e000 	C:\Windows\System32\msvcrt.dll
0x00007ffc90800000 - 0x00007ffc9089d000 	C:\Windows\System32\msvcp_win.dll
0x00007ffc91e60000 - 0x00007ffc91e90000 	C:\Windows\System32\IMM32.DLL
0x00007ffc86310000 - 0x00007ffc8631c000 	C:\Users\PC-YK-D-1\.jdks\openjdk-16.0.2\bin\vcruntime140_1.dll
0x00007ffc45070000 - 0x00007ffc45101000 	C:\Users\PC-YK-D-1\.jdks\openjdk-16.0.2\bin\msvcp140.dll
0x00007ffc24fe0000 - 0x00007ffc25b8b000 	C:\Users\PC-YK-D-1\.jdks\openjdk-16.0.2\bin\server\jvm.dll
0x00007ffc90fd0000 - 0x00007ffc9107c000 	C:\Windows\System32\ADVAPI32.dll
0x00007ffc91b20000 - 0x00007ffc91bbb000 	C:\Windows\System32\sechost.dll
0x00007ffc91e90000 - 0x00007ffc91fba000 	C:\Windows\System32\RPCRT4.dll
0x00007ffc90b40000 - 0x00007ffc90b48000 	C:\Windows\System32\PSAPI.DLL
0x00007ffc89af0000 - 0x00007ffc89b17000 	C:\Windows\SYSTEM32\WINMM.dll
0x00007ffc765f0000 - 0x00007ffc765f9000 	C:\Windows\SYSTEM32\WSOCK32.dll
0x00007ffc8a970000 - 0x00007ffc8a97a000 	C:\Windows\SYSTEM32\VERSION.dll
0x00007ffc91a00000 - 0x00007ffc91a6b000 	C:\Windows\System32\WS2_32.dll
0x00007ffc8e120000 - 0x00007ffc8e132000 	C:\Windows\SYSTEM32\kernel.appcore.dll
0x00007ffc86210000 - 0x00007ffc8621a000 	C:\Users\PC-YK-D-1\.jdks\openjdk-16.0.2\bin\jimage.dll
0x00007ffc73220000 - 0x00007ffc73404000 	C:\Windows\SYSTEM32\DBGHELP.DLL
0x00007ffc72850000 - 0x00007ffc7287c000 	C:\Windows\SYSTEM32\dbgcore.DLL
0x00007ffc90ab0000 - 0x00007ffc90b33000 	C:\Windows\System32\bcryptPrimitives.dll
0x00007ffc65360000 - 0x00007ffc65385000 	C:\Users\PC-YK-D-1\.jdks\openjdk-16.0.2\bin\java.dll
0x00007ffc91130000 - 0x00007ffc9186f000 	C:\Windows\System32\SHELL32.dll
0x00007ffc8e320000 - 0x00007ffc8eab1000 	C:\Windows\SYSTEM32\windows.storage.dll
0x00007ffc91fc0000 - 0x00007ffc92315000 	C:\Windows\System32\combase.dll
0x00007ffc8fba0000 - 0x00007ffc8fbcc000 	C:\Windows\SYSTEM32\Wldp.dll
0x00007ffc929e0000 - 0x00007ffc92a8e000 	C:\Windows\System32\SHCORE.dll
0x00007ffc90d80000 - 0x00007ffc90dd5000 	C:\Windows\System32\shlwapi.dll
0x00007ffc90150000 - 0x00007ffc9016f000 	C:\Windows\SYSTEM32\profapi.dll
0x00007ffc693b0000 - 0x00007ffc693c9000 	C:\Users\PC-YK-D-1\.jdks\openjdk-16.0.2\bin\net.dll
0x00007ffc88bf0000 - 0x00007ffc88cfa000 	C:\Windows\SYSTEM32\WINHTTP.dll
0x00007ffc8f980000 - 0x00007ffc8f9ea000 	C:\Windows\system32\mswsock.dll
0x00007ffc63d80000 - 0x00007ffc63d93000 	C:\Users\PC-YK-D-1\.jdks\openjdk-16.0.2\bin\nio.dll
0x00007ffc63d60000 - 0x00007ffc63d78000 	C:\Users\PC-YK-D-1\.jdks\openjdk-16.0.2\bin\zip.dll
0x00007ffc85010000 - 0x00007ffc85020000 	C:\Users\PC-YK-D-1\.jdks\openjdk-16.0.2\bin\verify.dll
0x00007ffc693d0000 - 0x00007ffc693f7000 	F:\Yunus Files\gradle-7.1.1-all\native\8bec1ad78214c89d9ad589b4d07fe93259594b29d510b10fafb7a158f7737e5d\windows-amd64\native-platform.dll
0x00007ffc31ba0000 - 0x00007ffc31cdd000 	F:\Yunus Files\gradle-7.1.1-all\native\53dbd7edfb1c66fb8903c78663c9afc45aea4f116125fa6feffd364cf09443e8\windows-amd64\native-platform-file-events.dll
0x00007ffc7cd20000 - 0x00007ffc7cd29000 	C:\Users\PC-YK-D-1\.jdks\openjdk-16.0.2\bin\management.dll
0x00007ffc74ff0000 - 0x00007ffc74ffb000 	C:\Users\PC-YK-D-1\.jdks\openjdk-16.0.2\bin\management_ext.dll
0x00007ffc8fbe0000 - 0x00007ffc8fbf8000 	C:\Windows\SYSTEM32\CRYPTSP.dll
0x00007ffc8f2d0000 - 0x00007ffc8f304000 	C:\Windows\system32\rsaenh.dll
0x00007ffc908a0000 - 0x00007ffc908c7000 	C:\Windows\System32\bcrypt.dll
0x00007ffc90110000 - 0x00007ffc9013e000 	C:\Windows\SYSTEM32\USERENV.dll
0x00007ffc8fb00000 - 0x00007ffc8fb0c000 	C:\Windows\SYSTEM32\CRYPTBASE.dll
0x00007ffc8f640000 - 0x00007ffc8f67b000 	C:\Windows\SYSTEM32\IPHLPAPI.DLL
0x00007ffc91aa0000 - 0x00007ffc91aa8000 	C:\Windows\System32\NSI.dll
0x00007ffc8ab10000 - 0x00007ffc8ab27000 	C:\Windows\SYSTEM32\dhcpcsvc6.DLL
0x00007ffc8aaf0000 - 0x00007ffc8ab0d000 	C:\Windows\SYSTEM32\dhcpcsvc.DLL
0x00007ffc8f690000 - 0x00007ffc8f75c000 	C:\Windows\SYSTEM32\DNSAPI.dll
0x00007ffc70970000 - 0x00007ffc7097e000 	C:\Users\PC-YK-D-1\.jdks\openjdk-16.0.2\bin\sunmscapi.dll
0x00007ffc906a0000 - 0x00007ffc907ff000 	C:\Windows\System32\CRYPT32.dll
0x00007ffc8fcf0000 - 0x00007ffc8fd17000 	C:\Windows\SYSTEM32\ncrypt.dll
0x00007ffc8fcb0000 - 0x00007ffc8fceb000 	C:\Windows\SYSTEM32\NTASN1.dll
0x00007ffc69c40000 - 0x00007ffc69c47000 	C:\Windows\system32\wshunix.dll

dbghelp: loaded successfully - version: 4.0.5 - missing functions: none
symbol engine: initialized successfully - sym options: 0x614 - pdb path: .;C:\Users\PC-YK-D-1\.jdks\openjdk-16.0.2\bin;C:\Windows\SYSTEM32;C:\Windows\WinSxS\amd64_microsoft.windows.common-controls_6595b64144ccf1df_6.0.19041.1110_none_60b5254171f9507e;C:\Users\PC-YK-D-1\.jdks\openjdk-16.0.2\bin\server;F:\Yunus Files\gradle-7.1.1-all\native\8bec1ad78214c89d9ad589b4d07fe93259594b29d510b10fafb7a158f7737e5d\windows-amd64;F:\Yunus Files\gradle-7.1.1-all\native\53dbd7edfb1c66fb8903c78663c9afc45aea4f116125fa6feffd364cf09443e8\windows-amd64

VM Arguments:
jvm_args: --add-opens=java.base/java.util=ALL-UNNAMED --add-opens=java.base/java.lang=ALL-UNNAMED --add-opens=java.base/java.lang.invoke=ALL-UNNAMED --add-opens=java.base/java.util=ALL-UNNAMED --add-opens=java.prefs/java.util.prefs=ALL-UNNAMED --add-opens=java.prefs/java.util.prefs=ALL-UNNAMED --add-opens=java.base/java.nio.charset=ALL-UNNAMED --add-opens=java.base/java.net=ALL-UNNAMED --add-opens=java.base/java.util.concurrent.atomic=ALL-UNNAMED -XX:MaxMetaspaceSize=256m -XX:+HeapDumpOnOutOfMemoryError -Xms256m -Xmx512m -Dfile.encoding=windows-1252 -Duser.country=US -Duser.language=en -Duser.variant 
java_command: org.gradle.launcher.daemon.bootstrap.GradleDaemon 7.1.1
java_class_path (initial): F:\Yunus Files\gradle-7.1.1-all\wrapper\dists\gradle-7.1.1-bin\f29rtwfnc96ub43tt7p47zsru\gradle-7.1.1\lib\gradle-launcher-7.1.1.jar
Launcher Type: SUN_STANDARD

[Global flags]
     intx CICompilerCount                          = 4                                         {product} {ergonomic}
   size_t CompressedClassSpaceSize                 = 218103808                                 {product} {ergonomic}
     uint ConcGCThreads                            = 2                                         {product} {ergonomic}
     uint G1ConcRefinementThreads                  = 8                                         {product} {ergonomic}
   size_t G1HeapRegionSize                         = 1048576                                   {product} {ergonomic}
    uintx GCDrainStackTargetSize                   = 64                                        {product} {ergonomic}
     bool HeapDumpOnOutOfMemoryError               = true                                   {manageable} {command line}
   size_t InitialHeapSize                          = 268435456                                 {product} {command line}
   size_t MarkStackSize                            = 4194304                                   {product} {ergonomic}
   size_t MaxHeapSize                              = 536870912                                 {product} {command line}
   size_t MaxMetaspaceSize                         = 268435456                                 {product} {command line}
   size_t MaxNewSize                               = 321912832                                 {product} {ergonomic}
   size_t MinHeapDeltaBytes                        = 1048576                                   {product} {ergonomic}
   size_t MinHeapSize                              = 268435456                                 {product} {command line}
    uintx NonNMethodCodeHeapSize                   = 5839372                                {pd product} {ergonomic}
    uintx NonProfiledCodeHeapSize                  = 122909434                              {pd product} {ergonomic}
    uintx ProfiledCodeHeapSize                     = 122909434                              {pd product} {ergonomic}
    uintx ReservedCodeCacheSize                    = 251658240                              {pd product} {ergonomic}
     bool SegmentedCodeCache                       = true                                      {product} {ergonomic}
   size_t SoftMaxHeapSize                          = 536870912                              {manageable} {ergonomic}
     bool UseCompressedClassPointers               = true                           {product lp64_product} {ergonomic}
     bool UseCompressedOops                        = true                           {product lp64_product} {ergonomic}
     bool UseG1GC                                  = true                                      {product} {ergonomic}
     bool UseLargePagesIndividualAllocation        = false                                  {pd product} {ergonomic}

Logging:
Log output configuration:
 #0: stdout all=warning uptime,level,tags
 #1: stderr all=off uptime,level,tags

Environment Variables:
PATH=C:\Program Files\Common Files\Oracle\Java\javapath;C:\Program Files (x86)\Common Files\Oracle\Java\javapath;C:\Windows\system32;C:\Windows;C:\Windows\System32\Wbem;C:\Windows\System32\WindowsPowerShell\v1.0\;C:\Windows\System32\OpenSSH\;C:\Program Files\7-Zip;C:\Program Files (x86)\NVIDIA Corporation\PhysX\Common;C:\Program Files\NVIDIA Corporation\NVIDIA NvDLISR;C:\Program Files\Docker\Docker\resources\bin;C:\ProgramData\DockerDesktop\version-bin;C:\Program Files\Git\cmd;C:\Program Files (x86)\Microsoft SQL Server\110\Tools\Binn\;C:\Program Files\Microsoft SQL Server\110\Tools\Binn\;C:\Program Files\Microsoft SQL Server\110\DTS\Binn\;C:\Users\PC-YK-D-1\AppData\Local\Microsoft\WindowsApps;
USERNAME=PC-YK-D-1
OS=Windows_NT
PROCESSOR_IDENTIFIER=Intel64 Family 6 Model 158 Stepping 9, GenuineIntel



---------------  S Y S T E M  ---------------

OS:
 Windows 10 , 64 bit Build 19041 (10.0.19041.1023)
OS uptime: 13 days 6:53 hours
Hyper-V role detected

CPU: total 8 (initial active 8) (4 cores per cpu, 2 threads per core) family 6 model 158 stepping 9 microcode 0xb4, cx8, cmov, fxsr, ht, mmx, 3dnowpref, sse, sse2, sse3, ssse3, sse4.1, sse4.2, popcnt, lzcnt, tsc, tscinvbit, avx, avx2, aes, erms, clmul, bmi1, bmi2, rtm, adx, fma, vzeroupper, clflush, clflushopt, hv

Memory: 4k page, system-wide physical 16343M (7269M free)
TotalPageFile size 21852M (AvailPageFile size 3542M)
current process WorkingSet (physical memory assigned to process): 416M, peak: 433M
current process commit charge ("private bytes"): 505M, peak: 526M

vm_info: OpenJDK 64-Bit Server VM (16.0.2+7-67) for windows-amd64 JRE (16.0.2+7-67), built on Jun  8 2021 23:21:43 by "mach5one" with MS VC++ 16.7 (VS2019)

END.
