#
# A fatal error has been detected by the Java Runtime Environment:
#
#  EXCEPTION_ACCESS_VIOLATION (0xc0000005) at pc=0x00007ffc3f2dc4be, pid=13364, tid=10380
#
# JRE version: OpenJDK Runtime Environment (16.0.2+7) (build 16.0.2+7-67)
# Java VM: OpenJDK 64-Bit Server VM (16.0.2+7-67, mixed mode, sharing, tiered, compressed oops, compressed class ptrs, g1 gc, windows-amd64)
# Problematic frame:
# C  [native-platform-file-events.dll+0x1c4be]
#
# No core dump will be written. Minidumps are not enabled by default on client versions of Windows
#
# If you would like to submit a bug report, please visit:
#   https://bugreport.java.com/bugreport/crash.jsp
# The crash happened outside the Java Virtual Machine in native code.
# See problematic frame for where to report the bug.
#

---------------  S U M M A R Y ------------

Command Line: -XX:MaxMetaspaceSize=256m -XX:+HeapDumpOnOutOfMemoryError --add-opens=java.base/java.util=ALL-UNNAMED --add-opens=java.base/java.lang=ALL-UNNAMED --add-opens=java.base/java.lang.invoke=ALL-UNNAMED --add-opens=java.base/java.util=ALL-UNNAMED --add-opens=java.prefs/java.util.prefs=ALL-UNNAMED --add-opens=java.prefs/java.util.prefs=ALL-UNNAMED --add-opens=java.base/java.nio.charset=ALL-UNNAMED --add-opens=java.base/java.net=ALL-UNNAMED --add-opens=java.base/java.util.concurrent.atomic=ALL-UNNAMED -Xms256m -Xmx512m -Dfile.encoding=windows-1252 -Duser.country=US -Duser.language=en -Duser.variant org.gradle.launcher.daemon.bootstrap.GradleDaemon 7.1.1

Host: Intel(R) Core(TM) i7-7700 CPU @ 3.60GHz, 8 cores, 15G,  Windows 10 , 64 bit Build 19041 (10.0.19041.1023)
Time: Sat Jul 24 13:44:10 2021 Azerbaijan Standard Time elapsed time: 3420.283398 seconds (0d 0h 57m 0s)

---------------  T H R E A D  ---------------

Current thread (0x000002117cdd3470):  JavaThread "File watcher server" daemon [_thread_in_native, id=10380, stack(0x0000003b1dc00000,0x0000003b1dd00000)]

Stack: [0x0000003b1dc00000,0x0000003b1dd00000],  sp=0x0000003b1dcfe5b0,  free space=1017k
Native frames: (J=compiled Java code, j=interpreted, Vv=VM code, C=native code)
C  [native-platform-file-events.dll+0x1c4be]

Java frames: (J=compiled Java code, j=interpreted, Vv=VM code)
j  net.rubygrapefruit.platform.internal.jni.AbstractFileEventFunctions$NativeFileWatcher.executeRunLoop0(Ljava/lang/Object;)V+0
j  net.rubygrapefruit.platform.internal.jni.AbstractFileEventFunctions$NativeFileWatcher.access$100(Lnet/rubygrapefruit/platform/internal/jni/AbstractFileEventFunctions$NativeFileWatcher;Ljava/lang/Object;)V+2
j  net.rubygrapefruit.platform.internal.jni.AbstractFileEventFunctions$NativeFileWatcher$1.run()V+26
v  ~StubRoutines::call_stub

siginfo: EXCEPTION_ACCESS_VIOLATION (0xc0000005), reading address 0xffffffffffffffff


Register to memory mapping:

RIP=0x00007ffc3f2dc4be native-platform-file-events.dll
RAX=0x0062002d00740073 is an unknown value
RBX=0x0000000000000001 is an unknown value
RCX=0x0062002d00740073 is an unknown value
RDX=0x0000003b1dcfe608 is pointing into the stack for thread: 0x000002117cdd3470
RSP=0x0000003b1dcfe5b0 is pointing into the stack for thread: 0x000002117cdd3470
RBP=0x0000003b1dcfefa8 is pointing into the stack for thread: 0x000002117cdd3470
RSI=0x0 is NULL
RDI=0x00000000ffffffff is an unallocated location in the heap
R8 =0x0000003b1dcfe610 is pointing into the stack for thread: 0x000002117cdd3470
R9 =0x000000007ffec000 points into unknown readable memory: 0x0000000000000001 | 01 00 00 00 00 00 00 00
R10=0x0000000000000001 is an unknown value
R11=0x0000044abd82a62e is an unknown value
R12=0x0 is NULL
R13={method} {0x000002117e6a3c30} 'executeRunLoop0' '(Ljava/lang/Object;)V' in 'net/rubygrapefruit/platform/internal/jni/AbstractFileEventFunctions$NativeFileWatcher'
R14=0x0000003b1dcfefd0 is pointing into the stack for thread: 0x000002117cdd3470
R15=0x000002117cdd3470 is a thread


Registers:
RAX=0x0062002d00740073, RBX=0x0000000000000001, RCX=0x0062002d00740073, RDX=0x0000003b1dcfe608
RSP=0x0000003b1dcfe5b0, RBP=0x0000003b1dcfefa8, RSI=0x0000000000000000, RDI=0x00000000ffffffff
R8 =0x0000003b1dcfe610, R9 =0x000000007ffec000, R10=0x0000000000000001, R11=0x0000044abd82a62e
R12=0x0000000000000000, R13=0x000002117e6a3c28, R14=0x0000003b1dcfefd0, R15=0x000002117cdd3470
RIP=0x00007ffc3f2dc4be, EFLAGS=0x0000000000010206

Top of Stack: (sp=0x0000003b1dcfe5b0)
0x0000003b1dcfe5b0:   00027f9d304fb704 00027f9d25c2d21c
0x0000003b1dcfe5c0:   00027f9d304fb704 00007ffc3f2f7be5
0x0000003b1dcfe5d0:   0000003b1dcfe688 0000003b1dcfe608
0x0000003b1dcfe5e0:   0000003b00000000 0000003b1dcfe618
0x0000003b1dcfe5f0:   0000003b1dcf0001 0000066569716fe9
0x0000003b1dcfe600:   0000003b1dcfe610 00000000000000b1
0x0000003b1dcfe610:   00027f9d25c2d21c 00027f9d304fb704
0x0000003b1dcfe620:   0000003b1dcfefd0 00007ffc3f2f7777
0x0000003b1dcfe630:   0000003b1dcfe688 0000003b1dcfe680
0x0000003b1dcfe640:   000002117a5ee1a0 00000008001f8100
0x0000003b1dcfe650:   0000000000000000 00007ffc3f2e8bee
0x0000003b1dcfe660:   00027f9d304fb704 00000000000000b1
0x0000003b1dcfe670:   0000003b1c7fc040 0000003b1dcfe6e0
0x0000003b1dcfe680:   00003cd79c66e0dd 00000000000000b1
0x0000003b1dcfe690:   0000000000000000 00007ffc3f2dc6ec
0x0000003b1dcfe6a0:   0062002d00740073 0000003b00000003 

Instructions: (pc=0x00007ffc3f2dc4be)
0x00007ffc3f2dc3be:   8b 00 48 89 44 24 38 48 8b 44 24 38 48 89 44 24
0x00007ffc3f2dc3ce:   58 48 8b 84 24 b0 00 00 00 48 83 c0 08 48 89 44
0x00007ffc3f2dc3de:   24 40 48 8d 54 24 70 48 8b 4c 24 40 e8 26 50 fe
0x00007ffc3f2dc3ee:   ff 48 8b 00 48 89 44 24 48 48 8b 44 24 48 48 89
0x00007ffc3f2dc3fe:   44 24 60 4c 8b 4c 24 50 4c 8b 44 24 58 48 8b 54
0x00007ffc3f2dc40e:   24 60 48 8d 4c 24 78 e8 31 92 fe ff 48 8d 4c 24
0x00007ffc3f2dc41e:   78 e8 8b 6a fe ff 48 8b c8 ff 15 db ab 11 00 89
0x00007ffc3f2dc42e:   44 24 24 83 7c 24 24 ff 74 15 8b 44 24 24 83 e0
0x00007ffc3f2dc43e:   10 85 c0 74 0a c7 44 24 28 01 00 00 00 eb 08 c7
0x00007ffc3f2dc44e:   44 24 28 00 00 00 00 0f b6 44 24 28 88 44 24 20
0x00007ffc3f2dc45e:   48 8d 4c 24 78 e8 1f 97 fe ff 0f b6 44 24 20 48
0x00007ffc3f2dc46e:   8b 8c 24 98 00 00 00 48 33 cc e8 8f 76 fe ff 48
0x00007ffc3f2dc47e:   81 c4 a8 00 00 00 c3 cc cc cc cc cc cc cc cc cc
0x00007ffc3f2dc48e:   cc cc 48 89 4c 24 08 48 81 ec e8 00 00 00 48 8b
0x00007ffc3f2dc49e:   05 a5 7d 10 00 48 33 c4 48 89 84 24 d0 00 00 00
0x00007ffc3f2dc4ae:   c7 44 24 30 00 00 00 00 48 8b 84 24 f0 00 00 00
0x00007ffc3f2dc4be:   83 78 68 03 0f 84 02 01 00 00 48 8b 84 24 f0 00
0x00007ffc3f2dc4ce:   00 00 48 8b 48 28 ff 15 36 ab 11 00 89 44 24 38
0x00007ffc3f2dc4de:   83 7c 24 38 00 0f 85 d0 00 00 00 ba 07 00 00 00
0x00007ffc3f2dc4ee:   48 8b 0d 1b b0 10 00 e8 48 a4 fe ff 88 44 24 34
0x00007ffc3f2dc4fe:   0f b6 44 24 34 85 c0 0f 84 90 00 00 00 ff 15 07
0x00007ffc3f2dc50e:   ab 11 00 89 44 24 3c 48 8b 84 24 f0 00 00 00 48
0x00007ffc3f2dc51e:   83 c0 08 48 8b d0 48 8d 8c 24 90 00 00 00 e8 05
0x00007ffc3f2dc52e:   51 fe ff 48 89 44 24 40 48 8b 44 24 40 48 89 44
0x00007ffc3f2dc53e:   24 48 8b 44 24 30 83 c8 01 89 44 24 30 48 8b 4c
0x00007ffc3f2dc54e:   24 48 e8 d5 52 fe ff 48 89 44 24 50 48 8b 84 24
0x00007ffc3f2dc55e:   f0 00 00 00 48 8b 40 28 48 89 44 24 58 8b 44 24
0x00007ffc3f2dc56e:   3c 89 44 24 28 48 8b 44 24 50 48 89 44 24 20 4c
0x00007ffc3f2dc57e:   8b 4c 24 58 4c 8d 05 77 af 0d 00 ba 07 00 00 00
0x00007ffc3f2dc58e:   48 8b 0d 7b af 10 00 e8 f8 71 fe ff 90 8b 44 24
0x00007ffc3f2dc59e:   30 83 e0 01 85 c0 74 13 83 64 24 30 fe 48 8d 8c
0x00007ffc3f2dc5ae:   24 90 00 00 00 e8 e7 5a fe ff 90 eb 00 48 8b 84 


Stack slot to memory mapping:
stack at sp + 0 slots: 0x00027f9d304fb704 is an unknown value
stack at sp + 1 slots: 0x00027f9d25c2d21c is an unknown value
stack at sp + 2 slots: 0x00027f9d304fb704 is an unknown value
stack at sp + 3 slots: 0x00007ffc3f2f7be5 native-platform-file-events.dll
stack at sp + 4 slots: 0x0000003b1dcfe688 is pointing into the stack for thread: 0x000002117cdd3470
stack at sp + 5 slots: 0x0000003b1dcfe608 is pointing into the stack for thread: 0x000002117cdd3470
stack at sp + 6 slots: 0x0000003b00000000 is an unknown value
stack at sp + 7 slots: 0x0000003b1dcfe618 is pointing into the stack for thread: 0x000002117cdd3470


---------------  P R O C E S S  ---------------

Threads class SMR info:
_java_thread_list=0x000002117bc5f000, length=41, elements={
0x000002115cc0a190, 0x00000211792f5170, 0x00000211792f5c80, 0x00000211793091e0,
0x0000021179309cf0, 0x000002117930d620, 0x0000021179312440, 0x0000021179313130,
0x000002117931bb40, 0x0000021179326880, 0x0000021179e06d70, 0x0000021179e08d50,
0x0000021179e05d80, 0x0000021179e082b0, 0x0000021179e092a0, 0x000002117cdd6990,
0x000002117cdd29d0, 0x000002117cdd09f0, 0x000002117cdd3470, 0x000002117cdd39c0,
0x000002117cdd3f10, 0x000002117cdd6440, 0x000002117cdd6ee0, 0x000002117cdd5450,
0x000002117cdd19e0, 0x000002117cdd7430, 0x000002117cdd7980, 0x000002117cdd1f30,
0x000002117cdd59a0, 0x000002117cdd5ef0, 0x0000021179e072c0, 0x000002117edf0390,
0x00000211008be240, 0x00000211008be790, 0x000002117d9b1350, 0x000002117d9ac8f0,
0x000002117d9ade30, 0x0000021101eb5950, 0x0000021101eb6940, 0x0000021101eb6e90,
0x0000021101eb83d0
}

Java Threads: ( => current thread )
  0x000002115cc0a190 JavaThread "main" [_thread_blocked, id=14944, stack(0x0000003b1b400000,0x0000003b1b500000)]
  0x00000211792f5170 JavaThread "Reference Handler" daemon [_thread_blocked, id=13896, stack(0x0000003b1bb00000,0x0000003b1bc00000)]
  0x00000211792f5c80 JavaThread "Finalizer" daemon [_thread_blocked, id=15000, stack(0x0000003b1bc00000,0x0000003b1bd00000)]
  0x00000211793091e0 JavaThread "Signal Dispatcher" daemon [_thread_blocked, id=13368, stack(0x0000003b1bd00000,0x0000003b1be00000)]
  0x0000021179309cf0 JavaThread "Attach Listener" daemon [_thread_blocked, id=5576, stack(0x0000003b1be00000,0x0000003b1bf00000)]
  0x000002117930d620 JavaThread "Service Thread" daemon [_thread_blocked, id=14156, stack(0x0000003b1bf00000,0x0000003b1c000000)]
  0x0000021179312440 JavaThread "Monitor Deflation Thread" daemon [_thread_blocked, id=17940, stack(0x0000003b1c000000,0x0000003b1c100000)]
  0x0000021179313130 JavaThread "C2 CompilerThread0" daemon [_thread_in_native, id=7824, stack(0x0000003b1c100000,0x0000003b1c200000)]
  0x000002117931bb40 JavaThread "C1 CompilerThread0" daemon [_thread_blocked, id=7176, stack(0x0000003b1c200000,0x0000003b1c300000)]
  0x0000021179326880 JavaThread "Sweeper thread" daemon [_thread_blocked, id=9564, stack(0x0000003b1c300000,0x0000003b1c400000)]
  0x0000021179e06d70 JavaThread "Common-Cleaner" daemon [_thread_blocked, id=8372, stack(0x0000003b1c400000,0x0000003b1c500000)]
  0x0000021179e08d50 JavaThread "Notification Thread" daemon [_thread_blocked, id=14176, stack(0x0000003b1c500000,0x0000003b1c600000)]
  0x0000021179e05d80 JavaThread "Daemon health stats" [_thread_blocked, id=9048, stack(0x0000003b1ce00000,0x0000003b1cf00000)]
  0x0000021179e082b0 JavaThread "Incoming local TCP Connector on port 52792" [_thread_in_native, id=12532, stack(0x0000003b1cf00000,0x0000003b1d000000)]
  0x0000021179e092a0 JavaThread "Daemon periodic checks" [_thread_blocked, id=6600, stack(0x0000003b1d000000,0x0000003b1d100000)]
  0x000002117cdd6990 JavaThread "Cache worker for journal cache (F:\Yunus Files\gradle-7.1.1-all\caches\journal-1)" [_thread_blocked, id=2016, stack(0x0000003b1d800000,0x0000003b1d900000)]
  0x000002117cdd29d0 JavaThread "File lock request listener" [_thread_in_native, id=14404, stack(0x0000003b1d900000,0x0000003b1da00000)]
  0x000002117cdd09f0 JavaThread "Cache worker for file hash cache (F:\Yunus Files\gradle-7.1.1-all\caches\7.1.1\fileHashes)" [_thread_blocked, id=18424, stack(0x0000003b1da00000,0x0000003b1db00000)]
=>0x000002117cdd3470 JavaThread "File watcher server" daemon [_thread_in_native, id=10380, stack(0x0000003b1dc00000,0x0000003b1dd00000)]
  0x000002117cdd39c0 JavaThread "File watcher consumer" daemon [_thread_blocked, id=12768, stack(0x0000003b1dd00000,0x0000003b1de00000)]
  0x000002117cdd3f10 JavaThread "jar transforms" [_thread_blocked, id=14844, stack(0x0000003b1de00000,0x0000003b1df00000)]
  0x000002117cdd6440 JavaThread "jar transforms Thread 2" [_thread_blocked, id=16196, stack(0x0000003b1df00000,0x0000003b1e000000)]
  0x000002117cdd6ee0 JavaThread "jar transforms Thread 3" [_thread_blocked, id=1688, stack(0x0000003b1e000000,0x0000003b1e100000)]
  0x000002117cdd5450 JavaThread "jar transforms Thread 4" [_thread_blocked, id=4160, stack(0x0000003b1e100000,0x0000003b1e200000)]
  0x000002117cdd19e0 JavaThread "jar transforms Thread 5" [_thread_blocked, id=9152, stack(0x0000003b1e200000,0x0000003b1e300000)]
  0x000002117cdd7430 JavaThread "jar transforms Thread 6" [_thread_blocked, id=2032, stack(0x0000003b1e300000,0x0000003b1e400000)]
  0x000002117cdd7980 JavaThread "jar transforms Thread 7" [_thread_blocked, id=11612, stack(0x0000003b1e400000,0x0000003b1e500000)]
  0x000002117cdd1f30 JavaThread "jar transforms Thread 8" [_thread_blocked, id=18060, stack(0x0000003b1e500000,0x0000003b1e600000)]
  0x000002117cdd59a0 JavaThread "Cache worker for execution history cache (F:\Yunus Files\gradle-7.1.1-all\caches\7.1.1\executionHistory)" [_thread_blocked, id=14744, stack(0x0000003b1eb00000,0x0000003b1ec00000)]
  0x000002117cdd5ef0 JavaThread "Cache worker for file content cache (F:\Yunus Files\gradle-7.1.1-all\caches\7.1.1\fileContent)" [_thread_blocked, id=6160, stack(0x0000003b1ed00000,0x0000003b1ee00000)]
  0x0000021179e072c0 JavaThread "Memory manager" [_thread_blocked, id=16272, stack(0x0000003b20500000,0x0000003b20600000)]
  0x000002117edf0390 JavaThread "Cache worker for Java compile cache (F:\Yunus Files\gradle-7.1.1-all\caches\7.1.1\javaCompile)" [_thread_blocked, id=15496, stack(0x0000003b24600000,0x0000003b24700000)]
  0x00000211008be240 JavaThread "Daemon Thread 3" [_thread_blocked, id=13460, stack(0x0000003b1b100000,0x0000003b1b200000)]
  0x00000211008be790 JavaThread "Daemon worker Thread 3" [_thread_blocked, id=3892, stack(0x0000003b1c700000,0x0000003b1c800000)]
  0x000002117d9b1350 JavaThread "Handler for socket connection from /127.0.0.1:52792 to /127.0.0.1:53062" [_thread_in_native, id=11500, stack(0x0000003b1b200000,0x0000003b1b300000)]
  0x000002117d9ac8f0 JavaThread "Cancel handler" [_thread_blocked, id=18080, stack(0x0000003b1b300000,0x0000003b1b400000)]
  0x000002117d9ade30 JavaThread "Asynchronous log dispatcher for DefaultDaemonConnection: socket connection from /127.0.0.1:52792 to /127.0.0.1:53062" [_thread_blocked, id=2012, stack(0x0000003b1c800000,0x0000003b1c900000)]
  0x0000021101eb5950 JavaThread "Exec process Thread 9" [_thread_blocked, id=7328, stack(0x0000003b25900000,0x0000003b25a00000)]
  0x0000021101eb6940 JavaThread "Exec process Thread 10" [_thread_blocked, id=8752, stack(0x0000003b25b00000,0x0000003b25c00000)]
  0x0000021101eb6e90 JavaThread "Exec process Thread 11" [_thread_blocked, id=12588, stack(0x0000003b25c00000,0x0000003b25d00000)]
  0x0000021101eb83d0 JavaThread "Exec process Thread 12" [_thread_blocked, id=6276, stack(0x0000003b25d00000,0x0000003b25e00000)]

Other Threads:
  0x00000211792eb350 VMThread "VM Thread" [stack: 0x0000003b1ba00000,0x0000003b1bb00000] [id=17680]
  0x0000021179e09f50 WatcherThread [stack: 0x0000003b1c600000,0x0000003b1c700000] [id=4316]
  0x000002115cc34b70 GCTaskThread "GC Thread#0" [stack: 0x0000003b1b500000,0x0000003b1b600000] [id=10600]
  0x000002117a726a30 GCTaskThread "GC Thread#1" [stack: 0x0000003b1c900000,0x0000003b1ca00000] [id=11588]
  0x000002117a7a99b0 GCTaskThread "GC Thread#2" [stack: 0x0000003b1ca00000,0x0000003b1cb00000] [id=7508]
  0x000002117a7a9cc0 GCTaskThread "GC Thread#3" [stack: 0x0000003b1cb00000,0x0000003b1cc00000] [id=7580]
  0x000002117a7aa3a0 GCTaskThread "GC Thread#4" [stack: 0x0000003b1cc00000,0x0000003b1cd00000] [id=1992]
  0x000002117aa6edf0 GCTaskThread "GC Thread#5" [stack: 0x0000003b1cd00000,0x0000003b1ce00000] [id=16020]
  0x000002110092db40 GCTaskThread "GC Thread#6" [stack: 0x0000003b1e800000,0x0000003b1e900000] [id=9720]
  0x000002110092e160 GCTaskThread "GC Thread#7" [stack: 0x0000003b1e900000,0x0000003b1ea00000] [id=9764]
  0x000002115cc3a970 ConcurrentGCThread "G1 Main Marker" [stack: 0x0000003b1b600000,0x0000003b1b700000] [id=480]
  0x000002115cc3b930 ConcurrentGCThread "G1 Conc#0" [stack: 0x0000003b1b700000,0x0000003b1b800000] [id=4848]
  0x00000211001c8380 ConcurrentGCThread "G1 Conc#1" [stack: 0x0000003b1ea00000,0x0000003b1eb00000] [id=10368]
  0x000002115cced9d0 ConcurrentGCThread "G1 Refine#0" [stack: 0x0000003b1b800000,0x0000003b1b900000] [id=9368]
  0x000002117d571490 ConcurrentGCThread "G1 Refine#1" [stack: 0x0000003b1ee00000,0x0000003b1ef00000] [id=7624]
  0x000002117d570110 ConcurrentGCThread "G1 Refine#2" [stack: 0x0000003b20600000,0x0000003b20700000] [id=10788]
  0x0000021104d81fc0 ConcurrentGCThread "G1 Refine#3" [stack: 0x0000003b24f00000,0x0000003b25000000] [id=9180]
  0x0000021104d83000 ConcurrentGCThread "G1 Refine#4" [stack: 0x0000003b25000000,0x0000003b25100000] [id=14080]
  0x0000021104d82300 ConcurrentGCThread "G1 Refine#5" [stack: 0x0000003b25100000,0x0000003b25200000] [id=11552]
  0x0000021104d84a00 ConcurrentGCThread "G1 Refine#6" [stack: 0x0000003b21200000,0x0000003b21300000] [id=15652]
  0x0000021104d82cc0 ConcurrentGCThread "G1 Refine#7" [stack: 0x0000003b24900000,0x0000003b24a00000] [id=3848]
  0x000002115ccee200 ConcurrentGCThread "G1 Service" [stack: 0x0000003b1b900000,0x0000003b1ba00000] [id=17300]

Threads with active compile tasks:
C2 CompilerThread0  3420340 20906       4       org.gradle.internal.operations.DefaultBuildOperationRunner::execute (23 bytes)

VM state: not at safepoint (normal execution)

VM Mutex/Monitor currently owned by a thread: None

Heap address: 0x00000000e0000000, size: 512 MB, Compressed Oops mode: 32-bit

CDS archive(s) mapped at: [0x0000000800000000-0x0000000800bb0000-0x0000000800bb0000), size 12255232, SharedBaseAddress: 0x0000000800000000, ArchiveRelocationMode: 0.
Compressed class space mapped at: 0x0000000800c00000-0x000000080dc00000, reserved size: 218103808
Narrow klass base: 0x0000000800000000, Narrow klass shift: 3, Narrow klass range: 0x100000000

GC Precious Log:
 CPUs: 8 total, 8 available
 Memory: 16343M
 Large Page Support: Disabled
 NUMA Support: Disabled
 Compressed Oops: Enabled (32-bit)
 Heap Region Size: 1M
 Heap Min Capacity: 256M
 Heap Initial Capacity: 256M
 Heap Max Capacity: 512M
 Pre-touch: Disabled
 Parallel Workers: 8
 Concurrent Workers: 2
 Concurrent Refinement Workers: 8
 Periodic GC: Disabled

Heap:
 garbage-first heap   total 309248K, used 151346K [0x00000000e0000000, 0x0000000100000000)
  region size 1024K, 62 young (63488K), 13 survivors (13312K)
 Metaspace       used 81715K, committed 84992K, reserved 294912K
  class space    used 10229K, committed 11456K, reserved 212992K

Heap Regions: E=young(eden), S=young(survivor), O=old, HS=humongous(starts), HC=humongous(continues), CS=collection set, F=free, OA=open archive, CA=closed archive, TAMS=top-at-mark-start (previous, next)
|   0|0x00000000e0000000, 0x00000000e0100000, 0x00000000e0100000|100%| O|  |TAMS 0x00000000e0100000, 0x00000000e0000000| Untracked 
|   1|0x00000000e0100000, 0x00000000e0200000, 0x00000000e0200000|100%| O|  |TAMS 0x00000000e0200000, 0x00000000e0100000| Untracked 
|   2|0x00000000e0200000, 0x00000000e0300000, 0x00000000e0300000|100%| O|  |TAMS 0x00000000e0300000, 0x00000000e0200000| Untracked 
|   3|0x00000000e0300000, 0x00000000e0400000, 0x00000000e0400000|100%|HS|  |TAMS 0x00000000e0400000, 0x00000000e0300000| Complete 
|   4|0x00000000e0400000, 0x00000000e0500000, 0x00000000e0500000|100%|HC|  |TAMS 0x00000000e0500000, 0x00000000e0400000| Complete 
|   5|0x00000000e0500000, 0x00000000e0600000, 0x00000000e0600000|100%|HC|  |TAMS 0x00000000e0600000, 0x00000000e0500000| Complete 
|   6|0x00000000e0600000, 0x00000000e0700000, 0x00000000e0700000|100%| O|  |TAMS 0x00000000e0700000, 0x00000000e0600000| Untracked 
|   7|0x00000000e0700000, 0x00000000e0800000, 0x00000000e0800000|100%| O|  |TAMS 0x00000000e0800000, 0x00000000e0700000| Untracked 
|   8|0x00000000e0800000, 0x00000000e0900000, 0x00000000e0900000|100%| O|  |TAMS 0x00000000e0900000, 0x00000000e0800000| Untracked 
|   9|0x00000000e0900000, 0x00000000e0a00000, 0x00000000e0a00000|100%| O|  |TAMS 0x00000000e0a00000, 0x00000000e0900000| Untracked 
|  10|0x00000000e0a00000, 0x00000000e0b00000, 0x00000000e0b00000|100%| O|  |TAMS 0x00000000e0a00000, 0x00000000e0a00000| Untracked 
|  11|0x00000000e0b00000, 0x00000000e0c00000, 0x00000000e0c00000|100%| O|  |TAMS 0x00000000e0b00000, 0x00000000e0b00000| Untracked 
|  12|0x00000000e0c00000, 0x00000000e0d00000, 0x00000000e0d00000|100%| O|  |TAMS 0x00000000e0c00000, 0x00000000e0c00000| Untracked 
|  13|0x00000000e0d00000, 0x00000000e0e00000, 0x00000000e0e00000|100%| O|  |TAMS 0x00000000e0d00000, 0x00000000e0d00000| Untracked 
|  14|0x00000000e0e00000, 0x00000000e0f00000, 0x00000000e0f00000|100%| O|  |TAMS 0x00000000e0e00000, 0x00000000e0e00000| Untracked 
|  15|0x00000000e0f00000, 0x00000000e1000000, 0x00000000e1000000|100%| O|  |TAMS 0x00000000e0f00000, 0x00000000e0f00000| Untracked 
|  16|0x00000000e1000000, 0x00000000e1100000, 0x00000000e1100000|100%| O|  |TAMS 0x00000000e1000000, 0x00000000e1000000| Untracked 
|  17|0x00000000e1100000, 0x00000000e1100000, 0x00000000e1200000|  0%| F|  |TAMS 0x00000000e1100000, 0x00000000e1100000| Untracked 
|  18|0x00000000e1200000, 0x00000000e1300000, 0x00000000e1300000|100%| O|  |TAMS 0x00000000e1200000, 0x00000000e1200000| Untracked 
|  19|0x00000000e1300000, 0x00000000e1400000, 0x00000000e1400000|100%| O|  |TAMS 0x00000000e1400000, 0x00000000e1300000| Untracked 
|  20|0x00000000e1400000, 0x00000000e1500000, 0x00000000e1500000|100%| O|  |TAMS 0x00000000e1500000, 0x00000000e1400000| Untracked 
|  21|0x00000000e1500000, 0x00000000e1600000, 0x00000000e1600000|100%| O|  |TAMS 0x00000000e1600000, 0x00000000e1500000| Untracked 
|  22|0x00000000e1600000, 0x00000000e1700000, 0x00000000e1700000|100%| O|  |TAMS 0x00000000e1700000, 0x00000000e1600000| Untracked 
|  23|0x00000000e1700000, 0x00000000e1800000, 0x00000000e1800000|100%| O|  |TAMS 0x00000000e1700000, 0x00000000e1700000| Untracked 
|  24|0x00000000e1800000, 0x00000000e1900000, 0x00000000e1900000|100%| O|  |TAMS 0x00000000e1900000, 0x00000000e1800000| Untracked 
|  25|0x00000000e1900000, 0x00000000e1a00000, 0x00000000e1a00000|100%| O|  |TAMS 0x00000000e1a00000, 0x00000000e1900000| Untracked 
|  26|0x00000000e1a00000, 0x00000000e1b00000, 0x00000000e1b00000|100%| O|  |TAMS 0x00000000e1b00000, 0x00000000e1a00000| Untracked 
|  27|0x00000000e1b00000, 0x00000000e1c00000, 0x00000000e1c00000|100%|HS|  |TAMS 0x00000000e1b00000, 0x00000000e1b00000| Complete 
|  28|0x00000000e1c00000, 0x00000000e1c00000, 0x00000000e1d00000|  0%| F|  |TAMS 0x00000000e1c00000, 0x00000000e1c00000| Untracked 
|  29|0x00000000e1d00000, 0x00000000e1e00000, 0x00000000e1e00000|100%| O|  |TAMS 0x00000000e1e00000, 0x00000000e1d00000| Untracked 
|  30|0x00000000e1e00000, 0x00000000e1f00000, 0x00000000e1f00000|100%| O|  |TAMS 0x00000000e1f00000, 0x00000000e1e00000| Untracked 
|  31|0x00000000e1f00000, 0x00000000e2000000, 0x00000000e2000000|100%| O|  |TAMS 0x00000000e2000000, 0x00000000e1f00000| Untracked 
|  32|0x00000000e2000000, 0x00000000e2100000, 0x00000000e2100000|100%| O|  |TAMS 0x00000000e2100000, 0x00000000e2000000| Untracked 
|  33|0x00000000e2100000, 0x00000000e2200000, 0x00000000e2200000|100%| O|  |TAMS 0x00000000e2200000, 0x00000000e2100000| Untracked 
|  34|0x00000000e2200000, 0x00000000e2300000, 0x00000000e2300000|100%| O|  |TAMS 0x00000000e2300000, 0x00000000e2200000| Untracked 
|  35|0x00000000e2300000, 0x00000000e2400000, 0x00000000e2400000|100%|HS|  |TAMS 0x00000000e2400000, 0x00000000e2300000| Complete 
|  36|0x00000000e2400000, 0x00000000e2500000, 0x00000000e2500000|100%|HC|  |TAMS 0x00000000e2500000, 0x00000000e2400000| Complete 
|  37|0x00000000e2500000, 0x00000000e2600000, 0x00000000e2600000|100%|HC|  |TAMS 0x00000000e2600000, 0x00000000e2500000| Complete 
|  38|0x00000000e2600000, 0x00000000e2700000, 0x00000000e2700000|100%|HC|  |TAMS 0x00000000e2700000, 0x00000000e2600000| Complete 
|  39|0x00000000e2700000, 0x00000000e2800000, 0x00000000e2800000|100%|HC|  |TAMS 0x00000000e2800000, 0x00000000e2700000| Complete 
|  40|0x00000000e2800000, 0x00000000e2900000, 0x00000000e2900000|100%| O|  |TAMS 0x00000000e2800000, 0x00000000e2800000| Untracked 
|  41|0x00000000e2900000, 0x00000000e2a00000, 0x00000000e2a00000|100%| O|  |TAMS 0x00000000e2900000, 0x00000000e2900000| Untracked 
|  42|0x00000000e2a00000, 0x00000000e2b00000, 0x00000000e2b00000|100%| O|  |TAMS 0x00000000e2a00000, 0x00000000e2a00000| Untracked 
|  43|0x00000000e2b00000, 0x00000000e2c00000, 0x00000000e2c00000|100%| O|  |TAMS 0x00000000e2b00000, 0x00000000e2b00000| Untracked 
|  44|0x00000000e2c00000, 0x00000000e2d00000, 0x00000000e2d00000|100%| O|  |TAMS 0x00000000e2c00000, 0x00000000e2c00000| Untracked 
|  45|0x00000000e2d00000, 0x00000000e2e00000, 0x00000000e2e00000|100%| O|  |TAMS 0x00000000e2d00000, 0x00000000e2d00000| Untracked 
|  46|0x00000000e2e00000, 0x00000000e2f00000, 0x00000000e2f00000|100%| O|  |TAMS 0x00000000e2e00000, 0x00000000e2e00000| Untracked 
|  47|0x00000000e2f00000, 0x00000000e3000000, 0x00000000e3000000|100%| O|  |TAMS 0x00000000e2f00000, 0x00000000e2f00000| Untracked 
|  48|0x00000000e3000000, 0x00000000e3100000, 0x00000000e3100000|100%| O|  |TAMS 0x00000000e3000000, 0x00000000e3000000| Untracked 
|  49|0x00000000e3100000, 0x00000000e3200000, 0x00000000e3200000|100%| O|  |TAMS 0x00000000e3100000, 0x00000000e3100000| Untracked 
|  50|0x00000000e3200000, 0x00000000e3300000, 0x00000000e3300000|100%| O|  |TAMS 0x00000000e3200000, 0x00000000e3200000| Untracked 
|  51|0x00000000e3300000, 0x00000000e3400000, 0x00000000e3400000|100%| O|  |TAMS 0x00000000e3300000, 0x00000000e3300000| Untracked 
|  52|0x00000000e3400000, 0x00000000e3500000, 0x00000000e3500000|100%| O|  |TAMS 0x00000000e3400000, 0x00000000e3400000| Untracked 
|  53|0x00000000e3500000, 0x00000000e3600000, 0x00000000e3600000|100%| O|  |TAMS 0x00000000e3600000, 0x00000000e3500000| Untracked 
|  54|0x00000000e3600000, 0x00000000e3700000, 0x00000000e3700000|100%| O|  |TAMS 0x00000000e3700000, 0x00000000e3600000| Untracked 
|  55|0x00000000e3700000, 0x00000000e3700000, 0x00000000e3800000|  0%| F|  |TAMS 0x00000000e3700000, 0x00000000e3700000| Untracked 
|  56|0x00000000e3800000, 0x00000000e3900000, 0x00000000e3900000|100%| O|  |TAMS 0x00000000e3900000, 0x00000000e3800000| Untracked 
|  57|0x00000000e3900000, 0x00000000e3a00000, 0x00000000e3a00000|100%| O|  |TAMS 0x00000000e3a00000, 0x00000000e3900000| Untracked 
|  58|0x00000000e3a00000, 0x00000000e3a00000, 0x00000000e3b00000|  0%| F|  |TAMS 0x00000000e3a00000, 0x00000000e3a00000| Untracked 
|  59|0x00000000e3b00000, 0x00000000e3c00000, 0x00000000e3c00000|100%| O|  |TAMS 0x00000000e3c00000, 0x00000000e3b00000| Untracked 
|  60|0x00000000e3c00000, 0x00000000e3d00000, 0x00000000e3d00000|100%| O|  |TAMS 0x00000000e3d00000, 0x00000000e3c00000| Untracked 
|  61|0x00000000e3d00000, 0x00000000e3e00000, 0x00000000e3e00000|100%| O|  |TAMS 0x00000000e3e00000, 0x00000000e3d00000| Untracked 
|  62|0x00000000e3e00000, 0x00000000e3e00000, 0x00000000e3f00000|  0%| F|  |TAMS 0x00000000e3e00000, 0x00000000e3e00000| Untracked 
|  63|0x00000000e3f00000, 0x00000000e4000000, 0x00000000e4000000|100%| O|  |TAMS 0x00000000e4000000, 0x00000000e3f00000| Untracked 
|  64|0x00000000e4000000, 0x00000000e4000000, 0x00000000e4100000|  0%| F|  |TAMS 0x00000000e4000000, 0x00000000e4000000| Untracked 
|  65|0x00000000e4100000, 0x00000000e4100000, 0x00000000e4200000|  0%| F|  |TAMS 0x00000000e4100000, 0x00000000e4100000| Untracked 
|  66|0x00000000e4200000, 0x00000000e4200000, 0x00000000e4300000|  0%| F|  |TAMS 0x00000000e4200000, 0x00000000e4200000| Untracked 
|  67|0x00000000e4300000, 0x00000000e4400000, 0x00000000e4400000|100%| O|  |TAMS 0x00000000e4400000, 0x00000000e4300000| Untracked 
|  68|0x00000000e4400000, 0x00000000e4400000, 0x00000000e4500000|  0%| F|  |TAMS 0x00000000e4400000, 0x00000000e4400000| Untracked 
|  69|0x00000000e4500000, 0x00000000e4500000, 0x00000000e4600000|  0%| F|  |TAMS 0x00000000e4500000, 0x00000000e4500000| Untracked 
|  70|0x00000000e4600000, 0x00000000e4700000, 0x00000000e4700000|100%| O|  |TAMS 0x00000000e4700000, 0x00000000e4600000| Untracked 
|  71|0x00000000e4700000, 0x00000000e4700000, 0x00000000e4800000|  0%| F|  |TAMS 0x00000000e4700000, 0x00000000e4700000| Untracked 
|  72|0x00000000e4800000, 0x00000000e4900000, 0x00000000e4900000|100%| O|  |TAMS 0x00000000e4900000, 0x00000000e4800000| Untracked 
|  73|0x00000000e4900000, 0x00000000e4900000, 0x00000000e4a00000|  0%| F|  |TAMS 0x00000000e4900000, 0x00000000e4900000| Untracked 
|  74|0x00000000e4a00000, 0x00000000e4a00000, 0x00000000e4b00000|  0%| F|  |TAMS 0x00000000e4a00000, 0x00000000e4a00000| Untracked 
|  75|0x00000000e4b00000, 0x00000000e4c00000, 0x00000000e4c00000|100%| O|  |TAMS 0x00000000e4b00000, 0x00000000e4b00000| Untracked 
|  76|0x00000000e4c00000, 0x00000000e4d00000, 0x00000000e4d00000|100%| O|  |TAMS 0x00000000e4c00000, 0x00000000e4c00000| Untracked 
|  77|0x00000000e4d00000, 0x00000000e4d00000, 0x00000000e4e00000|  0%| F|  |TAMS 0x00000000e4d00000, 0x00000000e4d00000| Untracked 
|  78|0x00000000e4e00000, 0x00000000e4e00000, 0x00000000e4f00000|  0%| F|  |TAMS 0x00000000e4e00000, 0x00000000e4e00000| Untracked 
|  79|0x00000000e4f00000, 0x00000000e4f00000, 0x00000000e5000000|  0%| F|  |TAMS 0x00000000e4f00000, 0x00000000e4f00000| Untracked 
|  80|0x00000000e5000000, 0x00000000e5100000, 0x00000000e5100000|100%| O|  |TAMS 0x00000000e5100000, 0x00000000e5000000| Untracked 
|  81|0x00000000e5100000, 0x00000000e5100000, 0x00000000e5200000|  0%| F|  |TAMS 0x00000000e5100000, 0x00000000e5100000| Untracked 
|  82|0x00000000e5200000, 0x00000000e5300000, 0x00000000e5300000|100%| O|  |TAMS 0x00000000e5200000, 0x00000000e5200000| Untracked 
|  83|0x00000000e5300000, 0x00000000e5342600, 0x00000000e5400000| 25%| O|  |TAMS 0x00000000e5300000, 0x00000000e5300000| Untracked 
|  84|0x00000000e5400000, 0x00000000e5400000, 0x00000000e5500000|  0%| F|  |TAMS 0x00000000e5400000, 0x00000000e5400000| Untracked 
|  85|0x00000000e5500000, 0x00000000e5500000, 0x00000000e5600000|  0%| F|  |TAMS 0x00000000e5500000, 0x00000000e5500000| Untracked 
|  86|0x00000000e5600000, 0x00000000e5600000, 0x00000000e5700000|  0%| F|  |TAMS 0x00000000e5600000, 0x00000000e5600000| Untracked 
|  87|0x00000000e5700000, 0x00000000e5700000, 0x00000000e5800000|  0%| F|  |TAMS 0x00000000e5700000, 0x00000000e5700000| Untracked 
|  88|0x00000000e5800000, 0x00000000e5800000, 0x00000000e5900000|  0%| F|  |TAMS 0x00000000e5800000, 0x00000000e5800000| Untracked 
|  89|0x00000000e5900000, 0x00000000e5900000, 0x00000000e5a00000|  0%| F|  |TAMS 0x00000000e5900000, 0x00000000e5900000| Untracked 
|  90|0x00000000e5a00000, 0x00000000e5a00000, 0x00000000e5b00000|  0%| F|  |TAMS 0x00000000e5a00000, 0x00000000e5a00000| Untracked 
|  91|0x00000000e5b00000, 0x00000000e5b00000, 0x00000000e5c00000|  0%| F|  |TAMS 0x00000000e5b00000, 0x00000000e5b00000| Untracked 
|  92|0x00000000e5c00000, 0x00000000e5c00000, 0x00000000e5d00000|  0%| F|  |TAMS 0x00000000e5c00000, 0x00000000e5c00000| Untracked 
|  93|0x00000000e5d00000, 0x00000000e5d00000, 0x00000000e5e00000|  0%| F|  |TAMS 0x00000000e5d00000, 0x00000000e5d00000| Untracked 
|  94|0x00000000e5e00000, 0x00000000e5e00000, 0x00000000e5f00000|  0%| F|  |TAMS 0x00000000e5e00000, 0x00000000e5e00000| Untracked 
|  95|0x00000000e5f00000, 0x00000000e5f00000, 0x00000000e6000000|  0%| F|  |TAMS 0x00000000e5f00000, 0x00000000e5f00000| Untracked 
|  96|0x00000000e6000000, 0x00000000e6000000, 0x00000000e6100000|  0%| F|  |TAMS 0x00000000e6000000, 0x00000000e6000000| Untracked 
|  97|0x00000000e6100000, 0x00000000e6100000, 0x00000000e6200000|  0%| F|  |TAMS 0x00000000e6100000, 0x00000000e6100000| Untracked 
|  98|0x00000000e6200000, 0x00000000e6200000, 0x00000000e6300000|  0%| F|  |TAMS 0x00000000e6200000, 0x00000000e6200000| Untracked 
|  99|0x00000000e6300000, 0x00000000e6300000, 0x00000000e6400000|  0%| F|  |TAMS 0x00000000e6300000, 0x00000000e6300000| Untracked 
| 100|0x00000000e6400000, 0x00000000e6400000, 0x00000000e6500000|  0%| F|  |TAMS 0x00000000e6400000, 0x00000000e6400000| Untracked 
| 101|0x00000000e6500000, 0x00000000e6500000, 0x00000000e6600000|  0%| F|  |TAMS 0x00000000e6500000, 0x00000000e6500000| Untracked 
| 102|0x00000000e6600000, 0x00000000e6600000, 0x00000000e6700000|  0%| F|  |TAMS 0x00000000e6600000, 0x00000000e6600000| Untracked 
| 103|0x00000000e6700000, 0x00000000e6700000, 0x00000000e6800000|  0%| F|  |TAMS 0x00000000e6700000, 0x00000000e6700000| Untracked 
| 104|0x00000000e6800000, 0x00000000e6900000, 0x00000000e6900000|100%|HS|  |TAMS 0x00000000e6900000, 0x00000000e6800000| Complete 
| 105|0x00000000e6900000, 0x00000000e698a210, 0x00000000e6a00000| 53%| S|CS|TAMS 0x00000000e6900000, 0x00000000e6900000| Complete 
| 106|0x00000000e6a00000, 0x00000000e6b00000, 0x00000000e6b00000|100%| S|CS|TAMS 0x00000000e6a00000, 0x00000000e6a00000| Complete 
| 107|0x00000000e6b00000, 0x00000000e6c00000, 0x00000000e6c00000|100%| S|CS|TAMS 0x00000000e6b00000, 0x00000000e6b00000| Complete 
| 108|0x00000000e6c00000, 0x00000000e6d00000, 0x00000000e6d00000|100%| S|CS|TAMS 0x00000000e6c00000, 0x00000000e6c00000| Complete 
| 109|0x00000000e6d00000, 0x00000000e6e00000, 0x00000000e6e00000|100%| S|CS|TAMS 0x00000000e6d00000, 0x00000000e6d00000| Complete 
| 110|0x00000000e6e00000, 0x00000000e6f00000, 0x00000000e6f00000|100%| S|CS|TAMS 0x00000000e6e00000, 0x00000000e6e00000| Complete 
| 111|0x00000000e6f00000, 0x00000000e7000000, 0x00000000e7000000|100%| S|CS|TAMS 0x00000000e6f00000, 0x00000000e6f00000| Complete 
| 112|0x00000000e7000000, 0x00000000e7100000, 0x00000000e7100000|100%| O|  |TAMS 0x00000000e7000000, 0x00000000e7000000| Untracked 
| 113|0x00000000e7100000, 0x00000000e7200000, 0x00000000e7200000|100%| O|  |TAMS 0x00000000e7100000, 0x00000000e7100000| Untracked 
| 114|0x00000000e7200000, 0x00000000e7300000, 0x00000000e7300000|100%| O|  |TAMS 0x00000000e7200000, 0x00000000e7200000| Untracked 
| 115|0x00000000e7300000, 0x00000000e7400000, 0x00000000e7400000|100%| O|  |TAMS 0x00000000e7300000, 0x00000000e7300000| Untracked 
| 116|0x00000000e7400000, 0x00000000e7500000, 0x00000000e7500000|100%| O|  |TAMS 0x00000000e7400000, 0x00000000e7400000| Untracked 
| 117|0x00000000e7500000, 0x00000000e7600000, 0x00000000e7600000|100%| O|  |TAMS 0x00000000e7500000, 0x00000000e7500000| Untracked 
| 118|0x00000000e7600000, 0x00000000e7700000, 0x00000000e7700000|100%| O|  |TAMS 0x00000000e7600000, 0x00000000e7600000| Untracked 
| 119|0x00000000e7700000, 0x00000000e7800000, 0x00000000e7800000|100%| S|CS|TAMS 0x00000000e7700000, 0x00000000e7700000| Complete 
| 120|0x00000000e7800000, 0x00000000e7900000, 0x00000000e7900000|100%| O|  |TAMS 0x00000000e7800000, 0x00000000e7800000| Untracked 
| 121|0x00000000e7900000, 0x00000000e7a00000, 0x00000000e7a00000|100%| S|CS|TAMS 0x00000000e7900000, 0x00000000e7900000| Complete 
| 122|0x00000000e7a00000, 0x00000000e7b00000, 0x00000000e7b00000|100%| S|CS|TAMS 0x00000000e7a00000, 0x00000000e7a00000| Complete 
| 123|0x00000000e7b00000, 0x00000000e7c00000, 0x00000000e7c00000|100%| O|  |TAMS 0x00000000e7b00000, 0x00000000e7b00000| Untracked 
| 124|0x00000000e7c00000, 0x00000000e7d00000, 0x00000000e7d00000|100%| O|  |TAMS 0x00000000e7d00000, 0x00000000e7c00000| Untracked 
| 125|0x00000000e7d00000, 0x00000000e7e00000, 0x00000000e7e00000|100%| O|  |TAMS 0x00000000e7e00000, 0x00000000e7d00000| Untracked 
| 126|0x00000000e7e00000, 0x00000000e7f00000, 0x00000000e7f00000|100%| O|  |TAMS 0x00000000e7f00000, 0x00000000e7e00000| Untracked 
| 127|0x00000000e7f00000, 0x00000000e8000000, 0x00000000e8000000|100%| S|CS|TAMS 0x00000000e7f00000, 0x00000000e7f00000| Complete 
| 128|0x00000000e8000000, 0x00000000e8100000, 0x00000000e8100000|100%| O|  |TAMS 0x00000000e8100000, 0x00000000e8000000| Untracked 
| 129|0x00000000e8100000, 0x00000000e8200000, 0x00000000e8200000|100%| O|  |TAMS 0x00000000e8200000, 0x00000000e8100000| Untracked 
| 130|0x00000000e8200000, 0x00000000e8300000, 0x00000000e8300000|100%| O|  |TAMS 0x00000000e8300000, 0x00000000e8200000| Untracked 
| 131|0x00000000e8300000, 0x00000000e8400000, 0x00000000e8400000|100%| O|  |TAMS 0x00000000e8400000, 0x00000000e8300000| Untracked 
| 132|0x00000000e8400000, 0x00000000e8500000, 0x00000000e8500000|100%| O|  |TAMS 0x00000000e8400000, 0x00000000e8400000| Untracked 
| 133|0x00000000e8500000, 0x00000000e8600000, 0x00000000e8600000|100%| S|CS|TAMS 0x00000000e8500000, 0x00000000e8500000| Complete 
| 134|0x00000000e8600000, 0x00000000e8700000, 0x00000000e8700000|100%| S|CS|TAMS 0x00000000e8600000, 0x00000000e8600000| Complete 
| 135|0x00000000e8700000, 0x00000000e8800000, 0x00000000e8800000|100%| O|  |TAMS 0x00000000e8700000, 0x00000000e8700000| Untracked 
| 136|0x00000000e8800000, 0x00000000e8800000, 0x00000000e8900000|  0%| F|  |TAMS 0x00000000e8800000, 0x00000000e8800000| Untracked 
| 137|0x00000000e8900000, 0x00000000e8a00000, 0x00000000e8a00000|100%| O|  |TAMS 0x00000000e8900000, 0x00000000e8900000| Untracked 
| 138|0x00000000e8a00000, 0x00000000e8a00000, 0x00000000e8b00000|  0%| F|  |TAMS 0x00000000e8a00000, 0x00000000e8a00000| Untracked 
| 139|0x00000000e8b00000, 0x00000000e8b00000, 0x00000000e8c00000|  0%| F|  |TAMS 0x00000000e8b00000, 0x00000000e8b00000| Untracked 
| 140|0x00000000e8c00000, 0x00000000e8d00000, 0x00000000e8d00000|100%| O|  |TAMS 0x00000000e8c00000, 0x00000000e8c00000| Untracked 
| 141|0x00000000e8d00000, 0x00000000e8e00000, 0x00000000e8e00000|100%| O|  |TAMS 0x00000000e8e00000, 0x00000000e8d00000| Untracked 
| 142|0x00000000e8e00000, 0x00000000e8e00000, 0x00000000e8f00000|  0%| F|  |TAMS 0x00000000e8e00000, 0x00000000e8e00000| Untracked 
| 143|0x00000000e8f00000, 0x00000000e8f00000, 0x00000000e9000000|  0%| F|  |TAMS 0x00000000e8f00000, 0x00000000e8f00000| Untracked 
| 144|0x00000000e9000000, 0x00000000e9000000, 0x00000000e9100000|  0%| F|  |TAMS 0x00000000e9000000, 0x00000000e9000000| Untracked 
| 145|0x00000000e9100000, 0x00000000e9100000, 0x00000000e9200000|  0%| F|  |TAMS 0x00000000e9100000, 0x00000000e9100000| Untracked 
| 146|0x00000000e9200000, 0x00000000e9200000, 0x00000000e9300000|  0%| F|  |TAMS 0x00000000e9200000, 0x00000000e9200000| Untracked 
| 147|0x00000000e9300000, 0x00000000e9300000, 0x00000000e9400000|  0%| F|  |TAMS 0x00000000e9300000, 0x00000000e9300000| Untracked 
| 148|0x00000000e9400000, 0x00000000e9400000, 0x00000000e9500000|  0%| F|  |TAMS 0x00000000e9400000, 0x00000000e9400000| Untracked 
| 149|0x00000000e9500000, 0x00000000e9500000, 0x00000000e9600000|  0%| F|  |TAMS 0x00000000e9500000, 0x00000000e9500000| Untracked 
| 150|0x00000000e9600000, 0x00000000e9600000, 0x00000000e9700000|  0%| F|  |TAMS 0x00000000e9600000, 0x00000000e9600000| Untracked 
| 151|0x00000000e9700000, 0x00000000e9700000, 0x00000000e9800000|  0%| F|  |TAMS 0x00000000e9700000, 0x00000000e9700000| Untracked 
| 152|0x00000000e9800000, 0x00000000e9800000, 0x00000000e9900000|  0%| F|  |TAMS 0x00000000e9800000, 0x00000000e9800000| Untracked 
| 153|0x00000000e9900000, 0x00000000e9900000, 0x00000000e9a00000|  0%| F|  |TAMS 0x00000000e9900000, 0x00000000e9900000| Untracked 
| 154|0x00000000e9a00000, 0x00000000e9a00000, 0x00000000e9b00000|  0%| F|  |TAMS 0x00000000e9a00000, 0x00000000e9a00000| Untracked 
| 155|0x00000000e9b00000, 0x00000000e9b00000, 0x00000000e9c00000|  0%| F|  |TAMS 0x00000000e9b00000, 0x00000000e9b00000| Untracked 
| 156|0x00000000e9c00000, 0x00000000e9c00000, 0x00000000e9d00000|  0%| F|  |TAMS 0x00000000e9c00000, 0x00000000e9c00000| Untracked 
| 157|0x00000000e9d00000, 0x00000000e9d00000, 0x00000000e9e00000|  0%| F|  |TAMS 0x00000000e9d00000, 0x00000000e9d00000| Untracked 
| 158|0x00000000e9e00000, 0x00000000e9e00000, 0x00000000e9f00000|  0%| F|  |TAMS 0x00000000e9e00000, 0x00000000e9e00000| Untracked 
| 159|0x00000000e9f00000, 0x00000000e9f00000, 0x00000000ea000000|  0%| F|  |TAMS 0x00000000e9f00000, 0x00000000e9f00000| Untracked 
| 160|0x00000000ea000000, 0x00000000ea000000, 0x00000000ea100000|  0%| F|  |TAMS 0x00000000ea000000, 0x00000000ea000000| Untracked 
| 161|0x00000000ea100000, 0x00000000ea100000, 0x00000000ea200000|  0%| F|  |TAMS 0x00000000ea100000, 0x00000000ea100000| Untracked 
| 162|0x00000000ea200000, 0x00000000ea200000, 0x00000000ea300000|  0%| F|  |TAMS 0x00000000ea200000, 0x00000000ea200000| Untracked 
| 163|0x00000000ea300000, 0x00000000ea300000, 0x00000000ea400000|  0%| F|  |TAMS 0x00000000ea300000, 0x00000000ea300000| Untracked 
| 164|0x00000000ea400000, 0x00000000ea400000, 0x00000000ea500000|  0%| F|  |TAMS 0x00000000ea400000, 0x00000000ea400000| Untracked 
| 165|0x00000000ea500000, 0x00000000ea500000, 0x00000000ea600000|  0%| F|  |TAMS 0x00000000ea500000, 0x00000000ea500000| Untracked 
| 166|0x00000000ea600000, 0x00000000ea600000, 0x00000000ea700000|  0%| F|  |TAMS 0x00000000ea600000, 0x00000000ea600000| Untracked 
| 167|0x00000000ea700000, 0x00000000ea700000, 0x00000000ea800000|  0%| F|  |TAMS 0x00000000ea700000, 0x00000000ea700000| Untracked 
| 168|0x00000000ea800000, 0x00000000ea800000, 0x00000000ea900000|  0%| F|  |TAMS 0x00000000ea800000, 0x00000000ea800000| Untracked 
| 169|0x00000000ea900000, 0x00000000ea900000, 0x00000000eaa00000|  0%| F|  |TAMS 0x00000000ea900000, 0x00000000ea900000| Untracked 
| 170|0x00000000eaa00000, 0x00000000eaa00000, 0x00000000eab00000|  0%| F|  |TAMS 0x00000000eaa00000, 0x00000000eaa00000| Untracked 
| 171|0x00000000eab00000, 0x00000000eab00000, 0x00000000eac00000|  0%| F|  |TAMS 0x00000000eab00000, 0x00000000eab00000| Untracked 
| 172|0x00000000eac00000, 0x00000000eac00000, 0x00000000ead00000|  0%| F|  |TAMS 0x00000000eac00000, 0x00000000eac00000| Untracked 
| 173|0x00000000ead00000, 0x00000000ead00000, 0x00000000eae00000|  0%| F|  |TAMS 0x00000000ead00000, 0x00000000ead00000| Untracked 
| 174|0x00000000eae00000, 0x00000000eae00000, 0x00000000eaf00000|  0%| F|  |TAMS 0x00000000eae00000, 0x00000000eae00000| Untracked 
| 175|0x00000000eaf00000, 0x00000000eaf00000, 0x00000000eb000000|  0%| F|  |TAMS 0x00000000eaf00000, 0x00000000eaf00000| Untracked 
| 176|0x00000000eb000000, 0x00000000eb000000, 0x00000000eb100000|  0%| F|  |TAMS 0x00000000eb000000, 0x00000000eb000000| Untracked 
| 177|0x00000000eb100000, 0x00000000eb100000, 0x00000000eb200000|  0%| F|  |TAMS 0x00000000eb100000, 0x00000000eb100000| Untracked 
| 178|0x00000000eb200000, 0x00000000eb200000, 0x00000000eb300000|  0%| F|  |TAMS 0x00000000eb200000, 0x00000000eb200000| Untracked 
| 179|0x00000000eb300000, 0x00000000eb300000, 0x00000000eb400000|  0%| F|  |TAMS 0x00000000eb300000, 0x00000000eb300000| Untracked 
| 180|0x00000000eb400000, 0x00000000eb400000, 0x00000000eb500000|  0%| F|  |TAMS 0x00000000eb400000, 0x00000000eb400000| Untracked 
| 181|0x00000000eb500000, 0x00000000eb500000, 0x00000000eb600000|  0%| F|  |TAMS 0x00000000eb500000, 0x00000000eb500000| Untracked 
| 182|0x00000000eb600000, 0x00000000eb600000, 0x00000000eb700000|  0%| F|  |TAMS 0x00000000eb600000, 0x00000000eb600000| Untracked 
| 183|0x00000000eb700000, 0x00000000eb700000, 0x00000000eb800000|  0%| F|  |TAMS 0x00000000eb700000, 0x00000000eb700000| Untracked 
| 184|0x00000000eb800000, 0x00000000eb800000, 0x00000000eb900000|  0%| F|  |TAMS 0x00000000eb800000, 0x00000000eb800000| Untracked 
| 185|0x00000000eb900000, 0x00000000eb900000, 0x00000000eba00000|  0%| F|  |TAMS 0x00000000eb900000, 0x00000000eb900000| Untracked 
| 186|0x00000000eba00000, 0x00000000eba00000, 0x00000000ebb00000|  0%| F|  |TAMS 0x00000000eba00000, 0x00000000eba00000| Untracked 
| 187|0x00000000ebb00000, 0x00000000ebb00000, 0x00000000ebc00000|  0%| F|  |TAMS 0x00000000ebb00000, 0x00000000ebb00000| Untracked 
| 188|0x00000000ebc00000, 0x00000000ebc00000, 0x00000000ebd00000|  0%| F|  |TAMS 0x00000000ebc00000, 0x00000000ebc00000| Untracked 
| 189|0x00000000ebd00000, 0x00000000ebd00000, 0x00000000ebe00000|  0%| F|  |TAMS 0x00000000ebd00000, 0x00000000ebd00000| Untracked 
| 190|0x00000000ebe00000, 0x00000000ebe00000, 0x00000000ebf00000|  0%| F|  |TAMS 0x00000000ebe00000, 0x00000000ebe00000| Untracked 
| 191|0x00000000ebf00000, 0x00000000ebf00000, 0x00000000ec000000|  0%| F|  |TAMS 0x00000000ebf00000, 0x00000000ebf00000| Untracked 
| 192|0x00000000ec000000, 0x00000000ec000000, 0x00000000ec100000|  0%| F|  |TAMS 0x00000000ec000000, 0x00000000ec000000| Untracked 
| 193|0x00000000ec100000, 0x00000000ec100000, 0x00000000ec200000|  0%| F|  |TAMS 0x00000000ec100000, 0x00000000ec100000| Untracked 
| 194|0x00000000ec200000, 0x00000000ec200000, 0x00000000ec300000|  0%| F|  |TAMS 0x00000000ec200000, 0x00000000ec200000| Untracked 
| 195|0x00000000ec300000, 0x00000000ec300000, 0x00000000ec400000|  0%| F|  |TAMS 0x00000000ec300000, 0x00000000ec300000| Untracked 
| 196|0x00000000ec400000, 0x00000000ec400000, 0x00000000ec500000|  0%| F|  |TAMS 0x00000000ec400000, 0x00000000ec400000| Untracked 
| 197|0x00000000ec500000, 0x00000000ec500000, 0x00000000ec600000|  0%| F|  |TAMS 0x00000000ec500000, 0x00000000ec500000| Untracked 
| 198|0x00000000ec600000, 0x00000000ec600000, 0x00000000ec700000|  0%| F|  |TAMS 0x00000000ec600000, 0x00000000ec600000| Untracked 
| 199|0x00000000ec700000, 0x00000000ec700000, 0x00000000ec800000|  0%| F|  |TAMS 0x00000000ec700000, 0x00000000ec700000| Untracked 
| 200|0x00000000ec800000, 0x00000000ec800000, 0x00000000ec900000|  0%| F|  |TAMS 0x00000000ec800000, 0x00000000ec800000| Untracked 
| 201|0x00000000ec900000, 0x00000000ec900000, 0x00000000eca00000|  0%| F|  |TAMS 0x00000000ec900000, 0x00000000ec900000| Untracked 
| 202|0x00000000eca00000, 0x00000000eca00000, 0x00000000ecb00000|  0%| F|  |TAMS 0x00000000eca00000, 0x00000000eca00000| Untracked 
| 203|0x00000000ecb00000, 0x00000000ecb00000, 0x00000000ecc00000|  0%| F|  |TAMS 0x00000000ecb00000, 0x00000000ecb00000| Untracked 
| 204|0x00000000ecc00000, 0x00000000ecc00000, 0x00000000ecd00000|  0%| F|  |TAMS 0x00000000ecc00000, 0x00000000ecc00000| Untracked 
| 205|0x00000000ecd00000, 0x00000000ecd00000, 0x00000000ece00000|  0%| F|  |TAMS 0x00000000ecd00000, 0x00000000ecd00000| Untracked 
| 206|0x00000000ece00000, 0x00000000ece00000, 0x00000000ecf00000|  0%| F|  |TAMS 0x00000000ece00000, 0x00000000ece00000| Untracked 
| 207|0x00000000ecf00000, 0x00000000ecf00000, 0x00000000ed000000|  0%| F|  |TAMS 0x00000000ecf00000, 0x00000000ecf00000| Untracked 
| 208|0x00000000ed000000, 0x00000000ed000000, 0x00000000ed100000|  0%| F|  |TAMS 0x00000000ed000000, 0x00000000ed000000| Untracked 
| 209|0x00000000ed100000, 0x00000000ed100000, 0x00000000ed200000|  0%| F|  |TAMS 0x00000000ed100000, 0x00000000ed100000| Untracked 
| 210|0x00000000ed200000, 0x00000000ed200000, 0x00000000ed300000|  0%| F|  |TAMS 0x00000000ed200000, 0x00000000ed200000| Untracked 
| 211|0x00000000ed300000, 0x00000000ed300000, 0x00000000ed400000|  0%| F|  |TAMS 0x00000000ed300000, 0x00000000ed300000| Untracked 
| 212|0x00000000ed400000, 0x00000000ed400000, 0x00000000ed500000|  0%| F|  |TAMS 0x00000000ed400000, 0x00000000ed400000| Untracked 
| 213|0x00000000ed500000, 0x00000000ed500000, 0x00000000ed600000|  0%| F|  |TAMS 0x00000000ed500000, 0x00000000ed500000| Untracked 
| 214|0x00000000ed600000, 0x00000000ed600000, 0x00000000ed700000|  0%| F|  |TAMS 0x00000000ed600000, 0x00000000ed600000| Untracked 
| 215|0x00000000ed700000, 0x00000000ed700000, 0x00000000ed800000|  0%| F|  |TAMS 0x00000000ed700000, 0x00000000ed700000| Untracked 
| 216|0x00000000ed800000, 0x00000000ed800000, 0x00000000ed900000|  0%| F|  |TAMS 0x00000000ed800000, 0x00000000ed800000| Untracked 
| 217|0x00000000ed900000, 0x00000000ed900000, 0x00000000eda00000|  0%| F|  |TAMS 0x00000000ed900000, 0x00000000ed900000| Untracked 
| 218|0x00000000eda00000, 0x00000000eda00000, 0x00000000edb00000|  0%| F|  |TAMS 0x00000000eda00000, 0x00000000eda00000| Untracked 
| 219|0x00000000edb00000, 0x00000000edb00000, 0x00000000edc00000|  0%| F|  |TAMS 0x00000000edb00000, 0x00000000edb00000| Untracked 
| 220|0x00000000edc00000, 0x00000000edc00000, 0x00000000edd00000|  0%| F|  |TAMS 0x00000000edc00000, 0x00000000edc00000| Untracked 
| 221|0x00000000edd00000, 0x00000000edd00000, 0x00000000ede00000|  0%| F|  |TAMS 0x00000000edd00000, 0x00000000edd00000| Untracked 
| 222|0x00000000ede00000, 0x00000000ede00000, 0x00000000edf00000|  0%| F|  |TAMS 0x00000000ede00000, 0x00000000ede00000| Untracked 
| 223|0x00000000edf00000, 0x00000000edf00000, 0x00000000ee000000|  0%| F|  |TAMS 0x00000000edf00000, 0x00000000edf00000| Untracked 
| 224|0x00000000ee000000, 0x00000000ee000000, 0x00000000ee100000|  0%| F|  |TAMS 0x00000000ee000000, 0x00000000ee000000| Untracked 
| 225|0x00000000ee100000, 0x00000000ee100000, 0x00000000ee200000|  0%| F|  |TAMS 0x00000000ee100000, 0x00000000ee100000| Untracked 
| 226|0x00000000ee200000, 0x00000000ee200000, 0x00000000ee300000|  0%| F|  |TAMS 0x00000000ee200000, 0x00000000ee200000| Untracked 
| 227|0x00000000ee300000, 0x00000000ee300000, 0x00000000ee400000|  0%| F|  |TAMS 0x00000000ee300000, 0x00000000ee300000| Untracked 
| 228|0x00000000ee400000, 0x00000000ee400000, 0x00000000ee500000|  0%| F|  |TAMS 0x00000000ee400000, 0x00000000ee400000| Untracked 
| 229|0x00000000ee500000, 0x00000000ee500000, 0x00000000ee600000|  0%| F|  |TAMS 0x00000000ee500000, 0x00000000ee500000| Untracked 
| 230|0x00000000ee600000, 0x00000000ee600000, 0x00000000ee700000|  0%| F|  |TAMS 0x00000000ee600000, 0x00000000ee600000| Untracked 
| 231|0x00000000ee700000, 0x00000000ee700000, 0x00000000ee800000|  0%| F|  |TAMS 0x00000000ee700000, 0x00000000ee700000| Untracked 
| 232|0x00000000ee800000, 0x00000000ee800000, 0x00000000ee900000|  0%| F|  |TAMS 0x00000000ee800000, 0x00000000ee800000| Untracked 
| 233|0x00000000ee900000, 0x00000000ee900000, 0x00000000eea00000|  0%| F|  |TAMS 0x00000000ee900000, 0x00000000ee900000| Untracked 
| 234|0x00000000eea00000, 0x00000000eea00000, 0x00000000eeb00000|  0%| F|  |TAMS 0x00000000eea00000, 0x00000000eea00000| Untracked 
| 235|0x00000000eeb00000, 0x00000000eeb00000, 0x00000000eec00000|  0%| F|  |TAMS 0x00000000eeb00000, 0x00000000eeb00000| Untracked 
| 236|0x00000000eec00000, 0x00000000eec00000, 0x00000000eed00000|  0%| F|  |TAMS 0x00000000eec00000, 0x00000000eec00000| Untracked 
| 237|0x00000000eed00000, 0x00000000eed00000, 0x00000000eee00000|  0%| F|  |TAMS 0x00000000eed00000, 0x00000000eed00000| Untracked 
| 238|0x00000000eee00000, 0x00000000eee00000, 0x00000000eef00000|  0%| F|  |TAMS 0x00000000eee00000, 0x00000000eee00000| Untracked 
| 239|0x00000000eef00000, 0x00000000eef00000, 0x00000000ef000000|  0%| F|  |TAMS 0x00000000eef00000, 0x00000000eef00000| Untracked 
| 240|0x00000000ef000000, 0x00000000ef000000, 0x00000000ef100000|  0%| F|  |TAMS 0x00000000ef000000, 0x00000000ef000000| Untracked 
| 241|0x00000000ef100000, 0x00000000ef100000, 0x00000000ef200000|  0%| F|  |TAMS 0x00000000ef100000, 0x00000000ef100000| Untracked 
| 242|0x00000000ef200000, 0x00000000ef200000, 0x00000000ef300000|  0%| F|  |TAMS 0x00000000ef200000, 0x00000000ef200000| Untracked 
| 243|0x00000000ef300000, 0x00000000ef300000, 0x00000000ef400000|  0%| F|  |TAMS 0x00000000ef300000, 0x00000000ef300000| Untracked 
| 244|0x00000000ef400000, 0x00000000ef400000, 0x00000000ef500000|  0%| F|  |TAMS 0x00000000ef400000, 0x00000000ef400000| Untracked 
| 245|0x00000000ef500000, 0x00000000ef500000, 0x00000000ef600000|  0%| F|  |TAMS 0x00000000ef500000, 0x00000000ef500000| Untracked 
| 246|0x00000000ef600000, 0x00000000ef600000, 0x00000000ef700000|  0%| F|  |TAMS 0x00000000ef600000, 0x00000000ef600000| Untracked 
| 247|0x00000000ef700000, 0x00000000ef700000, 0x00000000ef800000|  0%| F|  |TAMS 0x00000000ef700000, 0x00000000ef700000| Untracked 
| 248|0x00000000ef800000, 0x00000000ef800000, 0x00000000ef900000|  0%| F|  |TAMS 0x00000000ef800000, 0x00000000ef800000| Untracked 
| 249|0x00000000ef900000, 0x00000000ef900000, 0x00000000efa00000|  0%| F|  |TAMS 0x00000000ef900000, 0x00000000ef900000| Untracked 
| 250|0x00000000efa00000, 0x00000000efa00000, 0x00000000efb00000|  0%| F|  |TAMS 0x00000000efa00000, 0x00000000efa00000| Untracked 
| 251|0x00000000efb00000, 0x00000000efb00000, 0x00000000efc00000|  0%| F|  |TAMS 0x00000000efb00000, 0x00000000efb00000| Untracked 
| 252|0x00000000efc00000, 0x00000000efc00000, 0x00000000efd00000|  0%| F|  |TAMS 0x00000000efc00000, 0x00000000efc00000| Untracked 
| 253|0x00000000efd00000, 0x00000000efdac328, 0x00000000efe00000| 67%| E|  |TAMS 0x00000000efd00000, 0x00000000efd00000| Complete 
| 254|0x00000000efe00000, 0x00000000eff00000, 0x00000000eff00000|100%| E|CS|TAMS 0x00000000efe00000, 0x00000000efe00000| Complete 
| 255|0x00000000eff00000, 0x00000000f0000000, 0x00000000f0000000|100%| E|CS|TAMS 0x00000000eff00000, 0x00000000eff00000| Complete 
| 256|0x00000000f0000000, 0x00000000f0100000, 0x00000000f0100000|100%| E|CS|TAMS 0x00000000f0000000, 0x00000000f0000000| Complete 
| 257|0x00000000f0100000, 0x00000000f0200000, 0x00000000f0200000|100%| E|CS|TAMS 0x00000000f0100000, 0x00000000f0100000| Complete 
| 258|0x00000000f0200000, 0x00000000f0300000, 0x00000000f0300000|100%| E|CS|TAMS 0x00000000f0200000, 0x00000000f0200000| Complete 
| 259|0x00000000f0300000, 0x00000000f0400000, 0x00000000f0400000|100%| E|CS|TAMS 0x00000000f0300000, 0x00000000f0300000| Complete 
| 260|0x00000000f0400000, 0x00000000f0500000, 0x00000000f0500000|100%| E|CS|TAMS 0x00000000f0400000, 0x00000000f0400000| Complete 
| 261|0x00000000f0500000, 0x00000000f0600000, 0x00000000f0600000|100%| E|CS|TAMS 0x00000000f0500000, 0x00000000f0500000| Complete 
| 262|0x00000000f0600000, 0x00000000f0700000, 0x00000000f0700000|100%| E|CS|TAMS 0x00000000f0600000, 0x00000000f0600000| Complete 
| 263|0x00000000f0700000, 0x00000000f0800000, 0x00000000f0800000|100%| E|CS|TAMS 0x00000000f0700000, 0x00000000f0700000| Complete 
| 264|0x00000000f0800000, 0x00000000f0900000, 0x00000000f0900000|100%| E|CS|TAMS 0x00000000f0800000, 0x00000000f0800000| Complete 
| 265|0x00000000f0900000, 0x00000000f0a00000, 0x00000000f0a00000|100%| E|CS|TAMS 0x00000000f0900000, 0x00000000f0900000| Complete 
| 266|0x00000000f0a00000, 0x00000000f0b00000, 0x00000000f0b00000|100%| E|CS|TAMS 0x00000000f0a00000, 0x00000000f0a00000| Complete 
| 267|0x00000000f0b00000, 0x00000000f0c00000, 0x00000000f0c00000|100%| E|CS|TAMS 0x00000000f0b00000, 0x00000000f0b00000| Complete 
| 268|0x00000000f0c00000, 0x00000000f0d00000, 0x00000000f0d00000|100%| E|CS|TAMS 0x00000000f0c00000, 0x00000000f0c00000| Complete 
| 269|0x00000000f0d00000, 0x00000000f0e00000, 0x00000000f0e00000|100%| E|CS|TAMS 0x00000000f0d00000, 0x00000000f0d00000| Complete 
| 270|0x00000000f0e00000, 0x00000000f0f00000, 0x00000000f0f00000|100%| E|CS|TAMS 0x00000000f0e00000, 0x00000000f0e00000| Complete 
| 271|0x00000000f0f00000, 0x00000000f1000000, 0x00000000f1000000|100%| E|CS|TAMS 0x00000000f0f00000, 0x00000000f0f00000| Complete 
| 272|0x00000000f1000000, 0x00000000f1100000, 0x00000000f1100000|100%| E|CS|TAMS 0x00000000f1000000, 0x00000000f1000000| Complete 
| 273|0x00000000f1100000, 0x00000000f1200000, 0x00000000f1200000|100%| E|CS|TAMS 0x00000000f1100000, 0x00000000f1100000| Complete 
| 274|0x00000000f1200000, 0x00000000f1300000, 0x00000000f1300000|100%| E|CS|TAMS 0x00000000f1200000, 0x00000000f1200000| Complete 
| 275|0x00000000f1300000, 0x00000000f1400000, 0x00000000f1400000|100%| E|CS|TAMS 0x00000000f1300000, 0x00000000f1300000| Complete 
| 276|0x00000000f1400000, 0x00000000f1500000, 0x00000000f1500000|100%| E|CS|TAMS 0x00000000f1400000, 0x00000000f1400000| Complete 
| 277|0x00000000f1500000, 0x00000000f1600000, 0x00000000f1600000|100%| E|CS|TAMS 0x00000000f1500000, 0x00000000f1500000| Complete 
| 278|0x00000000f1600000, 0x00000000f1700000, 0x00000000f1700000|100%| E|CS|TAMS 0x00000000f1600000, 0x00000000f1600000| Complete 
| 279|0x00000000f1700000, 0x00000000f1800000, 0x00000000f1800000|100%| E|CS|TAMS 0x00000000f1700000, 0x00000000f1700000| Complete 
| 280|0x00000000f1800000, 0x00000000f1900000, 0x00000000f1900000|100%| E|CS|TAMS 0x00000000f1800000, 0x00000000f1800000| Complete 
| 281|0x00000000f1900000, 0x00000000f1a00000, 0x00000000f1a00000|100%| E|CS|TAMS 0x00000000f1900000, 0x00000000f1900000| Complete 
| 282|0x00000000f1a00000, 0x00000000f1b00000, 0x00000000f1b00000|100%| E|CS|TAMS 0x00000000f1a00000, 0x00000000f1a00000| Complete 
| 283|0x00000000f1b00000, 0x00000000f1c00000, 0x00000000f1c00000|100%| E|CS|TAMS 0x00000000f1b00000, 0x00000000f1b00000| Complete 
| 284|0x00000000f1c00000, 0x00000000f1d00000, 0x00000000f1d00000|100%| E|CS|TAMS 0x00000000f1c00000, 0x00000000f1c00000| Complete 
| 285|0x00000000f1d00000, 0x00000000f1e00000, 0x00000000f1e00000|100%| E|CS|TAMS 0x00000000f1d00000, 0x00000000f1d00000| Complete 
| 286|0x00000000f1e00000, 0x00000000f1f00000, 0x00000000f1f00000|100%| E|CS|TAMS 0x00000000f1e00000, 0x00000000f1e00000| Complete 
| 287|0x00000000f1f00000, 0x00000000f2000000, 0x00000000f2000000|100%| E|CS|TAMS 0x00000000f1f00000, 0x00000000f1f00000| Complete 
| 288|0x00000000f2000000, 0x00000000f2100000, 0x00000000f2100000|100%| E|CS|TAMS 0x00000000f2000000, 0x00000000f2000000| Complete 
| 289|0x00000000f2100000, 0x00000000f2200000, 0x00000000f2200000|100%| E|CS|TAMS 0x00000000f2100000, 0x00000000f2100000| Complete 
| 290|0x00000000f2200000, 0x00000000f2300000, 0x00000000f2300000|100%| E|CS|TAMS 0x00000000f2200000, 0x00000000f2200000| Complete 
| 291|0x00000000f2300000, 0x00000000f2400000, 0x00000000f2400000|100%| E|CS|TAMS 0x00000000f2300000, 0x00000000f2300000| Complete 
| 292|0x00000000f2400000, 0x00000000f2500000, 0x00000000f2500000|100%| E|CS|TAMS 0x00000000f2400000, 0x00000000f2400000| Complete 
| 293|0x00000000f2500000, 0x00000000f2600000, 0x00000000f2600000|100%| E|  |TAMS 0x00000000f2500000, 0x00000000f2500000| Complete 
| 294|0x00000000f2600000, 0x00000000f2700000, 0x00000000f2700000|100%| E|CS|TAMS 0x00000000f2600000, 0x00000000f2600000| Complete 
| 295|0x00000000f2700000, 0x00000000f2800000, 0x00000000f2800000|100%| E|CS|TAMS 0x00000000f2700000, 0x00000000f2700000| Complete 
| 296|0x00000000f2800000, 0x00000000f2900000, 0x00000000f2900000|100%| E|CS|TAMS 0x00000000f2800000, 0x00000000f2800000| Complete 
| 297|0x00000000f2900000, 0x00000000f2a00000, 0x00000000f2a00000|100%| E|CS|TAMS 0x00000000f2900000, 0x00000000f2900000| Complete 
| 298|0x00000000f2a00000, 0x00000000f2b00000, 0x00000000f2b00000|100%| E|CS|TAMS 0x00000000f2a00000, 0x00000000f2a00000| Complete 
| 299|0x00000000f2b00000, 0x00000000f2c00000, 0x00000000f2c00000|100%| E|CS|TAMS 0x00000000f2b00000, 0x00000000f2b00000| Complete 
| 300|0x00000000f2c00000, 0x00000000f2d00000, 0x00000000f2d00000|100%| E|CS|TAMS 0x00000000f2c00000, 0x00000000f2c00000| Complete 
| 301|0x00000000f2d00000, 0x00000000f2e00000, 0x00000000f2e00000|100%| E|CS|TAMS 0x00000000f2d00000, 0x00000000f2d00000| Complete 

Card table byte_map: [0x00000211756a0000,0x00000211757a0000] _byte_map_base: 0x0000021174fa0000

Marking Bits (Prev, Next): (CMBitMap*) 0x000002115cc35fe0, (CMBitMap*) 0x000002115cc35fa0
 Prev Bits: [0x00000211760a0000, 0x00000211768a0000)
 Next Bits: [0x00000211758a0000, 0x00000211760a0000)

Polling page: 0x000002115cab0000

Metaspace:

Usage:
  Non-class:     69.81 MB used.
      Class:      9.99 MB used.
       Both:     79.80 MB used.

Virtual space:
  Non-class space:       80.00 MB reserved,      71.81 MB ( 90%) committed,  10 nodes.
      Class space:      208.00 MB reserved,      11.19 MB (  5%) committed,  1 nodes.
              Both:      288.00 MB reserved,      83.00 MB ( 29%) committed. 

Chunk freelists:
   Non-Class:  9.18 MB
       Class:  1.72 MB
        Both:  10.90 MB

MaxMetaspaceSize: 256.00 MB
CompressedClassSpaceSize: 208.00 MB
 - commit_granule_bytes: 65536.
 - commit_granule_words: 8192.
 - virtual_space_node_default_size: 1048576.
 - enlarge_chunks_in_place: 1.
 - new_chunks_are_fully_committed: 0.
 - uncommit_free_chunks: 1.
 - use_allocation_guard: 0.
 - handle_deallocations: 1.


Internal statistics:

num_allocs_failed_limit: 9.
num_arena_births: 1426.
num_arena_deaths: 522.
num_vsnodes_births: 11.
num_vsnodes_deaths: 0.
num_space_committed: 1440.
num_space_uncommitted: 112.
num_chunks_returned_to_freelist: 1266.
num_chunks_taken_from_freelist: 5766.
num_chunk_merges: 378.
num_chunk_splits: 3451.
num_chunks_enlarged: 2075.
num_purges: 6.

CodeHeap 'non-profiled nmethods': size=120000Kb used=15057Kb max_used=15140Kb free=104942Kb
 bounds [0x000002116d610000, 0x000002116e4e0000, 0x0000021174b40000]
CodeHeap 'profiled nmethods': size=120000Kb used=32883Kb max_used=34852Kb free=87116Kb
 bounds [0x00000211660e0000, 0x0000021168310000, 0x000002116d610000]
CodeHeap 'non-nmethods': size=5760Kb used=2402Kb max_used=2565Kb free=3357Kb
 bounds [0x0000021165b40000, 0x0000021165de0000, 0x00000211660e0000]
 total_blobs=17436 nmethods=16507 adapters=839
 compilation: enabled
              stopped_count=0, restarted_count=0
 full_count=0

Compilation events (20 events):
Event: 3420.147 Thread 0x000002117931bb40 20902       3       java.lang.StringUTF16::checkIndex (9 bytes)
Event: 3420.147 Thread 0x000002117931bb40 nmethod 20902 0x0000021167261790 code [0x0000021167261940, 0x0000021167261ac8]
Event: 3420.147 Thread 0x000002117931bb40 20903       3       java.lang.StringUTF16::putCharSB (12 bytes)
Event: 3420.148 Thread 0x000002117931bb40 nmethod 20903 0x000002116767bd10 code [0x000002116767bec0, 0x000002116767c0c8]
Event: 3420.170 Thread 0x0000021179313130 nmethod 20899 0x000002116e205e10 code [0x000002116e206080, 0x000002116e207ca8]
Event: 3420.171 Thread 0x0000021179313130 20905       4       org.gradle.internal.xml.SimpleMarkupWriter::writeXmlEncoded (43 bytes)
Event: 3420.172 Thread 0x0000021179313130 nmethod 20905 0x000002116e205990 code [0x000002116e205b20, 0x000002116e205c88]
Event: 3420.172 Thread 0x0000021179313130 20904       4       org.gradle.internal.xml.SimpleMarkupWriter::writeXmlAttributeEncoded (51 bytes)
Event: 3420.172 Thread 0x0000021179313130 nmethod 20904 0x000002116e205610 code [0x000002116e2057a0, 0x000002116e205888]
Event: 3420.177 Thread 0x0000021179313130 20906       4       org.gradle.internal.operations.DefaultBuildOperationRunner::execute (23 bytes)
Event: 3420.256 Thread 0x000002117931bb40 20907       3       org.gradle.internal.resources.DefaultResourceLockCoordinationService::unlock (9 bytes)
Event: 3420.257 Thread 0x000002117931bb40 nmethod 20907 0x00000211676e4110 code [0x00000211676e42c0, 0x00000211676e4518]
Event: 3420.257 Thread 0x000002117931bb40 20908       3       org.gradle.internal.execution.history.impl.FileSystemSnapshotSerializer::access$100 (6 bytes)
Event: 3420.257 Thread 0x000002117931bb40 nmethod 20908 0x0000021167748490 code [0x0000021167748640, 0x0000021167748888]
Event: 3420.257 Thread 0x000002117931bb40 20909       3       org.gradle.internal.execution.history.impl.FileSystemSnapshotSerializer::writeEntryType (12 bytes)
Event: 3420.257 Thread 0x000002117931bb40 nmethod 20909 0x00000211672a8d90 code [0x00000211672a8f40, 0x00000211672a9128]
Event: 3420.257 Thread 0x000002117931bb40 20912       3       org.gradle.internal.concurrent.CompositeStoppable::stoppable (12 bytes)
Event: 3420.258 Thread 0x000002117931bb40 nmethod 20912 0x0000021166e85810 code [0x0000021166e85a60, 0x0000021166e864e8]
Event: 3420.258 Thread 0x000002117931bb40 20913       3       kotlin.reflect.jvm.internal.ReflectProperties::lazySoft (14 bytes)
Event: 3420.258 Thread 0x000002117931bb40 nmethod 20913 0x000002116743fd10 code [0x000002116743fee0, 0x00000211674401c8]

GC Heap History (20 events):
Event: 3391.010 GC heap before
{Heap before GC invocations=57 (full 0):
 garbage-first heap   total 296960K, used 187435K [0x00000000e0000000, 0x0000000100000000)
  region size 1024K, 55 young (56320K), 8 survivors (8192K)
 Metaspace       used 86936K, committed 88064K, reserved 294912K
  class space    used 11039K, committed 11520K, reserved 212992K
}
Event: 3391.014 GC heap after
{Heap after GC invocations=58 (full 0):
 garbage-first heap   total 296960K, used 142463K [0x00000000e0000000, 0x0000000100000000)
  region size 1024K, 10 young (10240K), 10 survivors (10240K)
 Metaspace       used 86936K, committed 88064K, reserved 294912K
  class space    used 11039K, committed 11520K, reserved 212992K
}
Event: 3391.467 GC heap before
{Heap before GC invocations=58 (full 0):
 garbage-first heap   total 296960K, used 254079K [0x00000000e0000000, 0x0000000100000000)
  region size 1024K, 119 young (121856K), 10 survivors (10240K)
 Metaspace       used 88476K, committed 89600K, reserved 294912K
  class space    used 11220K, committed 11712K, reserved 212992K
}
Event: 3391.477 GC heap after
{Heap after GC invocations=59 (full 0):
 garbage-first heap   total 296960K, used 152536K [0x00000000e0000000, 0x0000000100000000)
  region size 1024K, 15 young (15360K), 15 survivors (15360K)
 Metaspace       used 88476K, committed 89600K, reserved 294912K
  class space    used 11220K, committed 11712K, reserved 212992K
}
Event: 3392.382 GC heap before
{Heap before GC invocations=59 (full 0):
 garbage-first heap   total 296960K, used 228312K [0x00000000e0000000, 0x0000000100000000)
  region size 1024K, 91 young (93184K), 15 survivors (15360K)
 Metaspace       used 88868K, committed 89984K, reserved 294912K
  class space    used 11235K, committed 11712K, reserved 212992K
}
Event: 3392.388 GC heap after
{Heap after GC invocations=60 (full 0):
 garbage-first heap   total 296960K, used 152814K [0x00000000e0000000, 0x0000000100000000)
  region size 1024K, 3 young (3072K), 3 survivors (3072K)
 Metaspace       used 88868K, committed 89984K, reserved 294912K
  class space    used 11235K, committed 11712K, reserved 212992K
}
Event: 3392.452 GC heap before
{Heap before GC invocations=60 (full 0):
 garbage-first heap   total 296960K, used 253166K [0x00000000e0000000, 0x0000000100000000)
  region size 1024K, 99 young (101376K), 3 survivors (3072K)
 Metaspace       used 88870K, committed 89984K, reserved 294912K
  class space    used 11235K, committed 11712K, reserved 212992K
}
Event: 3392.455 GC heap after
{Heap after GC invocations=61 (full 0):
 garbage-first heap   total 296960K, used 152868K [0x00000000e0000000, 0x0000000100000000)
  region size 1024K, 2 young (2048K), 2 survivors (2048K)
 Metaspace       used 88870K, committed 89984K, reserved 294912K
  class space    used 11235K, committed 11712K, reserved 212992K
}
Event: 3392.643 GC heap before
{Heap before GC invocations=62 (full 0):
 garbage-first heap   total 309248K, used 255268K [0x00000000e0000000, 0x0000000100000000)
  region size 1024K, 101 young (103424K), 2 survivors (2048K)
 Metaspace       used 80128K, committed 84992K, reserved 294912K
  class space    used 10048K, committed 11456K, reserved 212992K
}
Event: 3392.646 GC heap after
{Heap after GC invocations=63 (full 0):
 garbage-first heap   total 309248K, used 130327K [0x00000000e0000000, 0x0000000100000000)
  region size 1024K, 2 young (2048K), 2 survivors (2048K)
 Metaspace       used 80128K, committed 84992K, reserved 294912K
  class space    used 10048K, committed 11456K, reserved 212992K
}
Event: 3392.654 GC heap before
{Heap before GC invocations=63 (full 0):
 garbage-first heap   total 309248K, used 142615K [0x00000000e0000000, 0x0000000100000000)
  region size 1024K, 15 young (15360K), 2 survivors (2048K)
 Metaspace       used 80128K, committed 84992K, reserved 294912K
  class space    used 10048K, committed 11456K, reserved 212992K
}
Event: 3392.667 GC heap after
{Heap after GC invocations=64 (full 0):
 garbage-first heap   total 309248K, used 102003K [0x00000000e0000000, 0x0000000100000000)
  region size 1024K, 1 young (1024K), 1 survivors (1024K)
 Metaspace       used 80128K, committed 84992K, reserved 294912K
  class space    used 10048K, committed 11456K, reserved 212992K
}
Event: 3392.694 GC heap before
{Heap before GC invocations=64 (full 0):
 garbage-first heap   total 309248K, used 116339K [0x00000000e0000000, 0x0000000100000000)
  region size 1024K, 15 young (15360K), 1 survivors (1024K)
 Metaspace       used 80129K, committed 84992K, reserved 294912K
  class space    used 10048K, committed 11456K, reserved 212992K
}
Event: 3392.719 GC heap after
{Heap after GC invocations=65 (full 0):
 garbage-first heap   total 309248K, used 90694K [0x00000000e0000000, 0x0000000100000000)
  region size 1024K, 1 young (1024K), 1 survivors (1024K)
 Metaspace       used 80129K, committed 84992K, reserved 294912K
  class space    used 10048K, committed 11456K, reserved 212992K
}
Event: 3392.830 GC heap before
{Heap before GC invocations=65 (full 0):
 garbage-first heap   total 309248K, used 243270K [0x00000000e0000000, 0x0000000100000000)
  region size 1024K, 148 young (151552K), 1 survivors (1024K)
 Metaspace       used 80131K, committed 84992K, reserved 294912K
  class space    used 10048K, committed 11456K, reserved 212992K
}
Event: 3392.832 GC heap after
{Heap after GC invocations=66 (full 0):
 garbage-first heap   total 309248K, used 90694K [0x00000000e0000000, 0x0000000100000000)
  region size 1024K, 1 young (1024K), 1 survivors (1024K)
 Metaspace       used 80131K, committed 84992K, reserved 294912K
  class space    used 10048K, committed 11456K, reserved 212992K
}
Event: 3397.296 GC heap before
{Heap before GC invocations=66 (full 0):
 garbage-first heap   total 309248K, used 252486K [0x00000000e0000000, 0x0000000100000000)
  region size 1024K, 157 young (160768K), 1 survivors (1024K)
 Metaspace       used 80250K, committed 84992K, reserved 294912K
  class space    used 10056K, committed 11456K, reserved 212992K
}
Event: 3397.297 GC heap after
{Heap after GC invocations=67 (full 0):
 garbage-first heap   total 309248K, used 90122K [0x00000000e0000000, 0x0000000100000000)
  region size 1024K, 1 young (1024K), 1 survivors (1024K)
 Metaspace       used 80250K, committed 84992K, reserved 294912K
  class space    used 10056K, committed 11456K, reserved 212992K
}
Event: 3397.965 GC heap before
{Heap before GC invocations=67 (full 0):
 garbage-first heap   total 309248K, used 257034K [0x00000000e0000000, 0x0000000100000000)
  region size 1024K, 163 young (166912K), 1 survivors (1024K)
 Metaspace       used 81346K, committed 84992K, reserved 294912K
  class space    used 10188K, committed 11456K, reserved 212992K
}
Event: 3397.971 GC heap after
{Heap after GC invocations=68 (full 0):
 garbage-first heap   total 309248K, used 103218K [0x00000000e0000000, 0x0000000100000000)
  region size 1024K, 13 young (13312K), 13 survivors (13312K)
 Metaspace       used 81346K, committed 84992K, reserved 294912K
  class space    used 10188K, committed 11456K, reserved 212992K
}

Deoptimization events (20 events):
Event: 3420.018 Thread 0x0000021101eb83d0 DEOPT PACKING pc=0x000002116e33d81c sp=0x0000003b25dfec50
Event: 3420.018 Thread 0x0000021101eb83d0 DEOPT UNPACKING pc=0x0000021165b8d72e sp=0x0000003b25dfec20 mode 2
Event: 3420.019 Thread 0x0000021101eb83d0 Uncommon trap: trap_request=0xffffffc6 fr.pc=0x000002116dc2cb40 relative=0x0000000000000200
Event: 3420.019 Thread 0x0000021101eb83d0 Uncommon trap: reason=bimorphic_or_optimized_type_check action=maybe_recompile pc=0x000002116dc2cb40 method=java.io.BufferedInputStream.read1([BII)I @ 39 c2
Event: 3420.019 Thread 0x0000021101eb83d0 DEOPT PACKING pc=0x000002116dc2cb40 sp=0x0000003b25dfec10
Event: 3420.019 Thread 0x0000021101eb83d0 DEOPT UNPACKING pc=0x0000021165b8d72e sp=0x0000003b25dfebb8 mode 2
Event: 3420.052 Thread 0x0000021101eb83d0 Uncommon trap: trap_request=0xffffffc6 fr.pc=0x000002116e33d81c relative=0x00000000000003bc
Event: 3420.052 Thread 0x0000021101eb83d0 Uncommon trap: reason=bimorphic_or_optimized_type_check action=maybe_recompile pc=0x000002116e33d81c method=java.io.PrintStream.flush()V @ 12 c2
Event: 3420.052 Thread 0x0000021101eb83d0 DEOPT PACKING pc=0x000002116e33d81c sp=0x0000003b25dfec50
Event: 3420.052 Thread 0x0000021101eb83d0 DEOPT UNPACKING pc=0x0000021165b8d72e sp=0x0000003b25dfec20 mode 2
Event: 3420.054 Thread 0x0000021101eb83d0 Uncommon trap: trap_request=0xffffffc6 fr.pc=0x000002116e33d81c relative=0x00000000000003bc
Event: 3420.054 Thread 0x0000021101eb83d0 Uncommon trap: reason=bimorphic_or_optimized_type_check action=maybe_recompile pc=0x000002116e33d81c method=java.io.PrintStream.flush()V @ 12 c2
Event: 3420.054 Thread 0x0000021101eb83d0 DEOPT PACKING pc=0x000002116e33d81c sp=0x0000003b25dfec50
Event: 3420.054 Thread 0x0000021101eb83d0 DEOPT UNPACKING pc=0x0000021165b8d72e sp=0x0000003b25dfec20 mode 2
Event: 3420.132 Thread 0x000002117c2eb5b0 DEOPT PACKING pc=0x00000211678c4618 sp=0x0000003b201f9690
Event: 3420.132 Thread 0x000002117c2eb5b0 DEOPT UNPACKING pc=0x0000021165b8dece sp=0x0000003b201f8b30 mode 0
Event: 3420.132 Thread 0x000002117c2eb5b0 DEOPT PACKING pc=0x00000211678c4618 sp=0x0000003b201f9690
Event: 3420.132 Thread 0x000002117c2eb5b0 DEOPT UNPACKING pc=0x0000021165b8dece sp=0x0000003b201f8b30 mode 0
Event: 3420.148 Thread 0x0000021179e08800 DEOPT PACKING pc=0x000002116770eb18 sp=0x0000003b248fdaf0
Event: 3420.148 Thread 0x0000021179e08800 DEOPT UNPACKING pc=0x0000021165b8dece sp=0x0000003b248fcf90 mode 0

Classes unloaded (20 events):
Event: 3392.489 Thread 0x00000211792eb350 Unloading class 0x0000000800d1c400 'jdk/internal/reflect/GeneratedSerializationConstructorAccessor1'
Event: 3392.489 Thread 0x00000211792eb350 Unloading class 0x0000000800cea400 'java/lang/invoke/LambdaForm$DMH+0x0000000800cea400'
Event: 3392.489 Thread 0x00000211792eb350 Unloading class 0x0000000800ce9c00 'java/lang/invoke/LambdaForm$DMH+0x0000000800ce9c00'
Event: 3392.489 Thread 0x00000211792eb350 Unloading class 0x0000000800ce9800 'java/lang/invoke/LambdaForm$MH+0x0000000800ce9800'
Event: 3392.489 Thread 0x00000211792eb350 Unloading class 0x0000000800ce9400 'java/lang/invoke/LambdaForm$MH+0x0000000800ce9400'
Event: 3392.489 Thread 0x00000211792eb350 Unloading class 0x0000000800ce9000 'java/lang/invoke/LambdaForm$MH+0x0000000800ce9000'
Event: 3392.489 Thread 0x00000211792eb350 Unloading class 0x0000000800ce8c00 'java/lang/invoke/LambdaForm$MH+0x0000000800ce8c00'
Event: 3392.489 Thread 0x00000211792eb350 Unloading class 0x0000000800ce8800 'java/lang/invoke/LambdaForm$MH+0x0000000800ce8800'
Event: 3392.489 Thread 0x00000211792eb350 Unloading class 0x0000000800ce8400 'java/lang/invoke/LambdaForm$MH+0x0000000800ce8400'
Event: 3392.489 Thread 0x00000211792eb350 Unloading class 0x0000000800ce8000 'java/lang/invoke/LambdaForm$MH+0x0000000800ce8000'
Event: 3392.489 Thread 0x00000211792eb350 Unloading class 0x0000000800cc3800 'java/lang/invoke/LambdaForm$MH+0x0000000800cc3800'
Event: 3392.490 Thread 0x00000211792eb350 Unloading class 0x0000000800cc3000 'java/lang/invoke/LambdaForm$MH+0x0000000800cc3000'
Event: 3392.490 Thread 0x00000211792eb350 Unloading class 0x0000000800cc2c00 'java/lang/invoke/LambdaForm$MH+0x0000000800cc2c00'
Event: 3392.490 Thread 0x00000211792eb350 Unloading class 0x0000000800cc2800 'java/lang/invoke/LambdaForm$MH+0x0000000800cc2800'
Event: 3392.490 Thread 0x00000211792eb350 Unloading class 0x0000000800cc2400 'java/lang/invoke/LambdaForm$MH+0x0000000800cc2400'
Event: 3392.490 Thread 0x00000211792eb350 Unloading class 0x0000000800cc1c00 'java/lang/invoke/LambdaForm$MH+0x0000000800cc1c00'
Event: 3392.490 Thread 0x00000211792eb350 Unloading class 0x0000000800c26c00 'java/lang/invoke/LambdaForm$MH+0x0000000800c26c00'
Event: 3392.490 Thread 0x00000211792eb350 Unloading class 0x0000000800c26800 'java/lang/invoke/LambdaForm$MH+0x0000000800c26800'
Event: 3392.490 Thread 0x00000211792eb350 Unloading class 0x0000000800c26000 'java/lang/invoke/LambdaForm$MH+0x0000000800c26000'
Event: 3392.490 Thread 0x00000211792eb350 Unloading class 0x0000000800c24400 'java/lang/invoke/LambdaForm$MH+0x0000000800c24400'

Classes redefined (0 events):
No events

Internal exceptions (20 events):
Event: 3398.025 Thread 0x000002117c2eb5b0 Exception <a 'sun/nio/fs/WindowsException'{0x00000000f28e4cd0}> (0x00000000f28e4cd0) 
thrown [t:\workspace\open\src\hotspot\share\prims\jni.cpp, line 579]
Event: 3398.027 Thread 0x000002117c2eb5b0 Exception <a 'sun/nio/fs/WindowsException'{0x00000000f28fc218}> (0x00000000f28fc218) 
thrown [t:\workspace\open\src\hotspot\share\prims\jni.cpp, line 579]
Event: 3398.028 Thread 0x000002117c2eb5b0 Exception <a 'sun/nio/fs/WindowsException'{0x00000000f2712f80}> (0x00000000f2712f80) 
thrown [t:\workspace\open\src\hotspot\share\prims\jni.cpp, line 579]
Event: 3398.029 Thread 0x000002117c2eb5b0 Exception <a 'sun/nio/fs/WindowsException'{0x00000000f2714138}> (0x00000000f2714138) 
thrown [t:\workspace\open\src\hotspot\share\prims\jni.cpp, line 579]
Event: 3398.030 Thread 0x000002117c2eb5b0 Exception <a 'sun/nio/fs/WindowsException'{0x00000000f2715198}> (0x00000000f2715198) 
thrown [t:\workspace\open\src\hotspot\share\prims\jni.cpp, line 579]
Event: 3398.030 Thread 0x000002117c2eb5b0 Exception <a 'sun/nio/fs/WindowsException'{0x00000000f2716320}> (0x00000000f2716320) 
thrown [t:\workspace\open\src\hotspot\share\prims\jni.cpp, line 579]
Event: 3398.031 Thread 0x000002117c2eb5b0 Exception <a 'sun/nio/fs/WindowsException'{0x00000000f27165a8}> (0x00000000f27165a8) 
thrown [t:\workspace\open\src\hotspot\share\prims\jni.cpp, line 579]
Event: 3398.031 Thread 0x000002117c2eb5b0 Exception <a 'sun/nio/fs/WindowsException'{0x00000000f2718748}> (0x00000000f2718748) 
thrown [t:\workspace\open\src\hotspot\share\prims\jni.cpp, line 579]
Event: 3398.031 Thread 0x000002117c2eb5b0 Exception <a 'sun/nio/fs/WindowsException'{0x00000000f27189b0}> (0x00000000f27189b0) 
thrown [t:\workspace\open\src\hotspot\share\prims\jni.cpp, line 579]
Event: 3398.032 Thread 0x000002117c2eb5b0 Exception <a 'sun/nio/fs/WindowsException'{0x00000000f271ab40}> (0x00000000f271ab40) 
thrown [t:\workspace\open\src\hotspot\share\prims\jni.cpp, line 579]
Event: 3398.182 Thread 0x000002117d9ad390 Exception <a 'java/lang/NoSuchMethodError'{0x00000000f19b6e28}: static Lorg/gradle/internal/build/event/types/DefaultTaskSkippedResult;.<clinit>()V> (0x00000000f19b6e28) 
thrown [t:\workspace\open\src\hotspot\share\prims\jni.cpp, line 1210]
Event: 3398.183 Thread 0x000002117c2eb5b0 Implicit null exception at 0x000002116d862916 to 0x000002116d862ed8
Event: 3398.183 Thread 0x000002117c2eb5b0 Implicit null exception at 0x000002116dbb38c0 to 0x000002116dbb90ac
Event: 3398.211 Thread 0x000002117c2eb5b0 Implicit null exception at 0x000002116e0babeb to 0x000002116e0bae48
Event: 3398.211 Thread 0x000002117c2eb5b0 Implicit null exception at 0x000002116d7a30eb to 0x000002116d7a31ac
Event: 3398.380 Thread 0x00000211028875a0 Exception <a 'java/lang/NoSuchMethodError'{0x00000000f0322550}: static Ljava/lang/Object;.<clinit>()V> (0x00000000f0322550) 
thrown [t:\workspace\open\src\hotspot\share\prims\jni.cpp, line 1210]
Event: 3398.380 Thread 0x00000211028875a0 Exception <a 'java/lang/NoSuchMethodError'{0x00000000f032c090}: static Lorg/gradle/api/internal/tasks/testing/junitplatform/JUnitPlatformTestFramework$JUnitPlatformTestClassProcessorFactory;.<clinit>()V> (0x00000000f032c090) 
thrown [t:\workspace\open\src\hotspot\share\prims\jni.cpp, line 1210]
Event: 3398.381 Thread 0x00000211028875a0 Exception <a 'java/lang/NoSuchMethodError'{0x00000000f033e588}: static Lorg/gradle/api/internal/tasks/testing/junitplatform/JUnitPlatformSpec;.<clinit>()V> (0x00000000f033e588) 
thrown [t:\workspace\open\src\hotspot\share\prims\jni.cpp, line 1210]
Event: 3398.381 Thread 0x00000211028875a0 Exception <a 'java/lang/NoSuchMethodError'{0x00000000f03406d8}: static Lorg/gradle/api/internal/tasks/testing/junit/AbstractJUnitSpec;.<clinit>()V> (0x00000000f03406d8) 
thrown [t:\workspace\open\src\hotspot\share\prims\jni.cpp, line 1210]
Event: 3398.876 Thread 0x0000021101eb63f0 Implicit null exception at 0x000002116e45ecab to 0x000002116e46285c

Events (20 events):
Event: 3401.101 Executing  VM operation: Cleanup
Event: 3401.101 Executing  VM operation: Cleanup done
Event: 3402.104 Executing  VM operation: Cleanup
Event: 3402.104 Executing  VM operation: Cleanup done
Event: 3420.097 Thread 0x0000021101eb7930 Thread exited: 0x0000021101eb7930
Event: 3420.097 Thread 0x0000021101eb5ea0 Thread exited: 0x0000021101eb5ea0
Event: 3420.097 Thread 0x0000021101eb8920 Thread exited: 0x0000021101eb8920
Event: 3420.097 Thread 0x0000021101eb63f0 Thread exited: 0x0000021101eb63f0
Event: 3420.097 Thread 0x0000021102888590 Thread exited: 0x0000021102888590
Event: 3420.097 Thread 0x00000211028875a0 Thread exited: 0x00000211028875a0
Event: 3420.097 Thread 0x0000021102887050 Thread exited: 0x0000021102887050
Event: 3420.199 Executing  VM operation: Cleanup
Event: 3420.199 Executing  VM operation: Cleanup done
Event: 3420.257 Thread 0x000002117c2ec050 Thread exited: 0x000002117c2ec050
Event: 3420.257 Thread 0x000002117c2ed590 Thread exited: 0x000002117c2ed590
Event: 3420.257 Thread 0x000002117c2edae0 Thread exited: 0x000002117c2edae0
Event: 3420.257 Thread 0x000002117c2eb5b0 Thread exited: 0x000002117c2eb5b0
Event: 3420.257 Thread 0x000002117c2e95d0 Thread exited: 0x000002117c2e95d0
Event: 3420.257 Thread 0x000002117c2ee030 Thread exited: 0x000002117c2ee030
Event: 3420.257 Thread 0x000002117c2f0560 Thread exited: 0x000002117c2f0560


Dynamic libraries:
0x00007ff6292c0000 - 0x00007ff6292ce000 	C:\Users\PC-YK-D-1\.jdks\openjdk-16.0.2\bin\java.exe
0x00007ffc92ad0000 - 0x00007ffc92cc5000 	C:\Windows\SYSTEM32\ntdll.dll
0x00007ffc90de0000 - 0x00007ffc90e9d000 	C:\Windows\System32\KERNEL32.DLL
0x00007ffc90210000 - 0x00007ffc904d9000 	C:\Windows\System32\KERNELBASE.dll
0x00007ffc909b0000 - 0x00007ffc90ab0000 	C:\Windows\System32\ucrtbase.dll
0x00007ffc85430000 - 0x00007ffc85448000 	C:\Users\PC-YK-D-1\.jdks\openjdk-16.0.2\bin\jli.dll
0x00007ffc85410000 - 0x00007ffc85429000 	C:\Users\PC-YK-D-1\.jdks\openjdk-16.0.2\bin\VCRUNTIME140.dll
0x00007ffc92320000 - 0x00007ffc924c0000 	C:\Windows\System32\USER32.dll
0x00007ffc90920000 - 0x00007ffc90942000 	C:\Windows\System32\win32u.dll
0x00007ffc70160000 - 0x00007ffc703fa000 	C:\Windows\WinSxS\amd64_microsoft.windows.common-controls_6595b64144ccf1df_6.0.19041.1110_none_60b5254171f9507e\COMCTL32.dll
0x00007ffc91a70000 - 0x00007ffc91a9a000 	C:\Windows\System32\GDI32.dll
0x00007ffc91ce0000 - 0x00007ffc91d7e000 	C:\Windows\System32\msvcrt.dll
0x00007ffc904e0000 - 0x00007ffc905eb000 	C:\Windows\System32\gdi32full.dll
0x00007ffc90800000 - 0x00007ffc9089d000 	C:\Windows\System32\msvcp_win.dll
0x00007ffc91e60000 - 0x00007ffc91e90000 	C:\Windows\System32\IMM32.DLL
0x00007ffc8c130000 - 0x00007ffc8c13c000 	C:\Users\PC-YK-D-1\.jdks\openjdk-16.0.2\bin\vcruntime140_1.dll
0x00007ffc85370000 - 0x00007ffc85401000 	C:\Users\PC-YK-D-1\.jdks\openjdk-16.0.2\bin\msvcp140.dll
0x00007ffc25b80000 - 0x00007ffc2672b000 	C:\Users\PC-YK-D-1\.jdks\openjdk-16.0.2\bin\server\jvm.dll
0x00007ffc90fd0000 - 0x00007ffc9107c000 	C:\Windows\System32\ADVAPI32.dll
0x00007ffc91b20000 - 0x00007ffc91bbb000 	C:\Windows\System32\sechost.dll
0x00007ffc91e90000 - 0x00007ffc91fba000 	C:\Windows\System32\RPCRT4.dll
0x00007ffc90b40000 - 0x00007ffc90b48000 	C:\Windows\System32\PSAPI.DLL
0x00007ffc765f0000 - 0x00007ffc765f9000 	C:\Windows\SYSTEM32\WSOCK32.dll
0x00007ffc89af0000 - 0x00007ffc89b17000 	C:\Windows\SYSTEM32\WINMM.dll
0x00007ffc8a970000 - 0x00007ffc8a97a000 	C:\Windows\SYSTEM32\VERSION.dll
0x00007ffc91a00000 - 0x00007ffc91a6b000 	C:\Windows\System32\WS2_32.dll
0x00007ffc8e120000 - 0x00007ffc8e132000 	C:\Windows\SYSTEM32\kernel.appcore.dll
0x00007ffc8b250000 - 0x00007ffc8b25a000 	C:\Users\PC-YK-D-1\.jdks\openjdk-16.0.2\bin\jimage.dll
0x00007ffc73220000 - 0x00007ffc73404000 	C:\Windows\SYSTEM32\DBGHELP.DLL
0x00007ffc72850000 - 0x00007ffc7287c000 	C:\Windows\SYSTEM32\dbgcore.DLL
0x00007ffc90ab0000 - 0x00007ffc90b33000 	C:\Windows\System32\bcryptPrimitives.dll
0x00007ffc85340000 - 0x00007ffc85365000 	C:\Users\PC-YK-D-1\.jdks\openjdk-16.0.2\bin\java.dll
0x00007ffc91130000 - 0x00007ffc9186f000 	C:\Windows\System32\SHELL32.dll
0x00007ffc8e320000 - 0x00007ffc8eab1000 	C:\Windows\SYSTEM32\windows.storage.dll
0x00007ffc91fc0000 - 0x00007ffc92315000 	C:\Windows\System32\combase.dll
0x00007ffc8fba0000 - 0x00007ffc8fbcc000 	C:\Windows\SYSTEM32\Wldp.dll
0x00007ffc929e0000 - 0x00007ffc92a8e000 	C:\Windows\System32\SHCORE.dll
0x00007ffc90d80000 - 0x00007ffc90dd5000 	C:\Windows\System32\shlwapi.dll
0x00007ffc90150000 - 0x00007ffc9016f000 	C:\Windows\SYSTEM32\profapi.dll
0x00007ffc85320000 - 0x00007ffc85339000 	C:\Users\PC-YK-D-1\.jdks\openjdk-16.0.2\bin\net.dll
0x00007ffc88bf0000 - 0x00007ffc88cfa000 	C:\Windows\SYSTEM32\WINHTTP.dll
0x00007ffc8f980000 - 0x00007ffc8f9ea000 	C:\Windows\system32\mswsock.dll
0x00007ffc85300000 - 0x00007ffc85313000 	C:\Users\PC-YK-D-1\.jdks\openjdk-16.0.2\bin\nio.dll
0x00007ffc7f220000 - 0x00007ffc7f238000 	C:\Users\PC-YK-D-1\.jdks\openjdk-16.0.2\bin\zip.dll
0x00007ffc883d0000 - 0x00007ffc883e0000 	C:\Users\PC-YK-D-1\.jdks\openjdk-16.0.2\bin\verify.dll
0x00007ffc7ed00000 - 0x00007ffc7ed27000 	F:\Yunus Files\gradle-7.1.1-all\native\8bec1ad78214c89d9ad589b4d07fe93259594b29d510b10fafb7a158f7737e5d\windows-amd64\native-platform.dll
0x00007ffc3f2c0000 - 0x00007ffc3f3fd000 	F:\Yunus Files\gradle-7.1.1-all\native\53dbd7edfb1c66fb8903c78663c9afc45aea4f116125fa6feffd364cf09443e8\windows-amd64\native-platform-file-events.dll
0x00007ffc7f880000 - 0x00007ffc7f889000 	C:\Users\PC-YK-D-1\.jdks\openjdk-16.0.2\bin\management.dll
0x00007ffc7f200000 - 0x00007ffc7f20b000 	C:\Users\PC-YK-D-1\.jdks\openjdk-16.0.2\bin\management_ext.dll
0x00007ffc8fbe0000 - 0x00007ffc8fbf8000 	C:\Windows\SYSTEM32\CRYPTSP.dll
0x00007ffc8f2d0000 - 0x00007ffc8f304000 	C:\Windows\system32\rsaenh.dll
0x00007ffc908a0000 - 0x00007ffc908c7000 	C:\Windows\System32\bcrypt.dll
0x00007ffc90110000 - 0x00007ffc9013e000 	C:\Windows\SYSTEM32\USERENV.dll
0x00007ffc8fb00000 - 0x00007ffc8fb0c000 	C:\Windows\SYSTEM32\CRYPTBASE.dll
0x00007ffc8f640000 - 0x00007ffc8f67b000 	C:\Windows\SYSTEM32\IPHLPAPI.DLL
0x00007ffc91aa0000 - 0x00007ffc91aa8000 	C:\Windows\System32\NSI.dll
0x00007ffc8ab10000 - 0x00007ffc8ab27000 	C:\Windows\SYSTEM32\dhcpcsvc6.DLL
0x00007ffc8aaf0000 - 0x00007ffc8ab0d000 	C:\Windows\SYSTEM32\dhcpcsvc.DLL
0x00007ffc8f690000 - 0x00007ffc8f75c000 	C:\Windows\SYSTEM32\DNSAPI.dll
0x00007ffc7ddb0000 - 0x00007ffc7ddbe000 	C:\Users\PC-YK-D-1\.jdks\openjdk-16.0.2\bin\sunmscapi.dll
0x00007ffc906a0000 - 0x00007ffc907ff000 	C:\Windows\System32\CRYPT32.dll
0x00007ffc8fcf0000 - 0x00007ffc8fd17000 	C:\Windows\SYSTEM32\ncrypt.dll
0x00007ffc8fcb0000 - 0x00007ffc8fceb000 	C:\Windows\SYSTEM32\NTASN1.dll
0x00007ffc7dda0000 - 0x00007ffc7dda7000 	C:\Windows\system32\wshunix.dll

dbghelp: loaded successfully - version: 4.0.5 - missing functions: none
symbol engine: initialized successfully - sym options: 0x614 - pdb path: .;C:\Users\PC-YK-D-1\.jdks\openjdk-16.0.2\bin;C:\Windows\SYSTEM32;C:\Windows\WinSxS\amd64_microsoft.windows.common-controls_6595b64144ccf1df_6.0.19041.1110_none_60b5254171f9507e;C:\Users\PC-YK-D-1\.jdks\openjdk-16.0.2\bin\server;F:\Yunus Files\gradle-7.1.1-all\native\8bec1ad78214c89d9ad589b4d07fe93259594b29d510b10fafb7a158f7737e5d\windows-amd64;F:\Yunus Files\gradle-7.1.1-all\native\53dbd7edfb1c66fb8903c78663c9afc45aea4f116125fa6feffd364cf09443e8\windows-amd64

VM Arguments:
jvm_args: -XX:MaxMetaspaceSize=256m -XX:+HeapDumpOnOutOfMemoryError --add-opens=java.base/java.util=ALL-UNNAMED --add-opens=java.base/java.lang=ALL-UNNAMED --add-opens=java.base/java.lang.invoke=ALL-UNNAMED --add-opens=java.base/java.util=ALL-UNNAMED --add-opens=java.prefs/java.util.prefs=ALL-UNNAMED --add-opens=java.prefs/java.util.prefs=ALL-UNNAMED --add-opens=java.base/java.nio.charset=ALL-UNNAMED --add-opens=java.base/java.net=ALL-UNNAMED --add-opens=java.base/java.util.concurrent.atomic=ALL-UNNAMED -Xms256m -Xmx512m -Dfile.encoding=windows-1252 -Duser.country=US -Duser.language=en -Duser.variant 
java_command: org.gradle.launcher.daemon.bootstrap.GradleDaemon 7.1.1
java_class_path (initial): F:\Yunus Files\gradle-7.1.1-all\wrapper\dists\gradle-7.1.1-bin\f29rtwfnc96ub43tt7p47zsru\gradle-7.1.1\lib\gradle-launcher-7.1.1.jar
Launcher Type: SUN_STANDARD

[Global flags]
     intx CICompilerCount                          = 4                                         {product} {ergonomic}
   size_t CompressedClassSpaceSize                 = 218103808                                 {product} {ergonomic}
     uint ConcGCThreads                            = 2                                         {product} {ergonomic}
     uint G1ConcRefinementThreads                  = 8                                         {product} {ergonomic}
   size_t G1HeapRegionSize                         = 1048576                                   {product} {ergonomic}
    uintx GCDrainStackTargetSize                   = 64                                        {product} {ergonomic}
     bool HeapDumpOnOutOfMemoryError               = true                                   {manageable} {command line}
   size_t InitialHeapSize                          = 268435456                                 {product} {command line}
   size_t MarkStackSize                            = 4194304                                   {product} {ergonomic}
   size_t MaxHeapSize                              = 536870912                                 {product} {command line}
   size_t MaxMetaspaceSize                         = 268435456                                 {product} {command line}
   size_t MaxNewSize                               = 321912832                                 {product} {ergonomic}
   size_t MinHeapDeltaBytes                        = 1048576                                   {product} {ergonomic}
   size_t MinHeapSize                              = 268435456                                 {product} {command line}
    uintx NonNMethodCodeHeapSize                   = 5839372                                {pd product} {ergonomic}
    uintx NonProfiledCodeHeapSize                  = 122909434                              {pd product} {ergonomic}
    uintx ProfiledCodeHeapSize                     = 122909434                              {pd product} {ergonomic}
    uintx ReservedCodeCacheSize                    = 251658240                              {pd product} {ergonomic}
     bool SegmentedCodeCache                       = true                                      {product} {ergonomic}
   size_t SoftMaxHeapSize                          = 536870912                              {manageable} {ergonomic}
     bool UseCompressedClassPointers               = true                           {product lp64_product} {ergonomic}
     bool UseCompressedOops                        = true                           {product lp64_product} {ergonomic}
     bool UseG1GC                                  = true                                      {product} {ergonomic}
     bool UseLargePagesIndividualAllocation        = false                                  {pd product} {ergonomic}

Logging:
Log output configuration:
 #0: stdout all=warning uptime,level,tags
 #1: stderr all=off uptime,level,tags

Environment Variables:
PATH=C:\Program Files\Common Files\Oracle\Java\javapath;C:\Program Files (x86)\Common Files\Oracle\Java\javapath;C:\Windows\system32;C:\Windows;C:\Windows\System32\Wbem;C:\Windows\System32\WindowsPowerShell\v1.0\;C:\Windows\System32\OpenSSH\;C:\Program Files\7-Zip;C:\Program Files (x86)\NVIDIA Corporation\PhysX\Common;C:\Program Files\NVIDIA Corporation\NVIDIA NvDLISR;C:\Program Files\Docker\Docker\resources\bin;C:\ProgramData\DockerDesktop\version-bin;C:\Program Files\Git\cmd;C:\Program Files (x86)\Microsoft SQL Server\110\Tools\Binn\;C:\Program Files\Microsoft SQL Server\110\Tools\Binn\;C:\Program Files\Microsoft SQL Server\110\DTS\Binn\;C:\Users\PC-YK-D-1\AppData\Local\Microsoft\WindowsApps;
USERNAME=PC-YK-D-1
OS=Windows_NT
PROCESSOR_IDENTIFIER=Intel64 Family 6 Model 158 Stepping 9, GenuineIntel



---------------  S Y S T E M  ---------------

OS:
 Windows 10 , 64 bit Build 19041 (10.0.19041.1023)
OS uptime: 8 days 3:20 hours
Hyper-V role detected

CPU: total 8 (initial active 8) (4 cores per cpu, 2 threads per core) family 6 model 158 stepping 9 microcode 0xb4, cx8, cmov, fxsr, ht, mmx, 3dnowpref, sse, sse2, sse3, ssse3, sse4.1, sse4.2, popcnt, lzcnt, tsc, tscinvbit, avx, avx2, aes, erms, clmul, bmi1, bmi2, rtm, adx, fma, vzeroupper, clflush, clflushopt, hv

Memory: 4k page, system-wide physical 16343M (8032M free)
TotalPageFile size 18775M (AvailPageFile size 5788M)
current process WorkingSet (physical memory assigned to process): 593M, peak: 624M
current process commit charge ("private bytes"): 633M, peak: 664M

vm_info: OpenJDK 64-Bit Server VM (16.0.2+7-67) for windows-amd64 JRE (16.0.2+7-67), built on Jun  8 2021 23:21:43 by "mach5one" with MS VC++ 16.7 (VS2019)

END.
