#
# A fatal error has been detected by the Java Runtime Environment:
#
#  EXCEPTION_ACCESS_VIOLATION (0xc0000005) at pc=0x00007ffc36b3c4be, pid=17244, tid=1556
#
# JRE version: OpenJDK Runtime Environment (16.0.2+7) (build 16.0.2+7-67)
# Java VM: OpenJDK 64-Bit Server VM (16.0.2+7-67, mixed mode, sharing, tiered, compressed oops, compressed class ptrs, g1 gc, windows-amd64)
# Problematic frame:
# C  [native-platform-file-events.dll+0x1c4be]
#
# No core dump will be written. Minidumps are not enabled by default on client versions of Windows
#
# If you would like to submit a bug report, please visit:
#   https://bugreport.java.com/bugreport/crash.jsp
# The crash happened outside the Java Virtual Machine in native code.
# See problematic frame for where to report the bug.
#

---------------  S U M M A R Y ------------

Command Line: --add-opens=java.base/java.util=ALL-UNNAMED --add-opens=java.base/java.lang=ALL-UNNAMED --add-opens=java.base/java.lang.invoke=ALL-UNNAMED --add-opens=java.base/java.util=ALL-UNNAMED --add-opens=java.prefs/java.util.prefs=ALL-UNNAMED --add-opens=java.prefs/java.util.prefs=ALL-UNNAMED --add-opens=java.base/java.nio.charset=ALL-UNNAMED --add-opens=java.base/java.net=ALL-UNNAMED --add-opens=java.base/java.util.concurrent.atomic=ALL-UNNAMED -XX:MaxMetaspaceSize=256m -XX:+HeapDumpOnOutOfMemoryError -Xms256m -Xmx512m -Dfile.encoding=windows-1252 -Duser.country=US -Duser.language=en -Duser.variant org.gradle.launcher.daemon.bootstrap.GradleDaemon 7.1.1

Host: Intel(R) Core(TM) i7-7700 CPU @ 3.60GHz, 8 cores, 15G,  Windows 10 , 64 bit Build 19041 (10.0.19041.1023)
Time: Thu Jul 22 16:49:42 2021 Azerbaijan Standard Time elapsed time: 223.256211 seconds (0d 0h 3m 43s)

---------------  T H R E A D  ---------------

Current thread (0x0000019346b20430):  JavaThread "File watcher server" daemon [_thread_in_native, id=1556, stack(0x0000003614400000,0x0000003614500000)]

Stack: [0x0000003614400000,0x0000003614500000],  sp=0x00000036144fe750,  free space=1017k
Native frames: (J=compiled Java code, j=interpreted, Vv=VM code, C=native code)
C  [native-platform-file-events.dll+0x1c4be]

Java frames: (J=compiled Java code, j=interpreted, Vv=VM code)
j  net.rubygrapefruit.platform.internal.jni.AbstractFileEventFunctions$NativeFileWatcher.executeRunLoop0(Ljava/lang/Object;)V+0
j  net.rubygrapefruit.platform.internal.jni.AbstractFileEventFunctions$NativeFileWatcher.access$100(Lnet/rubygrapefruit/platform/internal/jni/AbstractFileEventFunctions$NativeFileWatcher;Ljava/lang/Object;)V+2
j  net.rubygrapefruit.platform.internal.jni.AbstractFileEventFunctions$NativeFileWatcher$1.run()V+26
v  ~StubRoutines::call_stub

siginfo: EXCEPTION_ACCESS_VIOLATION (0xc0000005), reading address 0xffffffffffffffff


Register to memory mapping:

RIP=0x00007ffc36b3c4be native-platform-file-events.dll
RAX=0x0061006c005c0073 is an unknown value
RBX=0x0000000000000001 is an unknown value
RCX=0x0061006c005c0073 is an unknown value
RDX=0x00000036144fe7a8 is pointing into the stack for thread: 0x0000019346b20430
RSP=0x00000036144fe750 is pointing into the stack for thread: 0x0000019346b20430
RBP=0x00000036144ff148 is pointing into the stack for thread: 0x0000019346b20430
RSI=0x0 is NULL
RDI=0x00000000ffffffff is an unallocated location in the heap
R8 =0x00000036144fe7b0 is pointing into the stack for thread: 0x0000019346b20430
R9 =0x000000007ffec000 points into unknown readable memory: 0x0000000000000001 | 01 00 00 00 00 00 00 00
R10=0x0000000000000001 is an unknown value
R11=0x00000349ee707cff is an unknown value
R12=0x0 is NULL
R13={method} {0x0000019348f1b3b0} 'executeRunLoop0' '(Ljava/lang/Object;)V' in 'net/rubygrapefruit/platform/internal/jni/AbstractFileEventFunctions$NativeFileWatcher'
R14=0x00000036144ff170 is pointing into the stack for thread: 0x0000019346b20430
R15=0x0000019346b20430 is a thread


Registers:
RAX=0x0061006c005c0073, RBX=0x0000000000000001, RCX=0x0061006c005c0073, RDX=0x00000036144fe7a8
RSP=0x00000036144fe750, RBP=0x00000036144ff148, RSI=0x0000000000000000, RDI=0x00000000ffffffff
R8 =0x00000036144fe7b0, R9 =0x000000007ffec000, R10=0x0000000000000001, R11=0x00000349ee707cff
R12=0x0000000000000000, R13=0x0000019348f1b3a8, R14=0x00000036144ff170, R15=0x0000019346b20430
RIP=0x00007ffc36b3c4be, EFLAGS=0x0000000000010206

Top of Stack: (sp=0x00000036144fe750)
0x00000036144fe750:   0001ec9302fbacc4 0001ec92d0e3a91c
0x00000036144fe760:   0001ec9302fbacc4 00007ffc36b57be5
0x00000036144fe770:   00000036144fe828 00000036144fe7a8
0x00000036144fe780:   0000003600000000 00000036144fe7b8
0x00000036144fe790:   00000036144f0001 000004ecfd7846d9
0x00000036144fe7a0:   00000036144fe7b0 0000000000000348
0x00000036144fe7b0:   0001ec92d0e3a91c 0001ec9302fbacc4
0x00000036144fe7c0:   00000036144ff170 00007ffc36b57777
0x00000036144fe7d0:   00000036144fe828 00000036144fe820
0x00000036144fe7e0:   00000193455e34c0 00000008001f8100
0x00000036144fe7f0:   0000000000000000 00007ffc36b48bee
0x00000036144fe800:   0001ec9302fbacc4 0000000000000348
0x00000036144fe810:   0000003613cfbc40 00000036144fe880
0x00000036144fe820:   00008e31110e2f69 0000000000000348
0x00000036144fe830:   0000000000000000 00007ffc36b3c6ec
0x00000036144fe840:   0061006c005c0073 0000003600000003 

Instructions: (pc=0x00007ffc36b3c4be)
0x00007ffc36b3c3be:   8b 00 48 89 44 24 38 48 8b 44 24 38 48 89 44 24
0x00007ffc36b3c3ce:   58 48 8b 84 24 b0 00 00 00 48 83 c0 08 48 89 44
0x00007ffc36b3c3de:   24 40 48 8d 54 24 70 48 8b 4c 24 40 e8 26 50 fe
0x00007ffc36b3c3ee:   ff 48 8b 00 48 89 44 24 48 48 8b 44 24 48 48 89
0x00007ffc36b3c3fe:   44 24 60 4c 8b 4c 24 50 4c 8b 44 24 58 48 8b 54
0x00007ffc36b3c40e:   24 60 48 8d 4c 24 78 e8 31 92 fe ff 48 8d 4c 24
0x00007ffc36b3c41e:   78 e8 8b 6a fe ff 48 8b c8 ff 15 db ab 11 00 89
0x00007ffc36b3c42e:   44 24 24 83 7c 24 24 ff 74 15 8b 44 24 24 83 e0
0x00007ffc36b3c43e:   10 85 c0 74 0a c7 44 24 28 01 00 00 00 eb 08 c7
0x00007ffc36b3c44e:   44 24 28 00 00 00 00 0f b6 44 24 28 88 44 24 20
0x00007ffc36b3c45e:   48 8d 4c 24 78 e8 1f 97 fe ff 0f b6 44 24 20 48
0x00007ffc36b3c46e:   8b 8c 24 98 00 00 00 48 33 cc e8 8f 76 fe ff 48
0x00007ffc36b3c47e:   81 c4 a8 00 00 00 c3 cc cc cc cc cc cc cc cc cc
0x00007ffc36b3c48e:   cc cc 48 89 4c 24 08 48 81 ec e8 00 00 00 48 8b
0x00007ffc36b3c49e:   05 a5 7d 10 00 48 33 c4 48 89 84 24 d0 00 00 00
0x00007ffc36b3c4ae:   c7 44 24 30 00 00 00 00 48 8b 84 24 f0 00 00 00
0x00007ffc36b3c4be:   83 78 68 03 0f 84 02 01 00 00 48 8b 84 24 f0 00
0x00007ffc36b3c4ce:   00 00 48 8b 48 28 ff 15 36 ab 11 00 89 44 24 38
0x00007ffc36b3c4de:   83 7c 24 38 00 0f 85 d0 00 00 00 ba 07 00 00 00
0x00007ffc36b3c4ee:   48 8b 0d 1b b0 10 00 e8 48 a4 fe ff 88 44 24 34
0x00007ffc36b3c4fe:   0f b6 44 24 34 85 c0 0f 84 90 00 00 00 ff 15 07
0x00007ffc36b3c50e:   ab 11 00 89 44 24 3c 48 8b 84 24 f0 00 00 00 48
0x00007ffc36b3c51e:   83 c0 08 48 8b d0 48 8d 8c 24 90 00 00 00 e8 05
0x00007ffc36b3c52e:   51 fe ff 48 89 44 24 40 48 8b 44 24 40 48 89 44
0x00007ffc36b3c53e:   24 48 8b 44 24 30 83 c8 01 89 44 24 30 48 8b 4c
0x00007ffc36b3c54e:   24 48 e8 d5 52 fe ff 48 89 44 24 50 48 8b 84 24
0x00007ffc36b3c55e:   f0 00 00 00 48 8b 40 28 48 89 44 24 58 8b 44 24
0x00007ffc36b3c56e:   3c 89 44 24 28 48 8b 44 24 50 48 89 44 24 20 4c
0x00007ffc36b3c57e:   8b 4c 24 58 4c 8d 05 77 af 0d 00 ba 07 00 00 00
0x00007ffc36b3c58e:   48 8b 0d 7b af 10 00 e8 f8 71 fe ff 90 8b 44 24
0x00007ffc36b3c59e:   30 83 e0 01 85 c0 74 13 83 64 24 30 fe 48 8d 8c
0x00007ffc36b3c5ae:   24 90 00 00 00 e8 e7 5a fe ff 90 eb 00 48 8b 84 


Stack slot to memory mapping:
stack at sp + 0 slots: 0x0001ec9302fbacc4 is an unknown value
stack at sp + 1 slots: 0x0001ec92d0e3a91c is an unknown value
stack at sp + 2 slots: 0x0001ec9302fbacc4 is an unknown value
stack at sp + 3 slots: 0x00007ffc36b57be5 native-platform-file-events.dll
stack at sp + 4 slots: 0x00000036144fe828 is pointing into the stack for thread: 0x0000019346b20430
stack at sp + 5 slots: 0x00000036144fe7a8 is pointing into the stack for thread: 0x0000019346b20430
stack at sp + 6 slots: 0x0000003600000000 is an unknown value
stack at sp + 7 slots: 0x00000036144fe7b8 is pointing into the stack for thread: 0x0000019346b20430


---------------  P R O C E S S  ---------------

Threads class SMR info:
_java_thread_list=0x000001934bce1f70, length=36, elements={
0x000001932956d210, 0x0000019343d1a470, 0x0000019343d1b240, 0x0000019343d32130,
0x0000019343d32b40, 0x0000019343d35460, 0x0000019343d36d80, 0x0000019343d42f80,
0x0000019343d43980, 0x0000019343d462e0, 0x00000193448e2030, 0x00000193448e3320,
0x0000019346915860, 0x0000019347455a90, 0x0000019347456530, 0x0000019347455540,
0x0000019347458510, 0x0000019346b1d460, 0x0000019346b20430, 0x0000019346b20980,
0x0000019346b20ed0, 0x0000019346b1e450, 0x0000019346b1cf10, 0x0000019346b21420,
0x0000019346b21970, 0x0000019346b1e9a0, 0x0000019346b22410, 0x0000019346b22eb0,
0x0000019346b23950, 0x00000193481e2e60, 0x00000193481e8360, 0x0000019345384220,
0x000001934800fc30, 0x0000019348010180, 0x0000019344c1c930, 0x0000019344c21180
}

Java Threads: ( => current thread )
  0x000001932956d210 JavaThread "main" [_thread_blocked, id=4112, stack(0x0000003611f00000,0x0000003612000000)]
  0x0000019343d1a470 JavaThread "Reference Handler" daemon [_thread_blocked, id=16548, stack(0x0000003612600000,0x0000003612700000)]
  0x0000019343d1b240 JavaThread "Finalizer" daemon [_thread_blocked, id=17900, stack(0x0000003612700000,0x0000003612800000)]
  0x0000019343d32130 JavaThread "Signal Dispatcher" daemon [_thread_blocked, id=17880, stack(0x0000003612800000,0x0000003612900000)]
  0x0000019343d32b40 JavaThread "Attach Listener" daemon [_thread_blocked, id=15216, stack(0x0000003612900000,0x0000003612a00000)]
  0x0000019343d35460 JavaThread "Service Thread" daemon [_thread_blocked, id=9888, stack(0x0000003612a00000,0x0000003612b00000)]
  0x0000019343d36d80 JavaThread "Monitor Deflation Thread" daemon [_thread_blocked, id=14924, stack(0x0000003612b00000,0x0000003612c00000)]
  0x0000019343d42f80 JavaThread "C2 CompilerThread0" daemon [_thread_blocked, id=4204, stack(0x0000003612c00000,0x0000003612d00000)]
  0x0000019343d43980 JavaThread "C1 CompilerThread0" daemon [_thread_blocked, id=11944, stack(0x0000003612d00000,0x0000003612e00000)]
  0x0000019343d462e0 JavaThread "Sweeper thread" daemon [_thread_blocked, id=1764, stack(0x0000003612e00000,0x0000003612f00000)]
  0x00000193448e2030 JavaThread "Common-Cleaner" daemon [_thread_blocked, id=12664, stack(0x0000003612f00000,0x0000003613000000)]
  0x00000193448e3320 JavaThread "Notification Thread" daemon [_thread_blocked, id=4832, stack(0x0000003613000000,0x0000003613100000)]
  0x0000019346915860 JavaThread "Daemon health stats" [_thread_blocked, id=7488, stack(0x0000003613900000,0x0000003613a00000)]
  0x0000019347455a90 JavaThread "Incoming local TCP Connector on port 53046" [_thread_in_native, id=6920, stack(0x0000003613a00000,0x0000003613b00000)]
  0x0000019347456530 JavaThread "Daemon periodic checks" [_thread_blocked, id=7640, stack(0x0000003613b00000,0x0000003613c00000)]
  0x0000019347455540 JavaThread "Cache worker for journal cache (F:\Yunus Files\gradle-7.1.1-all\caches\journal-1)" [_thread_blocked, id=7412, stack(0x0000003613200000,0x0000003613300000)]
  0x0000019347458510 JavaThread "File lock request listener" [_thread_in_native, id=15124, stack(0x0000003613300000,0x0000003613400000)]
  0x0000019346b1d460 JavaThread "Cache worker for file hash cache (F:\Yunus Files\gradle-7.1.1-all\caches\7.1.1\fileHashes)" [_thread_blocked, id=9012, stack(0x0000003614300000,0x0000003614400000)]
=>0x0000019346b20430 JavaThread "File watcher server" daemon [_thread_in_native, id=1556, stack(0x0000003614400000,0x0000003614500000)]
  0x0000019346b20980 JavaThread "File watcher consumer" daemon [_thread_blocked, id=8708, stack(0x0000003614600000,0x0000003614700000)]
  0x0000019346b20ed0 JavaThread "Cache worker for execution history cache (F:\Yunus Files\gradle-7.1.1-all\caches\7.1.1\executionHistory)" [_thread_blocked, id=11452, stack(0x0000003614b00000,0x0000003614c00000)]
  0x0000019346b1e450 JavaThread "jar transforms" [_thread_blocked, id=4216, stack(0x0000003614f00000,0x0000003615000000)]
  0x0000019346b1cf10 JavaThread "jar transforms Thread 2" [_thread_blocked, id=3668, stack(0x0000003615000000,0x0000003615100000)]
  0x0000019346b21420 JavaThread "Cache worker for file content cache (F:\Yunus Files\gradle-7.1.1-all\caches\7.1.1\fileContent)" [_thread_blocked, id=12656, stack(0x0000003615200000,0x0000003615300000)]
  0x0000019346b21970 JavaThread "jar transforms Thread 3" [_thread_blocked, id=9832, stack(0x0000003615300000,0x0000003615400000)]
  0x0000019346b1e9a0 JavaThread "jar transforms Thread 4" [_thread_blocked, id=5216, stack(0x0000003615400000,0x0000003615500000)]
  0x0000019346b22410 JavaThread "jar transforms Thread 5" [_thread_blocked, id=4996, stack(0x0000003615500000,0x0000003615600000)]
  0x0000019346b22eb0 JavaThread "jar transforms Thread 6" [_thread_blocked, id=2024, stack(0x0000003615600000,0x0000003615700000)]
  0x0000019346b23950 JavaThread "jar transforms Thread 7" [_thread_blocked, id=18228, stack(0x0000003615800000,0x0000003615900000)]
  0x00000193481e2e60 JavaThread "jar transforms Thread 8" [_thread_blocked, id=8796, stack(0x0000003615100000,0x0000003615200000)]
  0x00000193481e8360 JavaThread "Memory manager" [_thread_blocked, id=11932, stack(0x0000003616f00000,0x0000003617000000)]
  0x0000019345384220 JavaThread "Cache worker for Java compile cache (F:\Yunus Files\gradle-7.1.1-all\caches\7.1.1\javaCompile)" [_thread_blocked, id=12712, stack(0x000000361b000000,0x000000361b100000)]
  0x000001934800fc30 JavaThread "Daemon Thread 2" [_thread_blocked, id=14316, stack(0x0000003611c00000,0x0000003611d00000)]
  0x0000019348010180 JavaThread "Daemon worker Thread 2" [_thread_blocked, id=11700, stack(0x0000003613c00000,0x0000003613d00000)]
  0x0000019344c1c930 JavaThread "C2 CompilerThread1" daemon [_thread_blocked, id=8512, stack(0x0000003615700000,0x0000003615800000)]
  0x0000019344c21180 JavaThread "C2 CompilerThread2" daemon [_thread_blocked, id=16344, stack(0x0000003615900000,0x0000003615a00000)]

Other Threads:
  0x0000019343d12500 VMThread "VM Thread" [stack: 0x0000003612500000,0x0000003612600000] [id=9868]
  0x00000193448ef020 WatcherThread [stack: 0x0000003613100000,0x0000003613200000] [id=14176]
  0x0000019329596fa0 GCTaskThread "GC Thread#0" [stack: 0x0000003612000000,0x0000003612100000] [id=7184]
  0x0000019344ce32f0 GCTaskThread "GC Thread#1" [stack: 0x0000003613400000,0x0000003613500000] [id=12524]
  0x0000019344b09190 GCTaskThread "GC Thread#2" [stack: 0x0000003613500000,0x0000003613600000] [id=16644]
  0x0000019345810410 GCTaskThread "GC Thread#3" [stack: 0x0000003613600000,0x0000003613700000] [id=1144]
  0x0000019345810720 GCTaskThread "GC Thread#4" [stack: 0x0000003613700000,0x0000003613800000] [id=6096]
  0x0000019345810e40 GCTaskThread "GC Thread#5" [stack: 0x0000003613800000,0x0000003613900000] [id=8492]
  0x0000019346e996f0 GCTaskThread "GC Thread#6" [stack: 0x0000003614c00000,0x0000003614d00000] [id=1248]
  0x0000019346e99a00 GCTaskThread "GC Thread#7" [stack: 0x0000003614d00000,0x0000003614e00000] [id=17496]
  0x000001932959bef0 ConcurrentGCThread "G1 Main Marker" [stack: 0x0000003612100000,0x0000003612200000] [id=14560]
  0x000001932959c870 ConcurrentGCThread "G1 Conc#0" [stack: 0x0000003612200000,0x0000003612300000] [id=14196]
  0x0000019345f79e00 ConcurrentGCThread "G1 Conc#1" [stack: 0x0000003614e00000,0x0000003614f00000] [id=11384]
  0x000001932964e500 ConcurrentGCThread "G1 Refine#0" [stack: 0x0000003612300000,0x0000003612400000] [id=5516]
  0x0000019343bd00b0 ConcurrentGCThread "G1 Service" [stack: 0x0000003612400000,0x0000003612500000] [id=10596]

Threads with active compile tasks:

VM state: not at safepoint (normal execution)

VM Mutex/Monitor currently owned by a thread: None

Heap address: 0x00000000e0000000, size: 512 MB, Compressed Oops mode: 32-bit

CDS archive(s) mapped at: [0x0000000800000000-0x0000000800bb0000-0x0000000800bb0000), size 12255232, SharedBaseAddress: 0x0000000800000000, ArchiveRelocationMode: 0.
Compressed class space mapped at: 0x0000000800c00000-0x000000080dc00000, reserved size: 218103808
Narrow klass base: 0x0000000800000000, Narrow klass shift: 3, Narrow klass range: 0x100000000

GC Precious Log:
 CPUs: 8 total, 8 available
 Memory: 16343M
 Large Page Support: Disabled
 NUMA Support: Disabled
 Compressed Oops: Enabled (32-bit)
 Heap Region Size: 1M
 Heap Min Capacity: 256M
 Heap Initial Capacity: 256M
 Heap Max Capacity: 512M
 Pre-touch: Disabled
 Parallel Workers: 8
 Concurrent Workers: 2
 Concurrent Refinement Workers: 8
 Periodic GC: Disabled

Heap:
 garbage-first heap   total 262144K, used 157568K [0x00000000e0000000, 0x0000000100000000)
  region size 1024K, 103 young (105472K), 9 survivors (9216K)
 Metaspace       used 60350K, committed 60992K, reserved 270336K
  class space    used 7920K, committed 8256K, reserved 212992K

Heap Regions: E=young(eden), S=young(survivor), O=old, HS=humongous(starts), HC=humongous(continues), CS=collection set, F=free, OA=open archive, CA=closed archive, TAMS=top-at-mark-start (previous, next)
|   0|0x00000000e0000000, 0x00000000e0100000, 0x00000000e0100000|100%| O|  |TAMS 0x00000000e0100000, 0x00000000e0000000| Untracked 
|   1|0x00000000e0100000, 0x00000000e0200000, 0x00000000e0200000|100%| O|  |TAMS 0x00000000e0200000, 0x00000000e0100000| Untracked 
|   2|0x00000000e0200000, 0x00000000e0300000, 0x00000000e0300000|100%| O|  |TAMS 0x00000000e0300000, 0x00000000e0200000| Untracked 
|   3|0x00000000e0300000, 0x00000000e0400000, 0x00000000e0400000|100%|HS|  |TAMS 0x00000000e0400000, 0x00000000e0300000| Complete 
|   4|0x00000000e0400000, 0x00000000e0500000, 0x00000000e0500000|100%|HC|  |TAMS 0x00000000e0500000, 0x00000000e0400000| Complete 
|   5|0x00000000e0500000, 0x00000000e0600000, 0x00000000e0600000|100%|HC|  |TAMS 0x00000000e0600000, 0x00000000e0500000| Complete 
|   6|0x00000000e0600000, 0x00000000e0700000, 0x00000000e0700000|100%| O|  |TAMS 0x00000000e0700000, 0x00000000e0600000| Untracked 
|   7|0x00000000e0700000, 0x00000000e0800000, 0x00000000e0800000|100%| O|  |TAMS 0x00000000e0800000, 0x00000000e0700000| Untracked 
|   8|0x00000000e0800000, 0x00000000e0900000, 0x00000000e0900000|100%| O|  |TAMS 0x00000000e0900000, 0x00000000e0800000| Untracked 
|   9|0x00000000e0900000, 0x00000000e0a00000, 0x00000000e0a00000|100%| O|  |TAMS 0x00000000e0a00000, 0x00000000e0900000| Untracked 
|  10|0x00000000e0a00000, 0x00000000e0b00000, 0x00000000e0b00000|100%| O|  |TAMS 0x00000000e0b00000, 0x00000000e0a00000| Untracked 
|  11|0x00000000e0b00000, 0x00000000e0c00000, 0x00000000e0c00000|100%| O|  |TAMS 0x00000000e0c00000, 0x00000000e0b00000| Untracked 
|  12|0x00000000e0c00000, 0x00000000e0d00000, 0x00000000e0d00000|100%| O|  |TAMS 0x00000000e0d00000, 0x00000000e0c00000| Untracked 
|  13|0x00000000e0d00000, 0x00000000e0e00000, 0x00000000e0e00000|100%| O|  |TAMS 0x00000000e0e00000, 0x00000000e0d00000| Untracked 
|  14|0x00000000e0e00000, 0x00000000e0f00000, 0x00000000e0f00000|100%| O|  |TAMS 0x00000000e0f00000, 0x00000000e0e00000| Untracked 
|  15|0x00000000e0f00000, 0x00000000e1000000, 0x00000000e1000000|100%| O|  |TAMS 0x00000000e1000000, 0x00000000e0f00000| Untracked 
|  16|0x00000000e1000000, 0x00000000e1100000, 0x00000000e1100000|100%| O|  |TAMS 0x00000000e1100000, 0x00000000e1000000| Untracked 
|  17|0x00000000e1100000, 0x00000000e1200000, 0x00000000e1200000|100%| O|  |TAMS 0x00000000e1200000, 0x00000000e1100000| Untracked 
|  18|0x00000000e1200000, 0x00000000e1300000, 0x00000000e1300000|100%| O|  |TAMS 0x00000000e1300000, 0x00000000e1200000| Untracked 
|  19|0x00000000e1300000, 0x00000000e1400000, 0x00000000e1400000|100%| O|  |TAMS 0x00000000e1400000, 0x00000000e1300000| Untracked 
|  20|0x00000000e1400000, 0x00000000e1500000, 0x00000000e1500000|100%| O|  |TAMS 0x00000000e1400000, 0x00000000e1400000| Untracked 
|  21|0x00000000e1500000, 0x00000000e1600000, 0x00000000e1600000|100%| O|  |TAMS 0x00000000e1500000, 0x00000000e1500000| Untracked 
|  22|0x00000000e1600000, 0x00000000e1700000, 0x00000000e1700000|100%|HS|  |TAMS 0x00000000e1600000, 0x00000000e1600000| Complete 
|  23|0x00000000e1700000, 0x00000000e1800000, 0x00000000e1800000|100%| O|  |TAMS 0x00000000e1800000, 0x00000000e1700000| Untracked 
|  24|0x00000000e1800000, 0x00000000e1900000, 0x00000000e1900000|100%| O|  |TAMS 0x00000000e1900000, 0x00000000e1800000| Untracked 
|  25|0x00000000e1900000, 0x00000000e1a00000, 0x00000000e1a00000|100%| O|  |TAMS 0x00000000e1a00000, 0x00000000e1900000| Untracked 
|  26|0x00000000e1a00000, 0x00000000e1b00000, 0x00000000e1b00000|100%| O|  |TAMS 0x00000000e1b00000, 0x00000000e1a00000| Untracked 
|  27|0x00000000e1b00000, 0x00000000e1c00000, 0x00000000e1c00000|100%| O|  |TAMS 0x00000000e1c00000, 0x00000000e1b00000| Untracked 
|  28|0x00000000e1c00000, 0x00000000e1d00000, 0x00000000e1d00000|100%| O|  |TAMS 0x00000000e1d00000, 0x00000000e1c00000| Untracked 
|  29|0x00000000e1d00000, 0x00000000e1e00000, 0x00000000e1e00000|100%| O|  |TAMS 0x00000000e1e00000, 0x00000000e1d00000| Untracked 
|  30|0x00000000e1e00000, 0x00000000e1f00000, 0x00000000e1f00000|100%| O|  |TAMS 0x00000000e1f00000, 0x00000000e1e00000| Untracked 
|  31|0x00000000e1f00000, 0x00000000e2000000, 0x00000000e2000000|100%| O|  |TAMS 0x00000000e2000000, 0x00000000e1f00000| Untracked 
|  32|0x00000000e2000000, 0x00000000e2100000, 0x00000000e2100000|100%| O|  |TAMS 0x00000000e2100000, 0x00000000e2000000| Untracked 
|  33|0x00000000e2100000, 0x00000000e2200000, 0x00000000e2200000|100%| O|  |TAMS 0x00000000e2200000, 0x00000000e2100000| Untracked 
|  34|0x00000000e2200000, 0x00000000e2300000, 0x00000000e2300000|100%| O|  |TAMS 0x00000000e2300000, 0x00000000e2200000| Untracked 
|  35|0x00000000e2300000, 0x00000000e2400000, 0x00000000e2400000|100%| O|  |TAMS 0x00000000e2400000, 0x00000000e2300000| Untracked 
|  36|0x00000000e2400000, 0x00000000e2500000, 0x00000000e2500000|100%| O|  |TAMS 0x00000000e2500000, 0x00000000e2400000| Untracked 
|  37|0x00000000e2500000, 0x00000000e2600000, 0x00000000e2600000|100%| O|  |TAMS 0x00000000e2600000, 0x00000000e2500000| Untracked 
|  38|0x00000000e2600000, 0x00000000e2700000, 0x00000000e2700000|100%| O|  |TAMS 0x00000000e2700000, 0x00000000e2600000| Untracked 
|  39|0x00000000e2700000, 0x00000000e2800000, 0x00000000e2800000|100%| O|  |TAMS 0x00000000e2800000, 0x00000000e2700000| Untracked 
|  40|0x00000000e2800000, 0x00000000e2900000, 0x00000000e2900000|100%| O|  |TAMS 0x00000000e2900000, 0x00000000e2800000| Untracked 
|  41|0x00000000e2900000, 0x00000000e2a00000, 0x00000000e2a00000|100%| O|  |TAMS 0x00000000e2942800, 0x00000000e2900000| Untracked 
|  42|0x00000000e2a00000, 0x00000000e2b00000, 0x00000000e2b00000|100%| O|  |TAMS 0x00000000e2a00000, 0x00000000e2a00000| Untracked 
|  43|0x00000000e2b00000, 0x00000000e2c00000, 0x00000000e2c00000|100%| O|  |TAMS 0x00000000e2b00000, 0x00000000e2b00000| Untracked 
|  44|0x00000000e2c00000, 0x00000000e2d00000, 0x00000000e2d00000|100%| O|  |TAMS 0x00000000e2c00000, 0x00000000e2c00000| Untracked 
|  45|0x00000000e2d00000, 0x00000000e2e00000, 0x00000000e2e00000|100%| O|  |TAMS 0x00000000e2d00000, 0x00000000e2d00000| Untracked 
|  46|0x00000000e2e00000, 0x00000000e2f00000, 0x00000000e2f00000|100%| O|  |TAMS 0x00000000e2e00000, 0x00000000e2e00000| Untracked 
|  47|0x00000000e2f00000, 0x00000000e3000000, 0x00000000e3000000|100%| O|  |TAMS 0x00000000e2f00000, 0x00000000e2f00000| Untracked 
|  48|0x00000000e3000000, 0x00000000e3100000, 0x00000000e3100000|100%| O|  |TAMS 0x00000000e3000000, 0x00000000e3000000| Untracked 
|  49|0x00000000e3100000, 0x00000000e3200000, 0x00000000e3200000|100%| O|  |TAMS 0x00000000e3100000, 0x00000000e3100000| Untracked 
|  50|0x00000000e3200000, 0x00000000e3300000, 0x00000000e3300000|100%| O|  |TAMS 0x00000000e3200000, 0x00000000e3200000| Untracked 
|  51|0x00000000e3300000, 0x00000000e335cc00, 0x00000000e3400000| 36%| O|  |TAMS 0x00000000e3300000, 0x00000000e3300000| Untracked 
|  52|0x00000000e3400000, 0x00000000e3500000, 0x00000000e3500000|100%|HS|  |TAMS 0x00000000e3400000, 0x00000000e3400000| Complete 
|  53|0x00000000e3500000, 0x00000000e3600000, 0x00000000e3600000|100%|HS|  |TAMS 0x00000000e3500000, 0x00000000e3500000| Complete 
|  54|0x00000000e3600000, 0x00000000e3600000, 0x00000000e3700000|  0%| F|  |TAMS 0x00000000e3600000, 0x00000000e3600000| Untracked 
|  55|0x00000000e3700000, 0x00000000e3700000, 0x00000000e3800000|  0%| F|  |TAMS 0x00000000e3700000, 0x00000000e3700000| Untracked 
|  56|0x00000000e3800000, 0x00000000e3800000, 0x00000000e3900000|  0%| F|  |TAMS 0x00000000e3800000, 0x00000000e3800000| Untracked 
|  57|0x00000000e3900000, 0x00000000e3900000, 0x00000000e3a00000|  0%| F|  |TAMS 0x00000000e3900000, 0x00000000e3900000| Untracked 
|  58|0x00000000e3a00000, 0x00000000e3a00000, 0x00000000e3b00000|  0%| F|  |TAMS 0x00000000e3a00000, 0x00000000e3a00000| Untracked 
|  59|0x00000000e3b00000, 0x00000000e3b00000, 0x00000000e3c00000|  0%| F|  |TAMS 0x00000000e3b00000, 0x00000000e3b00000| Untracked 
|  60|0x00000000e3c00000, 0x00000000e3c00000, 0x00000000e3d00000|  0%| F|  |TAMS 0x00000000e3c00000, 0x00000000e3c00000| Untracked 
|  61|0x00000000e3d00000, 0x00000000e3d00000, 0x00000000e3e00000|  0%| F|  |TAMS 0x00000000e3d00000, 0x00000000e3d00000| Untracked 
|  62|0x00000000e3e00000, 0x00000000e3e00000, 0x00000000e3f00000|  0%| F|  |TAMS 0x00000000e3e00000, 0x00000000e3e00000| Untracked 
|  63|0x00000000e3f00000, 0x00000000e3f00000, 0x00000000e4000000|  0%| F|  |TAMS 0x00000000e3f00000, 0x00000000e3f00000| Untracked 
|  64|0x00000000e4000000, 0x00000000e4000000, 0x00000000e4100000|  0%| F|  |TAMS 0x00000000e4000000, 0x00000000e4000000| Untracked 
|  65|0x00000000e4100000, 0x00000000e4100000, 0x00000000e4200000|  0%| F|  |TAMS 0x00000000e4100000, 0x00000000e4100000| Untracked 
|  66|0x00000000e4200000, 0x00000000e4200000, 0x00000000e4300000|  0%| F|  |TAMS 0x00000000e4200000, 0x00000000e4200000| Untracked 
|  67|0x00000000e4300000, 0x00000000e4300000, 0x00000000e4400000|  0%| F|  |TAMS 0x00000000e4300000, 0x00000000e4300000| Untracked 
|  68|0x00000000e4400000, 0x00000000e4400000, 0x00000000e4500000|  0%| F|  |TAMS 0x00000000e4400000, 0x00000000e4400000| Untracked 
|  69|0x00000000e4500000, 0x00000000e4500000, 0x00000000e4600000|  0%| F|  |TAMS 0x00000000e4500000, 0x00000000e4500000| Untracked 
|  70|0x00000000e4600000, 0x00000000e4600000, 0x00000000e4700000|  0%| F|  |TAMS 0x00000000e4600000, 0x00000000e4600000| Untracked 
|  71|0x00000000e4700000, 0x00000000e4700000, 0x00000000e4800000|  0%| F|  |TAMS 0x00000000e4700000, 0x00000000e4700000| Untracked 
|  72|0x00000000e4800000, 0x00000000e4800000, 0x00000000e4900000|  0%| F|  |TAMS 0x00000000e4800000, 0x00000000e4800000| Untracked 
|  73|0x00000000e4900000, 0x00000000e4900000, 0x00000000e4a00000|  0%| F|  |TAMS 0x00000000e4900000, 0x00000000e4900000| Untracked 
|  74|0x00000000e4a00000, 0x00000000e4a00000, 0x00000000e4b00000|  0%| F|  |TAMS 0x00000000e4a00000, 0x00000000e4a00000| Untracked 
|  75|0x00000000e4b00000, 0x00000000e4b00000, 0x00000000e4c00000|  0%| F|  |TAMS 0x00000000e4b00000, 0x00000000e4b00000| Untracked 
|  76|0x00000000e4c00000, 0x00000000e4c00000, 0x00000000e4d00000|  0%| F|  |TAMS 0x00000000e4c00000, 0x00000000e4c00000| Untracked 
|  77|0x00000000e4d00000, 0x00000000e4d00000, 0x00000000e4e00000|  0%| F|  |TAMS 0x00000000e4d00000, 0x00000000e4d00000| Untracked 
|  78|0x00000000e4e00000, 0x00000000e4e00000, 0x00000000e4f00000|  0%| F|  |TAMS 0x00000000e4e00000, 0x00000000e4e00000| Untracked 
|  79|0x00000000e4f00000, 0x00000000e4f00000, 0x00000000e5000000|  0%| F|  |TAMS 0x00000000e4f00000, 0x00000000e4f00000| Untracked 
|  80|0x00000000e5000000, 0x00000000e5000000, 0x00000000e5100000|  0%| F|  |TAMS 0x00000000e5000000, 0x00000000e5000000| Untracked 
|  81|0x00000000e5100000, 0x00000000e5100000, 0x00000000e5200000|  0%| F|  |TAMS 0x00000000e5100000, 0x00000000e5100000| Untracked 
|  82|0x00000000e5200000, 0x00000000e5200000, 0x00000000e5300000|  0%| F|  |TAMS 0x00000000e5200000, 0x00000000e5200000| Untracked 
|  83|0x00000000e5300000, 0x00000000e5300000, 0x00000000e5400000|  0%| F|  |TAMS 0x00000000e5300000, 0x00000000e5300000| Untracked 
|  84|0x00000000e5400000, 0x00000000e5400000, 0x00000000e5500000|  0%| F|  |TAMS 0x00000000e5400000, 0x00000000e5400000| Untracked 
|  85|0x00000000e5500000, 0x00000000e5500000, 0x00000000e5600000|  0%| F|  |TAMS 0x00000000e5500000, 0x00000000e5500000| Untracked 
|  86|0x00000000e5600000, 0x00000000e5600000, 0x00000000e5700000|  0%| F|  |TAMS 0x00000000e5600000, 0x00000000e5600000| Untracked 
|  87|0x00000000e5700000, 0x00000000e5700000, 0x00000000e5800000|  0%| F|  |TAMS 0x00000000e5700000, 0x00000000e5700000| Untracked 
|  88|0x00000000e5800000, 0x00000000e5800000, 0x00000000e5900000|  0%| F|  |TAMS 0x00000000e5800000, 0x00000000e5800000| Untracked 
|  89|0x00000000e5900000, 0x00000000e5900000, 0x00000000e5a00000|  0%| F|  |TAMS 0x00000000e5900000, 0x00000000e5900000| Untracked 
|  90|0x00000000e5a00000, 0x00000000e5a00000, 0x00000000e5b00000|  0%| F|  |TAMS 0x00000000e5a00000, 0x00000000e5a00000| Untracked 
|  91|0x00000000e5b00000, 0x00000000e5b00000, 0x00000000e5c00000|  0%| F|  |TAMS 0x00000000e5b00000, 0x00000000e5b00000| Untracked 
|  92|0x00000000e5c00000, 0x00000000e5c00000, 0x00000000e5d00000|  0%| F|  |TAMS 0x00000000e5c00000, 0x00000000e5c00000| Untracked 
|  93|0x00000000e5d00000, 0x00000000e5d00000, 0x00000000e5e00000|  0%| F|  |TAMS 0x00000000e5d00000, 0x00000000e5d00000| Untracked 
|  94|0x00000000e5e00000, 0x00000000e5e00000, 0x00000000e5f00000|  0%| F|  |TAMS 0x00000000e5e00000, 0x00000000e5e00000| Untracked 
|  95|0x00000000e5f00000, 0x00000000e5f00000, 0x00000000e6000000|  0%| F|  |TAMS 0x00000000e5f00000, 0x00000000e5f00000| Untracked 
|  96|0x00000000e6000000, 0x00000000e6000000, 0x00000000e6100000|  0%| F|  |TAMS 0x00000000e6000000, 0x00000000e6000000| Untracked 
|  97|0x00000000e6100000, 0x00000000e6183670, 0x00000000e6200000| 51%| S|CS|TAMS 0x00000000e6100000, 0x00000000e6100000| Complete 
|  98|0x00000000e6200000, 0x00000000e6300000, 0x00000000e6300000|100%| S|CS|TAMS 0x00000000e6200000, 0x00000000e6200000| Complete 
|  99|0x00000000e6300000, 0x00000000e6400000, 0x00000000e6400000|100%| S|CS|TAMS 0x00000000e6300000, 0x00000000e6300000| Complete 
| 100|0x00000000e6400000, 0x00000000e6500000, 0x00000000e6500000|100%| S|CS|TAMS 0x00000000e6400000, 0x00000000e6400000| Complete 
| 101|0x00000000e6500000, 0x00000000e6600000, 0x00000000e6600000|100%| S|CS|TAMS 0x00000000e6500000, 0x00000000e6500000| Complete 
| 102|0x00000000e6600000, 0x00000000e6700000, 0x00000000e6700000|100%| S|CS|TAMS 0x00000000e6600000, 0x00000000e6600000| Complete 
| 103|0x00000000e6700000, 0x00000000e6800000, 0x00000000e6800000|100%| S|CS|TAMS 0x00000000e6700000, 0x00000000e6700000| Complete 
| 104|0x00000000e6800000, 0x00000000e6800000, 0x00000000e6900000|  0%| F|  |TAMS 0x00000000e6800000, 0x00000000e6800000| Untracked 
| 105|0x00000000e6900000, 0x00000000e6900000, 0x00000000e6a00000|  0%| F|  |TAMS 0x00000000e6900000, 0x00000000e6900000| Untracked 
| 106|0x00000000e6a00000, 0x00000000e6a00000, 0x00000000e6b00000|  0%| F|  |TAMS 0x00000000e6a00000, 0x00000000e6a00000| Untracked 
| 107|0x00000000e6b00000, 0x00000000e6b00000, 0x00000000e6c00000|  0%| F|  |TAMS 0x00000000e6b00000, 0x00000000e6b00000| Untracked 
| 108|0x00000000e6c00000, 0x00000000e6c00000, 0x00000000e6d00000|  0%| F|  |TAMS 0x00000000e6c00000, 0x00000000e6c00000| Untracked 
| 109|0x00000000e6d00000, 0x00000000e6e00000, 0x00000000e6e00000|100%| S|CS|TAMS 0x00000000e6d00000, 0x00000000e6d00000| Complete 
| 110|0x00000000e6e00000, 0x00000000e6f00000, 0x00000000e6f00000|100%| S|CS|TAMS 0x00000000e6e00000, 0x00000000e6e00000| Complete 
| 111|0x00000000e6f00000, 0x00000000e6f00000, 0x00000000e7000000|  0%| F|  |TAMS 0x00000000e6f00000, 0x00000000e6f00000| Untracked 
| 112|0x00000000e7000000, 0x00000000e7000000, 0x00000000e7100000|  0%| F|  |TAMS 0x00000000e7000000, 0x00000000e7000000| Untracked 
| 113|0x00000000e7100000, 0x00000000e7100000, 0x00000000e7200000|  0%| F|  |TAMS 0x00000000e7100000, 0x00000000e7100000| Untracked 
| 114|0x00000000e7200000, 0x00000000e7200000, 0x00000000e7300000|  0%| F|  |TAMS 0x00000000e7200000, 0x00000000e7200000| Untracked 
| 115|0x00000000e7300000, 0x00000000e7300000, 0x00000000e7400000|  0%| F|  |TAMS 0x00000000e7300000, 0x00000000e7300000| Untracked 
| 116|0x00000000e7400000, 0x00000000e7400000, 0x00000000e7500000|  0%| F|  |TAMS 0x00000000e7400000, 0x00000000e7400000| Untracked 
| 117|0x00000000e7500000, 0x00000000e7500000, 0x00000000e7600000|  0%| F|  |TAMS 0x00000000e7500000, 0x00000000e7500000| Untracked 
| 118|0x00000000e7600000, 0x00000000e7600000, 0x00000000e7700000|  0%| F|  |TAMS 0x00000000e7600000, 0x00000000e7600000| Untracked 
| 119|0x00000000e7700000, 0x00000000e7700000, 0x00000000e7800000|  0%| F|  |TAMS 0x00000000e7700000, 0x00000000e7700000| Untracked 
| 120|0x00000000e7800000, 0x00000000e7800000, 0x00000000e7900000|  0%| F|  |TAMS 0x00000000e7800000, 0x00000000e7800000| Untracked 
| 121|0x00000000e7900000, 0x00000000e7900000, 0x00000000e7a00000|  0%| F|  |TAMS 0x00000000e7900000, 0x00000000e7900000| Untracked 
| 122|0x00000000e7a00000, 0x00000000e7a00000, 0x00000000e7b00000|  0%| F|  |TAMS 0x00000000e7a00000, 0x00000000e7a00000| Untracked 
| 123|0x00000000e7b00000, 0x00000000e7b00000, 0x00000000e7c00000|  0%| F|  |TAMS 0x00000000e7b00000, 0x00000000e7b00000| Untracked 
| 124|0x00000000e7c00000, 0x00000000e7c00000, 0x00000000e7d00000|  0%| F|  |TAMS 0x00000000e7c00000, 0x00000000e7c00000| Untracked 
| 125|0x00000000e7d00000, 0x00000000e7d00000, 0x00000000e7e00000|  0%| F|  |TAMS 0x00000000e7d00000, 0x00000000e7d00000| Untracked 
| 126|0x00000000e7e00000, 0x00000000e7e00000, 0x00000000e7f00000|  0%| F|  |TAMS 0x00000000e7e00000, 0x00000000e7e00000| Untracked 
| 127|0x00000000e7f00000, 0x00000000e7f00000, 0x00000000e8000000|  0%| F|  |TAMS 0x00000000e7f00000, 0x00000000e7f00000| Untracked 
| 128|0x00000000e8000000, 0x00000000e8000000, 0x00000000e8100000|  0%| F|  |TAMS 0x00000000e8000000, 0x00000000e8000000| Untracked 
| 129|0x00000000e8100000, 0x00000000e8100000, 0x00000000e8200000|  0%| F|  |TAMS 0x00000000e8100000, 0x00000000e8100000| Untracked 
| 130|0x00000000e8200000, 0x00000000e8200000, 0x00000000e8300000|  0%| F|  |TAMS 0x00000000e8200000, 0x00000000e8200000| Untracked 
| 131|0x00000000e8300000, 0x00000000e8300000, 0x00000000e8400000|  0%| F|  |TAMS 0x00000000e8300000, 0x00000000e8300000| Untracked 
| 132|0x00000000e8400000, 0x00000000e8400000, 0x00000000e8500000|  0%| F|  |TAMS 0x00000000e8400000, 0x00000000e8400000| Untracked 
| 133|0x00000000e8500000, 0x00000000e8500000, 0x00000000e8600000|  0%| F|  |TAMS 0x00000000e8500000, 0x00000000e8500000| Untracked 
| 134|0x00000000e8600000, 0x00000000e8600000, 0x00000000e8700000|  0%| F|  |TAMS 0x00000000e8600000, 0x00000000e8600000| Untracked 
| 135|0x00000000e8700000, 0x00000000e8700000, 0x00000000e8800000|  0%| F|  |TAMS 0x00000000e8700000, 0x00000000e8700000| Untracked 
| 136|0x00000000e8800000, 0x00000000e8800000, 0x00000000e8900000|  0%| F|  |TAMS 0x00000000e8800000, 0x00000000e8800000| Untracked 
| 137|0x00000000e8900000, 0x00000000e8900000, 0x00000000e8a00000|  0%| F|  |TAMS 0x00000000e8900000, 0x00000000e8900000| Untracked 
| 138|0x00000000e8a00000, 0x00000000e8a00000, 0x00000000e8b00000|  0%| F|  |TAMS 0x00000000e8a00000, 0x00000000e8a00000| Untracked 
| 139|0x00000000e8b00000, 0x00000000e8b00000, 0x00000000e8c00000|  0%| F|  |TAMS 0x00000000e8b00000, 0x00000000e8b00000| Untracked 
| 140|0x00000000e8c00000, 0x00000000e8c00000, 0x00000000e8d00000|  0%| F|  |TAMS 0x00000000e8c00000, 0x00000000e8c00000| Untracked 
| 141|0x00000000e8d00000, 0x00000000e8d00000, 0x00000000e8e00000|  0%| F|  |TAMS 0x00000000e8d00000, 0x00000000e8d00000| Untracked 
| 142|0x00000000e8e00000, 0x00000000e8e00000, 0x00000000e8f00000|  0%| F|  |TAMS 0x00000000e8e00000, 0x00000000e8e00000| Untracked 
| 143|0x00000000e8f00000, 0x00000000e8f00000, 0x00000000e9000000|  0%| F|  |TAMS 0x00000000e8f00000, 0x00000000e8f00000| Untracked 
| 144|0x00000000e9000000, 0x00000000e9000000, 0x00000000e9100000|  0%| F|  |TAMS 0x00000000e9000000, 0x00000000e9000000| Untracked 
| 145|0x00000000e9100000, 0x00000000e9100000, 0x00000000e9200000|  0%| F|  |TAMS 0x00000000e9100000, 0x00000000e9100000| Untracked 
| 146|0x00000000e9200000, 0x00000000e9200000, 0x00000000e9300000|  0%| F|  |TAMS 0x00000000e9200000, 0x00000000e9200000| Untracked 
| 147|0x00000000e9300000, 0x00000000e9300000, 0x00000000e9400000|  0%| F|  |TAMS 0x00000000e9300000, 0x00000000e9300000| Untracked 
| 148|0x00000000e9400000, 0x00000000e9400000, 0x00000000e9500000|  0%| F|  |TAMS 0x00000000e9400000, 0x00000000e9400000| Untracked 
| 149|0x00000000e9500000, 0x00000000e9500000, 0x00000000e9600000|  0%| F|  |TAMS 0x00000000e9500000, 0x00000000e9500000| Untracked 
| 150|0x00000000e9600000, 0x00000000e9600000, 0x00000000e9700000|  0%| F|  |TAMS 0x00000000e9600000, 0x00000000e9600000| Untracked 
| 151|0x00000000e9700000, 0x00000000e9700000, 0x00000000e9800000|  0%| F|  |TAMS 0x00000000e9700000, 0x00000000e9700000| Untracked 
| 152|0x00000000e9800000, 0x00000000e9800000, 0x00000000e9900000|  0%| F|  |TAMS 0x00000000e9800000, 0x00000000e9800000| Untracked 
| 153|0x00000000e9900000, 0x00000000e9900000, 0x00000000e9a00000|  0%| F|  |TAMS 0x00000000e9900000, 0x00000000e9900000| Untracked 
| 154|0x00000000e9a00000, 0x00000000e9a00000, 0x00000000e9b00000|  0%| F|  |TAMS 0x00000000e9a00000, 0x00000000e9a00000| Untracked 
| 155|0x00000000e9b00000, 0x00000000e9b00000, 0x00000000e9c00000|  0%| F|  |TAMS 0x00000000e9b00000, 0x00000000e9b00000| Untracked 
| 156|0x00000000e9c00000, 0x00000000e9c00000, 0x00000000e9d00000|  0%| F|  |TAMS 0x00000000e9c00000, 0x00000000e9c00000| Untracked 
| 157|0x00000000e9d00000, 0x00000000e9d00000, 0x00000000e9e00000|  0%| F|  |TAMS 0x00000000e9d00000, 0x00000000e9d00000| Untracked 
| 158|0x00000000e9e00000, 0x00000000e9e00000, 0x00000000e9f00000|  0%| F|  |TAMS 0x00000000e9e00000, 0x00000000e9e00000| Untracked 
| 159|0x00000000e9f00000, 0x00000000e9f00000, 0x00000000ea000000|  0%| F|  |TAMS 0x00000000e9f00000, 0x00000000e9f00000| Untracked 
| 160|0x00000000ea000000, 0x00000000ea000000, 0x00000000ea100000|  0%| F|  |TAMS 0x00000000ea000000, 0x00000000ea000000| Untracked 
| 161|0x00000000ea100000, 0x00000000ea100000, 0x00000000ea200000|  0%| F|  |TAMS 0x00000000ea100000, 0x00000000ea100000| Untracked 
| 162|0x00000000ea200000, 0x00000000ea27ea80, 0x00000000ea300000| 49%| E|  |TAMS 0x00000000ea200000, 0x00000000ea200000| Complete 
| 163|0x00000000ea300000, 0x00000000ea400000, 0x00000000ea400000|100%| E|CS|TAMS 0x00000000ea300000, 0x00000000ea300000| Complete 
| 164|0x00000000ea400000, 0x00000000ea500000, 0x00000000ea500000|100%| E|CS|TAMS 0x00000000ea400000, 0x00000000ea400000| Complete 
| 165|0x00000000ea500000, 0x00000000ea600000, 0x00000000ea600000|100%| E|CS|TAMS 0x00000000ea500000, 0x00000000ea500000| Complete 
| 166|0x00000000ea600000, 0x00000000ea700000, 0x00000000ea700000|100%| E|CS|TAMS 0x00000000ea600000, 0x00000000ea600000| Complete 
| 167|0x00000000ea700000, 0x00000000ea800000, 0x00000000ea800000|100%| E|CS|TAMS 0x00000000ea700000, 0x00000000ea700000| Complete 
| 168|0x00000000ea800000, 0x00000000ea900000, 0x00000000ea900000|100%| E|CS|TAMS 0x00000000ea800000, 0x00000000ea800000| Complete 
| 169|0x00000000ea900000, 0x00000000eaa00000, 0x00000000eaa00000|100%| E|CS|TAMS 0x00000000ea900000, 0x00000000ea900000| Complete 
| 170|0x00000000eaa00000, 0x00000000eab00000, 0x00000000eab00000|100%| E|CS|TAMS 0x00000000eaa00000, 0x00000000eaa00000| Complete 
| 171|0x00000000eab00000, 0x00000000eac00000, 0x00000000eac00000|100%| E|CS|TAMS 0x00000000eab00000, 0x00000000eab00000| Complete 
| 172|0x00000000eac00000, 0x00000000ead00000, 0x00000000ead00000|100%| E|CS|TAMS 0x00000000eac00000, 0x00000000eac00000| Complete 
| 173|0x00000000ead00000, 0x00000000eae00000, 0x00000000eae00000|100%| E|CS|TAMS 0x00000000ead00000, 0x00000000ead00000| Complete 
| 174|0x00000000eae00000, 0x00000000eaf00000, 0x00000000eaf00000|100%| E|CS|TAMS 0x00000000eae00000, 0x00000000eae00000| Complete 
| 175|0x00000000eaf00000, 0x00000000eb000000, 0x00000000eb000000|100%| E|CS|TAMS 0x00000000eaf00000, 0x00000000eaf00000| Complete 
| 176|0x00000000eb000000, 0x00000000eb100000, 0x00000000eb100000|100%| E|CS|TAMS 0x00000000eb000000, 0x00000000eb000000| Complete 
| 177|0x00000000eb100000, 0x00000000eb200000, 0x00000000eb200000|100%| E|CS|TAMS 0x00000000eb100000, 0x00000000eb100000| Complete 
| 178|0x00000000eb200000, 0x00000000eb300000, 0x00000000eb300000|100%| E|CS|TAMS 0x00000000eb200000, 0x00000000eb200000| Complete 
| 179|0x00000000eb300000, 0x00000000eb400000, 0x00000000eb400000|100%| E|CS|TAMS 0x00000000eb300000, 0x00000000eb300000| Complete 
| 180|0x00000000eb400000, 0x00000000eb500000, 0x00000000eb500000|100%| E|CS|TAMS 0x00000000eb400000, 0x00000000eb400000| Complete 
| 181|0x00000000eb500000, 0x00000000eb600000, 0x00000000eb600000|100%| E|CS|TAMS 0x00000000eb500000, 0x00000000eb500000| Complete 
| 182|0x00000000eb600000, 0x00000000eb700000, 0x00000000eb700000|100%| E|CS|TAMS 0x00000000eb600000, 0x00000000eb600000| Complete 
| 183|0x00000000eb700000, 0x00000000eb800000, 0x00000000eb800000|100%| E|CS|TAMS 0x00000000eb700000, 0x00000000eb700000| Complete 
| 184|0x00000000eb800000, 0x00000000eb900000, 0x00000000eb900000|100%| E|CS|TAMS 0x00000000eb800000, 0x00000000eb800000| Complete 
| 185|0x00000000eb900000, 0x00000000eba00000, 0x00000000eba00000|100%| E|CS|TAMS 0x00000000eb900000, 0x00000000eb900000| Complete 
| 186|0x00000000eba00000, 0x00000000ebb00000, 0x00000000ebb00000|100%| E|CS|TAMS 0x00000000eba00000, 0x00000000eba00000| Complete 
| 187|0x00000000ebb00000, 0x00000000ebc00000, 0x00000000ebc00000|100%| E|CS|TAMS 0x00000000ebb00000, 0x00000000ebb00000| Complete 
| 188|0x00000000ebc00000, 0x00000000ebd00000, 0x00000000ebd00000|100%| E|CS|TAMS 0x00000000ebc00000, 0x00000000ebc00000| Complete 
| 189|0x00000000ebd00000, 0x00000000ebe00000, 0x00000000ebe00000|100%| E|CS|TAMS 0x00000000ebd00000, 0x00000000ebd00000| Complete 
| 190|0x00000000ebe00000, 0x00000000ebf00000, 0x00000000ebf00000|100%| E|CS|TAMS 0x00000000ebe00000, 0x00000000ebe00000| Complete 
| 191|0x00000000ebf00000, 0x00000000ec000000, 0x00000000ec000000|100%| E|CS|TAMS 0x00000000ebf00000, 0x00000000ebf00000| Complete 
| 192|0x00000000ec000000, 0x00000000ec100000, 0x00000000ec100000|100%| E|CS|TAMS 0x00000000ec000000, 0x00000000ec000000| Complete 
| 193|0x00000000ec100000, 0x00000000ec200000, 0x00000000ec200000|100%| E|CS|TAMS 0x00000000ec100000, 0x00000000ec100000| Complete 
| 194|0x00000000ec200000, 0x00000000ec300000, 0x00000000ec300000|100%| E|CS|TAMS 0x00000000ec200000, 0x00000000ec200000| Complete 
| 195|0x00000000ec300000, 0x00000000ec400000, 0x00000000ec400000|100%| E|CS|TAMS 0x00000000ec300000, 0x00000000ec300000| Complete 
| 196|0x00000000ec400000, 0x00000000ec500000, 0x00000000ec500000|100%| E|CS|TAMS 0x00000000ec400000, 0x00000000ec400000| Complete 
| 197|0x00000000ec500000, 0x00000000ec600000, 0x00000000ec600000|100%| E|CS|TAMS 0x00000000ec500000, 0x00000000ec500000| Complete 
| 198|0x00000000ec600000, 0x00000000ec700000, 0x00000000ec700000|100%| E|CS|TAMS 0x00000000ec600000, 0x00000000ec600000| Complete 
| 199|0x00000000ec700000, 0x00000000ec800000, 0x00000000ec800000|100%| E|CS|TAMS 0x00000000ec700000, 0x00000000ec700000| Complete 
| 200|0x00000000ec800000, 0x00000000ec900000, 0x00000000ec900000|100%| E|CS|TAMS 0x00000000ec800000, 0x00000000ec800000| Complete 
| 201|0x00000000ec900000, 0x00000000eca00000, 0x00000000eca00000|100%| E|CS|TAMS 0x00000000ec900000, 0x00000000ec900000| Complete 
| 202|0x00000000eca00000, 0x00000000ecb00000, 0x00000000ecb00000|100%| E|CS|TAMS 0x00000000eca00000, 0x00000000eca00000| Complete 
| 203|0x00000000ecb00000, 0x00000000ecc00000, 0x00000000ecc00000|100%| E|CS|TAMS 0x00000000ecb00000, 0x00000000ecb00000| Complete 
| 204|0x00000000ecc00000, 0x00000000ecd00000, 0x00000000ecd00000|100%| E|CS|TAMS 0x00000000ecc00000, 0x00000000ecc00000| Complete 
| 205|0x00000000ecd00000, 0x00000000ece00000, 0x00000000ece00000|100%| E|CS|TAMS 0x00000000ecd00000, 0x00000000ecd00000| Complete 
| 206|0x00000000ece00000, 0x00000000ecf00000, 0x00000000ecf00000|100%| E|CS|TAMS 0x00000000ece00000, 0x00000000ece00000| Complete 
| 207|0x00000000ecf00000, 0x00000000ed000000, 0x00000000ed000000|100%| E|CS|TAMS 0x00000000ecf00000, 0x00000000ecf00000| Complete 
| 208|0x00000000ed000000, 0x00000000ed100000, 0x00000000ed100000|100%| E|  |TAMS 0x00000000ed000000, 0x00000000ed000000| Complete 
| 209|0x00000000ed100000, 0x00000000ed200000, 0x00000000ed200000|100%| E|CS|TAMS 0x00000000ed100000, 0x00000000ed100000| Complete 
| 210|0x00000000ed200000, 0x00000000ed300000, 0x00000000ed300000|100%| E|CS|TAMS 0x00000000ed200000, 0x00000000ed200000| Complete 
| 211|0x00000000ed300000, 0x00000000ed400000, 0x00000000ed400000|100%| E|CS|TAMS 0x00000000ed300000, 0x00000000ed300000| Complete 
| 212|0x00000000ed400000, 0x00000000ed500000, 0x00000000ed500000|100%| E|CS|TAMS 0x00000000ed400000, 0x00000000ed400000| Complete 
| 213|0x00000000ed500000, 0x00000000ed600000, 0x00000000ed600000|100%| E|CS|TAMS 0x00000000ed500000, 0x00000000ed500000| Complete 
| 214|0x00000000ed600000, 0x00000000ed700000, 0x00000000ed700000|100%| E|CS|TAMS 0x00000000ed600000, 0x00000000ed600000| Complete 
| 215|0x00000000ed700000, 0x00000000ed800000, 0x00000000ed800000|100%| E|CS|TAMS 0x00000000ed700000, 0x00000000ed700000| Complete 
| 216|0x00000000ed800000, 0x00000000ed900000, 0x00000000ed900000|100%| E|CS|TAMS 0x00000000ed800000, 0x00000000ed800000| Complete 
| 217|0x00000000ed900000, 0x00000000eda00000, 0x00000000eda00000|100%| E|CS|TAMS 0x00000000ed900000, 0x00000000ed900000| Complete 
| 218|0x00000000eda00000, 0x00000000edb00000, 0x00000000edb00000|100%| E|CS|TAMS 0x00000000eda00000, 0x00000000eda00000| Complete 
| 219|0x00000000edb00000, 0x00000000edc00000, 0x00000000edc00000|100%| E|CS|TAMS 0x00000000edb00000, 0x00000000edb00000| Complete 
| 220|0x00000000edc00000, 0x00000000edd00000, 0x00000000edd00000|100%| E|CS|TAMS 0x00000000edc00000, 0x00000000edc00000| Complete 
| 221|0x00000000edd00000, 0x00000000ede00000, 0x00000000ede00000|100%| E|CS|TAMS 0x00000000edd00000, 0x00000000edd00000| Complete 
| 222|0x00000000ede00000, 0x00000000edf00000, 0x00000000edf00000|100%| E|CS|TAMS 0x00000000ede00000, 0x00000000ede00000| Complete 
| 223|0x00000000edf00000, 0x00000000ee000000, 0x00000000ee000000|100%| E|CS|TAMS 0x00000000edf00000, 0x00000000edf00000| Complete 
| 224|0x00000000ee000000, 0x00000000ee100000, 0x00000000ee100000|100%| E|CS|TAMS 0x00000000ee000000, 0x00000000ee000000| Complete 
| 225|0x00000000ee100000, 0x00000000ee200000, 0x00000000ee200000|100%| E|CS|TAMS 0x00000000ee100000, 0x00000000ee100000| Complete 
| 226|0x00000000ee200000, 0x00000000ee300000, 0x00000000ee300000|100%| E|CS|TAMS 0x00000000ee200000, 0x00000000ee200000| Complete 
| 227|0x00000000ee300000, 0x00000000ee400000, 0x00000000ee400000|100%| E|CS|TAMS 0x00000000ee300000, 0x00000000ee300000| Complete 
| 228|0x00000000ee400000, 0x00000000ee500000, 0x00000000ee500000|100%| E|CS|TAMS 0x00000000ee400000, 0x00000000ee400000| Complete 
| 229|0x00000000ee500000, 0x00000000ee600000, 0x00000000ee600000|100%| E|CS|TAMS 0x00000000ee500000, 0x00000000ee500000| Complete 
| 230|0x00000000ee600000, 0x00000000ee700000, 0x00000000ee700000|100%| E|CS|TAMS 0x00000000ee600000, 0x00000000ee600000| Complete 
| 231|0x00000000ee700000, 0x00000000ee800000, 0x00000000ee800000|100%| E|CS|TAMS 0x00000000ee700000, 0x00000000ee700000| Complete 
| 232|0x00000000ee800000, 0x00000000ee900000, 0x00000000ee900000|100%| E|CS|TAMS 0x00000000ee800000, 0x00000000ee800000| Complete 
| 233|0x00000000ee900000, 0x00000000eea00000, 0x00000000eea00000|100%| E|CS|TAMS 0x00000000ee900000, 0x00000000ee900000| Complete 
| 234|0x00000000eea00000, 0x00000000eeb00000, 0x00000000eeb00000|100%| E|CS|TAMS 0x00000000eea00000, 0x00000000eea00000| Complete 
| 235|0x00000000eeb00000, 0x00000000eec00000, 0x00000000eec00000|100%| E|CS|TAMS 0x00000000eeb00000, 0x00000000eeb00000| Complete 
| 236|0x00000000eec00000, 0x00000000eed00000, 0x00000000eed00000|100%| E|CS|TAMS 0x00000000eec00000, 0x00000000eec00000| Complete 
| 237|0x00000000eed00000, 0x00000000eee00000, 0x00000000eee00000|100%| E|CS|TAMS 0x00000000eed00000, 0x00000000eed00000| Complete 
| 238|0x00000000eee00000, 0x00000000eef00000, 0x00000000eef00000|100%| E|CS|TAMS 0x00000000eee00000, 0x00000000eee00000| Complete 
| 239|0x00000000eef00000, 0x00000000ef000000, 0x00000000ef000000|100%| E|CS|TAMS 0x00000000eef00000, 0x00000000eef00000| Complete 
| 240|0x00000000ef000000, 0x00000000ef100000, 0x00000000ef100000|100%| E|CS|TAMS 0x00000000ef000000, 0x00000000ef000000| Complete 
| 241|0x00000000ef100000, 0x00000000ef200000, 0x00000000ef200000|100%| E|CS|TAMS 0x00000000ef100000, 0x00000000ef100000| Complete 
| 242|0x00000000ef200000, 0x00000000ef300000, 0x00000000ef300000|100%| E|CS|TAMS 0x00000000ef200000, 0x00000000ef200000| Complete 
| 243|0x00000000ef300000, 0x00000000ef400000, 0x00000000ef400000|100%| E|CS|TAMS 0x00000000ef300000, 0x00000000ef300000| Complete 
| 244|0x00000000ef400000, 0x00000000ef500000, 0x00000000ef500000|100%| E|CS|TAMS 0x00000000ef400000, 0x00000000ef400000| Complete 
| 245|0x00000000ef500000, 0x00000000ef600000, 0x00000000ef600000|100%| E|CS|TAMS 0x00000000ef500000, 0x00000000ef500000| Complete 
| 246|0x00000000ef600000, 0x00000000ef700000, 0x00000000ef700000|100%| E|CS|TAMS 0x00000000ef600000, 0x00000000ef600000| Complete 
| 247|0x00000000ef700000, 0x00000000ef800000, 0x00000000ef800000|100%| E|CS|TAMS 0x00000000ef700000, 0x00000000ef700000| Complete 
| 248|0x00000000ef800000, 0x00000000ef900000, 0x00000000ef900000|100%| E|CS|TAMS 0x00000000ef800000, 0x00000000ef800000| Complete 
| 249|0x00000000ef900000, 0x00000000efa00000, 0x00000000efa00000|100%| E|CS|TAMS 0x00000000ef900000, 0x00000000ef900000| Complete 
| 250|0x00000000efa00000, 0x00000000efb00000, 0x00000000efb00000|100%| E|CS|TAMS 0x00000000efa00000, 0x00000000efa00000| Complete 
| 251|0x00000000efb00000, 0x00000000efc00000, 0x00000000efc00000|100%| E|CS|TAMS 0x00000000efb00000, 0x00000000efb00000| Complete 
| 252|0x00000000efc00000, 0x00000000efd00000, 0x00000000efd00000|100%| E|CS|TAMS 0x00000000efc00000, 0x00000000efc00000| Complete 
| 253|0x00000000efd00000, 0x00000000efe00000, 0x00000000efe00000|100%| E|CS|TAMS 0x00000000efd00000, 0x00000000efd00000| Complete 
| 254|0x00000000efe00000, 0x00000000eff00000, 0x00000000eff00000|100%| E|CS|TAMS 0x00000000efe00000, 0x00000000efe00000| Complete 
| 255|0x00000000eff00000, 0x00000000f0000000, 0x00000000f0000000|100%| E|CS|TAMS 0x00000000eff00000, 0x00000000eff00000| Complete 

Card table byte_map: [0x0000019340110000,0x0000019340210000] _byte_map_base: 0x000001933fa10000

Marking Bits (Prev, Next): (CMBitMap*) 0x0000019329597560, (CMBitMap*) 0x0000019329597520
 Prev Bits: [0x0000019340b10000, 0x0000019341310000)
 Next Bits: [0x0000019340310000, 0x0000019340b10000)

Polling page: 0x0000019327550000

Metaspace:

Usage:
  Non-class:     51.20 MB used.
      Class:      7.74 MB used.
       Both:     58.94 MB used.

Virtual space:
  Non-class space:       56.00 MB reserved,      51.50 MB ( 92%) committed,  7 nodes.
      Class space:      208.00 MB reserved,       8.06 MB (  4%) committed,  1 nodes.
              Both:      264.00 MB reserved,      59.56 MB ( 23%) committed. 

Chunk freelists:
   Non-Class:  348.00 KB
       Class:  3.86 MB
        Both:  4.20 MB

MaxMetaspaceSize: 256.00 MB
CompressedClassSpaceSize: 208.00 MB
 - commit_granule_bytes: 65536.
 - commit_granule_words: 8192.
 - virtual_space_node_default_size: 1048576.
 - enlarge_chunks_in_place: 1.
 - new_chunks_are_fully_committed: 0.
 - uncommit_free_chunks: 1.
 - use_allocation_guard: 0.
 - handle_deallocations: 1.


Internal statistics:

num_allocs_failed_limit: 9.
num_arena_births: 742.
num_arena_deaths: 0.
num_vsnodes_births: 8.
num_vsnodes_deaths: 0.
num_space_committed: 953.
num_space_uncommitted: 0.
num_chunks_returned_to_freelist: 9.
num_chunks_taken_from_freelist: 3266.
num_chunk_merges: 9.
num_chunk_splits: 2066.
num_chunks_enlarged: 1304.
num_purges: 0.

CodeHeap 'non-profiled nmethods': size=120000Kb used=6504Kb max_used=6504Kb free=113495Kb
 bounds [0x00000193387b0000, 0x0000019338e10000, 0x000001933fce0000]
CodeHeap 'profiled nmethods': size=120000Kb used=19974Kb max_used=19974Kb free=100025Kb
 bounds [0x0000019331280000, 0x0000019332610000, 0x00000193387b0000]
CodeHeap 'non-nmethods': size=5760Kb used=2352Kb max_used=2503Kb free=3407Kb
 bounds [0x0000019330ce0000, 0x0000019330f60000, 0x0000019331280000]
 total_blobs=10743 nmethods=9875 adapters=780
 compilation: enabled
              stopped_count=0, restarted_count=0
 full_count=0

Compilation events (20 events):
Event: 223.177 Thread 0x0000019343d43980 11425       3       java.io.ObjectStreamClass::isExternalizable (9 bytes)
Event: 223.177 Thread 0x0000019343d43980 nmethod 11425 0x00000193325f3410 code [0x00000193325f35c0, 0x00000193325f3868]
Event: 223.177 Thread 0x0000019343d43980 11418       3       java.io.ObjectStreamClass::getObjFieldValues (10 bytes)
Event: 223.177 Thread 0x0000019343d43980 nmethod 11418 0x00000193325f3990 code [0x00000193325f3b40, 0x00000193325f3c88]
Event: 223.177 Thread 0x0000019343d43980 11409       1       jdk.internal.reflect.ByteVectorImpl::getData (5 bytes)
Event: 223.177 Thread 0x0000019343d43980 nmethod 11409 0x0000019338e05d90 code [0x0000019338e05f20, 0x0000019338e05ff8]
Event: 223.177 Thread 0x0000019343d43980 11433       1       org.gradle.internal.event.DefaultListenerManager::access$700 (5 bytes)
Event: 223.177 Thread 0x0000019343d43980 nmethod 11433 0x0000019338e06090 code [0x0000019338e06220, 0x0000019338e062d8]
Event: 223.193 Thread 0x0000019343d43980 11434       3       java.util.concurrent.atomic.AtomicInteger::compareAndSet (13 bytes)
Event: 223.193 Thread 0x0000019343d43980 nmethod 11434 0x00000193325f3d90 code [0x00000193325f3f20, 0x00000193325f4058]
Event: 223.202 Thread 0x0000019344c21180 11435  s    4       java.lang.Throwable::fillInStackTrace (29 bytes)
Event: 223.202 Thread 0x0000019343d43980 11436       3       java.util.concurrent.atomic.AtomicInteger::addAndGet (14 bytes)
Event: 223.202 Thread 0x0000019343d43980 nmethod 11436 0x00000193325f4110 code [0x00000193325f42a0, 0x00000193325f43b8]
Event: 223.202 Thread 0x0000019343d43980 11437       3       java.lang.InterruptedException::<init> (5 bytes)
Event: 223.204 Thread 0x0000019343d43980 nmethod 11437 0x00000193325f4490 code [0x00000193325f4660, 0x00000193325f4a68]
Event: 223.205 Thread 0x0000019343d43980 11440       3       java.lang.Thread::exit (70 bytes)
Event: 223.206 Thread 0x0000019343d43980 nmethod 11440 0x00000193325f4b90 code [0x00000193325f4da0, 0x00000193325f5488]
Event: 223.206 Thread 0x0000019343d43980 11439   !   3       java.util.concurrent.ThreadPoolExecutor::processWorkerExit (138 bytes)
Event: 223.206 Thread 0x0000019344c21180 nmethod 11435 0x0000019338e06790 code [0x0000019338e06920, 0x0000019338e06c88]
Event: 223.206 Thread 0x0000019343d43980 nmethod 11439 0x00000193325f5610 code [0x00000193325f58e0, 0x00000193325f69e8]

GC Heap History (20 events):
Event: 0.492 GC heap before
{Heap before GC invocations=0 (full 0):
 garbage-first heap   total 262144K, used 28672K [0x00000000e0000000, 0x0000000100000000)
  region size 1024K, 23 young (23552K), 0 survivors (0K)
 Metaspace       used 3104K, committed 3264K, reserved 221184K
  class space    used 378K, committed 448K, reserved 212992K
}
Event: 0.495 GC heap after
{Heap after GC invocations=1 (full 0):
 garbage-first heap   total 262144K, used 9184K [0x00000000e0000000, 0x0000000100000000)
  region size 1024K, 3 young (3072K), 3 survivors (3072K)
 Metaspace       used 3104K, committed 3264K, reserved 221184K
  class space    used 378K, committed 448K, reserved 212992K
}
Event: 0.626 GC heap before
{Heap before GC invocations=1 (full 0):
 garbage-first heap   total 262144K, used 38880K [0x00000000e0000000, 0x0000000100000000)
  region size 1024K, 32 young (32768K), 3 survivors (3072K)
 Metaspace       used 3992K, committed 4224K, reserved 221184K
  class space    used 473K, committed 576K, reserved 212992K
}
Event: 0.628 GC heap after
{Heap after GC invocations=2 (full 0):
 garbage-first heap   total 262144K, used 12488K [0x00000000e0000000, 0x0000000100000000)
  region size 1024K, 3 young (3072K), 3 survivors (3072K)
 Metaspace       used 3992K, committed 4224K, reserved 221184K
  class space    used 473K, committed 576K, reserved 212992K
}
Event: 4.316 GC heap before
{Heap before GC invocations=2 (full 0):
 garbage-first heap   total 262144K, used 121032K [0x00000000e0000000, 0x0000000100000000)
  region size 1024K, 111 young (113664K), 3 survivors (3072K)
 Metaspace       used 20960K, committed 21248K, reserved 237568K
  class space    used 3105K, committed 3264K, reserved 212992K
}
Event: 4.324 GC heap after
{Heap after GC invocations=3 (full 0):
 garbage-first heap   total 262144K, used 20700K [0x00000000e0000000, 0x0000000100000000)
  region size 1024K, 12 young (12288K), 12 survivors (12288K)
 Metaspace       used 20960K, committed 21248K, reserved 237568K
  class space    used 3105K, committed 3264K, reserved 212992K
}
Event: 6.450 GC heap before
{Heap before GC invocations=4 (full 0):
 garbage-first heap   total 262144K, used 123100K [0x00000000e0000000, 0x0000000100000000)
  region size 1024K, 110 young (112640K), 12 survivors (12288K)
 Metaspace       used 35183K, committed 35520K, reserved 245760K
  class space    used 4775K, committed 4928K, reserved 212992K
}
Event: 6.460 GC heap after
{Heap after GC invocations=5 (full 0):
 garbage-first heap   total 262144K, used 29451K [0x00000000e0000000, 0x0000000100000000)
  region size 1024K, 18 young (18432K), 18 survivors (18432K)
 Metaspace       used 35183K, committed 35520K, reserved 245760K
  class space    used 4775K, committed 4928K, reserved 212992K
}
Event: 12.263 GC heap before
{Heap before GC invocations=6 (full 0):
 garbage-first heap   total 262144K, used 166667K [0x00000000e0000000, 0x0000000100000000)
  region size 1024K, 153 young (156672K), 18 survivors (18432K)
 Metaspace       used 46356K, committed 46848K, reserved 253952K
  class space    used 6373K, committed 6592K, reserved 212992K
}
Event: 12.278 GC heap after
{Heap after GC invocations=7 (full 0):
 garbage-first heap   total 262144K, used 40154K [0x00000000e0000000, 0x0000000100000000)
  region size 1024K, 20 young (20480K), 20 survivors (20480K)
 Metaspace       used 46356K, committed 46848K, reserved 253952K
  class space    used 6373K, committed 6592K, reserved 212992K
}
Event: 16.981 GC heap before
{Heap before GC invocations=7 (full 0):
 garbage-first heap   total 262144K, used 178394K [0x00000000e0000000, 0x0000000100000000)
  region size 1024K, 153 young (156672K), 20 survivors (20480K)
 Metaspace       used 54227K, committed 54720K, reserved 262144K
  class space    used 7333K, committed 7552K, reserved 212992K
}
Event: 16.995 GC heap after
{Heap after GC invocations=8 (full 0):
 garbage-first heap   total 262144K, used 51287K [0x00000000e0000000, 0x0000000100000000)
  region size 1024K, 10 young (10240K), 10 survivors (10240K)
 Metaspace       used 54227K, committed 54720K, reserved 262144K
  class space    used 7333K, committed 7552K, reserved 212992K
}
Event: 18.930 GC heap before
{Heap before GC invocations=8 (full 0):
 garbage-first heap   total 262144K, used 196695K [0x00000000e0000000, 0x0000000100000000)
  region size 1024K, 153 young (156672K), 10 survivors (10240K)
 Metaspace       used 57040K, committed 57600K, reserved 270336K
  class space    used 7689K, committed 7936K, reserved 212992K
}
Event: 18.941 GC heap after
{Heap after GC invocations=9 (full 0):
 garbage-first heap   total 262144K, used 56066K [0x00000000e0000000, 0x0000000100000000)
  region size 1024K, 16 young (16384K), 16 survivors (16384K)
 Metaspace       used 57040K, committed 57600K, reserved 270336K
  class space    used 7689K, committed 7936K, reserved 212992K
}
Event: 168.696 GC heap before
{Heap before GC invocations=9 (full 0):
 garbage-first heap   total 262144K, used 184066K [0x00000000e0000000, 0x0000000100000000)
  region size 1024K, 143 young (146432K), 16 survivors (16384K)
 Metaspace       used 58965K, committed 59520K, reserved 270336K
  class space    used 7829K, committed 8128K, reserved 212992K
}
Event: 168.710 GC heap after
{Heap after GC invocations=10 (full 0):
 garbage-first heap   total 262144K, used 59048K [0x00000000e0000000, 0x0000000100000000)
  region size 1024K, 8 young (8192K), 8 survivors (8192K)
 Metaspace       used 58965K, committed 59520K, reserved 270336K
  class space    used 7829K, committed 8128K, reserved 212992K
}
Event: 208.855 GC heap before
{Heap before GC invocations=11 (full 0):
 garbage-first heap   total 262144K, used 203432K [0x00000000e0000000, 0x0000000100000000)
  region size 1024K, 147 young (150528K), 8 survivors (8192K)
 Metaspace       used 59326K, committed 59904K, reserved 270336K
  class space    used 7858K, committed 8128K, reserved 212992K
}
Event: 208.862 GC heap after
{Heap after GC invocations=12 (full 0):
 garbage-first heap   total 262144K, used 56884K [0x00000000e0000000, 0x0000000100000000)
  region size 1024K, 5 young (5120K), 5 survivors (5120K)
 Metaspace       used 59326K, committed 59904K, reserved 270336K
  class space    used 7858K, committed 8128K, reserved 212992K
}
Event: 222.706 GC heap before
{Heap before GC invocations=12 (full 0):
 garbage-first heap   total 262144K, used 205364K [0x00000000e0000000, 0x0000000100000000)
  region size 1024K, 150 young (153600K), 5 survivors (5120K)
 Metaspace       used 59902K, committed 60544K, reserved 270336K
  class space    used 7871K, committed 8192K, reserved 212992K
}
Event: 222.711 GC heap after
{Heap after GC invocations=13 (full 0):
 garbage-first heap   total 262144K, used 61312K [0x00000000e0000000, 0x0000000100000000)
  region size 1024K, 9 young (9216K), 9 survivors (9216K)
 Metaspace       used 59902K, committed 60544K, reserved 270336K
  class space    used 7871K, committed 8192K, reserved 212992K
}

Deoptimization events (20 events):
Event: 223.164 Thread 0x0000019348010180 Uncommon trap: trap_request=0xffffffde fr.pc=0x00000193387d71c4 relative=0x00000000000001a4
Event: 223.164 Thread 0x0000019348010180 Uncommon trap: reason=class_check action=maybe_recompile pc=0x00000193387d71c4 method=java.lang.String.equals(Ljava/lang/Object;)Z @ 8 c2
Event: 223.164 Thread 0x0000019348010180 DEOPT PACKING pc=0x00000193387d71c4 sp=0x0000003613cfc230
Event: 223.164 Thread 0x0000019348010180 DEOPT UNPACKING pc=0x0000019330d2d72e sp=0x0000003613cfc1d8 mode 2
Event: 223.164 Thread 0x0000019348010180 Uncommon trap: trap_request=0xffffffde fr.pc=0x00000193387d71c4 relative=0x00000000000001a4
Event: 223.164 Thread 0x0000019348010180 Uncommon trap: reason=class_check action=maybe_recompile pc=0x00000193387d71c4 method=java.lang.String.equals(Ljava/lang/Object;)Z @ 8 c2
Event: 223.164 Thread 0x0000019348010180 DEOPT PACKING pc=0x00000193387d71c4 sp=0x0000003613cfc230
Event: 223.164 Thread 0x0000019348010180 DEOPT UNPACKING pc=0x0000019330d2d72e sp=0x0000003613cfc1d8 mode 2
Event: 223.164 Thread 0x0000019348010180 Uncommon trap: trap_request=0xffffffde fr.pc=0x00000193387d71c4 relative=0x00000000000001a4
Event: 223.164 Thread 0x0000019348010180 Uncommon trap: reason=class_check action=maybe_recompile pc=0x00000193387d71c4 method=java.lang.String.equals(Ljava/lang/Object;)Z @ 8 c2
Event: 223.164 Thread 0x0000019348010180 DEOPT PACKING pc=0x00000193387d71c4 sp=0x0000003613cfc230
Event: 223.164 Thread 0x0000019348010180 DEOPT UNPACKING pc=0x0000019330d2d72e sp=0x0000003613cfc1d8 mode 2
Event: 223.164 Thread 0x0000019348010180 Uncommon trap: trap_request=0xffffffde fr.pc=0x00000193387d71c4 relative=0x00000000000001a4
Event: 223.164 Thread 0x0000019348010180 Uncommon trap: reason=class_check action=maybe_recompile pc=0x00000193387d71c4 method=java.lang.String.equals(Ljava/lang/Object;)Z @ 8 c2
Event: 223.164 Thread 0x0000019348010180 DEOPT PACKING pc=0x00000193387d71c4 sp=0x0000003613cfc230
Event: 223.164 Thread 0x0000019348010180 DEOPT UNPACKING pc=0x0000019330d2d72e sp=0x0000003613cfc1d8 mode 2
Event: 223.169 Thread 0x0000019348010180 DEOPT PACKING pc=0x00000193321d1f64 sp=0x0000003613cfbe50
Event: 223.169 Thread 0x0000019348010180 DEOPT UNPACKING pc=0x0000019330d2dece sp=0x0000003613cfb318 mode 0
Event: 223.170 Thread 0x0000019348010180 DEOPT PACKING pc=0x00000193321d1890 sp=0x0000003613cfcdf0
Event: 223.170 Thread 0x0000019348010180 DEOPT UNPACKING pc=0x0000019330d2dece sp=0x0000003613cfc2b0 mode 0

Classes unloaded (0 events):
No events

Classes redefined (0 events):
No events

Internal exceptions (20 events):
Event: 222.989 Thread 0x0000019348009740 Exception <a 'sun/nio/fs/WindowsException'{0x00000000eb027360}> (0x00000000eb027360) 
thrown [t:\workspace\open\src\hotspot\share\prims\jni.cpp, line 579]
Event: 222.989 Thread 0x0000019348009740 Exception <a 'sun/nio/fs/WindowsException'{0x00000000eb027660}> (0x00000000eb027660) 
thrown [t:\workspace\open\src\hotspot\share\prims\jni.cpp, line 579]
Event: 222.991 Thread 0x0000019348009740 Exception <a 'sun/nio/fs/WindowsException'{0x00000000eb055130}> (0x00000000eb055130) 
thrown [t:\workspace\open\src\hotspot\share\prims\jni.cpp, line 579]
Event: 222.991 Thread 0x0000019348009740 Exception <a 'sun/nio/fs/WindowsException'{0x00000000eb055470}> (0x00000000eb055470) 
thrown [t:\workspace\open\src\hotspot\share\prims\jni.cpp, line 579]
Event: 222.993 Thread 0x0000019348009740 Exception <a 'sun/nio/fs/WindowsException'{0x00000000eb0b35f0}> (0x00000000eb0b35f0) 
thrown [t:\workspace\open\src\hotspot\share\prims\jni.cpp, line 579]
Event: 222.993 Thread 0x0000019348009740 Exception <a 'sun/nio/fs/WindowsException'{0x00000000eb0b3900}> (0x00000000eb0b3900) 
thrown [t:\workspace\open\src\hotspot\share\prims\jni.cpp, line 579]
Event: 222.994 Thread 0x0000019348009740 Exception <a 'sun/nio/fs/WindowsException'{0x00000000eb0bbf50}> (0x00000000eb0bbf50) 
thrown [t:\workspace\open\src\hotspot\share\prims\jni.cpp, line 579]
Event: 222.994 Thread 0x0000019348009740 Exception <a 'sun/nio/fs/WindowsException'{0x00000000eb0bc1c0}> (0x00000000eb0bc1c0) 
thrown [t:\workspace\open\src\hotspot\share\prims\jni.cpp, line 579]
Event: 222.999 Thread 0x0000019348009740 Exception <a 'sun/nio/fs/WindowsException'{0x00000000eaedf908}> (0x00000000eaedf908) 
thrown [t:\workspace\open\src\hotspot\share\prims\jni.cpp, line 579]
Event: 223.016 Thread 0x0000019348009740 Exception <a 'sun/nio/fs/WindowsException'{0x00000000eac5b7d8}> (0x00000000eac5b7d8) 
thrown [t:\workspace\open\src\hotspot\share\prims\jni.cpp, line 579]
Event: 223.016 Thread 0x0000019348009740 Exception <a 'sun/nio/fs/WindowsException'{0x00000000eac5ba98}> (0x00000000eac5ba98) 
thrown [t:\workspace\open\src\hotspot\share\prims\jni.cpp, line 579]
Event: 223.021 Thread 0x0000019348009740 Exception <a 'sun/nio/fs/WindowsException'{0x00000000eacdf340}> (0x00000000eacdf340) 
thrown [t:\workspace\open\src\hotspot\share\prims\jni.cpp, line 579]
Event: 223.021 Thread 0x0000019348009740 Exception <a 'sun/nio/fs/WindowsException'{0x00000000eacdf670}> (0x00000000eacdf670) 
thrown [t:\workspace\open\src\hotspot\share\prims\jni.cpp, line 579]
Event: 223.023 Thread 0x0000019348009740 Exception <a 'sun/nio/fs/WindowsException'{0x00000000eab168a0}> (0x00000000eab168a0) 
thrown [t:\workspace\open\src\hotspot\share\prims\jni.cpp, line 579]
Event: 223.023 Thread 0x0000019348009740 Exception <a 'sun/nio/fs/WindowsException'{0x00000000eab16c00}> (0x00000000eab16c00) 
thrown [t:\workspace\open\src\hotspot\share\prims\jni.cpp, line 579]
Event: 223.039 Thread 0x0000019348009740 Exception <a 'sun/nio/fs/WindowsException'{0x00000000eaad52b8}> (0x00000000eaad52b8) 
thrown [t:\workspace\open\src\hotspot\share\prims\jni.cpp, line 579]
Event: 223.040 Thread 0x0000019348009740 Exception <a 'sun/nio/fs/WindowsException'{0x00000000eaad55e8}> (0x00000000eaad55e8) 
thrown [t:\workspace\open\src\hotspot\share\prims\jni.cpp, line 579]
Event: 223.066 Thread 0x0000019348009740 Exception <a 'java/lang/reflect/InvocationTargetException'{0x00000000ea9a12a8}> (0x00000000ea9a12a8) 
thrown [t:\workspace\open\src\hotspot\share\runtime\reflection.cpp, line 1157]
Event: 223.092 Thread 0x000001934c07d070 Exception <a 'java/lang/NoSuchMethodError'{0x00000000ea899860}: static Lorg/gradle/internal/build/event/types/DefaultTaskFailureResult;.<clinit>()V> (0x00000000ea899860) 
thrown [t:\workspace\open\src\hotspot\share\prims\jni.cpp, line 1210]
Event: 223.094 Thread 0x000001934c07d070 Exception <a 'java/lang/NoSuchMethodError'{0x00000000ea8ea6e8}: static Lorg/gradle/internal/build/event/types/DefaultFailure;.<clinit>()V> (0x00000000ea8ea6e8) 
thrown [t:\workspace\open\src\hotspot\share\prims\jni.cpp, line 1210]

Events (20 events):
Event: 223.204 Thread 0x0000019345383cd0 Thread exited: 0x0000019345383cd0
Event: 223.204 Thread 0x000001934537e280 Thread exited: 0x000001934537e280
Event: 223.204 Thread 0x000001934c07c080 Thread exited: 0x000001934c07c080
Event: 223.204 Thread 0x00000193480091f0 Thread exited: 0x00000193480091f0
Event: 223.204 Thread 0x0000019345384770 Thread exited: 0x0000019345384770
Event: 223.204 Thread 0x000001934800a1e0 Thread exited: 0x000001934800a1e0
Event: 223.204 Thread 0x0000019346b1c9c0 Thread exited: 0x0000019346b1c9c0
Event: 223.204 Thread 0x0000019347457fc0 Thread exited: 0x0000019347457fc0
Event: 223.204 Thread 0x000001934800b720 Thread exited: 0x000001934800b720
Event: 223.204 Thread 0x0000019346b1df00 Thread exited: 0x0000019346b1df00
Event: 223.205 Thread 0x0000019346b048f0 Thread exited: 0x0000019346b048f0
Event: 223.205 Thread 0x0000019346b05390 Thread exited: 0x0000019346b05390
Event: 223.205 Thread 0x0000019346b05e30 Thread exited: 0x0000019346b05e30
Event: 223.205 Thread 0x0000019346b07e10 Thread exited: 0x0000019346b07e10
Event: 223.205 Thread 0x0000019346b08e00 Thread exited: 0x0000019346b08e00
Event: 223.205 Thread 0x0000019346b04e40 Thread exited: 0x0000019346b04e40
Event: 223.205 Thread 0x0000019346b078c0 Thread exited: 0x0000019346b078c0
Event: 223.205 Thread 0x0000019346b058e0 Thread exited: 0x0000019346b058e0
Event: 223.215 Thread 0x000001934c07d070 Thread exited: 0x000001934c07d070
Event: 223.216 Thread 0x000001934c07eb00 Thread exited: 0x000001934c07eb00


Dynamic libraries:
0x00007ff6c5cb0000 - 0x00007ff6c5cbe000 	C:\Users\PC-YK-D-1\.jdks\openjdk-16.0.2\bin\java.exe
0x00007ffc92ad0000 - 0x00007ffc92cc5000 	C:\Windows\SYSTEM32\ntdll.dll
0x00007ffc90de0000 - 0x00007ffc90e9d000 	C:\Windows\System32\KERNEL32.DLL
0x00007ffc90210000 - 0x00007ffc904d9000 	C:\Windows\System32\KERNELBASE.dll
0x00007ffc909b0000 - 0x00007ffc90ab0000 	C:\Windows\System32\ucrtbase.dll
0x00007ffc85a90000 - 0x00007ffc85aa8000 	C:\Users\PC-YK-D-1\.jdks\openjdk-16.0.2\bin\jli.dll
0x00007ffc7e1e0000 - 0x00007ffc7e1f9000 	C:\Users\PC-YK-D-1\.jdks\openjdk-16.0.2\bin\VCRUNTIME140.dll
0x00007ffc92320000 - 0x00007ffc924c0000 	C:\Windows\System32\USER32.dll
0x00007ffc90920000 - 0x00007ffc90942000 	C:\Windows\System32\win32u.dll
0x00007ffc70160000 - 0x00007ffc703fa000 	C:\Windows\WinSxS\amd64_microsoft.windows.common-controls_6595b64144ccf1df_6.0.19041.1110_none_60b5254171f9507e\COMCTL32.dll
0x00007ffc91a70000 - 0x00007ffc91a9a000 	C:\Windows\System32\GDI32.dll
0x00007ffc91ce0000 - 0x00007ffc91d7e000 	C:\Windows\System32\msvcrt.dll
0x00007ffc904e0000 - 0x00007ffc905eb000 	C:\Windows\System32\gdi32full.dll
0x00007ffc90800000 - 0x00007ffc9089d000 	C:\Windows\System32\msvcp_win.dll
0x00007ffc91e60000 - 0x00007ffc91e90000 	C:\Windows\System32\IMM32.DLL
0x00007ffc8b960000 - 0x00007ffc8b96c000 	C:\Users\PC-YK-D-1\.jdks\openjdk-16.0.2\bin\vcruntime140_1.dll
0x00007ffc4d010000 - 0x00007ffc4d0a1000 	C:\Users\PC-YK-D-1\.jdks\openjdk-16.0.2\bin\msvcp140.dll
0x00007ffc18140000 - 0x00007ffc18ceb000 	C:\Users\PC-YK-D-1\.jdks\openjdk-16.0.2\bin\server\jvm.dll
0x00007ffc90fd0000 - 0x00007ffc9107c000 	C:\Windows\System32\ADVAPI32.dll
0x00007ffc91b20000 - 0x00007ffc91bbb000 	C:\Windows\System32\sechost.dll
0x00007ffc91e90000 - 0x00007ffc91fba000 	C:\Windows\System32\RPCRT4.dll
0x00007ffc90b40000 - 0x00007ffc90b48000 	C:\Windows\System32\PSAPI.DLL
0x00007ffc765f0000 - 0x00007ffc765f9000 	C:\Windows\SYSTEM32\WSOCK32.dll
0x00007ffc8a970000 - 0x00007ffc8a97a000 	C:\Windows\SYSTEM32\VERSION.dll
0x00007ffc89af0000 - 0x00007ffc89b17000 	C:\Windows\SYSTEM32\WINMM.dll
0x00007ffc91a00000 - 0x00007ffc91a6b000 	C:\Windows\System32\WS2_32.dll
0x00007ffc8e120000 - 0x00007ffc8e132000 	C:\Windows\SYSTEM32\kernel.appcore.dll
0x00007ffc86480000 - 0x00007ffc8648a000 	C:\Users\PC-YK-D-1\.jdks\openjdk-16.0.2\bin\jimage.dll
0x00007ffc73220000 - 0x00007ffc73404000 	C:\Windows\SYSTEM32\DBGHELP.DLL
0x00007ffc72850000 - 0x00007ffc7287c000 	C:\Windows\SYSTEM32\dbgcore.DLL
0x00007ffc90ab0000 - 0x00007ffc90b33000 	C:\Windows\System32\bcryptPrimitives.dll
0x00007ffc62520000 - 0x00007ffc62545000 	C:\Users\PC-YK-D-1\.jdks\openjdk-16.0.2\bin\java.dll
0x00007ffc91130000 - 0x00007ffc9186f000 	C:\Windows\System32\SHELL32.dll
0x00007ffc8e320000 - 0x00007ffc8eab1000 	C:\Windows\SYSTEM32\windows.storage.dll
0x00007ffc91fc0000 - 0x00007ffc92315000 	C:\Windows\System32\combase.dll
0x00007ffc8fba0000 - 0x00007ffc8fbcc000 	C:\Windows\SYSTEM32\Wldp.dll
0x00007ffc929e0000 - 0x00007ffc92a8e000 	C:\Windows\System32\SHCORE.dll
0x00007ffc90d80000 - 0x00007ffc90dd5000 	C:\Windows\System32\shlwapi.dll
0x00007ffc90150000 - 0x00007ffc9016f000 	C:\Windows\SYSTEM32\profapi.dll
0x00007ffc7dc60000 - 0x00007ffc7dc79000 	C:\Users\PC-YK-D-1\.jdks\openjdk-16.0.2\bin\net.dll
0x00007ffc88bf0000 - 0x00007ffc88cfa000 	C:\Windows\SYSTEM32\WINHTTP.dll
0x00007ffc8f980000 - 0x00007ffc8f9ea000 	C:\Windows\system32\mswsock.dll
0x00007ffc7c2d0000 - 0x00007ffc7c2e3000 	C:\Users\PC-YK-D-1\.jdks\openjdk-16.0.2\bin\nio.dll
0x00007ffc750c0000 - 0x00007ffc750d8000 	C:\Users\PC-YK-D-1\.jdks\openjdk-16.0.2\bin\zip.dll
0x00007ffc85e80000 - 0x00007ffc85e90000 	C:\Users\PC-YK-D-1\.jdks\openjdk-16.0.2\bin\verify.dll
0x00007ffc7dc20000 - 0x00007ffc7dc47000 	F:\Yunus Files\gradle-7.1.1-all\native\8bec1ad78214c89d9ad589b4d07fe93259594b29d510b10fafb7a158f7737e5d\windows-amd64\native-platform.dll
0x00007ffc36b20000 - 0x00007ffc36c5d000 	F:\Yunus Files\gradle-7.1.1-all\native\53dbd7edfb1c66fb8903c78663c9afc45aea4f116125fa6feffd364cf09443e8\windows-amd64\native-platform-file-events.dll
0x00007ffc85ba0000 - 0x00007ffc85ba9000 	C:\Users\PC-YK-D-1\.jdks\openjdk-16.0.2\bin\management.dll
0x00007ffc85a40000 - 0x00007ffc85a4b000 	C:\Users\PC-YK-D-1\.jdks\openjdk-16.0.2\bin\management_ext.dll
0x00007ffc8fbe0000 - 0x00007ffc8fbf8000 	C:\Windows\SYSTEM32\CRYPTSP.dll
0x00007ffc8f2d0000 - 0x00007ffc8f304000 	C:\Windows\system32\rsaenh.dll
0x00007ffc908a0000 - 0x00007ffc908c7000 	C:\Windows\System32\bcrypt.dll
0x00007ffc90110000 - 0x00007ffc9013e000 	C:\Windows\SYSTEM32\USERENV.dll
0x00007ffc8fb00000 - 0x00007ffc8fb0c000 	C:\Windows\SYSTEM32\CRYPTBASE.dll
0x00007ffc8f640000 - 0x00007ffc8f67b000 	C:\Windows\SYSTEM32\IPHLPAPI.DLL
0x00007ffc91aa0000 - 0x00007ffc91aa8000 	C:\Windows\System32\NSI.dll
0x00007ffc8ab10000 - 0x00007ffc8ab27000 	C:\Windows\SYSTEM32\dhcpcsvc6.DLL
0x00007ffc8aaf0000 - 0x00007ffc8ab0d000 	C:\Windows\SYSTEM32\dhcpcsvc.DLL
0x00007ffc8f690000 - 0x00007ffc8f75c000 	C:\Windows\SYSTEM32\DNSAPI.dll
0x00007ffc7e3a0000 - 0x00007ffc7e3ae000 	C:\Users\PC-YK-D-1\.jdks\openjdk-16.0.2\bin\sunmscapi.dll
0x00007ffc906a0000 - 0x00007ffc907ff000 	C:\Windows\System32\CRYPT32.dll
0x00007ffc8fcf0000 - 0x00007ffc8fd17000 	C:\Windows\SYSTEM32\ncrypt.dll
0x00007ffc8fcb0000 - 0x00007ffc8fceb000 	C:\Windows\SYSTEM32\NTASN1.dll
0x00007ffc69370000 - 0x00007ffc69377000 	C:\Windows\system32\wshunix.dll

dbghelp: loaded successfully - version: 4.0.5 - missing functions: none
symbol engine: initialized successfully - sym options: 0x614 - pdb path: .;C:\Users\PC-YK-D-1\.jdks\openjdk-16.0.2\bin;C:\Windows\SYSTEM32;C:\Windows\WinSxS\amd64_microsoft.windows.common-controls_6595b64144ccf1df_6.0.19041.1110_none_60b5254171f9507e;C:\Users\PC-YK-D-1\.jdks\openjdk-16.0.2\bin\server;F:\Yunus Files\gradle-7.1.1-all\native\8bec1ad78214c89d9ad589b4d07fe93259594b29d510b10fafb7a158f7737e5d\windows-amd64;F:\Yunus Files\gradle-7.1.1-all\native\53dbd7edfb1c66fb8903c78663c9afc45aea4f116125fa6feffd364cf09443e8\windows-amd64

VM Arguments:
jvm_args: --add-opens=java.base/java.util=ALL-UNNAMED --add-opens=java.base/java.lang=ALL-UNNAMED --add-opens=java.base/java.lang.invoke=ALL-UNNAMED --add-opens=java.base/java.util=ALL-UNNAMED --add-opens=java.prefs/java.util.prefs=ALL-UNNAMED --add-opens=java.prefs/java.util.prefs=ALL-UNNAMED --add-opens=java.base/java.nio.charset=ALL-UNNAMED --add-opens=java.base/java.net=ALL-UNNAMED --add-opens=java.base/java.util.concurrent.atomic=ALL-UNNAMED -XX:MaxMetaspaceSize=256m -XX:+HeapDumpOnOutOfMemoryError -Xms256m -Xmx512m -Dfile.encoding=windows-1252 -Duser.country=US -Duser.language=en -Duser.variant 
java_command: org.gradle.launcher.daemon.bootstrap.GradleDaemon 7.1.1
java_class_path (initial): F:\Yunus Files\gradle-7.1.1-all\wrapper\dists\gradle-7.1.1-bin\f29rtwfnc96ub43tt7p47zsru\gradle-7.1.1\lib\gradle-launcher-7.1.1.jar
Launcher Type: SUN_STANDARD

[Global flags]
     intx CICompilerCount                          = 4                                         {product} {ergonomic}
   size_t CompressedClassSpaceSize                 = 218103808                                 {product} {ergonomic}
     uint ConcGCThreads                            = 2                                         {product} {ergonomic}
     uint G1ConcRefinementThreads                  = 8                                         {product} {ergonomic}
   size_t G1HeapRegionSize                         = 1048576                                   {product} {ergonomic}
    uintx GCDrainStackTargetSize                   = 64                                        {product} {ergonomic}
     bool HeapDumpOnOutOfMemoryError               = true                                   {manageable} {command line}
   size_t InitialHeapSize                          = 268435456                                 {product} {command line}
   size_t MarkStackSize                            = 4194304                                   {product} {ergonomic}
   size_t MaxHeapSize                              = 536870912                                 {product} {command line}
   size_t MaxMetaspaceSize                         = 268435456                                 {product} {command line}
   size_t MaxNewSize                               = 321912832                                 {product} {ergonomic}
   size_t MinHeapDeltaBytes                        = 1048576                                   {product} {ergonomic}
   size_t MinHeapSize                              = 268435456                                 {product} {command line}
    uintx NonNMethodCodeHeapSize                   = 5839372                                {pd product} {ergonomic}
    uintx NonProfiledCodeHeapSize                  = 122909434                              {pd product} {ergonomic}
    uintx ProfiledCodeHeapSize                     = 122909434                              {pd product} {ergonomic}
    uintx ReservedCodeCacheSize                    = 251658240                              {pd product} {ergonomic}
     bool SegmentedCodeCache                       = true                                      {product} {ergonomic}
   size_t SoftMaxHeapSize                          = 536870912                              {manageable} {ergonomic}
     bool UseCompressedClassPointers               = true                           {product lp64_product} {ergonomic}
     bool UseCompressedOops                        = true                           {product lp64_product} {ergonomic}
     bool UseG1GC                                  = true                                      {product} {ergonomic}
     bool UseLargePagesIndividualAllocation        = false                                  {pd product} {ergonomic}

Logging:
Log output configuration:
 #0: stdout all=warning uptime,level,tags
 #1: stderr all=off uptime,level,tags

Environment Variables:
PATH=C:\Program Files\Common Files\Oracle\Java\javapath;C:\Program Files (x86)\Common Files\Oracle\Java\javapath;C:\Windows\system32;C:\Windows;C:\Windows\System32\Wbem;C:\Windows\System32\WindowsPowerShell\v1.0\;C:\Windows\System32\OpenSSH\;C:\Program Files\7-Zip;C:\Program Files (x86)\NVIDIA Corporation\PhysX\Common;C:\Program Files\NVIDIA Corporation\NVIDIA NvDLISR;C:\Program Files\Docker\Docker\resources\bin;C:\ProgramData\DockerDesktop\version-bin;C:\Program Files\Git\cmd;C:\Program Files (x86)\Microsoft SQL Server\110\Tools\Binn\;C:\Program Files\Microsoft SQL Server\110\Tools\Binn\;C:\Program Files\Microsoft SQL Server\110\DTS\Binn\;C:\Users\PC-YK-D-1\AppData\Local\Microsoft\WindowsApps;
USERNAME=PC-YK-D-1
OS=Windows_NT
PROCESSOR_IDENTIFIER=Intel64 Family 6 Model 158 Stepping 9, GenuineIntel



---------------  S Y S T E M  ---------------

OS:
 Windows 10 , 64 bit Build 19041 (10.0.19041.1023)
OS uptime: 6 days 6:26 hours
Hyper-V role detected

CPU: total 8 (initial active 8) (4 cores per cpu, 2 threads per core) family 6 model 158 stepping 9 microcode 0xb4, cx8, cmov, fxsr, ht, mmx, 3dnowpref, sse, sse2, sse3, ssse3, sse4.1, sse4.2, popcnt, lzcnt, tsc, tscinvbit, avx, avx2, aes, erms, clmul, bmi1, bmi2, rtm, adx, fma, vzeroupper, clflush, clflushopt, hv

Memory: 4k page, system-wide physical 16343M (8398M free)
TotalPageFile size 18775M (AvailPageFile size 5234M)
current process WorkingSet (physical memory assigned to process): 431M, peak: 472M
current process commit charge ("private bytes"): 498M, peak: 550M

vm_info: OpenJDK 64-Bit Server VM (16.0.2+7-67) for windows-amd64 JRE (16.0.2+7-67), built on Jun  8 2021 23:21:43 by "mach5one" with MS VC++ 16.7 (VS2019)

END.
