#
# A fatal error has been detected by the Java Runtime Environment:
#
#  EXCEPTION_ACCESS_VIOLATION (0xc0000005) at pc=0x00007ffc36b3c4be, pid=15220, tid=2044
#
# JRE version: OpenJDK Runtime Environment (16.0.2+7) (build 16.0.2+7-67)
# Java VM: OpenJDK 64-Bit Server VM (16.0.2+7-67, mixed mode, sharing, tiered, compressed oops, compressed class ptrs, g1 gc, windows-amd64)
# Problematic frame:
# C  [native-platform-file-events.dll+0x1c4be]
#
# No core dump will be written. Minidumps are not enabled by default on client versions of Windows
#
# If you would like to submit a bug report, please visit:
#   https://bugreport.java.com/bugreport/crash.jsp
# The crash happened outside the Java Virtual Machine in native code.
# See problematic frame for where to report the bug.
#

---------------  S U M M A R Y ------------

Command Line: --add-opens=java.base/java.util=ALL-UNNAMED --add-opens=java.base/java.lang=ALL-UNNAMED --add-opens=java.base/java.lang.invoke=ALL-UNNAMED --add-opens=java.base/java.util=ALL-UNNAMED --add-opens=java.prefs/java.util.prefs=ALL-UNNAMED --add-opens=java.prefs/java.util.prefs=ALL-UNNAMED --add-opens=java.base/java.nio.charset=ALL-UNNAMED --add-opens=java.base/java.net=ALL-UNNAMED --add-opens=java.base/java.util.concurrent.atomic=ALL-UNNAMED -XX:MaxMetaspaceSize=256m -XX:+HeapDumpOnOutOfMemoryError -Xms256m -Xmx512m -Dfile.encoding=windows-1252 -Duser.country=US -Duser.language=en -Duser.variant org.gradle.launcher.daemon.bootstrap.GradleDaemon 7.1.1

Host: Intel(R) Core(TM) i7-7700 CPU @ 3.60GHz, 8 cores, 15G,  Windows 10 , 64 bit Build 19041 (10.0.19041.1023)
Time: Thu Jul 22 16:56:32 2021 Azerbaijan Standard Time elapsed time: 282.031160 seconds (0d 0h 4m 42s)

---------------  T H R E A D  ---------------

Current thread (0x0000026f91fee830):  JavaThread "File watcher server" daemon [_thread_in_native, id=2044, stack(0x000000791b400000,0x000000791b500000)]

Stack: [0x000000791b400000,0x000000791b500000],  sp=0x000000791b4fe530,  free space=1017k
Native frames: (J=compiled Java code, j=interpreted, Vv=VM code, C=native code)
C  [native-platform-file-events.dll+0x1c4be]

Java frames: (J=compiled Java code, j=interpreted, Vv=VM code)
j  net.rubygrapefruit.platform.internal.jni.AbstractFileEventFunctions$NativeFileWatcher.executeRunLoop0(Ljava/lang/Object;)V+0
j  net.rubygrapefruit.platform.internal.jni.AbstractFileEventFunctions$NativeFileWatcher.access$100(Lnet/rubygrapefruit/platform/internal/jni/AbstractFileEventFunctions$NativeFileWatcher;Ljava/lang/Object;)V+2
j  net.rubygrapefruit.platform.internal.jni.AbstractFileEventFunctions$NativeFileWatcher$1.run()V+26
v  ~StubRoutines::call_stub

siginfo: EXCEPTION_ACCESS_VIOLATION (0xc0000005), reading address 0xffffffffffffffff


Register to memory mapping:

RIP=0x00007ffc36b3c4be native-platform-file-events.dll
RAX=0x0062002d00740073 is an unknown value
RBX=0x0000000000000001 is an unknown value
RCX=0x0062002d00740073 is an unknown value
RDX=0x000000791b4fe588 is pointing into the stack for thread: 0x0000026f91fee830
RSP=0x000000791b4fe530 is pointing into the stack for thread: 0x0000026f91fee830
RBP=0x000000791b4fef28 is pointing into the stack for thread: 0x0000026f91fee830
RSI=0x0 is NULL
RDI=0x00000000ffffffff is an unallocated location in the heap
R8 =0x000000791b4fe590 is pointing into the stack for thread: 0x0000026f91fee830
R9 =0x000000007ffec000 points into unknown readable memory: 0x0000000000000001 | 01 00 00 00 00 00 00 00
R10=0x0000000000000001 is an unknown value
R11=0x00000349ee707cff is an unknown value
R12=0x0 is NULL
R13={method} {0x0000026f9431cc30} 'executeRunLoop0' '(Ljava/lang/Object;)V' in 'net/rubygrapefruit/platform/internal/jni/AbstractFileEventFunctions$NativeFileWatcher'
R14=0x000000791b4fef50 is pointing into the stack for thread: 0x0000026f91fee830
R15=0x0000026f91fee830 is a thread


Registers:
RAX=0x0062002d00740073, RBX=0x0000000000000001, RCX=0x0062002d00740073, RDX=0x000000791b4fe588
RSP=0x000000791b4fe530, RBP=0x000000791b4fef28, RSI=0x0000000000000000, RDI=0x00000000ffffffff
R8 =0x000000791b4fe590, R9 =0x000000007ffec000, R10=0x0000000000000001, R11=0x00000349ee707cff
R12=0x0000000000000000, R13=0x0000026f9431cc28, R14=0x000000791b4fef50, R15=0x0000026f91fee830
RIP=0x00007ffc36b3c4be, EFLAGS=0x0000000000010206

Top of Stack: (sp=0x000000791b4fe530)
0x000000791b4fe530:   0001ecf28ff36a68 0001ecf288728724
0x000000791b4fe540:   0001ecf28ff36a68 00007ffc36b57be5
0x000000791b4fe550:   000000791b4fe608 000000791b4fe588
0x000000791b4fe560:   0000007900000000 000000791b4fe598
0x000000791b4fe570:   000000791b4f0001 000004edf2145aaa
0x000000791b4fe580:   000000791b4fe590 000000000000007d
0x000000791b4fe590:   0001ecf288728724 0001ecf28ff36a68
0x000000791b4fe5a0:   000000791b4fef50 00007ffc36b57777
0x000000791b4fe5b0:   000000791b4fe608 000000791b4fe600
0x000000791b4fe5c0:   0000026f90489ef0 00000008001f8100
0x000000791b4fe5d0:   0000000000000000 00007ffc36b48bee
0x000000791b4fe5e0:   0001ecf28ff36a68 000000000000007d
0x000000791b4fe5f0:   0000007919efbd10 000000791b4fe660
0x000000791b4fe600:   000061b02cf1cd48 000000000000007d
0x000000791b4fe610:   0000000000000000 00007ffc36b3c6ec
0x000000791b4fe620:   0062002d00740073 0000007900000003 

Instructions: (pc=0x00007ffc36b3c4be)
0x00007ffc36b3c3be:   8b 00 48 89 44 24 38 48 8b 44 24 38 48 89 44 24
0x00007ffc36b3c3ce:   58 48 8b 84 24 b0 00 00 00 48 83 c0 08 48 89 44
0x00007ffc36b3c3de:   24 40 48 8d 54 24 70 48 8b 4c 24 40 e8 26 50 fe
0x00007ffc36b3c3ee:   ff 48 8b 00 48 89 44 24 48 48 8b 44 24 48 48 89
0x00007ffc36b3c3fe:   44 24 60 4c 8b 4c 24 50 4c 8b 44 24 58 48 8b 54
0x00007ffc36b3c40e:   24 60 48 8d 4c 24 78 e8 31 92 fe ff 48 8d 4c 24
0x00007ffc36b3c41e:   78 e8 8b 6a fe ff 48 8b c8 ff 15 db ab 11 00 89
0x00007ffc36b3c42e:   44 24 24 83 7c 24 24 ff 74 15 8b 44 24 24 83 e0
0x00007ffc36b3c43e:   10 85 c0 74 0a c7 44 24 28 01 00 00 00 eb 08 c7
0x00007ffc36b3c44e:   44 24 28 00 00 00 00 0f b6 44 24 28 88 44 24 20
0x00007ffc36b3c45e:   48 8d 4c 24 78 e8 1f 97 fe ff 0f b6 44 24 20 48
0x00007ffc36b3c46e:   8b 8c 24 98 00 00 00 48 33 cc e8 8f 76 fe ff 48
0x00007ffc36b3c47e:   81 c4 a8 00 00 00 c3 cc cc cc cc cc cc cc cc cc
0x00007ffc36b3c48e:   cc cc 48 89 4c 24 08 48 81 ec e8 00 00 00 48 8b
0x00007ffc36b3c49e:   05 a5 7d 10 00 48 33 c4 48 89 84 24 d0 00 00 00
0x00007ffc36b3c4ae:   c7 44 24 30 00 00 00 00 48 8b 84 24 f0 00 00 00
0x00007ffc36b3c4be:   83 78 68 03 0f 84 02 01 00 00 48 8b 84 24 f0 00
0x00007ffc36b3c4ce:   00 00 48 8b 48 28 ff 15 36 ab 11 00 89 44 24 38
0x00007ffc36b3c4de:   83 7c 24 38 00 0f 85 d0 00 00 00 ba 07 00 00 00
0x00007ffc36b3c4ee:   48 8b 0d 1b b0 10 00 e8 48 a4 fe ff 88 44 24 34
0x00007ffc36b3c4fe:   0f b6 44 24 34 85 c0 0f 84 90 00 00 00 ff 15 07
0x00007ffc36b3c50e:   ab 11 00 89 44 24 3c 48 8b 84 24 f0 00 00 00 48
0x00007ffc36b3c51e:   83 c0 08 48 8b d0 48 8d 8c 24 90 00 00 00 e8 05
0x00007ffc36b3c52e:   51 fe ff 48 89 44 24 40 48 8b 44 24 40 48 89 44
0x00007ffc36b3c53e:   24 48 8b 44 24 30 83 c8 01 89 44 24 30 48 8b 4c
0x00007ffc36b3c54e:   24 48 e8 d5 52 fe ff 48 89 44 24 50 48 8b 84 24
0x00007ffc36b3c55e:   f0 00 00 00 48 8b 40 28 48 89 44 24 58 8b 44 24
0x00007ffc36b3c56e:   3c 89 44 24 28 48 8b 44 24 50 48 89 44 24 20 4c
0x00007ffc36b3c57e:   8b 4c 24 58 4c 8d 05 77 af 0d 00 ba 07 00 00 00
0x00007ffc36b3c58e:   48 8b 0d 7b af 10 00 e8 f8 71 fe ff 90 8b 44 24
0x00007ffc36b3c59e:   30 83 e0 01 85 c0 74 13 83 64 24 30 fe 48 8d 8c
0x00007ffc36b3c5ae:   24 90 00 00 00 e8 e7 5a fe ff 90 eb 00 48 8b 84 


Stack slot to memory mapping:
stack at sp + 0 slots: 0x0001ecf28ff36a68 is an unknown value
stack at sp + 1 slots: 0x0001ecf288728724 is an unknown value
stack at sp + 2 slots: 0x0001ecf28ff36a68 is an unknown value
stack at sp + 3 slots: 0x00007ffc36b57be5 native-platform-file-events.dll
stack at sp + 4 slots: 0x000000791b4fe608 is pointing into the stack for thread: 0x0000026f91fee830
stack at sp + 5 slots: 0x000000791b4fe588 is pointing into the stack for thread: 0x0000026f91fee830
stack at sp + 6 slots: 0x0000007900000000 is an unknown value
stack at sp + 7 slots: 0x000000791b4fe598 is pointing into the stack for thread: 0x0000026f91fee830


---------------  P R O C E S S  ---------------

Threads class SMR info:
_java_thread_list=0x0000026f966afa40, length=127, elements={
0x0000026ff3dcb230, 0x0000026fff56b4b0, 0x0000026fff56c370, 0x0000026fff580d10,
0x0000026fff581820, 0x0000026fff584330, 0x0000026fff586d60, 0x0000026fff58b040,
0x0000026fff593b40, 0x0000026fff596590, 0x0000026f8f9ea700, 0x0000026f8f9eec30,
0x0000026f8fe40550, 0x0000026f8fe42fd0, 0x0000026f8fe43520, 0x0000026f91feed80,
0x0000026f91ff1800, 0x0000026f91fef820, 0x0000026f91fee830, 0x0000026f91fee2e0,
0x0000026f91fed2f0, 0x0000026f91ff1d50, 0x0000026f91fecda0, 0x0000026f91fed840,
0x0000026f91fea320, 0x0000026f91fef2d0, 0x0000026f91fefd70, 0x0000026f91ff02c0,
0x0000026f91ff0810, 0x0000026f931973b0, 0x0000026f93199390, 0x0000026f953bd450,
0x0000026f953b5a20, 0x0000026f953b5f70, 0x0000026f953b74b0, 0x0000026f953b84a0,
0x0000026f953bb470, 0x0000026f953b7a00, 0x0000026f96992860, 0x0000026f953bb9c0,
0x0000026f953b9f30, 0x0000026f953b8f40, 0x0000026f953b9490, 0x0000026f953b99e0,
0x0000026f953bbf10, 0x0000026f953bc9b0, 0x0000026f953b64c0, 0x0000026f953ba480,
0x0000026f93197900, 0x0000026f9319c8b0, 0x0000026f9319a8d0, 0x0000026f9319be10,
0x0000026f93197e50, 0x0000026f931988f0, 0x0000026f931998e0, 0x0000026f93199e30,
0x0000026f9319ae20, 0x0000026f9319b370, 0x0000026f9319b8c0, 0x0000026f91009ba0,
0x0000026f8fe40000, 0x0000026f8fe40aa0, 0x0000026f8fe41540, 0x0000026f8fe40ff0,
0x0000026f8fe42a80, 0x0000026f8fe41a90, 0x0000026f91ff12b0, 0x0000026f91ff0d60,
0x0000026f91feb860, 0x0000026f91feadc0, 0x0000026f91fec850, 0x0000026f91febdb0,
0x0000026f91fec300, 0x0000026f956a44e0, 0x0000026f956a34f0, 0x0000026f956a3f90,
0x0000026f956a1fb0, 0x0000026f956a0fc0, 0x0000026f956a3a40, 0x0000026f956a1510,
0x0000026f956a1a60, 0x0000026f956a2500, 0x0000026f956a2a50, 0x0000026f956a2fa0,
0x0000026f94a5e040, 0x0000026f94a59090, 0x0000026f94a5a080, 0x0000026f94a5ab20,
0x0000026f94a5e590, 0x0000026f94a580a0, 0x0000026f94a5c5b0, 0x0000026f94a5b070,
0x0000026f94a5a5d0, 0x0000026f94a5d5a0, 0x0000026f94a59b30, 0x0000026f94a5eae0,
0x0000026f94a5f030, 0x0000026f94a5daf0, 0x0000026f94a5b5c0, 0x0000026f94a58b40,
0x0000026f94a595e0, 0x0000026f94a5f580, 0x0000026f94a5fad0, 0x0000026f94a5bb10,
0x0000026f94a5cb00, 0x0000026f94a5c060, 0x0000026f94a5d050, 0x0000026f91081de0,
0x0000026f9107f360, 0x0000026f91081340, 0x0000026f91080350, 0x0000026f910808a0,
0x0000026f9107f8b0, 0x0000026f9107fe00, 0x0000026f91080df0, 0x0000026f91081890,
0x0000026f91082330, 0x0000026f9107ee10, 0x0000026f92a2eff0, 0x0000026f92a2cac0,
0x0000026f92a295a0, 0x0000026f92a2dab0, 0x0000026f92a2bad0, 0x0000026f92a2d010,
0x0000026f92a2c020, 0x0000026f92a29050, 0x0000026f92a2e000
}

Java Threads: ( => current thread )
  0x0000026ff3dcb230 JavaThread "main" [_thread_blocked, id=10492, stack(0x0000007918b00000,0x0000007918c00000)]
  0x0000026fff56b4b0 JavaThread "Reference Handler" daemon [_thread_blocked, id=10580, stack(0x0000007919200000,0x0000007919300000)]
  0x0000026fff56c370 JavaThread "Finalizer" daemon [_thread_blocked, id=5248, stack(0x0000007919300000,0x0000007919400000)]
  0x0000026fff580d10 JavaThread "Signal Dispatcher" daemon [_thread_blocked, id=12824, stack(0x0000007919400000,0x0000007919500000)]
  0x0000026fff581820 JavaThread "Attach Listener" daemon [_thread_blocked, id=15732, stack(0x0000007919500000,0x0000007919600000)]
  0x0000026fff584330 JavaThread "Service Thread" daemon [_thread_blocked, id=9240, stack(0x0000007919600000,0x0000007919700000)]
  0x0000026fff586d60 JavaThread "Monitor Deflation Thread" daemon [_thread_blocked, id=15156, stack(0x0000007919700000,0x0000007919800000)]
  0x0000026fff58b040 JavaThread "C2 CompilerThread0" daemon [_thread_blocked, id=14848, stack(0x0000007919800000,0x0000007919900000)]
  0x0000026fff593b40 JavaThread "C1 CompilerThread0" daemon [_thread_blocked, id=16436, stack(0x0000007919900000,0x0000007919a00000)]
  0x0000026fff596590 JavaThread "Sweeper thread" daemon [_thread_blocked, id=13268, stack(0x0000007919a00000,0x0000007919b00000)]
  0x0000026f8f9ea700 JavaThread "Common-Cleaner" daemon [_thread_blocked, id=11308, stack(0x0000007919b00000,0x0000007919c00000)]
  0x0000026f8f9eec30 JavaThread "Notification Thread" daemon [_thread_blocked, id=11208, stack(0x0000007919c00000,0x0000007919d00000)]
  0x0000026f8fe40550 JavaThread "Daemon health stats" [_thread_blocked, id=18304, stack(0x000000791a600000,0x000000791a700000)]
  0x0000026f8fe42fd0 JavaThread "Incoming local TCP Connector on port 53153" [_thread_in_native, id=17076, stack(0x000000791a700000,0x000000791a800000)]
  0x0000026f8fe43520 JavaThread "Daemon periodic checks" [_thread_blocked, id=3052, stack(0x000000791a800000,0x000000791a900000)]
  0x0000026f91feed80 JavaThread "Cache worker for journal cache (F:\Yunus Files\gradle-7.1.1-all\caches\journal-1)" [_thread_blocked, id=2868, stack(0x0000007919f00000,0x000000791a000000)]
  0x0000026f91ff1800 JavaThread "File lock request listener" [_thread_in_native, id=18288, stack(0x000000791b000000,0x000000791b100000)]
  0x0000026f91fef820 JavaThread "Cache worker for file hash cache (F:\Yunus Files\gradle-7.1.1-all\caches\7.1.1\fileHashes)" [_thread_blocked, id=11588, stack(0x000000791b100000,0x000000791b200000)]
=>0x0000026f91fee830 JavaThread "File watcher server" daemon [_thread_in_native, id=2044, stack(0x000000791b400000,0x000000791b500000)]
  0x0000026f91fee2e0 JavaThread "File watcher consumer" daemon [_thread_blocked, id=16396, stack(0x000000791b500000,0x000000791b600000)]
  0x0000026f91fed2f0 JavaThread "Cache worker for execution history cache (F:\Yunus Files\gradle-7.1.1-all\caches\7.1.1\executionHistory)" [_thread_blocked, id=2976, stack(0x000000791b900000,0x000000791ba00000)]
  0x0000026f91ff1d50 JavaThread "jar transforms" [_thread_blocked, id=17588, stack(0x000000791bd00000,0x000000791be00000)]
  0x0000026f91fecda0 JavaThread "jar transforms Thread 2" [_thread_blocked, id=10552, stack(0x000000791be00000,0x000000791bf00000)]
  0x0000026f91fed840 JavaThread "Cache worker for file content cache (F:\Yunus Files\gradle-7.1.1-all\caches\7.1.1\fileContent)" [_thread_blocked, id=14180, stack(0x000000791bf00000,0x000000791c000000)]
  0x0000026f91fea320 JavaThread "jar transforms Thread 3" [_thread_blocked, id=14456, stack(0x000000791c000000,0x000000791c100000)]
  0x0000026f91fef2d0 JavaThread "jar transforms Thread 4" [_thread_blocked, id=15160, stack(0x000000791c100000,0x000000791c200000)]
  0x0000026f91fefd70 JavaThread "jar transforms Thread 5" [_thread_blocked, id=9476, stack(0x000000791c200000,0x000000791c300000)]
  0x0000026f91ff02c0 JavaThread "jar transforms Thread 6" [_thread_blocked, id=15016, stack(0x000000791c300000,0x000000791c400000)]
  0x0000026f91ff0810 JavaThread "jar transforms Thread 7" [_thread_blocked, id=6644, stack(0x000000791c500000,0x000000791c600000)]
  0x0000026f931973b0 JavaThread "jar transforms Thread 8" [_thread_blocked, id=5784, stack(0x000000791db00000,0x000000791dc00000)]
  0x0000026f93199390 JavaThread "Memory manager" [_thread_blocked, id=10296, stack(0x000000791dc00000,0x000000791dd00000)]
  0x0000026f953bd450 JavaThread "Daemon Thread 2" [_thread_blocked, id=11192, stack(0x0000007918800000,0x0000007918900000)]
  0x0000026f953b5a20 JavaThread "Handler for socket connection from /127.0.0.1:53153 to /127.0.0.1:53275" [_thread_in_native, id=17384, stack(0x0000007918900000,0x0000007918a00000)]
  0x0000026f953b5f70 JavaThread "Cancel handler" [_thread_blocked, id=812, stack(0x0000007918a00000,0x0000007918b00000)]
  0x0000026f953b74b0 JavaThread "Daemon worker Thread 2" [_thread_blocked, id=16688, stack(0x0000007919e00000,0x0000007919f00000)]
  0x0000026f953b84a0 JavaThread "Asynchronous log dispatcher for DefaultDaemonConnection: socket connection from /127.0.0.1:53153 to /127.0.0.1:53275" [_thread_blocked, id=5484, stack(0x000000791a900000,0x000000791aa00000)]
  0x0000026f953bb470 JavaThread "Stdin handler" [_thread_blocked, id=17160, stack(0x000000791aa00000,0x000000791ab00000)]
  0x0000026f953b7a00 JavaThread "Daemon client event forwarder" [_thread_blocked, id=388, stack(0x000000791ab00000,0x000000791ac00000)]
  0x0000026f96992860 JavaThread "C2 CompilerThread1" daemon [_thread_in_native, id=9232, stack(0x000000791b600000,0x000000791b700000)]
  0x0000026f953bb9c0 Thread [stack: 0x000000791b700000,0x000000791b800000] [id=15196]
  0x0000026f953b9f30 Thread [stack: 0x000000791b800000,0x000000791b900000] [id=17676]
  0x0000026f953b8f40 JavaThread "Unconstrained build operations Thread 3" [_thread_blocked, id=1852, stack(0x000000791c400000,0x000000791c500000)]
  0x0000026f953b9490 JavaThread "Unconstrained build operations Thread 4" [_thread_in_vm, id=1312, stack(0x000000791c600000,0x000000791c700000)]
  0x0000026f953b99e0 Thread [stack: 0x000000791c700000,0x000000791c800000] [id=13088]
  0x0000026f953bbf10 Thread [stack: 0x000000791c800000,0x000000791c900000] [id=15388]
  0x0000026f953bc9b0 Thread [stack: 0x000000791c900000,0x000000791ca00000] [id=13700]
  0x0000026f953b64c0 Thread [stack: 0x000000791ca00000,0x000000791cb00000] [id=13752]
  0x0000026f953ba480 Thread [stack: 0x000000791cb00000,0x000000791cc00000] [id=10424]
  0x0000026f93197900 Thread [stack: 0x000000791cc00000,0x000000791cd00000] [id=16080]
  0x0000026f9319c8b0 Thread [stack: 0x000000791cd00000,0x000000791ce00000] [id=9564]
  0x0000026f9319a8d0 Thread [stack: 0x000000791ce00000,0x000000791cf00000] [id=3008]
  0x0000026f9319be10 JavaThread "Unconstrained build operations Thread 13" [_thread_blocked, id=18372, stack(0x000000791cf00000,0x000000791d000000)]
  0x0000026f93197e50 Thread [stack: 0x000000791d000000,0x000000791d100000] [id=10568]
  0x0000026f931988f0 Thread [stack: 0x000000791d100000,0x000000791d200000] [id=1424]
  0x0000026f931998e0 Thread [stack: 0x000000791d200000,0x000000791d300000] [id=11724]
  0x0000026f93199e30 Thread [stack: 0x000000791d300000,0x000000791d400000] [id=8116]
  0x0000026f9319ae20 Thread [stack: 0x000000791d400000,0x000000791d500000] [id=14280]
  0x0000026f9319b370 Thread [stack: 0x000000791d500000,0x000000791d600000] [id=12204]
  0x0000026f9319b8c0 Thread [stack: 0x000000791d600000,0x000000791d700000] [id=11144]
  0x0000026f91009ba0 JavaThread "C2 CompilerThread2" daemon [_thread_in_native, id=13628, stack(0x000000791e100000,0x000000791e200000)]
  0x0000026f8fe40000 Thread [stack: 0x000000791e200000,0x000000791e300000] [id=5236]
  0x0000026f8fe40aa0 Thread [stack: 0x000000791e300000,0x000000791e400000] [id=7996]
  0x0000026f8fe41540 Thread [stack: 0x000000791e400000,0x000000791e500000] [id=11228]
  0x0000026f8fe40ff0 Thread [stack: 0x000000791e500000,0x000000791e600000] [id=16692]
  0x0000026f8fe42a80 Thread [stack: 0x000000791e600000,0x000000791e700000] [id=11508]
  0x0000026f8fe41a90 Thread [stack: 0x000000791e700000,0x000000791e800000] [id=17640]
  0x0000026f91ff12b0 Thread [stack: 0x000000791e800000,0x000000791e900000] [id=17436]
  0x0000026f91ff0d60 Thread [stack: 0x000000791e900000,0x000000791ea00000] [id=13556]
  0x0000026f91feb860 Thread [stack: 0x000000791ea00000,0x000000791eb00000] [id=9336]
  0x0000026f91feadc0 Thread [stack: 0x000000791eb00000,0x000000791ec00000] [id=14096]
  0x0000026f91fec850 Thread [stack: 0x000000791ec00000,0x000000791ed00000] [id=15132]
  0x0000026f91febdb0 Thread [stack: 0x000000791ed00000,0x000000791ee00000] [id=14116]
  0x0000026f91fec300 Thread [stack: 0x000000791ee00000,0x000000791ef00000] [id=7612]
  0x0000026f956a44e0 Thread [stack: 0x000000791ef00000,0x000000791f000000] [id=10544]
  0x0000026f956a34f0 Thread [stack: 0x000000791f000000,0x000000791f100000] [id=3688]
  0x0000026f956a3f90 Thread [stack: 0x000000791f100000,0x000000791f200000] [id=5660]
  0x0000026f956a1fb0 Thread [stack: 0x000000791f200000,0x000000791f300000] [id=4764]
  0x0000026f956a0fc0 Thread [stack: 0x000000791f300000,0x000000791f400000] [id=11004]
  0x0000026f956a3a40 Thread [stack: 0x000000791f400000,0x000000791f500000] [id=15140]
  0x0000026f956a1510 Thread [stack: 0x000000791f500000,0x000000791f600000] [id=11248]
  0x0000026f956a1a60 Thread [stack: 0x000000791f600000,0x000000791f700000] [id=15824]
  0x0000026f956a2500 Thread [stack: 0x000000791f700000,0x000000791f800000] [id=15876]
  0x0000026f956a2a50 Thread [stack: 0x000000791f800000,0x000000791f900000] [id=14364]
  0x0000026f956a2fa0 Thread [stack: 0x000000791f900000,0x000000791fa00000] [id=15488]
  0x0000026f94a5e040 Thread [stack: 0x000000791fa00000,0x000000791fb00000] [id=11716]
  0x0000026f94a59090 Thread [stack: 0x000000791fb00000,0x000000791fc00000] [id=12188]
  0x0000026f94a5a080 Thread [stack: 0x000000791fc00000,0x000000791fd00000] [id=9388]
  0x0000026f94a5ab20 Thread [stack: 0x000000791fd00000,0x000000791fe00000] [id=14240]
  0x0000026f94a5e590 Thread [stack: 0x000000791fe00000,0x000000791ff00000] [id=12400]
  0x0000026f94a580a0 Thread [stack: 0x000000791ff00000,0x0000007920000000] [id=16460]
  0x0000026f94a5c5b0 Thread [stack: 0x0000007920000000,0x0000007920100000] [id=13928]
  0x0000026f94a5b070 Thread [stack: 0x0000007920100000,0x0000007920200000] [id=7020]
  0x0000026f94a5a5d0 Thread [stack: 0x0000007920200000,0x0000007920300000] [id=1168]
  0x0000026f94a5d5a0 Thread [stack: 0x0000007920300000,0x0000007920400000] [id=2012]
  0x0000026f94a59b30 Thread [stack: 0x0000007920400000,0x0000007920500000] [id=2336]
  0x0000026f94a5eae0 Thread [stack: 0x0000007920500000,0x0000007920600000] [id=992]
  0x0000026f94a5f030 Thread [stack: 0x0000007920600000,0x0000007920700000] [id=1456]
  0x0000026f94a5daf0 Thread [stack: 0x0000007920700000,0x0000007920800000] [id=4888]
  0x0000026f94a5b5c0 Thread [stack: 0x0000007920800000,0x0000007920900000] [id=16936]
  0x0000026f94a58b40 Thread [stack: 0x0000007920900000,0x0000007920a00000] [id=18044]
  0x0000026f94a595e0 Thread [stack: 0x0000007920a00000,0x0000007920b00000] [id=16028]
  0x0000026f94a5f580 Thread [stack: 0x0000007920b00000,0x0000007920c00000] [id=16488]
  0x0000026f94a5fad0 Thread [stack: 0x0000007920c00000,0x0000007920d00000] [id=11864]
  0x0000026f94a5bb10 Thread [stack: 0x0000007920d00000,0x0000007920e00000] [id=2872]
  0x0000026f94a5cb00 Thread [stack: 0x0000007920e00000,0x0000007920f00000] [id=1540]
  0x0000026f94a5c060 Thread [stack: 0x0000007920f00000,0x0000007921000000] [id=8068]
  0x0000026f94a5d050 Thread [stack: 0x0000007921000000,0x0000007921100000] [id=6600]
  0x0000026f91081de0 Thread [stack: 0x0000007921100000,0x0000007921200000] [id=7780]
  0x0000026f9107f360 Thread [stack: 0x0000007921200000,0x0000007921300000] [id=12196]
  0x0000026f91081340 Thread [stack: 0x0000007921300000,0x0000007921400000] [id=17212]
  0x0000026f91080350 Thread [stack: 0x0000007921400000,0x0000007921500000] [id=9812]
  0x0000026f910808a0 Thread [stack: 0x0000007921500000,0x0000007921600000] [id=7404]
  0x0000026f9107f8b0 Thread [stack: 0x0000007921600000,0x0000007921700000] [id=14676]
  0x0000026f9107fe00 Thread [stack: 0x0000007921700000,0x0000007921800000] [id=15096]
  0x0000026f91080df0 Thread [stack: 0x0000007921800000,0x0000007921900000] [id=11320]
  0x0000026f91081890 Thread [stack: 0x0000007921900000,0x0000007921a00000] [id=9332]
  0x0000026f91082330 Thread [stack: 0x0000007921a00000,0x0000007921b00000] [id=15788]
  0x0000026f9107ee10 Thread [stack: 0x0000007921b00000,0x0000007921c00000] [id=8580]
  0x0000026f92a2eff0 JavaThread "Cache worker for Java compile cache (F:\Yunus Files\gradle-7.1.1-all\caches\7.1.1\javaCompile)" [_thread_blocked, id=8600, stack(0x0000007921c00000,0x0000007921d00000)]
  0x0000026f92a2cac0 Thread [stack: 0x0000007921d00000,0x0000007921e00000] [id=11620]
  0x0000026f92a295a0 Thread [stack: 0x0000007921e00000,0x0000007921f00000] [id=8932]
  0x0000026f92a2dab0 Thread [stack: 0x0000007921f00000,0x0000007922000000] [id=2432]
  0x0000026f92a2bad0 Thread [stack: 0x0000007922000000,0x0000007922100000] [id=11512]
  0x0000026f92a2d010 Thread [stack: 0x0000007922100000,0x0000007922200000] [id=5780]
  0x0000026f92a2c020 Thread [stack: 0x0000007922200000,0x0000007922300000] [id=5688]
  0x0000026f92a29050 Thread [stack: 0x0000007922300000,0x0000007922400000] [id=12576]
  0x0000026f92a2e000 Thread [stack: 0x0000007922400000,0x0000007922500000] [id=6944]

Other Threads:
  0x0000026fff563850 VMThread "VM Thread" [stack: 0x0000007919100000,0x0000007919200000] [id=7956]
  0x0000026f8f9f9360 WatcherThread [stack: 0x0000007919d00000,0x0000007919e00000] [id=6732]
  0x0000026ff3df5050 GCTaskThread "GC Thread#0" [stack: 0x0000007918c00000,0x0000007918d00000] [id=7520]
  0x0000026fff554580 GCTaskThread "GC Thread#1" [stack: 0x000000791a000000,0x000000791a100000] [id=6456]
  0x0000026fff554ba0 GCTaskThread "GC Thread#2" [stack: 0x000000791a100000,0x000000791a200000] [id=16368]
  0x0000026fff553940 GCTaskThread "GC Thread#3" [stack: 0x000000791a200000,0x000000791a300000] [id=17260]
  0x0000026fff5554d0 GCTaskThread "GC Thread#4" [stack: 0x000000791a300000,0x000000791a400000] [id=3184]
  0x0000026fff554270 GCTaskThread "GC Thread#5" [stack: 0x000000791a400000,0x000000791a500000] [id=4236]
  0x0000026f9273cb80 GCTaskThread "GC Thread#6" [stack: 0x000000791ba00000,0x000000791bb00000] [id=11352]
  0x0000026f9273ce90 GCTaskThread "GC Thread#7" [stack: 0x000000791bb00000,0x000000791bc00000] [id=18028]
  0x0000026ff3dfa090 ConcurrentGCThread "G1 Main Marker" [stack: 0x0000007918d00000,0x0000007918e00000] [id=12420]
  0x0000026ff3dfb2a0 ConcurrentGCThread "G1 Conc#0" [stack: 0x0000007918e00000,0x0000007918f00000] [id=9236]
  0x0000026f9273d1a0 ConcurrentGCThread "G1 Conc#1" [stack: 0x000000791bc00000,0x000000791bd00000] [id=4276]
  0x0000026ff3eadf70 ConcurrentGCThread "G1 Refine#0" [stack: 0x0000007918f00000,0x0000007919000000] [id=10332]
  0x0000026f905a1350 ConcurrentGCThread "G1 Refine#1" [stack: 0x000000791a500000,0x000000791a600000] [id=15568]
  0x0000026ff3eae9f0 ConcurrentGCThread "G1 Service" [stack: 0x0000007919000000,0x0000007919100000] [id=1412]

Threads with active compile tasks:
C2 CompilerThread1   282088 9801       4       org.gradle.api.internal.tasks.compile.incremental.serialization.HierarchicalNameSerializer::writeName (88 bytes)

VM state: not at safepoint (normal execution)

VM Mutex/Monitor currently owned by a thread: None

Heap address: 0x00000000e0000000, size: 512 MB, Compressed Oops mode: 32-bit

CDS archive(s) mapped at: [0x0000000800000000-0x0000000800bb0000-0x0000000800bb0000), size 12255232, SharedBaseAddress: 0x0000000800000000, ArchiveRelocationMode: 0.
Compressed class space mapped at: 0x0000000800c00000-0x000000080dc00000, reserved size: 218103808
Narrow klass base: 0x0000000800000000, Narrow klass shift: 3, Narrow klass range: 0x100000000

GC Precious Log:
 CPUs: 8 total, 8 available
 Memory: 16343M
 Large Page Support: Disabled
 NUMA Support: Disabled
 Compressed Oops: Enabled (32-bit)
 Heap Region Size: 1M
 Heap Min Capacity: 256M
 Heap Initial Capacity: 256M
 Heap Max Capacity: 512M
 Pre-touch: Disabled
 Parallel Workers: 8
 Concurrent Workers: 2
 Concurrent Refinement Workers: 8
 Periodic GC: Disabled

Heap:
 garbage-first heap   total 262144K, used 181797K [0x00000000e0000000, 0x0000000100000000)
  region size 1024K, 139 young (142336K), 19 survivors (19456K)
 Metaspace       used 58695K, committed 59264K, reserved 270336K
  class space    used 7802K, committed 8064K, reserved 212992K

Heap Regions: E=young(eden), S=young(survivor), O=old, HS=humongous(starts), HC=humongous(continues), CS=collection set, F=free, OA=open archive, CA=closed archive, TAMS=top-at-mark-start (previous, next)
|   0|0x00000000e0000000, 0x00000000e0100000, 0x00000000e0100000|100%| O|  |TAMS 0x00000000e0000000, 0x00000000e0000000| Untracked 
|   1|0x00000000e0100000, 0x00000000e0200000, 0x00000000e0200000|100%| O|  |TAMS 0x00000000e0200000, 0x00000000e0100000| Untracked 
|   2|0x00000000e0200000, 0x00000000e0300000, 0x00000000e0300000|100%| O|  |TAMS 0x00000000e02bfa00, 0x00000000e0200000| Untracked 
|   3|0x00000000e0300000, 0x00000000e0400000, 0x00000000e0400000|100%|HS|  |TAMS 0x00000000e0400000, 0x00000000e0300000| Complete 
|   4|0x00000000e0400000, 0x00000000e0500000, 0x00000000e0500000|100%|HC|  |TAMS 0x00000000e0500000, 0x00000000e0400000| Complete 
|   5|0x00000000e0500000, 0x00000000e0600000, 0x00000000e0600000|100%|HC|  |TAMS 0x00000000e0600000, 0x00000000e0500000| Complete 
|   6|0x00000000e0600000, 0x00000000e0700000, 0x00000000e0700000|100%| O|  |TAMS 0x00000000e0700000, 0x00000000e0600000| Untracked 
|   7|0x00000000e0700000, 0x00000000e0800000, 0x00000000e0800000|100%| O|  |TAMS 0x00000000e0800000, 0x00000000e0700000| Untracked 
|   8|0x00000000e0800000, 0x00000000e0900000, 0x00000000e0900000|100%| O|  |TAMS 0x00000000e0900000, 0x00000000e0800000| Untracked 
|   9|0x00000000e0900000, 0x00000000e0a00000, 0x00000000e0a00000|100%| O|  |TAMS 0x00000000e0a00000, 0x00000000e0900000| Untracked 
|  10|0x00000000e0a00000, 0x00000000e0b00000, 0x00000000e0b00000|100%| O|  |TAMS 0x00000000e0a00000, 0x00000000e0a00000| Untracked 
|  11|0x00000000e0b00000, 0x00000000e0c00000, 0x00000000e0c00000|100%| O|  |TAMS 0x00000000e0b00000, 0x00000000e0b00000| Untracked 
|  12|0x00000000e0c00000, 0x00000000e0d00000, 0x00000000e0d00000|100%| O|  |TAMS 0x00000000e0c00000, 0x00000000e0c00000| Untracked 
|  13|0x00000000e0d00000, 0x00000000e0e00000, 0x00000000e0e00000|100%| O|  |TAMS 0x00000000e0d00000, 0x00000000e0d00000| Untracked 
|  14|0x00000000e0e00000, 0x00000000e0f00000, 0x00000000e0f00000|100%| O|  |TAMS 0x00000000e0e00000, 0x00000000e0e00000| Untracked 
|  15|0x00000000e0f00000, 0x00000000e1000000, 0x00000000e1000000|100%| O|  |TAMS 0x00000000e0f00000, 0x00000000e0f00000| Untracked 
|  16|0x00000000e1000000, 0x00000000e1100000, 0x00000000e1100000|100%| O|  |TAMS 0x00000000e1000000, 0x00000000e1000000| Untracked 
|  17|0x00000000e1100000, 0x00000000e1200000, 0x00000000e1200000|100%| O|  |TAMS 0x00000000e1100000, 0x00000000e1100000| Untracked 
|  18|0x00000000e1200000, 0x00000000e1300000, 0x00000000e1300000|100%| O|  |TAMS 0x00000000e1200000, 0x00000000e1200000| Untracked 
|  19|0x00000000e1300000, 0x00000000e1400000, 0x00000000e1400000|100%| O|  |TAMS 0x00000000e1300000, 0x00000000e1300000| Untracked 
|  20|0x00000000e1400000, 0x00000000e1500000, 0x00000000e1500000|100%| O|  |TAMS 0x00000000e1400000, 0x00000000e1400000| Untracked 
|  21|0x00000000e1500000, 0x00000000e1600000, 0x00000000e1600000|100%| O|  |TAMS 0x00000000e1500000, 0x00000000e1500000| Untracked 
|  22|0x00000000e1600000, 0x00000000e1700000, 0x00000000e1700000|100%| O|  |TAMS 0x00000000e1600000, 0x00000000e1600000| Untracked 
|  23|0x00000000e1700000, 0x00000000e1800000, 0x00000000e1800000|100%| O|  |TAMS 0x00000000e1700000, 0x00000000e1700000| Untracked 
|  24|0x00000000e1800000, 0x00000000e1900000, 0x00000000e1900000|100%| O|  |TAMS 0x00000000e1800000, 0x00000000e1800000| Untracked 
|  25|0x00000000e1900000, 0x00000000e1a00000, 0x00000000e1a00000|100%| O|  |TAMS 0x00000000e1900000, 0x00000000e1900000| Untracked 
|  26|0x00000000e1a00000, 0x00000000e1b00000, 0x00000000e1b00000|100%| O|  |TAMS 0x00000000e1a00000, 0x00000000e1a00000| Untracked 
|  27|0x00000000e1b00000, 0x00000000e1c00000, 0x00000000e1c00000|100%| O|  |TAMS 0x00000000e1b00000, 0x00000000e1b00000| Untracked 
|  28|0x00000000e1c00000, 0x00000000e1d00000, 0x00000000e1d00000|100%| O|  |TAMS 0x00000000e1c00000, 0x00000000e1c00000| Untracked 
|  29|0x00000000e1d00000, 0x00000000e1e00000, 0x00000000e1e00000|100%| O|  |TAMS 0x00000000e1d00000, 0x00000000e1d00000| Untracked 
|  30|0x00000000e1e00000, 0x00000000e1f00000, 0x00000000e1f00000|100%| O|  |TAMS 0x00000000e1e00000, 0x00000000e1e00000| Untracked 
|  31|0x00000000e1f00000, 0x00000000e2000000, 0x00000000e2000000|100%| O|  |TAMS 0x00000000e1f00000, 0x00000000e1f00000| Untracked 
|  32|0x00000000e2000000, 0x00000000e2100000, 0x00000000e2100000|100%| O|  |TAMS 0x00000000e2000000, 0x00000000e2000000| Untracked 
|  33|0x00000000e2100000, 0x00000000e2200000, 0x00000000e2200000|100%| O|  |TAMS 0x00000000e2100000, 0x00000000e2100000| Untracked 
|  34|0x00000000e2200000, 0x00000000e2300000, 0x00000000e2300000|100%| O|  |TAMS 0x00000000e2200000, 0x00000000e2200000| Untracked 
|  35|0x00000000e2300000, 0x00000000e2400000, 0x00000000e2400000|100%| O|  |TAMS 0x00000000e2300000, 0x00000000e2300000| Untracked 
|  36|0x00000000e2400000, 0x00000000e2500000, 0x00000000e2500000|100%| O|  |TAMS 0x00000000e2400000, 0x00000000e2400000| Untracked 
|  37|0x00000000e2500000, 0x00000000e25e2c00, 0x00000000e2600000| 88%| O|  |TAMS 0x00000000e2500000, 0x00000000e2500000| Untracked 
|  38|0x00000000e2600000, 0x00000000e2700000, 0x00000000e2700000|100%|HS|  |TAMS 0x00000000e2600000, 0x00000000e2600000| Complete 
|  39|0x00000000e2700000, 0x00000000e2800000, 0x00000000e2800000|100%|HS|  |TAMS 0x00000000e2700000, 0x00000000e2700000| Complete 
|  40|0x00000000e2800000, 0x00000000e2900000, 0x00000000e2900000|100%|HS|  |TAMS 0x00000000e2800000, 0x00000000e2800000| Complete 
|  41|0x00000000e2900000, 0x00000000e2900000, 0x00000000e2a00000|  0%| F|  |TAMS 0x00000000e2900000, 0x00000000e2900000| Untracked 
|  42|0x00000000e2a00000, 0x00000000e2a00000, 0x00000000e2b00000|  0%| F|  |TAMS 0x00000000e2a00000, 0x00000000e2a00000| Untracked 
|  43|0x00000000e2b00000, 0x00000000e2b00000, 0x00000000e2c00000|  0%| F|  |TAMS 0x00000000e2b00000, 0x00000000e2b00000| Untracked 
|  44|0x00000000e2c00000, 0x00000000e2c00000, 0x00000000e2d00000|  0%| F|  |TAMS 0x00000000e2c00000, 0x00000000e2c00000| Untracked 
|  45|0x00000000e2d00000, 0x00000000e2d00000, 0x00000000e2e00000|  0%| F|  |TAMS 0x00000000e2d00000, 0x00000000e2d00000| Untracked 
|  46|0x00000000e2e00000, 0x00000000e2e00000, 0x00000000e2f00000|  0%| F|  |TAMS 0x00000000e2e00000, 0x00000000e2e00000| Untracked 
|  47|0x00000000e2f00000, 0x00000000e2f00000, 0x00000000e3000000|  0%| F|  |TAMS 0x00000000e2f00000, 0x00000000e2f00000| Untracked 
|  48|0x00000000e3000000, 0x00000000e3000000, 0x00000000e3100000|  0%| F|  |TAMS 0x00000000e3000000, 0x00000000e3000000| Untracked 
|  49|0x00000000e3100000, 0x00000000e3100000, 0x00000000e3200000|  0%| F|  |TAMS 0x00000000e3100000, 0x00000000e3100000| Untracked 
|  50|0x00000000e3200000, 0x00000000e3200000, 0x00000000e3300000|  0%| F|  |TAMS 0x00000000e3200000, 0x00000000e3200000| Untracked 
|  51|0x00000000e3300000, 0x00000000e3300000, 0x00000000e3400000|  0%| F|  |TAMS 0x00000000e3300000, 0x00000000e3300000| Untracked 
|  52|0x00000000e3400000, 0x00000000e3400000, 0x00000000e3500000|  0%| F|  |TAMS 0x00000000e3400000, 0x00000000e3400000| Untracked 
|  53|0x00000000e3500000, 0x00000000e3500000, 0x00000000e3600000|  0%| F|  |TAMS 0x00000000e3500000, 0x00000000e3500000| Untracked 
|  54|0x00000000e3600000, 0x00000000e3600000, 0x00000000e3700000|  0%| F|  |TAMS 0x00000000e3600000, 0x00000000e3600000| Untracked 
|  55|0x00000000e3700000, 0x00000000e3700000, 0x00000000e3800000|  0%| F|  |TAMS 0x00000000e3700000, 0x00000000e3700000| Untracked 
|  56|0x00000000e3800000, 0x00000000e3800000, 0x00000000e3900000|  0%| F|  |TAMS 0x00000000e3800000, 0x00000000e3800000| Untracked 
|  57|0x00000000e3900000, 0x00000000e3900000, 0x00000000e3a00000|  0%| F|  |TAMS 0x00000000e3900000, 0x00000000e3900000| Untracked 
|  58|0x00000000e3a00000, 0x00000000e3a00000, 0x00000000e3b00000|  0%| F|  |TAMS 0x00000000e3a00000, 0x00000000e3a00000| Untracked 
|  59|0x00000000e3b00000, 0x00000000e3b00000, 0x00000000e3c00000|  0%| F|  |TAMS 0x00000000e3b00000, 0x00000000e3b00000| Untracked 
|  60|0x00000000e3c00000, 0x00000000e3c00000, 0x00000000e3d00000|  0%| F|  |TAMS 0x00000000e3c00000, 0x00000000e3c00000| Untracked 
|  61|0x00000000e3d00000, 0x00000000e3d00000, 0x00000000e3e00000|  0%| F|  |TAMS 0x00000000e3d00000, 0x00000000e3d00000| Untracked 
|  62|0x00000000e3e00000, 0x00000000e3e00000, 0x00000000e3f00000|  0%| F|  |TAMS 0x00000000e3e00000, 0x00000000e3e00000| Untracked 
|  63|0x00000000e3f00000, 0x00000000e3f00000, 0x00000000e4000000|  0%| F|  |TAMS 0x00000000e3f00000, 0x00000000e3f00000| Untracked 
|  64|0x00000000e4000000, 0x00000000e4000000, 0x00000000e4100000|  0%| F|  |TAMS 0x00000000e4000000, 0x00000000e4000000| Untracked 
|  65|0x00000000e4100000, 0x00000000e4100000, 0x00000000e4200000|  0%| F|  |TAMS 0x00000000e4100000, 0x00000000e4100000| Untracked 
|  66|0x00000000e4200000, 0x00000000e4200000, 0x00000000e4300000|  0%| F|  |TAMS 0x00000000e4200000, 0x00000000e4200000| Untracked 
|  67|0x00000000e4300000, 0x00000000e4300000, 0x00000000e4400000|  0%| F|  |TAMS 0x00000000e4300000, 0x00000000e4300000| Untracked 
|  68|0x00000000e4400000, 0x00000000e4400000, 0x00000000e4500000|  0%| F|  |TAMS 0x00000000e4400000, 0x00000000e4400000| Untracked 
|  69|0x00000000e4500000, 0x00000000e4500000, 0x00000000e4600000|  0%| F|  |TAMS 0x00000000e4500000, 0x00000000e4500000| Untracked 
|  70|0x00000000e4600000, 0x00000000e4600000, 0x00000000e4700000|  0%| F|  |TAMS 0x00000000e4600000, 0x00000000e4600000| Untracked 
|  71|0x00000000e4700000, 0x00000000e4700000, 0x00000000e4800000|  0%| F|  |TAMS 0x00000000e4700000, 0x00000000e4700000| Untracked 
|  72|0x00000000e4800000, 0x00000000e4800000, 0x00000000e4900000|  0%| F|  |TAMS 0x00000000e4800000, 0x00000000e4800000| Untracked 
|  73|0x00000000e4900000, 0x00000000e4900000, 0x00000000e4a00000|  0%| F|  |TAMS 0x00000000e4900000, 0x00000000e4900000| Untracked 
|  74|0x00000000e4a00000, 0x00000000e4a00000, 0x00000000e4b00000|  0%| F|  |TAMS 0x00000000e4a00000, 0x00000000e4a00000| Untracked 
|  75|0x00000000e4b00000, 0x00000000e4b00000, 0x00000000e4c00000|  0%| F|  |TAMS 0x00000000e4b00000, 0x00000000e4b00000| Untracked 
|  76|0x00000000e4c00000, 0x00000000e4c00000, 0x00000000e4d00000|  0%| F|  |TAMS 0x00000000e4c00000, 0x00000000e4c00000| Untracked 
|  77|0x00000000e4d00000, 0x00000000e4d00000, 0x00000000e4e00000|  0%| F|  |TAMS 0x00000000e4d00000, 0x00000000e4d00000| Untracked 
|  78|0x00000000e4e00000, 0x00000000e4e00000, 0x00000000e4f00000|  0%| F|  |TAMS 0x00000000e4e00000, 0x00000000e4e00000| Untracked 
|  79|0x00000000e4f00000, 0x00000000e4f00000, 0x00000000e5000000|  0%| F|  |TAMS 0x00000000e4f00000, 0x00000000e4f00000| Untracked 
|  80|0x00000000e5000000, 0x00000000e5000000, 0x00000000e5100000|  0%| F|  |TAMS 0x00000000e5000000, 0x00000000e5000000| Untracked 
|  81|0x00000000e5100000, 0x00000000e5100000, 0x00000000e5200000|  0%| F|  |TAMS 0x00000000e5100000, 0x00000000e5100000| Untracked 
|  82|0x00000000e5200000, 0x00000000e5200000, 0x00000000e5300000|  0%| F|  |TAMS 0x00000000e5200000, 0x00000000e5200000| Untracked 
|  83|0x00000000e5300000, 0x00000000e5300000, 0x00000000e5400000|  0%| F|  |TAMS 0x00000000e5300000, 0x00000000e5300000| Untracked 
|  84|0x00000000e5400000, 0x00000000e54a6ba8, 0x00000000e5500000| 65%| S|CS|TAMS 0x00000000e5400000, 0x00000000e5400000| Complete 
|  85|0x00000000e5500000, 0x00000000e5600000, 0x00000000e5600000|100%| S|CS|TAMS 0x00000000e5500000, 0x00000000e5500000| Complete 
|  86|0x00000000e5600000, 0x00000000e5700000, 0x00000000e5700000|100%| S|CS|TAMS 0x00000000e5600000, 0x00000000e5600000| Complete 
|  87|0x00000000e5700000, 0x00000000e5800000, 0x00000000e5800000|100%| S|CS|TAMS 0x00000000e5700000, 0x00000000e5700000| Complete 
|  88|0x00000000e5800000, 0x00000000e5900000, 0x00000000e5900000|100%| S|CS|TAMS 0x00000000e5800000, 0x00000000e5800000| Complete 
|  89|0x00000000e5900000, 0x00000000e5a00000, 0x00000000e5a00000|100%| S|CS|TAMS 0x00000000e5900000, 0x00000000e5900000| Complete 
|  90|0x00000000e5a00000, 0x00000000e5b00000, 0x00000000e5b00000|100%| S|CS|TAMS 0x00000000e5a00000, 0x00000000e5a00000| Complete 
|  91|0x00000000e5b00000, 0x00000000e5c00000, 0x00000000e5c00000|100%| S|CS|TAMS 0x00000000e5b00000, 0x00000000e5b00000| Complete 
|  92|0x00000000e5c00000, 0x00000000e5d00000, 0x00000000e5d00000|100%| S|CS|TAMS 0x00000000e5c00000, 0x00000000e5c00000| Complete 
|  93|0x00000000e5d00000, 0x00000000e5e00000, 0x00000000e5e00000|100%| S|CS|TAMS 0x00000000e5d00000, 0x00000000e5d00000| Complete 
|  94|0x00000000e5e00000, 0x00000000e5f00000, 0x00000000e5f00000|100%| S|CS|TAMS 0x00000000e5e00000, 0x00000000e5e00000| Complete 
|  95|0x00000000e5f00000, 0x00000000e6000000, 0x00000000e6000000|100%| S|CS|TAMS 0x00000000e5f00000, 0x00000000e5f00000| Complete 
|  96|0x00000000e6000000, 0x00000000e6100000, 0x00000000e6100000|100%| S|CS|TAMS 0x00000000e6000000, 0x00000000e6000000| Complete 
|  97|0x00000000e6100000, 0x00000000e6200000, 0x00000000e6200000|100%| S|CS|TAMS 0x00000000e6100000, 0x00000000e6100000| Complete 
|  98|0x00000000e6200000, 0x00000000e6300000, 0x00000000e6300000|100%| S|CS|TAMS 0x00000000e6200000, 0x00000000e6200000| Complete 
|  99|0x00000000e6300000, 0x00000000e6400000, 0x00000000e6400000|100%| S|CS|TAMS 0x00000000e6300000, 0x00000000e6300000| Complete 
| 100|0x00000000e6400000, 0x00000000e6500000, 0x00000000e6500000|100%| S|CS|TAMS 0x00000000e6400000, 0x00000000e6400000| Complete 
| 101|0x00000000e6500000, 0x00000000e6600000, 0x00000000e6600000|100%| S|CS|TAMS 0x00000000e6500000, 0x00000000e6500000| Complete 
| 102|0x00000000e6600000, 0x00000000e6700000, 0x00000000e6700000|100%| S|CS|TAMS 0x00000000e6600000, 0x00000000e6600000| Complete 
| 103|0x00000000e6700000, 0x00000000e6700000, 0x00000000e6800000|  0%| F|  |TAMS 0x00000000e6700000, 0x00000000e6700000| Untracked 
| 104|0x00000000e6800000, 0x00000000e6800000, 0x00000000e6900000|  0%| F|  |TAMS 0x00000000e6800000, 0x00000000e6800000| Untracked 
| 105|0x00000000e6900000, 0x00000000e6900000, 0x00000000e6a00000|  0%| F|  |TAMS 0x00000000e6900000, 0x00000000e6900000| Untracked 
| 106|0x00000000e6a00000, 0x00000000e6a00000, 0x00000000e6b00000|  0%| F|  |TAMS 0x00000000e6a00000, 0x00000000e6a00000| Untracked 
| 107|0x00000000e6b00000, 0x00000000e6b00000, 0x00000000e6c00000|  0%| F|  |TAMS 0x00000000e6b00000, 0x00000000e6b00000| Untracked 
| 108|0x00000000e6c00000, 0x00000000e6c00000, 0x00000000e6d00000|  0%| F|  |TAMS 0x00000000e6c00000, 0x00000000e6c00000| Untracked 
| 109|0x00000000e6d00000, 0x00000000e6d00000, 0x00000000e6e00000|  0%| F|  |TAMS 0x00000000e6d00000, 0x00000000e6d00000| Untracked 
| 110|0x00000000e6e00000, 0x00000000e6e00000, 0x00000000e6f00000|  0%| F|  |TAMS 0x00000000e6e00000, 0x00000000e6e00000| Untracked 
| 111|0x00000000e6f00000, 0x00000000e6f00000, 0x00000000e7000000|  0%| F|  |TAMS 0x00000000e6f00000, 0x00000000e6f00000| Untracked 
| 112|0x00000000e7000000, 0x00000000e7000000, 0x00000000e7100000|  0%| F|  |TAMS 0x00000000e7000000, 0x00000000e7000000| Untracked 
| 113|0x00000000e7100000, 0x00000000e7100000, 0x00000000e7200000|  0%| F|  |TAMS 0x00000000e7100000, 0x00000000e7100000| Untracked 
| 114|0x00000000e7200000, 0x00000000e7200000, 0x00000000e7300000|  0%| F|  |TAMS 0x00000000e7200000, 0x00000000e7200000| Untracked 
| 115|0x00000000e7300000, 0x00000000e7300000, 0x00000000e7400000|  0%| F|  |TAMS 0x00000000e7300000, 0x00000000e7300000| Untracked 
| 116|0x00000000e7400000, 0x00000000e7400000, 0x00000000e7500000|  0%| F|  |TAMS 0x00000000e7400000, 0x00000000e7400000| Untracked 
| 117|0x00000000e7500000, 0x00000000e7500000, 0x00000000e7600000|  0%| F|  |TAMS 0x00000000e7500000, 0x00000000e7500000| Untracked 
| 118|0x00000000e7600000, 0x00000000e7600000, 0x00000000e7700000|  0%| F|  |TAMS 0x00000000e7600000, 0x00000000e7600000| Untracked 
| 119|0x00000000e7700000, 0x00000000e7700000, 0x00000000e7800000|  0%| F|  |TAMS 0x00000000e7700000, 0x00000000e7700000| Untracked 
| 120|0x00000000e7800000, 0x00000000e7800000, 0x00000000e7900000|  0%| F|  |TAMS 0x00000000e7800000, 0x00000000e7800000| Untracked 
| 121|0x00000000e7900000, 0x00000000e7900000, 0x00000000e7a00000|  0%| F|  |TAMS 0x00000000e7900000, 0x00000000e7900000| Untracked 
| 122|0x00000000e7a00000, 0x00000000e7a00000, 0x00000000e7b00000|  0%| F|  |TAMS 0x00000000e7a00000, 0x00000000e7a00000| Untracked 
| 123|0x00000000e7b00000, 0x00000000e7b00000, 0x00000000e7c00000|  0%| F|  |TAMS 0x00000000e7b00000, 0x00000000e7b00000| Untracked 
| 124|0x00000000e7c00000, 0x00000000e7c00000, 0x00000000e7d00000|  0%| F|  |TAMS 0x00000000e7c00000, 0x00000000e7c00000| Untracked 
| 125|0x00000000e7d00000, 0x00000000e7d00000, 0x00000000e7e00000|  0%| F|  |TAMS 0x00000000e7d00000, 0x00000000e7d00000| Untracked 
| 126|0x00000000e7e00000, 0x00000000e7e00000, 0x00000000e7f00000|  0%| F|  |TAMS 0x00000000e7e00000, 0x00000000e7e00000| Untracked 
| 127|0x00000000e7f00000, 0x00000000e7f00000, 0x00000000e8000000|  0%| F|  |TAMS 0x00000000e7f00000, 0x00000000e7f00000| Untracked 
| 128|0x00000000e8000000, 0x00000000e8000000, 0x00000000e8100000|  0%| F|  |TAMS 0x00000000e8000000, 0x00000000e8000000| Untracked 
| 129|0x00000000e8100000, 0x00000000e8100000, 0x00000000e8200000|  0%| F|  |TAMS 0x00000000e8100000, 0x00000000e8100000| Untracked 
| 130|0x00000000e8200000, 0x00000000e8200000, 0x00000000e8300000|  0%| F|  |TAMS 0x00000000e8200000, 0x00000000e8200000| Untracked 
| 131|0x00000000e8300000, 0x00000000e8300000, 0x00000000e8400000|  0%| F|  |TAMS 0x00000000e8300000, 0x00000000e8300000| Untracked 
| 132|0x00000000e8400000, 0x00000000e8400000, 0x00000000e8500000|  0%| F|  |TAMS 0x00000000e8400000, 0x00000000e8400000| Untracked 
| 133|0x00000000e8500000, 0x00000000e8500000, 0x00000000e8600000|  0%| F|  |TAMS 0x00000000e8500000, 0x00000000e8500000| Untracked 
| 134|0x00000000e8600000, 0x00000000e8600000, 0x00000000e8700000|  0%| F|  |TAMS 0x00000000e8600000, 0x00000000e8600000| Untracked 
| 135|0x00000000e8700000, 0x00000000e8700000, 0x00000000e8800000|  0%| F|  |TAMS 0x00000000e8700000, 0x00000000e8700000| Untracked 
| 136|0x00000000e8800000, 0x00000000e8891a20, 0x00000000e8900000| 56%| E|  |TAMS 0x00000000e8800000, 0x00000000e8800000| Complete 
| 137|0x00000000e8900000, 0x00000000e8a00000, 0x00000000e8a00000|100%| E|CS|TAMS 0x00000000e8900000, 0x00000000e8900000| Complete 
| 138|0x00000000e8a00000, 0x00000000e8b00000, 0x00000000e8b00000|100%| E|CS|TAMS 0x00000000e8a00000, 0x00000000e8a00000| Complete 
| 139|0x00000000e8b00000, 0x00000000e8c00000, 0x00000000e8c00000|100%| E|CS|TAMS 0x00000000e8b00000, 0x00000000e8b00000| Complete 
| 140|0x00000000e8c00000, 0x00000000e8d00000, 0x00000000e8d00000|100%| E|CS|TAMS 0x00000000e8c00000, 0x00000000e8c00000| Complete 
| 141|0x00000000e8d00000, 0x00000000e8e00000, 0x00000000e8e00000|100%| E|CS|TAMS 0x00000000e8d00000, 0x00000000e8d00000| Complete 
| 142|0x00000000e8e00000, 0x00000000e8f00000, 0x00000000e8f00000|100%| E|CS|TAMS 0x00000000e8e00000, 0x00000000e8e00000| Complete 
| 143|0x00000000e8f00000, 0x00000000e9000000, 0x00000000e9000000|100%| E|CS|TAMS 0x00000000e8f00000, 0x00000000e8f00000| Complete 
| 144|0x00000000e9000000, 0x00000000e9100000, 0x00000000e9100000|100%| E|CS|TAMS 0x00000000e9000000, 0x00000000e9000000| Complete 
| 145|0x00000000e9100000, 0x00000000e9200000, 0x00000000e9200000|100%| E|CS|TAMS 0x00000000e9100000, 0x00000000e9100000| Complete 
| 146|0x00000000e9200000, 0x00000000e9300000, 0x00000000e9300000|100%| E|CS|TAMS 0x00000000e9200000, 0x00000000e9200000| Complete 
| 147|0x00000000e9300000, 0x00000000e9400000, 0x00000000e9400000|100%| E|CS|TAMS 0x00000000e9300000, 0x00000000e9300000| Complete 
| 148|0x00000000e9400000, 0x00000000e9500000, 0x00000000e9500000|100%| E|CS|TAMS 0x00000000e9400000, 0x00000000e9400000| Complete 
| 149|0x00000000e9500000, 0x00000000e9600000, 0x00000000e9600000|100%| E|CS|TAMS 0x00000000e9500000, 0x00000000e9500000| Complete 
| 150|0x00000000e9600000, 0x00000000e9700000, 0x00000000e9700000|100%| E|CS|TAMS 0x00000000e9600000, 0x00000000e9600000| Complete 
| 151|0x00000000e9700000, 0x00000000e9800000, 0x00000000e9800000|100%| E|CS|TAMS 0x00000000e9700000, 0x00000000e9700000| Complete 
| 152|0x00000000e9800000, 0x00000000e9900000, 0x00000000e9900000|100%| E|CS|TAMS 0x00000000e9800000, 0x00000000e9800000| Complete 
| 153|0x00000000e9900000, 0x00000000e9a00000, 0x00000000e9a00000|100%| E|CS|TAMS 0x00000000e9900000, 0x00000000e9900000| Complete 
| 154|0x00000000e9a00000, 0x00000000e9b00000, 0x00000000e9b00000|100%| E|CS|TAMS 0x00000000e9a00000, 0x00000000e9a00000| Complete 
| 155|0x00000000e9b00000, 0x00000000e9c00000, 0x00000000e9c00000|100%| E|CS|TAMS 0x00000000e9b00000, 0x00000000e9b00000| Complete 
| 156|0x00000000e9c00000, 0x00000000e9d00000, 0x00000000e9d00000|100%| E|CS|TAMS 0x00000000e9c00000, 0x00000000e9c00000| Complete 
| 157|0x00000000e9d00000, 0x00000000e9e00000, 0x00000000e9e00000|100%| E|CS|TAMS 0x00000000e9d00000, 0x00000000e9d00000| Complete 
| 158|0x00000000e9e00000, 0x00000000e9f00000, 0x00000000e9f00000|100%| E|CS|TAMS 0x00000000e9e00000, 0x00000000e9e00000| Complete 
| 159|0x00000000e9f00000, 0x00000000ea000000, 0x00000000ea000000|100%| E|CS|TAMS 0x00000000e9f00000, 0x00000000e9f00000| Complete 
| 160|0x00000000ea000000, 0x00000000ea100000, 0x00000000ea100000|100%| E|CS|TAMS 0x00000000ea000000, 0x00000000ea000000| Complete 
| 161|0x00000000ea100000, 0x00000000ea200000, 0x00000000ea200000|100%| E|CS|TAMS 0x00000000ea100000, 0x00000000ea100000| Complete 
| 162|0x00000000ea200000, 0x00000000ea300000, 0x00000000ea300000|100%| E|CS|TAMS 0x00000000ea200000, 0x00000000ea200000| Complete 
| 163|0x00000000ea300000, 0x00000000ea400000, 0x00000000ea400000|100%| E|CS|TAMS 0x00000000ea300000, 0x00000000ea300000| Complete 
| 164|0x00000000ea400000, 0x00000000ea500000, 0x00000000ea500000|100%| E|CS|TAMS 0x00000000ea400000, 0x00000000ea400000| Complete 
| 165|0x00000000ea500000, 0x00000000ea600000, 0x00000000ea600000|100%| E|CS|TAMS 0x00000000ea500000, 0x00000000ea500000| Complete 
| 166|0x00000000ea600000, 0x00000000ea700000, 0x00000000ea700000|100%| E|CS|TAMS 0x00000000ea600000, 0x00000000ea600000| Complete 
| 167|0x00000000ea700000, 0x00000000ea800000, 0x00000000ea800000|100%| E|CS|TAMS 0x00000000ea700000, 0x00000000ea700000| Complete 
| 168|0x00000000ea800000, 0x00000000ea900000, 0x00000000ea900000|100%| E|CS|TAMS 0x00000000ea800000, 0x00000000ea800000| Complete 
| 169|0x00000000ea900000, 0x00000000eaa00000, 0x00000000eaa00000|100%| E|CS|TAMS 0x00000000ea900000, 0x00000000ea900000| Complete 
| 170|0x00000000eaa00000, 0x00000000eab00000, 0x00000000eab00000|100%| E|CS|TAMS 0x00000000eaa00000, 0x00000000eaa00000| Complete 
| 171|0x00000000eab00000, 0x00000000eac00000, 0x00000000eac00000|100%| E|CS|TAMS 0x00000000eab00000, 0x00000000eab00000| Complete 
| 172|0x00000000eac00000, 0x00000000ead00000, 0x00000000ead00000|100%| E|CS|TAMS 0x00000000eac00000, 0x00000000eac00000| Complete 
| 173|0x00000000ead00000, 0x00000000eae00000, 0x00000000eae00000|100%| E|CS|TAMS 0x00000000ead00000, 0x00000000ead00000| Complete 
| 174|0x00000000eae00000, 0x00000000eaf00000, 0x00000000eaf00000|100%| E|CS|TAMS 0x00000000eae00000, 0x00000000eae00000| Complete 
| 175|0x00000000eaf00000, 0x00000000eb000000, 0x00000000eb000000|100%| E|CS|TAMS 0x00000000eaf00000, 0x00000000eaf00000| Complete 
| 176|0x00000000eb000000, 0x00000000eb100000, 0x00000000eb100000|100%| E|CS|TAMS 0x00000000eb000000, 0x00000000eb000000| Complete 
| 177|0x00000000eb100000, 0x00000000eb200000, 0x00000000eb200000|100%| E|CS|TAMS 0x00000000eb100000, 0x00000000eb100000| Complete 
| 178|0x00000000eb200000, 0x00000000eb300000, 0x00000000eb300000|100%| E|CS|TAMS 0x00000000eb200000, 0x00000000eb200000| Complete 
| 179|0x00000000eb300000, 0x00000000eb400000, 0x00000000eb400000|100%| E|CS|TAMS 0x00000000eb300000, 0x00000000eb300000| Complete 
| 180|0x00000000eb400000, 0x00000000eb500000, 0x00000000eb500000|100%| E|CS|TAMS 0x00000000eb400000, 0x00000000eb400000| Complete 
| 181|0x00000000eb500000, 0x00000000eb600000, 0x00000000eb600000|100%| E|CS|TAMS 0x00000000eb500000, 0x00000000eb500000| Complete 
| 182|0x00000000eb600000, 0x00000000eb700000, 0x00000000eb700000|100%| E|CS|TAMS 0x00000000eb600000, 0x00000000eb600000| Complete 
| 183|0x00000000eb700000, 0x00000000eb800000, 0x00000000eb800000|100%| E|CS|TAMS 0x00000000eb700000, 0x00000000eb700000| Complete 
| 184|0x00000000eb800000, 0x00000000eb900000, 0x00000000eb900000|100%| E|CS|TAMS 0x00000000eb800000, 0x00000000eb800000| Complete 
| 185|0x00000000eb900000, 0x00000000eba00000, 0x00000000eba00000|100%| E|CS|TAMS 0x00000000eb900000, 0x00000000eb900000| Complete 
| 186|0x00000000eba00000, 0x00000000ebb00000, 0x00000000ebb00000|100%| E|CS|TAMS 0x00000000eba00000, 0x00000000eba00000| Complete 
| 187|0x00000000ebb00000, 0x00000000ebc00000, 0x00000000ebc00000|100%| E|CS|TAMS 0x00000000ebb00000, 0x00000000ebb00000| Complete 
| 188|0x00000000ebc00000, 0x00000000ebd00000, 0x00000000ebd00000|100%| E|CS|TAMS 0x00000000ebc00000, 0x00000000ebc00000| Complete 
| 189|0x00000000ebd00000, 0x00000000ebe00000, 0x00000000ebe00000|100%| E|CS|TAMS 0x00000000ebd00000, 0x00000000ebd00000| Complete 
| 190|0x00000000ebe00000, 0x00000000ebf00000, 0x00000000ebf00000|100%| E|CS|TAMS 0x00000000ebe00000, 0x00000000ebe00000| Complete 
| 191|0x00000000ebf00000, 0x00000000ec000000, 0x00000000ec000000|100%| E|CS|TAMS 0x00000000ebf00000, 0x00000000ebf00000| Complete 
| 192|0x00000000ec000000, 0x00000000ec100000, 0x00000000ec100000|100%| E|CS|TAMS 0x00000000ec000000, 0x00000000ec000000| Complete 
| 193|0x00000000ec100000, 0x00000000ec200000, 0x00000000ec200000|100%| E|CS|TAMS 0x00000000ec100000, 0x00000000ec100000| Complete 
| 194|0x00000000ec200000, 0x00000000ec300000, 0x00000000ec300000|100%| E|  |TAMS 0x00000000ec200000, 0x00000000ec200000| Complete 
| 195|0x00000000ec300000, 0x00000000ec400000, 0x00000000ec400000|100%| E|CS|TAMS 0x00000000ec300000, 0x00000000ec300000| Complete 
| 196|0x00000000ec400000, 0x00000000ec500000, 0x00000000ec500000|100%| E|CS|TAMS 0x00000000ec400000, 0x00000000ec400000| Complete 
| 197|0x00000000ec500000, 0x00000000ec600000, 0x00000000ec600000|100%| E|CS|TAMS 0x00000000ec500000, 0x00000000ec500000| Complete 
| 198|0x00000000ec600000, 0x00000000ec700000, 0x00000000ec700000|100%| E|CS|TAMS 0x00000000ec600000, 0x00000000ec600000| Complete 
| 199|0x00000000ec700000, 0x00000000ec800000, 0x00000000ec800000|100%| E|CS|TAMS 0x00000000ec700000, 0x00000000ec700000| Complete 
| 200|0x00000000ec800000, 0x00000000ec900000, 0x00000000ec900000|100%| E|CS|TAMS 0x00000000ec800000, 0x00000000ec800000| Complete 
| 201|0x00000000ec900000, 0x00000000eca00000, 0x00000000eca00000|100%| E|CS|TAMS 0x00000000ec900000, 0x00000000ec900000| Complete 
| 202|0x00000000eca00000, 0x00000000ecb00000, 0x00000000ecb00000|100%| E|CS|TAMS 0x00000000eca00000, 0x00000000eca00000| Complete 
| 203|0x00000000ecb00000, 0x00000000ecc00000, 0x00000000ecc00000|100%| E|CS|TAMS 0x00000000ecb00000, 0x00000000ecb00000| Complete 
| 204|0x00000000ecc00000, 0x00000000ecd00000, 0x00000000ecd00000|100%| E|CS|TAMS 0x00000000ecc00000, 0x00000000ecc00000| Complete 
| 205|0x00000000ecd00000, 0x00000000ece00000, 0x00000000ece00000|100%| E|CS|TAMS 0x00000000ecd00000, 0x00000000ecd00000| Complete 
| 206|0x00000000ece00000, 0x00000000ecf00000, 0x00000000ecf00000|100%| E|CS|TAMS 0x00000000ece00000, 0x00000000ece00000| Complete 
| 207|0x00000000ecf00000, 0x00000000ed000000, 0x00000000ed000000|100%| E|CS|TAMS 0x00000000ecf00000, 0x00000000ecf00000| Complete 
| 208|0x00000000ed000000, 0x00000000ed100000, 0x00000000ed100000|100%| E|CS|TAMS 0x00000000ed000000, 0x00000000ed000000| Complete 
| 209|0x00000000ed100000, 0x00000000ed200000, 0x00000000ed200000|100%| E|CS|TAMS 0x00000000ed100000, 0x00000000ed100000| Complete 
| 210|0x00000000ed200000, 0x00000000ed300000, 0x00000000ed300000|100%| E|CS|TAMS 0x00000000ed200000, 0x00000000ed200000| Complete 
| 211|0x00000000ed300000, 0x00000000ed400000, 0x00000000ed400000|100%| E|CS|TAMS 0x00000000ed300000, 0x00000000ed300000| Complete 
| 212|0x00000000ed400000, 0x00000000ed500000, 0x00000000ed500000|100%| E|CS|TAMS 0x00000000ed400000, 0x00000000ed400000| Complete 
| 213|0x00000000ed500000, 0x00000000ed600000, 0x00000000ed600000|100%| E|CS|TAMS 0x00000000ed500000, 0x00000000ed500000| Complete 
| 214|0x00000000ed600000, 0x00000000ed700000, 0x00000000ed700000|100%| E|CS|TAMS 0x00000000ed600000, 0x00000000ed600000| Complete 
| 215|0x00000000ed700000, 0x00000000ed800000, 0x00000000ed800000|100%| E|CS|TAMS 0x00000000ed700000, 0x00000000ed700000| Complete 
| 216|0x00000000ed800000, 0x00000000ed900000, 0x00000000ed900000|100%| E|CS|TAMS 0x00000000ed800000, 0x00000000ed800000| Complete 
| 217|0x00000000ed900000, 0x00000000eda00000, 0x00000000eda00000|100%| E|CS|TAMS 0x00000000ed900000, 0x00000000ed900000| Complete 
| 218|0x00000000eda00000, 0x00000000edb00000, 0x00000000edb00000|100%| E|CS|TAMS 0x00000000eda00000, 0x00000000eda00000| Complete 
| 219|0x00000000edb00000, 0x00000000edc00000, 0x00000000edc00000|100%| E|CS|TAMS 0x00000000edb00000, 0x00000000edb00000| Complete 
| 220|0x00000000edc00000, 0x00000000edd00000, 0x00000000edd00000|100%| E|CS|TAMS 0x00000000edc00000, 0x00000000edc00000| Complete 
| 221|0x00000000edd00000, 0x00000000ede00000, 0x00000000ede00000|100%| E|CS|TAMS 0x00000000edd00000, 0x00000000edd00000| Complete 
| 222|0x00000000ede00000, 0x00000000edf00000, 0x00000000edf00000|100%| E|CS|TAMS 0x00000000ede00000, 0x00000000ede00000| Complete 
| 223|0x00000000edf00000, 0x00000000ee000000, 0x00000000ee000000|100%| E|CS|TAMS 0x00000000edf00000, 0x00000000edf00000| Complete 
| 224|0x00000000ee000000, 0x00000000ee100000, 0x00000000ee100000|100%| E|CS|TAMS 0x00000000ee000000, 0x00000000ee000000| Complete 
| 225|0x00000000ee100000, 0x00000000ee200000, 0x00000000ee200000|100%| E|CS|TAMS 0x00000000ee100000, 0x00000000ee100000| Complete 
| 226|0x00000000ee200000, 0x00000000ee300000, 0x00000000ee300000|100%| E|CS|TAMS 0x00000000ee200000, 0x00000000ee200000| Complete 
| 227|0x00000000ee300000, 0x00000000ee400000, 0x00000000ee400000|100%| E|CS|TAMS 0x00000000ee300000, 0x00000000ee300000| Complete 
| 228|0x00000000ee400000, 0x00000000ee500000, 0x00000000ee500000|100%| E|CS|TAMS 0x00000000ee400000, 0x00000000ee400000| Complete 
| 229|0x00000000ee500000, 0x00000000ee600000, 0x00000000ee600000|100%| E|CS|TAMS 0x00000000ee500000, 0x00000000ee500000| Complete 
| 230|0x00000000ee600000, 0x00000000ee700000, 0x00000000ee700000|100%| E|CS|TAMS 0x00000000ee600000, 0x00000000ee600000| Complete 
| 231|0x00000000ee700000, 0x00000000ee800000, 0x00000000ee800000|100%| E|CS|TAMS 0x00000000ee700000, 0x00000000ee700000| Complete 
| 232|0x00000000ee800000, 0x00000000ee900000, 0x00000000ee900000|100%| E|CS|TAMS 0x00000000ee800000, 0x00000000ee800000| Complete 
| 233|0x00000000ee900000, 0x00000000eea00000, 0x00000000eea00000|100%| E|CS|TAMS 0x00000000ee900000, 0x00000000ee900000| Complete 
| 234|0x00000000eea00000, 0x00000000eeb00000, 0x00000000eeb00000|100%| E|CS|TAMS 0x00000000eea00000, 0x00000000eea00000| Complete 
| 235|0x00000000eeb00000, 0x00000000eec00000, 0x00000000eec00000|100%| E|CS|TAMS 0x00000000eeb00000, 0x00000000eeb00000| Complete 
| 236|0x00000000eec00000, 0x00000000eed00000, 0x00000000eed00000|100%| E|CS|TAMS 0x00000000eec00000, 0x00000000eec00000| Complete 
| 237|0x00000000eed00000, 0x00000000eee00000, 0x00000000eee00000|100%| E|CS|TAMS 0x00000000eed00000, 0x00000000eed00000| Complete 
| 238|0x00000000eee00000, 0x00000000eef00000, 0x00000000eef00000|100%| E|CS|TAMS 0x00000000eee00000, 0x00000000eee00000| Complete 
| 239|0x00000000eef00000, 0x00000000ef000000, 0x00000000ef000000|100%| E|CS|TAMS 0x00000000eef00000, 0x00000000eef00000| Complete 
| 240|0x00000000ef000000, 0x00000000ef100000, 0x00000000ef100000|100%| E|CS|TAMS 0x00000000ef000000, 0x00000000ef000000| Complete 
| 241|0x00000000ef100000, 0x00000000ef200000, 0x00000000ef200000|100%| E|CS|TAMS 0x00000000ef100000, 0x00000000ef100000| Complete 
| 242|0x00000000ef200000, 0x00000000ef300000, 0x00000000ef300000|100%| E|CS|TAMS 0x00000000ef200000, 0x00000000ef200000| Complete 
| 243|0x00000000ef300000, 0x00000000ef400000, 0x00000000ef400000|100%| E|CS|TAMS 0x00000000ef300000, 0x00000000ef300000| Complete 
| 244|0x00000000ef400000, 0x00000000ef500000, 0x00000000ef500000|100%| E|CS|TAMS 0x00000000ef400000, 0x00000000ef400000| Complete 
| 245|0x00000000ef500000, 0x00000000ef600000, 0x00000000ef600000|100%| E|CS|TAMS 0x00000000ef500000, 0x00000000ef500000| Complete 
| 246|0x00000000ef600000, 0x00000000ef700000, 0x00000000ef700000|100%| E|CS|TAMS 0x00000000ef600000, 0x00000000ef600000| Complete 
| 247|0x00000000ef700000, 0x00000000ef800000, 0x00000000ef800000|100%| E|CS|TAMS 0x00000000ef700000, 0x00000000ef700000| Complete 
| 248|0x00000000ef800000, 0x00000000ef900000, 0x00000000ef900000|100%| E|CS|TAMS 0x00000000ef800000, 0x00000000ef800000| Complete 
| 249|0x00000000ef900000, 0x00000000efa00000, 0x00000000efa00000|100%| E|CS|TAMS 0x00000000ef900000, 0x00000000ef900000| Complete 
| 250|0x00000000efa00000, 0x00000000efb00000, 0x00000000efb00000|100%| E|CS|TAMS 0x00000000efa00000, 0x00000000efa00000| Complete 
| 251|0x00000000efb00000, 0x00000000efc00000, 0x00000000efc00000|100%| E|CS|TAMS 0x00000000efb00000, 0x00000000efb00000| Complete 
| 252|0x00000000efc00000, 0x00000000efd00000, 0x00000000efd00000|100%| E|CS|TAMS 0x00000000efc00000, 0x00000000efc00000| Complete 
| 253|0x00000000efd00000, 0x00000000efe00000, 0x00000000efe00000|100%| E|CS|TAMS 0x00000000efd00000, 0x00000000efd00000| Complete 
| 254|0x00000000efe00000, 0x00000000eff00000, 0x00000000eff00000|100%| E|CS|TAMS 0x00000000efe00000, 0x00000000efe00000| Complete 
| 255|0x00000000eff00000, 0x00000000f0000000, 0x00000000f0000000|100%| E|CS|TAMS 0x00000000eff00000, 0x00000000eff00000| Complete 

Card table byte_map: [0x0000026ffb970000,0x0000026ffba70000] _byte_map_base: 0x0000026ffb270000

Marking Bits (Prev, Next): (CMBitMap*) 0x0000026ff3df56c0, (CMBitMap*) 0x0000026ff3df5700
 Prev Bits: [0x0000026ffbb70000, 0x0000026ffc370000)
 Next Bits: [0x0000026ffc370000, 0x0000026ffcb70000)

Polling page: 0x0000026ff1de0000

Metaspace:

Usage:
  Non-class:     49.70 MB used.
      Class:      7.62 MB used.
       Both:     57.32 MB used.

Virtual space:
  Non-class space:       56.00 MB reserved,      50.00 MB ( 89%) committed,  7 nodes.
      Class space:      208.00 MB reserved,       7.88 MB (  4%) committed,  1 nodes.
              Both:      264.00 MB reserved,      57.88 MB ( 22%) committed. 

Chunk freelists:
   Non-Class:  1.23 MB
       Class:  8.00 KB
        Both:  1.24 MB

MaxMetaspaceSize: 256.00 MB
CompressedClassSpaceSize: 208.00 MB
 - commit_granule_bytes: 65536.
 - commit_granule_words: 8192.
 - virtual_space_node_default_size: 1048576.
 - enlarge_chunks_in_place: 1.
 - new_chunks_are_fully_committed: 0.
 - uncommit_free_chunks: 1.
 - use_allocation_guard: 0.
 - handle_deallocations: 1.


Internal statistics:

num_allocs_failed_limit: 6.
num_arena_births: 622.
num_arena_deaths: 0.
num_vsnodes_births: 8.
num_vsnodes_deaths: 0.
num_space_committed: 926.
num_space_uncommitted: 0.
num_chunks_returned_to_freelist: 6.
num_chunks_taken_from_freelist: 2989.
num_chunk_merges: 6.
num_chunk_splits: 1936.
num_chunks_enlarged: 1277.
num_purges: 0.

CodeHeap 'non-profiled nmethods': size=120000Kb used=5696Kb max_used=5696Kb free=114303Kb
 bounds [0x0000026f87ad0000, 0x0000026f88070000, 0x0000026f8f000000]
CodeHeap 'profiled nmethods': size=120000Kb used=17741Kb max_used=17741Kb free=102258Kb
 bounds [0x0000026f805a0000, 0x0000026f81700000, 0x0000026f87ad0000]
CodeHeap 'non-nmethods': size=5760Kb used=2351Kb max_used=2446Kb free=3408Kb
 bounds [0x0000026f80000000, 0x0000026f80270000, 0x0000026f805a0000]
 total_blobs=9879 nmethods=9011 adapters=780
 compilation: enabled
              stopped_count=0, restarted_count=0
 full_count=0

Compilation events (20 events):
Event: 282.005 Thread 0x0000026fff593b40 nmethod 9838 0x0000026f816e4d90 code [0x0000026f816e4f60, 0x0000026f816e5498]
Event: 282.005 Thread 0x0000026fff593b40 9839       3       jdk.internal.reflect.ClassFileAssembler::append (9 bytes)
Event: 282.005 Thread 0x0000026fff593b40 nmethod 9839 0x0000026f816e5690 code [0x0000026f816e5880, 0x0000026f816e5db8]
Event: 282.005 Thread 0x0000026fff593b40 9840       3       java.security.ProtectionDomain$Key::<init> (10 bytes)
Event: 282.005 Thread 0x0000026fff593b40 nmethod 9840 0x0000026f816e6090 code [0x0000026f816e6240, 0x0000026f816e6418]
Event: 282.005 Thread 0x0000026fff593b40 9841 %     3       org.gradle.internal.file.DefaultFileHierarchySet$Node::isChildOfOrThis @ 52 (110 bytes)
Event: 282.006 Thread 0x0000026fff593b40 nmethod 9841% 0x0000026f816e6510 code [0x0000026f816e6860, 0x0000026f816e7f18]
Event: 282.006 Thread 0x0000026fff593b40 9844       3       org.gradle.internal.watch.registry.impl.WatchableHierarchies::isInWatchableHierarchy (11 bytes)
Event: 282.006 Thread 0x0000026fff593b40 nmethod 9844 0x0000026f816e8890 code [0x0000026f816e8a40, 0x0000026f816e8c28]
Event: 282.006 Thread 0x0000026fff593b40 9842       3       org.gradle.internal.watch.registry.impl.WatchableHierarchies$RemoveUnwatchedFiles::visitEntry (21 bytes)
Event: 282.007 Thread 0x0000026fff593b40 nmethod 9842 0x0000026f816e8d10 code [0x0000026f816e8f00, 0x0000026f816e9478]
Event: 282.007 Thread 0x0000026fff593b40 9843       3       org.gradle.internal.watch.registry.impl.WatchableHierarchies$RemoveUnwatchedFiles::shouldBeRemoved (55 bytes)
Event: 282.007 Thread 0x0000026fff593b40 nmethod 9843 0x0000026f816e9690 code [0x0000026f816e9880, 0x0000026f816e9f58]
Event: 282.024 Thread 0x0000026fff593b40 9847       3       com.google.common.base.Preconditions::checkArgument (28 bytes)
Event: 282.024 Thread 0x0000026fff593b40 nmethod 9847 0x0000026f816ea190 code [0x0000026f816ea360, 0x0000026f816ea7e8]
Event: 282.024 Thread 0x0000026fff593b40 9848       3       com.google.common.collect.AbstractMultiset::add (9 bytes)
Event: 282.024 Thread 0x0000026fff593b40 nmethod 9848 0x0000026f816ea990 code [0x0000026f816eab40, 0x0000026f816ead28]
Event: 282.024 Thread 0x0000026fff593b40 9849       3       org.gradle.internal.watch.vfs.impl.DefaultFileSystemWatchingStatistics$$Lambda$881/0x00000008012c66e8::visitEntry (9 bytes)
Event: 282.024 Thread 0x0000026fff593b40 nmethod 9849 0x0000026f816eae10 code [0x0000026f816eafe0, 0x0000026f816eb338]
Event: 282.024 Thread 0x0000026fff593b40 9845       3       org.gradle.internal.watch.vfs.impl.DefaultFileSystemWatchingStatistics$$Lambda$880/0x00000008012c64c8::visitSnapshotRoot (9 bytes)

GC Heap History (14 events):
Event: 0.425 GC heap before
{Heap before GC invocations=0 (full 0):
 garbage-first heap   total 262144K, used 28672K [0x00000000e0000000, 0x0000000100000000)
  region size 1024K, 23 young (23552K), 0 survivors (0K)
 Metaspace       used 3117K, committed 3264K, reserved 221184K
  class space    used 378K, committed 448K, reserved 212992K
}
Event: 0.428 GC heap after
{Heap after GC invocations=1 (full 0):
 garbage-first heap   total 262144K, used 9265K [0x00000000e0000000, 0x0000000100000000)
  region size 1024K, 3 young (3072K), 3 survivors (3072K)
 Metaspace       used 3117K, committed 3264K, reserved 221184K
  class space    used 378K, committed 448K, reserved 212992K
}
Event: 0.561 GC heap before
{Heap before GC invocations=1 (full 0):
 garbage-first heap   total 262144K, used 38961K [0x00000000e0000000, 0x0000000100000000)
  region size 1024K, 32 young (32768K), 3 survivors (3072K)
 Metaspace       used 4031K, committed 4224K, reserved 221184K
  class space    used 473K, committed 576K, reserved 212992K
}
Event: 0.563 GC heap after
{Heap after GC invocations=2 (full 0):
 garbage-first heap   total 262144K, used 12177K [0x00000000e0000000, 0x0000000100000000)
  region size 1024K, 3 young (3072K), 3 survivors (3072K)
 Metaspace       used 4031K, committed 4224K, reserved 221184K
  class space    used 473K, committed 576K, reserved 212992K
}
Event: 2.241 GC heap before
{Heap before GC invocations=2 (full 0):
 garbage-first heap   total 262144K, used 119697K [0x00000000e0000000, 0x0000000100000000)
  region size 1024K, 110 young (112640K), 3 survivors (3072K)
 Metaspace       used 20959K, committed 21248K, reserved 237568K
  class space    used 3105K, committed 3264K, reserved 212992K
}
Event: 2.249 GC heap after
{Heap after GC invocations=3 (full 0):
 garbage-first heap   total 262144K, used 20444K [0x00000000e0000000, 0x0000000100000000)
  region size 1024K, 12 young (12288K), 12 survivors (12288K)
 Metaspace       used 20959K, committed 21248K, reserved 237568K
  class space    used 3105K, committed 3264K, reserved 212992K
}
Event: 3.528 GC heap before
{Heap before GC invocations=4 (full 0):
 garbage-first heap   total 262144K, used 124892K [0x00000000e0000000, 0x0000000100000000)
  region size 1024K, 112 young (114688K), 12 survivors (12288K)
 Metaspace       used 35191K, committed 35520K, reserved 245760K
  class space    used 4777K, committed 4928K, reserved 212992K
}
Event: 3.538 GC heap after
{Heap after GC invocations=5 (full 0):
 garbage-first heap   total 262144K, used 29040K [0x00000000e0000000, 0x0000000100000000)
  region size 1024K, 18 young (18432K), 18 survivors (18432K)
 Metaspace       used 35191K, committed 35520K, reserved 245760K
  class space    used 4777K, committed 4928K, reserved 212992K
}
Event: 5.429 GC heap before
{Heap before GC invocations=6 (full 0):
 garbage-first heap   total 262144K, used 166256K [0x00000000e0000000, 0x0000000100000000)
  region size 1024K, 153 young (156672K), 18 survivors (18432K)
 Metaspace       used 46242K, committed 46656K, reserved 253952K
  class space    used 6352K, committed 6528K, reserved 212992K
}
Event: 5.449 GC heap after
{Heap after GC invocations=7 (full 0):
 garbage-first heap   total 262144K, used 39516K [0x00000000e0000000, 0x0000000100000000)
  region size 1024K, 19 young (19456K), 19 survivors (19456K)
 Metaspace       used 46242K, committed 46656K, reserved 253952K
  class space    used 6352K, committed 6528K, reserved 212992K
}
Event: 280.095 GC heap before
{Heap before GC invocations=7 (full 0):
 garbage-first heap   total 262144K, used 175708K [0x00000000e0000000, 0x0000000100000000)
  region size 1024K, 153 young (156672K), 19 survivors (19456K)
 Metaspace       used 49022K, committed 49472K, reserved 262144K
  class space    used 6585K, committed 6784K, reserved 212992K
}
Event: 280.108 GC heap after
{Heap after GC invocations=8 (full 0):
 garbage-first heap   total 262144K, used 46819K [0x00000000e0000000, 0x0000000100000000)
  region size 1024K, 8 young (8192K), 8 survivors (8192K)
 Metaspace       used 49022K, committed 49472K, reserved 262144K
  class space    used 6585K, committed 6784K, reserved 212992K
}
Event: 280.992 GC heap before
{Heap before GC invocations=8 (full 0):
 garbage-first heap   total 262144K, used 195299K [0x00000000e0000000, 0x0000000100000000)
  region size 1024K, 153 young (156672K), 8 survivors (8192K)
 Metaspace       used 51880K, committed 52416K, reserved 262144K
  class space    used 6934K, committed 7168K, reserved 212992K
}
Event: 281.007 GC heap after
{Heap after GC invocations=9 (full 0):
 garbage-first heap   total 262144K, used 58917K [0x00000000e0000000, 0x0000000100000000)
  region size 1024K, 19 young (19456K), 19 survivors (19456K)
 Metaspace       used 51880K, committed 52416K, reserved 262144K
  class space    used 6934K, committed 7168K, reserved 212992K
}

Deoptimization events (20 events):
Event: 281.987 Thread 0x0000026f9319c360 Uncommon trap: trap_request=0xffffffbe fr.pc=0x0000026f8804c5bc relative=0x000000000000029c
Event: 281.987 Thread 0x0000026f9319c360 Uncommon trap: reason=profile_predicate action=maybe_recompile pc=0x0000026f8804c5bc method=java.util.HashMap.keysToArray([Ljava/lang/Object;)[Ljava/lang/Object; @ 36 c2
Event: 281.987 Thread 0x0000026f9319c360 DEOPT PACKING pc=0x0000026f8804c5bc sp=0x000000791d7fcba0
Event: 281.987 Thread 0x0000026f9319c360 DEOPT UNPACKING pc=0x0000026f8004d72e sp=0x000000791d7fcb40 mode 2
Event: 281.987 Thread 0x0000026f9319c360 Uncommon trap: trap_request=0xffffffbe fr.pc=0x0000026f8804c5bc relative=0x000000000000029c
Event: 281.987 Thread 0x0000026f9319c360 Uncommon trap: reason=profile_predicate action=maybe_recompile pc=0x0000026f8804c5bc method=java.util.HashMap.keysToArray([Ljava/lang/Object;)[Ljava/lang/Object; @ 36 c2
Event: 281.987 Thread 0x0000026f9319c360 DEOPT PACKING pc=0x0000026f8804c5bc sp=0x000000791d7fcba0
Event: 281.987 Thread 0x0000026f9319c360 DEOPT UNPACKING pc=0x0000026f8004d72e sp=0x000000791d7fcb40 mode 2
Event: 281.991 Thread 0x0000026f931963c0 Uncommon trap: trap_request=0xffffffde fr.pc=0x0000026f88047eb4 relative=0x00000000000003f4
Event: 281.991 Thread 0x0000026f931963c0 Uncommon trap: reason=class_check action=maybe_recompile pc=0x0000026f88047eb4 method=java.io.BufferedOutputStream.write([BII)V @ 20 c2
Event: 281.991 Thread 0x0000026f931963c0 DEOPT PACKING pc=0x0000026f88047eb4 sp=0x000000791e0fe4c0
Event: 281.991 Thread 0x0000026f931963c0 DEOPT UNPACKING pc=0x0000026f8004d72e sp=0x000000791e0fe458 mode 2
Event: 282.000 Thread 0x0000026f9319c360 Uncommon trap: trap_request=0xffffffbe fr.pc=0x0000026f8804c5bc relative=0x000000000000029c
Event: 282.000 Thread 0x0000026f9319c360 Uncommon trap: reason=profile_predicate action=maybe_recompile pc=0x0000026f8804c5bc method=java.util.HashMap.keysToArray([Ljava/lang/Object;)[Ljava/lang/Object; @ 36 c2
Event: 282.000 Thread 0x0000026f9319c360 DEOPT PACKING pc=0x0000026f8804c5bc sp=0x000000791d7fa6e0
Event: 282.000 Thread 0x0000026f9319c360 DEOPT UNPACKING pc=0x0000026f8004d72e sp=0x000000791d7fa680 mode 2
Event: 282.000 Thread 0x0000026f9319c360 Uncommon trap: trap_request=0xffffffbe fr.pc=0x0000026f8804c5bc relative=0x000000000000029c
Event: 282.000 Thread 0x0000026f9319c360 Uncommon trap: reason=profile_predicate action=maybe_recompile pc=0x0000026f8804c5bc method=java.util.HashMap.keysToArray([Ljava/lang/Object;)[Ljava/lang/Object; @ 36 c2
Event: 282.000 Thread 0x0000026f9319c360 DEOPT PACKING pc=0x0000026f8804c5bc sp=0x000000791d7fa6e0
Event: 282.000 Thread 0x0000026f9319c360 DEOPT UNPACKING pc=0x0000026f8004d72e sp=0x000000791d7fa680 mode 2

Classes unloaded (0 events):
No events

Classes redefined (0 events):
No events

Internal exceptions (20 events):
Event: 281.547 Thread 0x0000026f9319c360 Exception <a 'sun/nio/fs/WindowsException'{0x00000000e9d844e0}> (0x00000000e9d844e0) 
thrown [t:\workspace\open\src\hotspot\share\prims\jni.cpp, line 579]
Event: 281.560 Thread 0x0000026f9319c360 Exception <a 'sun/nio/fs/WindowsException'{0x00000000e9dc6de8}> (0x00000000e9dc6de8) 
thrown [t:\workspace\open\src\hotspot\share\prims\jni.cpp, line 579]
Event: 281.560 Thread 0x0000026f9319c360 Exception <a 'sun/nio/fs/WindowsException'{0x00000000e9dc7118}> (0x00000000e9dc7118) 
thrown [t:\workspace\open\src\hotspot\share\prims\jni.cpp, line 579]
Event: 281.563 Thread 0x0000026f9319c360 Exception <a 'sun/nio/fs/WindowsException'{0x00000000e9c20180}> (0x00000000e9c20180) 
thrown [t:\workspace\open\src\hotspot\share\prims\jni.cpp, line 579]
Event: 281.563 Thread 0x0000026f9319c360 Exception <a 'sun/nio/fs/WindowsException'{0x00000000e9c20440}> (0x00000000e9c20440) 
thrown [t:\workspace\open\src\hotspot\share\prims\jni.cpp, line 579]
Event: 281.565 Thread 0x0000026f9319c360 Exception <a 'sun/nio/fs/WindowsException'{0x00000000e9c7f990}> (0x00000000e9c7f990) 
thrown [t:\workspace\open\src\hotspot\share\prims\jni.cpp, line 579]
Event: 281.566 Thread 0x0000026f9319c360 Exception <a 'sun/nio/fs/WindowsException'{0x00000000e9c7fc30}> (0x00000000e9c7fc30) 
thrown [t:\workspace\open\src\hotspot\share\prims\jni.cpp, line 579]
Event: 281.567 Thread 0x0000026f9319c360 Exception <a 'sun/nio/fs/WindowsException'{0x00000000e9ca08d8}> (0x00000000e9ca08d8) 
thrown [t:\workspace\open\src\hotspot\share\prims\jni.cpp, line 579]
Event: 281.567 Thread 0x0000026f9319c360 Exception <a 'sun/nio/fs/WindowsException'{0x00000000e9ca0c38}> (0x00000000e9ca0c38) 
thrown [t:\workspace\open\src\hotspot\share\prims\jni.cpp, line 579]
Event: 281.612 Thread 0x0000026f9319c360 Exception <a 'sun/nio/fs/WindowsException'{0x00000000e99675c0}> (0x00000000e99675c0) 
thrown [t:\workspace\open\src\hotspot\share\prims\jni.cpp, line 579]
Event: 281.632 Thread 0x0000026f9319c360 Exception <a 'sun/nio/fs/WindowsException'{0x00000000e99d34c8}> (0x00000000e99d34c8) 
thrown [t:\workspace\open\src\hotspot\share\prims\jni.cpp, line 579]
Event: 281.632 Thread 0x0000026f9319c360 Exception <a 'sun/nio/fs/WindowsException'{0x00000000e99d37e0}> (0x00000000e99d37e0) 
thrown [t:\workspace\open\src\hotspot\share\prims\jni.cpp, line 579]
Event: 281.662 Thread 0x0000026f9319c360 Exception <a 'sun/nio/fs/WindowsException'{0x00000000e96791f0}> (0x00000000e96791f0) 
thrown [t:\workspace\open\src\hotspot\share\prims\jni.cpp, line 579]
Event: 281.663 Thread 0x0000026f9319c360 Exception <a 'sun/nio/fs/WindowsException'{0x00000000e967a3c0}> (0x00000000e967a3c0) 
thrown [t:\workspace\open\src\hotspot\share\prims\jni.cpp, line 579]
Event: 281.685 Thread 0x0000026f9319c360 Exception <a 'java/lang/NoSuchMethodError'{0x00000000e96c02e8}: 'int java.lang.invoke.DirectMethodHandle$Holder.invokeVirtual(java.lang.Object, java.lang.Object, java.lang.Object, java.lang.Object)'> (0x00000000e96c02e8) 
thrown [t:\workspace\open\src\hotspot\share\interpreter\linkResolver.cpp, line 790]
Event: 281.699 Thread 0x0000026f9319c360 Exception <a 'sun/nio/fs/WindowsException'{0x00000000e951db50}> (0x00000000e951db50) 
thrown [t:\workspace\open\src\hotspot\share\prims\jni.cpp, line 579]
Event: 281.708 Thread 0x0000026f9319c360 Implicit null exception at 0x0000026f87d17b80 to 0x0000026f87d183ec
Event: 281.970 Thread 0x0000026f9319c360 Exception <a 'java/lang/NoSuchMethodError'{0x00000000e8c94d48}: 'void java.lang.invoke.DirectMethodHandle$Holder.invokeStatic(java.lang.Object, java.lang.Object, java.lang.Object, java.lang.Object, java.lang.Object, java.lang.Object, java.lang.Object)'> (0x00000000e8c94d48) 
thrown [t:\workspace\open\src\hotspot\share\interpreter\linkResolver.cpp, line 790]
Event: 281.985 Thread 0x0000026f953b7a00 Exception <a 'java/lang/NoSuchMethodError'{0x00000000e8b2cb10}: static Lorg/gradle/internal/build/event/types/DefaultJavaCompileTaskSuccessResult;.<clinit>()V> (0x00000000e8b2cb10) 
thrown [t:\workspace\open\src\hotspot\share\prims\jni.cpp, line 1210]
Event: 281.988 Thread 0x0000026f953b7a00 Exception <a 'java/lang/NoSuchMethodError'{0x00000000e8b828d0}: static [Ljava/lang/Object;.<clinit>()V> (0x00000000e8b828d0) 
thrown [t:\workspace\open\src\hotspot\share\prims\jni.cpp, line 1210]

Events (20 events):
Event: 281.691 loading class java/util/EnumMap$EntryIterator$Entry done
Event: 281.693 Executing  VM operation: ICBufferFull
Event: 281.694 Executing  VM operation: ICBufferFull done
Event: 281.698 loading class java/util/function/ToIntBiFunction
Event: 281.698 loading class java/util/function/ToIntBiFunction done
Event: 281.707 loading class java/util/EnumMap$Values
Event: 281.708 loading class java/util/EnumMap$Values done
Event: 281.708 loading class java/util/EnumMap$ValueIterator
Event: 281.708 loading class java/util/EnumMap$ValueIterator done
Event: 281.946 Executing  VM operation: ICBufferFull
Event: 281.946 Executing  VM operation: ICBufferFull done
Event: 281.987 loading class java/io/ObjectStreamClass$ExceptionInfo
Event: 281.988 loading class java/io/ObjectStreamClass$ExceptionInfo done
Event: 282.003 Thread 0x0000026f93196e60 Thread exited: 0x0000026f93196e60
Event: 282.003 Thread 0x0000026f93196910 Thread exited: 0x0000026f93196910
Event: 282.003 Thread 0x0000026f9319ce00 Thread exited: 0x0000026f9319ce00
Event: 282.003 Thread 0x0000026f93195920 Thread exited: 0x0000026f93195920
Event: 282.003 Thread 0x0000026f93195e70 Thread exited: 0x0000026f93195e70
Event: 282.003 Thread 0x0000026f9319d350 Thread exited: 0x0000026f9319d350
Event: 282.003 Thread 0x0000026f9319c360 Thread exited: 0x0000026f9319c360


Dynamic libraries:
0x00007ff6c5cb0000 - 0x00007ff6c5cbe000 	C:\Users\PC-YK-D-1\.jdks\openjdk-16.0.2\bin\java.exe
0x00007ffc92ad0000 - 0x00007ffc92cc5000 	C:\Windows\SYSTEM32\ntdll.dll
0x00007ffc90de0000 - 0x00007ffc90e9d000 	C:\Windows\System32\KERNEL32.DLL
0x00007ffc90210000 - 0x00007ffc904d9000 	C:\Windows\System32\KERNELBASE.dll
0x00007ffc909b0000 - 0x00007ffc90ab0000 	C:\Windows\System32\ucrtbase.dll
0x00007ffc85a90000 - 0x00007ffc85aa8000 	C:\Users\PC-YK-D-1\.jdks\openjdk-16.0.2\bin\jli.dll
0x00007ffc7e3a0000 - 0x00007ffc7e3b9000 	C:\Users\PC-YK-D-1\.jdks\openjdk-16.0.2\bin\VCRUNTIME140.dll
0x00007ffc92320000 - 0x00007ffc924c0000 	C:\Windows\System32\USER32.dll
0x00007ffc70160000 - 0x00007ffc703fa000 	C:\Windows\WinSxS\amd64_microsoft.windows.common-controls_6595b64144ccf1df_6.0.19041.1110_none_60b5254171f9507e\COMCTL32.dll
0x00007ffc90920000 - 0x00007ffc90942000 	C:\Windows\System32\win32u.dll
0x00007ffc91ce0000 - 0x00007ffc91d7e000 	C:\Windows\System32\msvcrt.dll
0x00007ffc91a70000 - 0x00007ffc91a9a000 	C:\Windows\System32\GDI32.dll
0x00007ffc904e0000 - 0x00007ffc905eb000 	C:\Windows\System32\gdi32full.dll
0x00007ffc90800000 - 0x00007ffc9089d000 	C:\Windows\System32\msvcp_win.dll
0x00007ffc91e60000 - 0x00007ffc91e90000 	C:\Windows\System32\IMM32.DLL
0x00007ffc8b960000 - 0x00007ffc8b96c000 	C:\Users\PC-YK-D-1\.jdks\openjdk-16.0.2\bin\vcruntime140_1.dll
0x00007ffc4d010000 - 0x00007ffc4d0a1000 	C:\Users\PC-YK-D-1\.jdks\openjdk-16.0.2\bin\msvcp140.dll
0x00007ffc18140000 - 0x00007ffc18ceb000 	C:\Users\PC-YK-D-1\.jdks\openjdk-16.0.2\bin\server\jvm.dll
0x00007ffc90fd0000 - 0x00007ffc9107c000 	C:\Windows\System32\ADVAPI32.dll
0x00007ffc91b20000 - 0x00007ffc91bbb000 	C:\Windows\System32\sechost.dll
0x00007ffc91e90000 - 0x00007ffc91fba000 	C:\Windows\System32\RPCRT4.dll
0x00007ffc90b40000 - 0x00007ffc90b48000 	C:\Windows\System32\PSAPI.DLL
0x00007ffc765f0000 - 0x00007ffc765f9000 	C:\Windows\SYSTEM32\WSOCK32.dll
0x00007ffc8a970000 - 0x00007ffc8a97a000 	C:\Windows\SYSTEM32\VERSION.dll
0x00007ffc89af0000 - 0x00007ffc89b17000 	C:\Windows\SYSTEM32\WINMM.dll
0x00007ffc91a00000 - 0x00007ffc91a6b000 	C:\Windows\System32\WS2_32.dll
0x00007ffc8e120000 - 0x00007ffc8e132000 	C:\Windows\SYSTEM32\kernel.appcore.dll
0x00007ffc86480000 - 0x00007ffc8648a000 	C:\Users\PC-YK-D-1\.jdks\openjdk-16.0.2\bin\jimage.dll
0x00007ffc73220000 - 0x00007ffc73404000 	C:\Windows\SYSTEM32\DBGHELP.DLL
0x00007ffc72850000 - 0x00007ffc7287c000 	C:\Windows\SYSTEM32\dbgcore.DLL
0x00007ffc90ab0000 - 0x00007ffc90b33000 	C:\Windows\System32\bcryptPrimitives.dll
0x00007ffc7e2a0000 - 0x00007ffc7e2c5000 	C:\Users\PC-YK-D-1\.jdks\openjdk-16.0.2\bin\java.dll
0x00007ffc91130000 - 0x00007ffc9186f000 	C:\Windows\System32\SHELL32.dll
0x00007ffc8e320000 - 0x00007ffc8eab1000 	C:\Windows\SYSTEM32\windows.storage.dll
0x00007ffc91fc0000 - 0x00007ffc92315000 	C:\Windows\System32\combase.dll
0x00007ffc8fba0000 - 0x00007ffc8fbcc000 	C:\Windows\SYSTEM32\Wldp.dll
0x00007ffc929e0000 - 0x00007ffc92a8e000 	C:\Windows\System32\SHCORE.dll
0x00007ffc90d80000 - 0x00007ffc90dd5000 	C:\Windows\System32\shlwapi.dll
0x00007ffc90150000 - 0x00007ffc9016f000 	C:\Windows\SYSTEM32\profapi.dll
0x00007ffc7e280000 - 0x00007ffc7e299000 	C:\Users\PC-YK-D-1\.jdks\openjdk-16.0.2\bin\net.dll
0x00007ffc88bf0000 - 0x00007ffc88cfa000 	C:\Windows\SYSTEM32\WINHTTP.dll
0x00007ffc8f980000 - 0x00007ffc8f9ea000 	C:\Windows\system32\mswsock.dll
0x00007ffc7e1e0000 - 0x00007ffc7e1f3000 	C:\Users\PC-YK-D-1\.jdks\openjdk-16.0.2\bin\nio.dll
0x00007ffc7dc60000 - 0x00007ffc7dc78000 	C:\Users\PC-YK-D-1\.jdks\openjdk-16.0.2\bin\zip.dll
0x00007ffc85e80000 - 0x00007ffc85e90000 	C:\Users\PC-YK-D-1\.jdks\openjdk-16.0.2\bin\verify.dll
0x00007ffc7dc20000 - 0x00007ffc7dc47000 	F:\Yunus Files\gradle-7.1.1-all\native\8bec1ad78214c89d9ad589b4d07fe93259594b29d510b10fafb7a158f7737e5d\windows-amd64\native-platform.dll
0x00007ffc36b20000 - 0x00007ffc36c5d000 	F:\Yunus Files\gradle-7.1.1-all\native\53dbd7edfb1c66fb8903c78663c9afc45aea4f116125fa6feffd364cf09443e8\windows-amd64\native-platform-file-events.dll
0x00007ffc85ba0000 - 0x00007ffc85ba9000 	C:\Users\PC-YK-D-1\.jdks\openjdk-16.0.2\bin\management.dll
0x00007ffc85a40000 - 0x00007ffc85a4b000 	C:\Users\PC-YK-D-1\.jdks\openjdk-16.0.2\bin\management_ext.dll
0x00007ffc8fbe0000 - 0x00007ffc8fbf8000 	C:\Windows\SYSTEM32\CRYPTSP.dll
0x00007ffc8f2d0000 - 0x00007ffc8f304000 	C:\Windows\system32\rsaenh.dll
0x00007ffc908a0000 - 0x00007ffc908c7000 	C:\Windows\System32\bcrypt.dll
0x00007ffc90110000 - 0x00007ffc9013e000 	C:\Windows\SYSTEM32\USERENV.dll
0x00007ffc8fb00000 - 0x00007ffc8fb0c000 	C:\Windows\SYSTEM32\CRYPTBASE.dll
0x00007ffc8f640000 - 0x00007ffc8f67b000 	C:\Windows\SYSTEM32\IPHLPAPI.DLL
0x00007ffc91aa0000 - 0x00007ffc91aa8000 	C:\Windows\System32\NSI.dll
0x00007ffc8ab10000 - 0x00007ffc8ab27000 	C:\Windows\SYSTEM32\dhcpcsvc6.DLL
0x00007ffc8aaf0000 - 0x00007ffc8ab0d000 	C:\Windows\SYSTEM32\dhcpcsvc.DLL
0x00007ffc8f690000 - 0x00007ffc8f75c000 	C:\Windows\SYSTEM32\DNSAPI.dll
0x00007ffc7e3d0000 - 0x00007ffc7e3de000 	C:\Users\PC-YK-D-1\.jdks\openjdk-16.0.2\bin\sunmscapi.dll
0x00007ffc906a0000 - 0x00007ffc907ff000 	C:\Windows\System32\CRYPT32.dll
0x00007ffc8fcf0000 - 0x00007ffc8fd17000 	C:\Windows\SYSTEM32\ncrypt.dll
0x00007ffc8fcb0000 - 0x00007ffc8fceb000 	C:\Windows\SYSTEM32\NTASN1.dll
0x00007ffc7e3c0000 - 0x00007ffc7e3c7000 	C:\Windows\system32\wshunix.dll

dbghelp: loaded successfully - version: 4.0.5 - missing functions: none
symbol engine: initialized successfully - sym options: 0x614 - pdb path: .;C:\Users\PC-YK-D-1\.jdks\openjdk-16.0.2\bin;C:\Windows\SYSTEM32;C:\Windows\WinSxS\amd64_microsoft.windows.common-controls_6595b64144ccf1df_6.0.19041.1110_none_60b5254171f9507e;C:\Users\PC-YK-D-1\.jdks\openjdk-16.0.2\bin\server;F:\Yunus Files\gradle-7.1.1-all\native\8bec1ad78214c89d9ad589b4d07fe93259594b29d510b10fafb7a158f7737e5d\windows-amd64;F:\Yunus Files\gradle-7.1.1-all\native\53dbd7edfb1c66fb8903c78663c9afc45aea4f116125fa6feffd364cf09443e8\windows-amd64

VM Arguments:
jvm_args: --add-opens=java.base/java.util=ALL-UNNAMED --add-opens=java.base/java.lang=ALL-UNNAMED --add-opens=java.base/java.lang.invoke=ALL-UNNAMED --add-opens=java.base/java.util=ALL-UNNAMED --add-opens=java.prefs/java.util.prefs=ALL-UNNAMED --add-opens=java.prefs/java.util.prefs=ALL-UNNAMED --add-opens=java.base/java.nio.charset=ALL-UNNAMED --add-opens=java.base/java.net=ALL-UNNAMED --add-opens=java.base/java.util.concurrent.atomic=ALL-UNNAMED -XX:MaxMetaspaceSize=256m -XX:+HeapDumpOnOutOfMemoryError -Xms256m -Xmx512m -Dfile.encoding=windows-1252 -Duser.country=US -Duser.language=en -Duser.variant 
java_command: org.gradle.launcher.daemon.bootstrap.GradleDaemon 7.1.1
java_class_path (initial): F:\Yunus Files\gradle-7.1.1-all\wrapper\dists\gradle-7.1.1-bin\f29rtwfnc96ub43tt7p47zsru\gradle-7.1.1\lib\gradle-launcher-7.1.1.jar
Launcher Type: SUN_STANDARD

[Global flags]
     intx CICompilerCount                          = 4                                         {product} {ergonomic}
   size_t CompressedClassSpaceSize                 = 218103808                                 {product} {ergonomic}
     uint ConcGCThreads                            = 2                                         {product} {ergonomic}
     uint G1ConcRefinementThreads                  = 8                                         {product} {ergonomic}
   size_t G1HeapRegionSize                         = 1048576                                   {product} {ergonomic}
    uintx GCDrainStackTargetSize                   = 64                                        {product} {ergonomic}
     bool HeapDumpOnOutOfMemoryError               = true                                   {manageable} {command line}
   size_t InitialHeapSize                          = 268435456                                 {product} {command line}
   size_t MarkStackSize                            = 4194304                                   {product} {ergonomic}
   size_t MaxHeapSize                              = 536870912                                 {product} {command line}
   size_t MaxMetaspaceSize                         = 268435456                                 {product} {command line}
   size_t MaxNewSize                               = 321912832                                 {product} {ergonomic}
   size_t MinHeapDeltaBytes                        = 1048576                                   {product} {ergonomic}
   size_t MinHeapSize                              = 268435456                                 {product} {command line}
    uintx NonNMethodCodeHeapSize                   = 5839372                                {pd product} {ergonomic}
    uintx NonProfiledCodeHeapSize                  = 122909434                              {pd product} {ergonomic}
    uintx ProfiledCodeHeapSize                     = 122909434                              {pd product} {ergonomic}
    uintx ReservedCodeCacheSize                    = 251658240                              {pd product} {ergonomic}
     bool SegmentedCodeCache                       = true                                      {product} {ergonomic}
   size_t SoftMaxHeapSize                          = 536870912                              {manageable} {ergonomic}
     bool UseCompressedClassPointers               = true                           {product lp64_product} {ergonomic}
     bool UseCompressedOops                        = true                           {product lp64_product} {ergonomic}
     bool UseG1GC                                  = true                                      {product} {ergonomic}
     bool UseLargePagesIndividualAllocation        = false                                  {pd product} {ergonomic}

Logging:
Log output configuration:
 #0: stdout all=warning uptime,level,tags
 #1: stderr all=off uptime,level,tags

Environment Variables:
PATH=C:\Program Files\Common Files\Oracle\Java\javapath;C:\Program Files (x86)\Common Files\Oracle\Java\javapath;C:\Windows\system32;C:\Windows;C:\Windows\System32\Wbem;C:\Windows\System32\WindowsPowerShell\v1.0\;C:\Windows\System32\OpenSSH\;C:\Program Files\7-Zip;C:\Program Files (x86)\NVIDIA Corporation\PhysX\Common;C:\Program Files\NVIDIA Corporation\NVIDIA NvDLISR;C:\Program Files\Docker\Docker\resources\bin;C:\ProgramData\DockerDesktop\version-bin;C:\Program Files\Git\cmd;C:\Program Files (x86)\Microsoft SQL Server\110\Tools\Binn\;C:\Program Files\Microsoft SQL Server\110\Tools\Binn\;C:\Program Files\Microsoft SQL Server\110\DTS\Binn\;C:\Users\PC-YK-D-1\AppData\Local\Microsoft\WindowsApps;
USERNAME=PC-YK-D-1
OS=Windows_NT
PROCESSOR_IDENTIFIER=Intel64 Family 6 Model 158 Stepping 9, GenuineIntel



---------------  S Y S T E M  ---------------

OS:
 Windows 10 , 64 bit Build 19041 (10.0.19041.1023)
OS uptime: 6 days 6:33 hours
Hyper-V role detected

CPU: total 8 (initial active 8) (4 cores per cpu, 2 threads per core) family 6 model 158 stepping 9 microcode 0xb4, cx8, cmov, fxsr, ht, mmx, 3dnowpref, sse, sse2, sse3, ssse3, sse4.1, sse4.2, popcnt, lzcnt, tsc, tscinvbit, avx, avx2, aes, erms, clmul, bmi1, bmi2, rtm, adx, fma, vzeroupper, clflush, clflushopt, hv

Memory: 4k page, system-wide physical 16343M (8285M free)
TotalPageFile size 18775M (AvailPageFile size 5104M)
current process WorkingSet (physical memory assigned to process): 452M, peak: 457M
current process commit charge ("private bytes"): 531M, peak: 538M

vm_info: OpenJDK 64-Bit Server VM (16.0.2+7-67) for windows-amd64 JRE (16.0.2+7-67), built on Jun  8 2021 23:21:43 by "mach5one" with MS VC++ 16.7 (VS2019)

END.
