#
# A fatal error has been detected by the Java Runtime Environment:
#
#  EXCEPTION_ACCESS_VIOLATION (0xc0000005) at pc=0x00007ff858ebc4be, pid=17848, tid=8144
#
# JRE version: OpenJDK Runtime Environment (16.0.2+7) (build 16.0.2+7-67)
# Java VM: OpenJDK 64-Bit Server VM (16.0.2+7-67, mixed mode, sharing, tiered, compressed oops, compressed class ptrs, g1 gc, windows-amd64)
# Problematic frame:
# C  [native-platform-file-events.dll+0x1c4be]
#
# No core dump will be written. Minidumps are not enabled by default on client versions of Windows
#
# If you would like to submit a bug report, please visit:
#   https://bugreport.java.com/bugreport/crash.jsp
# The crash happened outside the Java Virtual Machine in native code.
# See problematic frame for where to report the bug.
#

---------------  S U M M A R Y ------------

Command Line: -XX:MaxMetaspaceSize=256m -XX:+HeapDumpOnOutOfMemoryError --add-opens=java.base/java.util=ALL-UNNAMED --add-opens=java.base/java.lang=ALL-UNNAMED --add-opens=java.base/java.lang.invoke=ALL-UNNAMED --add-opens=java.base/java.util=ALL-UNNAMED --add-opens=java.prefs/java.util.prefs=ALL-UNNAMED --add-opens=java.prefs/java.util.prefs=ALL-UNNAMED --add-opens=java.base/java.nio.charset=ALL-UNNAMED --add-opens=java.base/java.net=ALL-UNNAMED --add-opens=java.base/java.util.concurrent.atomic=ALL-UNNAMED -Xms256m -Xmx512m -Dfile.encoding=windows-1252 -Duser.country=US -Duser.language=en -Duser.variant org.gradle.launcher.daemon.bootstrap.GradleDaemon 7.1.1

Host: Intel(R) Core(TM) i7-7700 CPU @ 3.60GHz, 8 cores, 15G,  Windows 10 , 64 bit Build 19041 (10.0.19041.1023)
Time: Wed Aug  4 12:07:44 2021 Azerbaijan Standard Time elapsed time: 8898.404581 seconds (0d 2h 28m 18s)

---------------  T H R E A D  ---------------

Current thread (0x000002586a919590):  JavaThread "File watcher server" daemon [_thread_in_native, id=8144, stack(0x000000eabe700000,0x000000eabe800000)]

Stack: [0x000000eabe700000,0x000000eabe800000],  sp=0x000000eabe7fe610,  free space=1017k
Native frames: (J=compiled Java code, j=interpreted, Vv=VM code, C=native code)
C  [native-platform-file-events.dll+0x1c4be]

Java frames: (J=compiled Java code, j=interpreted, Vv=VM code)
j  net.rubygrapefruit.platform.internal.jni.AbstractFileEventFunctions$NativeFileWatcher.executeRunLoop0(Ljava/lang/Object;)V+0
j  net.rubygrapefruit.platform.internal.jni.AbstractFileEventFunctions$NativeFileWatcher.access$100(Lnet/rubygrapefruit/platform/internal/jni/AbstractFileEventFunctions$NativeFileWatcher;Ljava/lang/Object;)V+2
j  net.rubygrapefruit.platform.internal.jni.AbstractFileEventFunctions$NativeFileWatcher$1.run()V+26
v  ~StubRoutines::call_stub

siginfo: EXCEPTION_ACCESS_VIOLATION (0xc0000005), reading address 0xffffffffffffffff


Register to memory mapping:

RIP=0x00007ff858ebc4be native-platform-file-events.dll
RAX=0x0062002d00740073 is an unknown value
RBX=0x0000000000000001 is an unknown value
RCX=0x0062002d00740073 is an unknown value
RDX=0x000000eabe7fe668 is pointing into the stack for thread: 0x000002586a919590
RSP=0x000000eabe7fe610 is pointing into the stack for thread: 0x000002586a919590
RBP=0x000000eabe7ff008 is pointing into the stack for thread: 0x000002586a919590
RSI=0x0 is NULL
RDI=0x00000000ffffffff is an unallocated location in the heap
R8 =0x000000eabe7fe670 is pointing into the stack for thread: 0x000002586a919590
R9 =0x000000007ffea000 points into unknown readable memory: 0x0000000000000001 | 01 00 00 00 00 00 00 00
R10=0x0000000000000001 is an unknown value
R11=0x00000286908933c2 is an unknown value
R12=0x0 is NULL
R13={method} {0x000002586d3289e8} 'executeRunLoop0' '(Ljava/lang/Object;)V' in 'net/rubygrapefruit/platform/internal/jni/AbstractFileEventFunctions$NativeFileWatcher'
R14=0x000000eabe7ff030 is pointing into the stack for thread: 0x000002586a919590
R15=0x000002586a919590 is a thread


Registers:
RAX=0x0062002d00740073, RBX=0x0000000000000001, RCX=0x0062002d00740073, RDX=0x000000eabe7fe668
RSP=0x000000eabe7fe610, RBP=0x000000eabe7ff008, RSI=0x0000000000000000, RDI=0x00000000ffffffff
R8 =0x000000eabe7fe670, R9 =0x000000007ffea000, R10=0x0000000000000001, R11=0x00000286908933c2
R12=0x0000000000000000, R13=0x000002586d3289e0, R14=0x000000eabe7ff030, R15=0x000002586a919590
RIP=0x00007ff858ebc4be, EFLAGS=0x0000000000010206

Top of Stack: (sp=0x000000eabe7fe610)
0x000000eabe7fe610:   000191971d290058 000191970176a5e0
0x000000eabe7fe620:   000191971d290058 00007ff858ed7be5
0x000000eabe7fe630:   000000eabe7fe6e8 000000eabe7fe668
0x000000eabe7fe640:   000000ea00000000 000000eabe7fe678
0x000000eabe7fe650:   000000eabe7f0001 0000040412362b86
0x000000eabe7fe660:   000000eabe7fe670 00000000000001d0
0x000000eabe7fe670:   000191970176a5e0 000191971d290058
0x000000eabe7fe680:   000000eabe7ff030 00007ff858ed7777
0x000000eabe7fe690:   000000eabe7fe6e8 000000eabe7fe6e0
0x000000eabe7fe6a0:   00000258693b0fa0 00000008001f8100
0x000000eabe7fe6b0:   0000000000000000 00007ff858ec8bee
0x000000eabe7fe6c0:   000191971d290058 00000000000001d0
0x000000eabe7fe6d0:   000000eabe0fbe10 000000eabe7fe740
0x000000eabe7fe6e0:   00008ccb8fd95a69 00000000000001d0
0x000000eabe7fe6f0:   0000000000000000 00007ff858ebc6ec
0x000000eabe7fe700:   0062002d00740073 000000ea00000003 

Instructions: (pc=0x00007ff858ebc4be)
0x00007ff858ebc3be:   8b 00 48 89 44 24 38 48 8b 44 24 38 48 89 44 24
0x00007ff858ebc3ce:   58 48 8b 84 24 b0 00 00 00 48 83 c0 08 48 89 44
0x00007ff858ebc3de:   24 40 48 8d 54 24 70 48 8b 4c 24 40 e8 26 50 fe
0x00007ff858ebc3ee:   ff 48 8b 00 48 89 44 24 48 48 8b 44 24 48 48 89
0x00007ff858ebc3fe:   44 24 60 4c 8b 4c 24 50 4c 8b 44 24 58 48 8b 54
0x00007ff858ebc40e:   24 60 48 8d 4c 24 78 e8 31 92 fe ff 48 8d 4c 24
0x00007ff858ebc41e:   78 e8 8b 6a fe ff 48 8b c8 ff 15 db ab 11 00 89
0x00007ff858ebc42e:   44 24 24 83 7c 24 24 ff 74 15 8b 44 24 24 83 e0
0x00007ff858ebc43e:   10 85 c0 74 0a c7 44 24 28 01 00 00 00 eb 08 c7
0x00007ff858ebc44e:   44 24 28 00 00 00 00 0f b6 44 24 28 88 44 24 20
0x00007ff858ebc45e:   48 8d 4c 24 78 e8 1f 97 fe ff 0f b6 44 24 20 48
0x00007ff858ebc46e:   8b 8c 24 98 00 00 00 48 33 cc e8 8f 76 fe ff 48
0x00007ff858ebc47e:   81 c4 a8 00 00 00 c3 cc cc cc cc cc cc cc cc cc
0x00007ff858ebc48e:   cc cc 48 89 4c 24 08 48 81 ec e8 00 00 00 48 8b
0x00007ff858ebc49e:   05 a5 7d 10 00 48 33 c4 48 89 84 24 d0 00 00 00
0x00007ff858ebc4ae:   c7 44 24 30 00 00 00 00 48 8b 84 24 f0 00 00 00
0x00007ff858ebc4be:   83 78 68 03 0f 84 02 01 00 00 48 8b 84 24 f0 00
0x00007ff858ebc4ce:   00 00 48 8b 48 28 ff 15 36 ab 11 00 89 44 24 38
0x00007ff858ebc4de:   83 7c 24 38 00 0f 85 d0 00 00 00 ba 07 00 00 00
0x00007ff858ebc4ee:   48 8b 0d 1b b0 10 00 e8 48 a4 fe ff 88 44 24 34
0x00007ff858ebc4fe:   0f b6 44 24 34 85 c0 0f 84 90 00 00 00 ff 15 07
0x00007ff858ebc50e:   ab 11 00 89 44 24 3c 48 8b 84 24 f0 00 00 00 48
0x00007ff858ebc51e:   83 c0 08 48 8b d0 48 8d 8c 24 90 00 00 00 e8 05
0x00007ff858ebc52e:   51 fe ff 48 89 44 24 40 48 8b 44 24 40 48 89 44
0x00007ff858ebc53e:   24 48 8b 44 24 30 83 c8 01 89 44 24 30 48 8b 4c
0x00007ff858ebc54e:   24 48 e8 d5 52 fe ff 48 89 44 24 50 48 8b 84 24
0x00007ff858ebc55e:   f0 00 00 00 48 8b 40 28 48 89 44 24 58 8b 44 24
0x00007ff858ebc56e:   3c 89 44 24 28 48 8b 44 24 50 48 89 44 24 20 4c
0x00007ff858ebc57e:   8b 4c 24 58 4c 8d 05 77 af 0d 00 ba 07 00 00 00
0x00007ff858ebc58e:   48 8b 0d 7b af 10 00 e8 f8 71 fe ff 90 8b 44 24
0x00007ff858ebc59e:   30 83 e0 01 85 c0 74 13 83 64 24 30 fe 48 8d 8c
0x00007ff858ebc5ae:   24 90 00 00 00 e8 e7 5a fe ff 90 eb 00 48 8b 84 


Stack slot to memory mapping:
stack at sp + 0 slots: 0x000191971d290058 is an unknown value
stack at sp + 1 slots: 0x000191970176a5e0 is an unknown value
stack at sp + 2 slots: 0x000191971d290058 is an unknown value
stack at sp + 3 slots: 0x00007ff858ed7be5 native-platform-file-events.dll
stack at sp + 4 slots: 0x000000eabe7fe6e8 is pointing into the stack for thread: 0x000002586a919590
stack at sp + 5 slots: 0x000000eabe7fe668 is pointing into the stack for thread: 0x000002586a919590
stack at sp + 6 slots: 0x000000ea00000000 is an unknown value
stack at sp + 7 slots: 0x000000eabe7fe678 is pointing into the stack for thread: 0x000002586a919590


---------------  P R O C E S S  ---------------

Threads class SMR info:
_java_thread_list=0x000002586e50f470, length=40, elements={
0x000002584b6ab0a0, 0x0000025867d85b50, 0x0000025867d86e00, 0x0000025867d9b0e0,
0x0000025867d9baf0, 0x0000025867d9e410, 0x0000025867d9fd30, 0x0000025867da0a20,
0x0000025867dc3370, 0x0000025867dd6060, 0x00000258688d53e0, 0x00000258688d6940,
0x000002586aea9a70, 0x0000025868abdf20, 0x0000025868abef10, 0x000002586a919ae0,
0x000002586a91a030, 0x000002586a91ea90, 0x000002586a919590, 0x000002586a918af0,
0x000002586a91aad0, 0x000002586a91e540, 0x000002586a91b570, 0x000002586a91b020,
0x000002586a91daa0, 0x000002586a91bac0, 0x000002586a91c010, 0x000002586a919040,
0x000002586a91d000, 0x000002586a9175b0, 0x000002586b12cad0, 0x000002586a91a580,
0x0000025869d2fa80, 0x000002586e3f6e70, 0x000002586ff19330, 0x000002586ff18de0,
0x000002586ff19880, 0x000002586ff1bdb0, 0x000002586d738cb0, 0x000002586d738720
}

Java Threads: ( => current thread )
  0x000002584b6ab0a0 JavaThread "main" [_thread_blocked, id=15040, stack(0x000000eabc200000,0x000000eabc300000)]
  0x0000025867d85b50 JavaThread "Reference Handler" daemon [_thread_blocked, id=16008, stack(0x000000eabc900000,0x000000eabca00000)]
  0x0000025867d86e00 JavaThread "Finalizer" daemon [_thread_blocked, id=5692, stack(0x000000eabca00000,0x000000eabcb00000)]
  0x0000025867d9b0e0 JavaThread "Signal Dispatcher" daemon [_thread_blocked, id=8868, stack(0x000000eabcb00000,0x000000eabcc00000)]
  0x0000025867d9baf0 JavaThread "Attach Listener" daemon [_thread_blocked, id=14768, stack(0x000000eabcc00000,0x000000eabcd00000)]
  0x0000025867d9e410 JavaThread "Service Thread" daemon [_thread_blocked, id=17620, stack(0x000000eabcd00000,0x000000eabce00000)]
  0x0000025867d9fd30 JavaThread "Monitor Deflation Thread" daemon [_thread_blocked, id=5568, stack(0x000000eabce00000,0x000000eabcf00000)]
  0x0000025867da0a20 JavaThread "C2 CompilerThread0" daemon [_thread_in_native, id=18212, stack(0x000000eabcf00000,0x000000eabd000000)]
  0x0000025867dc3370 JavaThread "C1 CompilerThread0" daemon [_thread_blocked, id=11160, stack(0x000000eabd000000,0x000000eabd100000)]
  0x0000025867dd6060 JavaThread "Sweeper thread" daemon [_thread_blocked, id=17500, stack(0x000000eabd100000,0x000000eabd200000)]
  0x00000258688d53e0 JavaThread "Common-Cleaner" daemon [_thread_blocked, id=3428, stack(0x000000eabd200000,0x000000eabd300000)]
  0x00000258688d6940 JavaThread "Notification Thread" daemon [_thread_blocked, id=5536, stack(0x000000eabd300000,0x000000eabd400000)]
  0x000002586aea9a70 JavaThread "Daemon health stats" [_thread_blocked, id=15060, stack(0x000000eabdc00000,0x000000eabdd00000)]
  0x0000025868abdf20 JavaThread "Incoming local TCP Connector on port 60599" [_thread_in_native, id=14204, stack(0x000000eabdd00000,0x000000eabde00000)]
  0x0000025868abef10 JavaThread "Daemon periodic checks" [_thread_blocked, id=14996, stack(0x000000eabde00000,0x000000eabdf00000)]
  0x000002586a919ae0 JavaThread "Cache worker for journal cache (F:\Yunus Files\gradle-7.1.1-all\caches\journal-1)" [_thread_blocked, id=16996, stack(0x000000eabd500000,0x000000eabd600000)]
  0x000002586a91a030 JavaThread "File lock request listener" [_thread_in_native, id=15536, stack(0x000000eabd600000,0x000000eabd700000)]
  0x000002586a91ea90 JavaThread "Cache worker for file hash cache (F:\Yunus Files\gradle-7.1.1-all\caches\7.1.1\fileHashes)" [_thread_blocked, id=17056, stack(0x000000eabe600000,0x000000eabe700000)]
=>0x000002586a919590 JavaThread "File watcher server" daemon [_thread_in_native, id=8144, stack(0x000000eabe700000,0x000000eabe800000)]
  0x000002586a918af0 JavaThread "File watcher consumer" daemon [_thread_blocked, id=12580, stack(0x000000eabe800000,0x000000eabe900000)]
  0x000002586a91aad0 JavaThread "jar transforms" [_thread_blocked, id=2232, stack(0x000000eabea00000,0x000000eabeb00000)]
  0x000002586a91e540 JavaThread "jar transforms Thread 2" [_thread_blocked, id=9776, stack(0x000000eabeb00000,0x000000eabec00000)]
  0x000002586a91b570 JavaThread "jar transforms Thread 3" [_thread_blocked, id=17396, stack(0x000000eabec00000,0x000000eabed00000)]
  0x000002586a91b020 JavaThread "jar transforms Thread 4" [_thread_blocked, id=9224, stack(0x000000eabed00000,0x000000eabee00000)]
  0x000002586a91daa0 JavaThread "jar transforms Thread 5" [_thread_blocked, id=11488, stack(0x000000eabee00000,0x000000eabef00000)]
  0x000002586a91bac0 JavaThread "jar transforms Thread 6" [_thread_blocked, id=3244, stack(0x000000eabef00000,0x000000eabf000000)]
  0x000002586a91c010 JavaThread "jar transforms Thread 7" [_thread_blocked, id=18288, stack(0x000000eabf000000,0x000000eabf100000)]
  0x000002586a919040 JavaThread "jar transforms Thread 8" [_thread_blocked, id=12788, stack(0x000000eabf100000,0x000000eabf200000)]
  0x000002586a91d000 JavaThread "Cache worker for execution history cache (F:\Yunus Files\gradle-7.1.1-all\caches\7.1.1\executionHistory)" [_thread_blocked, id=4836, stack(0x000000eabf900000,0x000000eabfa00000)]
  0x000002586a9175b0 JavaThread "Cache worker for file content cache (F:\Yunus Files\gradle-7.1.1-all\caches\7.1.1\fileContent)" [_thread_blocked, id=13436, stack(0x000000eabfb00000,0x000000eabfc00000)]
  0x000002586b12cad0 JavaThread "Memory manager" [_thread_blocked, id=12212, stack(0x000000eac1300000,0x000000eac1400000)]
  0x000002586a91a580 JavaThread "Daemon Thread 2" [_thread_blocked, id=9924, stack(0x000000eabc000000,0x000000eabc100000)]
  0x0000025869d2fa80 JavaThread "Daemon worker Thread 2" [_thread_blocked, id=18200, stack(0x000000eabe000000,0x000000eabe100000)]
  0x000002586e3f6e70 JavaThread "Cache worker for Java compile cache (F:\Yunus Files\gradle-7.1.1-all\caches\7.1.1\javaCompile)" [_thread_blocked, id=10500, stack(0x000000eac0f00000,0x000000eac1000000)]
  0x000002586ff19330 JavaThread "Exec process" [_thread_blocked, id=11028, stack(0x000000eac6900000,0x000000eac6a00000)]
  0x000002586ff18de0 JavaThread "Exec process Thread 2" [_thread_blocked, id=15696, stack(0x000000eac6b00000,0x000000eac6c00000)]
  0x000002586ff19880 JavaThread "Exec process Thread 3" [_thread_blocked, id=9492, stack(0x000000eac6c00000,0x000000eac6d00000)]
  0x000002586ff1bdb0 JavaThread "Exec process Thread 4" [_thread_blocked, id=16456, stack(0x000000eac6d00000,0x000000eac6e00000)]
  0x000002586d738cb0 JavaThread "C2 CompilerThread1" daemon [_thread_in_native, id=2900, stack(0x000000eabe900000,0x000000eabea00000)]
  0x000002586d738720 JavaThread "C2 CompilerThread2" daemon [_thread_blocked, id=13460, stack(0x000000eac6500000,0x000000eac6600000)]

Other Threads:
  0x0000025867d7d1f0 VMThread "VM Thread" [stack: 0x000000eabc800000,0x000000eabc900000] [id=8660]
  0x00000258688d6e60 WatcherThread [stack: 0x000000eabd400000,0x000000eabd500000] [id=13068]
  0x000002584b6d6870 GCTaskThread "GC Thread#0" [stack: 0x000000eabc300000,0x000000eabc400000] [id=12868]
  0x00000258694d0310 GCTaskThread "GC Thread#1" [stack: 0x000000eabd700000,0x000000eabd800000] [id=14040]
  0x00000258692b1ad0 GCTaskThread "GC Thread#2" [stack: 0x000000eabd800000,0x000000eabd900000] [id=2360]
  0x00000258691fd7e0 GCTaskThread "GC Thread#3" [stack: 0x000000eabd900000,0x000000eabda00000] [id=15620]
  0x00000258691fdaf0 GCTaskThread "GC Thread#4" [stack: 0x000000eabda00000,0x000000eabdb00000] [id=1864]
  0x00000258692ddea0 GCTaskThread "GC Thread#5" [stack: 0x000000eabdb00000,0x000000eabdc00000] [id=15372]
  0x000002586a1c87d0 GCTaskThread "GC Thread#6" [stack: 0x000000eabf600000,0x000000eabf700000] [id=18068]
  0x000002586a1c9410 GCTaskThread "GC Thread#7" [stack: 0x000000eabf700000,0x000000eabf800000] [id=11900]
  0x000002584b6db660 ConcurrentGCThread "G1 Main Marker" [stack: 0x000000eabc400000,0x000000eabc500000] [id=6248]
  0x000002584b6dbe80 ConcurrentGCThread "G1 Conc#0" [stack: 0x000000eabc500000,0x000000eabc600000] [id=11508]
  0x000002586aff99e0 ConcurrentGCThread "G1 Conc#1" [stack: 0x000000eabf800000,0x000000eabf900000] [id=13628]
  0x000002584b78e240 ConcurrentGCThread "G1 Refine#0" [stack: 0x000000eabc600000,0x000000eabc700000] [id=10996]
  0x000002586c02bea0 ConcurrentGCThread "G1 Refine#1" [stack: 0x000000eabfc00000,0x000000eabfd00000] [id=15388]
  0x000002586d69b7f0 ConcurrentGCThread "G1 Refine#2" [stack: 0x000000eac1400000,0x000000eac1500000] [id=17116]
  0x000002586a372230 ConcurrentGCThread "G1 Refine#3" [stack: 0x000000eac5800000,0x000000eac5900000] [id=4544]
  0x000002586a371530 ConcurrentGCThread "G1 Refine#4" [stack: 0x000000eac5900000,0x000000eac5a00000] [id=18044]
  0x000002586a370b70 ConcurrentGCThread "G1 Refine#5" [stack: 0x000000eac5a00000,0x000000eac5b00000] [id=7784]
  0x000002586a370830 ConcurrentGCThread "G1 Refine#6" [stack: 0x000000eac5b00000,0x000000eac5c00000] [id=6228]
  0x000002586a370eb0 ConcurrentGCThread "G1 Refine#7" [stack: 0x000000eac5c00000,0x000000eac5d00000] [id=11056]
  0x000002584b78ea70 ConcurrentGCThread "G1 Service" [stack: 0x000000eabc700000,0x000000eabc800000] [id=18020]

Threads with active compile tasks:
C2 CompilerThread0  8898473 19421       4       java.text.SimpleDateFormat::subFormat (1264 bytes)
C2 CompilerThread1  8898473 19427       4       org.gradle.internal.logging.text.StreamingStyledTextOutput::doAppend (11 bytes)

VM state: not at safepoint (normal execution)

VM Mutex/Monitor currently owned by a thread: None

Heap address: 0x00000000e0000000, size: 512 MB, Compressed Oops mode: 32-bit

CDS archive(s) mapped at: [0x0000000800000000-0x0000000800bb0000-0x0000000800bb0000), size 12255232, SharedBaseAddress: 0x0000000800000000, ArchiveRelocationMode: 0.
Compressed class space mapped at: 0x0000000800c00000-0x000000080dc00000, reserved size: 218103808
Narrow klass base: 0x0000000800000000, Narrow klass shift: 3, Narrow klass range: 0x100000000

GC Precious Log:
 CPUs: 8 total, 8 available
 Memory: 16343M
 Large Page Support: Disabled
 NUMA Support: Disabled
 Compressed Oops: Enabled (32-bit)
 Heap Region Size: 1M
 Heap Min Capacity: 256M
 Heap Initial Capacity: 256M
 Heap Max Capacity: 512M
 Pre-touch: Disabled
 Parallel Workers: 8
 Concurrent Workers: 2
 Concurrent Refinement Workers: 8
 Periodic GC: Disabled

Heap:
 garbage-first heap   total 290816K, used 159567K [0x00000000e0000000, 0x0000000100000000)
  region size 1024K, 32 young (32768K), 10 survivors (10240K)
 Metaspace       used 84302K, committed 85056K, reserved 294912K
  class space    used 10681K, committed 11008K, reserved 212992K

Heap Regions: E=young(eden), S=young(survivor), O=old, HS=humongous(starts), HC=humongous(continues), CS=collection set, F=free, OA=open archive, CA=closed archive, TAMS=top-at-mark-start (previous, next)
|   0|0x00000000e0000000, 0x00000000e0100000, 0x00000000e0100000|100%| O|  |TAMS 0x00000000e0100000, 0x00000000e0000000| Untracked 
|   1|0x00000000e0100000, 0x00000000e0200000, 0x00000000e0200000|100%| O|  |TAMS 0x00000000e0200000, 0x00000000e0100000| Untracked 
|   2|0x00000000e0200000, 0x00000000e0300000, 0x00000000e0300000|100%| O|  |TAMS 0x00000000e0300000, 0x00000000e0200000| Untracked 
|   3|0x00000000e0300000, 0x00000000e0400000, 0x00000000e0400000|100%|HS|  |TAMS 0x00000000e0400000, 0x00000000e0300000| Complete 
|   4|0x00000000e0400000, 0x00000000e0500000, 0x00000000e0500000|100%|HC|  |TAMS 0x00000000e0500000, 0x00000000e0400000| Complete 
|   5|0x00000000e0500000, 0x00000000e0600000, 0x00000000e0600000|100%|HC|  |TAMS 0x00000000e0600000, 0x00000000e0500000| Complete 
|   6|0x00000000e0600000, 0x00000000e0700000, 0x00000000e0700000|100%| O|  |TAMS 0x00000000e0700000, 0x00000000e0600000| Untracked 
|   7|0x00000000e0700000, 0x00000000e0800000, 0x00000000e0800000|100%| O|  |TAMS 0x00000000e0800000, 0x00000000e0700000| Untracked 
|   8|0x00000000e0800000, 0x00000000e0900000, 0x00000000e0900000|100%| O|  |TAMS 0x00000000e0900000, 0x00000000e0800000| Untracked 
|   9|0x00000000e0900000, 0x00000000e0a00000, 0x00000000e0a00000|100%| O|  |TAMS 0x00000000e0a00000, 0x00000000e0900000| Untracked 
|  10|0x00000000e0a00000, 0x00000000e0b00000, 0x00000000e0b00000|100%| O|  |TAMS 0x00000000e0a00000, 0x00000000e0a00000| Untracked 
|  11|0x00000000e0b00000, 0x00000000e0c00000, 0x00000000e0c00000|100%| O|  |TAMS 0x00000000e0b00000, 0x00000000e0b00000| Untracked 
|  12|0x00000000e0c00000, 0x00000000e0d00000, 0x00000000e0d00000|100%| O|  |TAMS 0x00000000e0c00000, 0x00000000e0c00000| Untracked 
|  13|0x00000000e0d00000, 0x00000000e0e00000, 0x00000000e0e00000|100%| O|  |TAMS 0x00000000e0d00000, 0x00000000e0d00000| Untracked 
|  14|0x00000000e0e00000, 0x00000000e0f00000, 0x00000000e0f00000|100%| O|  |TAMS 0x00000000e0e00000, 0x00000000e0e00000| Untracked 
|  15|0x00000000e0f00000, 0x00000000e1000000, 0x00000000e1000000|100%| O|  |TAMS 0x00000000e0f00000, 0x00000000e0f00000| Untracked 
|  16|0x00000000e1000000, 0x00000000e1100000, 0x00000000e1100000|100%| O|  |TAMS 0x00000000e1000000, 0x00000000e1000000| Untracked 
|  17|0x00000000e1100000, 0x00000000e1200000, 0x00000000e1200000|100%| O|  |TAMS 0x00000000e1100000, 0x00000000e1100000| Untracked 
|  18|0x00000000e1200000, 0x00000000e1300000, 0x00000000e1300000|100%| O|  |TAMS 0x00000000e1200000, 0x00000000e1200000| Untracked 
|  19|0x00000000e1300000, 0x00000000e1400000, 0x00000000e1400000|100%| O|  |TAMS 0x00000000e1400000, 0x00000000e1300000| Untracked 
|  20|0x00000000e1400000, 0x00000000e1500000, 0x00000000e1500000|100%| O|  |TAMS 0x00000000e1500000, 0x00000000e1400000| Untracked 
|  21|0x00000000e1500000, 0x00000000e1600000, 0x00000000e1600000|100%| O|  |TAMS 0x00000000e1600000, 0x00000000e1500000| Untracked 
|  22|0x00000000e1600000, 0x00000000e1700000, 0x00000000e1700000|100%| O|  |TAMS 0x00000000e1700000, 0x00000000e1600000| Untracked 
|  23|0x00000000e1700000, 0x00000000e1800000, 0x00000000e1800000|100%| O|  |TAMS 0x00000000e1800000, 0x00000000e1700000| Untracked 
|  24|0x00000000e1800000, 0x00000000e1900000, 0x00000000e1900000|100%| O|  |TAMS 0x00000000e1900000, 0x00000000e1800000| Untracked 
|  25|0x00000000e1900000, 0x00000000e1a00000, 0x00000000e1a00000|100%| O|  |TAMS 0x00000000e1a00000, 0x00000000e1900000| Untracked 
|  26|0x00000000e1a00000, 0x00000000e1b00000, 0x00000000e1b00000|100%| O|  |TAMS 0x00000000e1b00000, 0x00000000e1a00000| Untracked 
|  27|0x00000000e1b00000, 0x00000000e1c00000, 0x00000000e1c00000|100%| O|  |TAMS 0x00000000e1c00000, 0x00000000e1b00000| Untracked 
|  28|0x00000000e1c00000, 0x00000000e1d00000, 0x00000000e1d00000|100%| O|  |TAMS 0x00000000e1d00000, 0x00000000e1c00000| Untracked 
|  29|0x00000000e1d00000, 0x00000000e1e00000, 0x00000000e1e00000|100%| O|  |TAMS 0x00000000e1e00000, 0x00000000e1d00000| Untracked 
|  30|0x00000000e1e00000, 0x00000000e1f00000, 0x00000000e1f00000|100%| O|  |TAMS 0x00000000e1f00000, 0x00000000e1e00000| Untracked 
|  31|0x00000000e1f00000, 0x00000000e2000000, 0x00000000e2000000|100%| O|  |TAMS 0x00000000e2000000, 0x00000000e1f00000| Untracked 
|  32|0x00000000e2000000, 0x00000000e2100000, 0x00000000e2100000|100%| O|  |TAMS 0x00000000e2100000, 0x00000000e2000000| Untracked 
|  33|0x00000000e2100000, 0x00000000e2200000, 0x00000000e2200000|100%| O|  |TAMS 0x00000000e2200000, 0x00000000e2100000| Untracked 
|  34|0x00000000e2200000, 0x00000000e2300000, 0x00000000e2300000|100%| O|  |TAMS 0x00000000e2300000, 0x00000000e2200000| Untracked 
|  35|0x00000000e2300000, 0x00000000e2400000, 0x00000000e2400000|100%|HS|  |TAMS 0x00000000e2400000, 0x00000000e2300000| Complete 
|  36|0x00000000e2400000, 0x00000000e2500000, 0x00000000e2500000|100%|HC|  |TAMS 0x00000000e2500000, 0x00000000e2400000| Complete 
|  37|0x00000000e2500000, 0x00000000e2600000, 0x00000000e2600000|100%|HC|  |TAMS 0x00000000e2600000, 0x00000000e2500000| Complete 
|  38|0x00000000e2600000, 0x00000000e2700000, 0x00000000e2700000|100%|HC|  |TAMS 0x00000000e2700000, 0x00000000e2600000| Complete 
|  39|0x00000000e2700000, 0x00000000e2800000, 0x00000000e2800000|100%|HC|  |TAMS 0x00000000e2800000, 0x00000000e2700000| Complete 
|  40|0x00000000e2800000, 0x00000000e2900000, 0x00000000e2900000|100%| O|  |TAMS 0x00000000e2800000, 0x00000000e2800000| Untracked 
|  41|0x00000000e2900000, 0x00000000e2a00000, 0x00000000e2a00000|100%| O|  |TAMS 0x00000000e2900000, 0x00000000e2900000| Untracked 
|  42|0x00000000e2a00000, 0x00000000e2b00000, 0x00000000e2b00000|100%| O|  |TAMS 0x00000000e2a00000, 0x00000000e2a00000| Untracked 
|  43|0x00000000e2b00000, 0x00000000e2c00000, 0x00000000e2c00000|100%| O|  |TAMS 0x00000000e2b00000, 0x00000000e2b00000| Untracked 
|  44|0x00000000e2c00000, 0x00000000e2d00000, 0x00000000e2d00000|100%| O|  |TAMS 0x00000000e2c00000, 0x00000000e2c00000| Untracked 
|  45|0x00000000e2d00000, 0x00000000e2e00000, 0x00000000e2e00000|100%| O|  |TAMS 0x00000000e2d00000, 0x00000000e2d00000| Untracked 
|  46|0x00000000e2e00000, 0x00000000e2f00000, 0x00000000e2f00000|100%| O|  |TAMS 0x00000000e2e00000, 0x00000000e2e00000| Untracked 
|  47|0x00000000e2f00000, 0x00000000e3000000, 0x00000000e3000000|100%| O|  |TAMS 0x00000000e2f00000, 0x00000000e2f00000| Untracked 
|  48|0x00000000e3000000, 0x00000000e3100000, 0x00000000e3100000|100%| O|  |TAMS 0x00000000e3000000, 0x00000000e3000000| Untracked 
|  49|0x00000000e3100000, 0x00000000e3200000, 0x00000000e3200000|100%| O|  |TAMS 0x00000000e3100000, 0x00000000e3100000| Untracked 
|  50|0x00000000e3200000, 0x00000000e3300000, 0x00000000e3300000|100%| O|  |TAMS 0x00000000e3200000, 0x00000000e3200000| Untracked 
|  51|0x00000000e3300000, 0x00000000e3400000, 0x00000000e3400000|100%| O|  |TAMS 0x00000000e3300000, 0x00000000e3300000| Untracked 
|  52|0x00000000e3400000, 0x00000000e3500000, 0x00000000e3500000|100%| O|  |TAMS 0x00000000e3400000, 0x00000000e3400000| Untracked 
|  53|0x00000000e3500000, 0x00000000e3600000, 0x00000000e3600000|100%| O|  |TAMS 0x00000000e3600000, 0x00000000e3500000| Untracked 
|  54|0x00000000e3600000, 0x00000000e3700000, 0x00000000e3700000|100%| O|  |TAMS 0x00000000e3700000, 0x00000000e3600000| Untracked 
|  55|0x00000000e3700000, 0x00000000e3800000, 0x00000000e3800000|100%| O|  |TAMS 0x00000000e3800000, 0x00000000e3700000| Untracked 
|  56|0x00000000e3800000, 0x00000000e3900000, 0x00000000e3900000|100%| O|  |TAMS 0x00000000e3800000, 0x00000000e3800000| Untracked 
|  57|0x00000000e3900000, 0x00000000e3a00000, 0x00000000e3a00000|100%| O|  |TAMS 0x00000000e3a00000, 0x00000000e3900000| Untracked 
|  58|0x00000000e3a00000, 0x00000000e3b00000, 0x00000000e3b00000|100%| O|  |TAMS 0x00000000e3b00000, 0x00000000e3a00000| Untracked 
|  59|0x00000000e3b00000, 0x00000000e3c00000, 0x00000000e3c00000|100%| O|  |TAMS 0x00000000e3b00000, 0x00000000e3b00000| Untracked 
|  60|0x00000000e3c00000, 0x00000000e3d00000, 0x00000000e3d00000|100%| O|  |TAMS 0x00000000e3d00000, 0x00000000e3c00000| Untracked 
|  61|0x00000000e3d00000, 0x00000000e3e00000, 0x00000000e3e00000|100%| O|  |TAMS 0x00000000e3d00000, 0x00000000e3d00000| Untracked 
|  62|0x00000000e3e00000, 0x00000000e3f00000, 0x00000000e3f00000|100%| O|  |TAMS 0x00000000e3f00000, 0x00000000e3e00000| Untracked 
|  63|0x00000000e3f00000, 0x00000000e4000000, 0x00000000e4000000|100%| O|  |TAMS 0x00000000e3f00000, 0x00000000e3f00000| Untracked 
|  64|0x00000000e4000000, 0x00000000e4100000, 0x00000000e4100000|100%| O|  |TAMS 0x00000000e4100000, 0x00000000e4000000| Untracked 
|  65|0x00000000e4100000, 0x00000000e4200000, 0x00000000e4200000|100%| O|  |TAMS 0x00000000e4200000, 0x00000000e4100000| Untracked 
|  66|0x00000000e4200000, 0x00000000e4300000, 0x00000000e4300000|100%| O|  |TAMS 0x00000000e4300000, 0x00000000e4200000| Untracked 
|  67|0x00000000e4300000, 0x00000000e4400000, 0x00000000e4400000|100%| O|  |TAMS 0x00000000e4400000, 0x00000000e4300000| Untracked 
|  68|0x00000000e4400000, 0x00000000e4500000, 0x00000000e4500000|100%| O|  |TAMS 0x00000000e4500000, 0x00000000e4400000| Untracked 
|  69|0x00000000e4500000, 0x00000000e4600000, 0x00000000e4600000|100%| O|  |TAMS 0x00000000e4600000, 0x00000000e4500000| Untracked 
|  70|0x00000000e4600000, 0x00000000e4700000, 0x00000000e4700000|100%| O|  |TAMS 0x00000000e4700000, 0x00000000e4600000| Untracked 
|  71|0x00000000e4700000, 0x00000000e4800000, 0x00000000e4800000|100%| O|  |TAMS 0x00000000e4700000, 0x00000000e4700000| Untracked 
|  72|0x00000000e4800000, 0x00000000e4900000, 0x00000000e4900000|100%| O|  |TAMS 0x00000000e4900000, 0x00000000e4800000| Untracked 
|  73|0x00000000e4900000, 0x00000000e4a00000, 0x00000000e4a00000|100%| O|  |TAMS 0x00000000e4900000, 0x00000000e4900000| Untracked 
|  74|0x00000000e4a00000, 0x00000000e4b00000, 0x00000000e4b00000|100%| O|  |TAMS 0x00000000e4a00000, 0x00000000e4a00000| Untracked 
|  75|0x00000000e4b00000, 0x00000000e4c00000, 0x00000000e4c00000|100%| O|  |TAMS 0x00000000e4b00000, 0x00000000e4b00000| Untracked 
|  76|0x00000000e4c00000, 0x00000000e4d00000, 0x00000000e4d00000|100%| O|  |TAMS 0x00000000e4c00000, 0x00000000e4c00000| Untracked 
|  77|0x00000000e4d00000, 0x00000000e4e00000, 0x00000000e4e00000|100%|HS|  |TAMS 0x00000000e4d00000, 0x00000000e4d00000| Complete 
|  78|0x00000000e4e00000, 0x00000000e4f00000, 0x00000000e4f00000|100%| O|  |TAMS 0x00000000e4e00000, 0x00000000e4e00000| Untracked 
|  79|0x00000000e4f00000, 0x00000000e5000000, 0x00000000e5000000|100%| O|  |TAMS 0x00000000e4f00000, 0x00000000e4f00000| Untracked 
|  80|0x00000000e5000000, 0x00000000e5100000, 0x00000000e5100000|100%| O|  |TAMS 0x00000000e5000000, 0x00000000e5000000| Untracked 
|  81|0x00000000e5100000, 0x00000000e5200000, 0x00000000e5200000|100%| O|  |TAMS 0x00000000e5100000, 0x00000000e5100000| Untracked 
|  82|0x00000000e5200000, 0x00000000e5300000, 0x00000000e5300000|100%| O|  |TAMS 0x00000000e5200000, 0x00000000e5200000| Untracked 
|  83|0x00000000e5300000, 0x00000000e5400000, 0x00000000e5400000|100%| O|  |TAMS 0x00000000e5300000, 0x00000000e5300000| Untracked 
|  84|0x00000000e5400000, 0x00000000e5500000, 0x00000000e5500000|100%| O|  |TAMS 0x00000000e5400000, 0x00000000e5400000| Untracked 
|  85|0x00000000e5500000, 0x00000000e5600000, 0x00000000e5600000|100%| O|  |TAMS 0x00000000e5500000, 0x00000000e5500000| Untracked 
|  86|0x00000000e5600000, 0x00000000e5700000, 0x00000000e5700000|100%| O|  |TAMS 0x00000000e5600000, 0x00000000e5600000| Untracked 
|  87|0x00000000e5700000, 0x00000000e5800000, 0x00000000e5800000|100%| O|  |TAMS 0x00000000e5700000, 0x00000000e5700000| Untracked 
|  88|0x00000000e5800000, 0x00000000e5900000, 0x00000000e5900000|100%| O|  |TAMS 0x00000000e5800000, 0x00000000e5800000| Untracked 
|  89|0x00000000e5900000, 0x00000000e5a00000, 0x00000000e5a00000|100%| O|  |TAMS 0x00000000e5900000, 0x00000000e5900000| Untracked 
|  90|0x00000000e5a00000, 0x00000000e5b00000, 0x00000000e5b00000|100%| O|  |TAMS 0x00000000e5b00000, 0x00000000e5a00000| Untracked 
|  91|0x00000000e5b00000, 0x00000000e5c00000, 0x00000000e5c00000|100%|HS|  |TAMS 0x00000000e5c00000, 0x00000000e5b00000| Complete 
|  92|0x00000000e5c00000, 0x00000000e5d00000, 0x00000000e5d00000|100%| O|  |TAMS 0x00000000e5c00000, 0x00000000e5c00000| Untracked 
|  93|0x00000000e5d00000, 0x00000000e5e00000, 0x00000000e5e00000|100%| O|  |TAMS 0x00000000e5d00000, 0x00000000e5d00000| Untracked 
|  94|0x00000000e5e00000, 0x00000000e5f00000, 0x00000000e5f00000|100%| O|  |TAMS 0x00000000e5e00000, 0x00000000e5e00000| Untracked 
|  95|0x00000000e5f00000, 0x00000000e6000000, 0x00000000e6000000|100%| O|  |TAMS 0x00000000e5f00000, 0x00000000e5f00000| Untracked 
|  96|0x00000000e6000000, 0x00000000e6100000, 0x00000000e6100000|100%| O|  |TAMS 0x00000000e6100000, 0x00000000e6000000| Untracked 
|  97|0x00000000e6100000, 0x00000000e6200000, 0x00000000e6200000|100%| O|  |TAMS 0x00000000e6200000, 0x00000000e6100000| Untracked 
|  98|0x00000000e6200000, 0x00000000e6300000, 0x00000000e6300000|100%| O|  |TAMS 0x00000000e6300000, 0x00000000e6200000| Untracked 
|  99|0x00000000e6300000, 0x00000000e6400000, 0x00000000e6400000|100%| O|  |TAMS 0x00000000e6400000, 0x00000000e6300000| Untracked 
| 100|0x00000000e6400000, 0x00000000e6500000, 0x00000000e6500000|100%| O|  |TAMS 0x00000000e6500000, 0x00000000e6400000| Untracked 
| 101|0x00000000e6500000, 0x00000000e6600000, 0x00000000e6600000|100%| O|  |TAMS 0x00000000e6500000, 0x00000000e6500000| Untracked 
| 102|0x00000000e6600000, 0x00000000e6700000, 0x00000000e6700000|100%| O|  |TAMS 0x00000000e6700000, 0x00000000e6600000| Untracked 
| 103|0x00000000e6700000, 0x00000000e6800000, 0x00000000e6800000|100%| O|  |TAMS 0x00000000e6700000, 0x00000000e6700000| Untracked 
| 104|0x00000000e6800000, 0x00000000e6900000, 0x00000000e6900000|100%| O|  |TAMS 0x00000000e6900000, 0x00000000e6800000| Untracked 
| 105|0x00000000e6900000, 0x00000000e6a00000, 0x00000000e6a00000|100%| O|  |TAMS 0x00000000e6a00000, 0x00000000e6900000| Untracked 
| 106|0x00000000e6a00000, 0x00000000e6b00000, 0x00000000e6b00000|100%| O|  |TAMS 0x00000000e6b00000, 0x00000000e6a00000| Untracked 
| 107|0x00000000e6b00000, 0x00000000e6c00000, 0x00000000e6c00000|100%| O|  |TAMS 0x00000000e6c00000, 0x00000000e6b00000| Untracked 
| 108|0x00000000e6c00000, 0x00000000e6d00000, 0x00000000e6d00000|100%| O|  |TAMS 0x00000000e6d00000, 0x00000000e6c00000| Untracked 
| 109|0x00000000e6d00000, 0x00000000e6e00000, 0x00000000e6e00000|100%| O|  |TAMS 0x00000000e6e00000, 0x00000000e6d00000| Untracked 
| 110|0x00000000e6e00000, 0x00000000e6f00000, 0x00000000e6f00000|100%| O|  |TAMS 0x00000000e6f00000, 0x00000000e6e00000| Untracked 
| 111|0x00000000e6f00000, 0x00000000e7000000, 0x00000000e7000000|100%| O|  |TAMS 0x00000000e7000000, 0x00000000e6f00000| Untracked 
| 112|0x00000000e7000000, 0x00000000e7100000, 0x00000000e7100000|100%| O|  |TAMS 0x00000000e7100000, 0x00000000e7000000| Untracked 
| 113|0x00000000e7100000, 0x00000000e7200000, 0x00000000e7200000|100%| O|  |TAMS 0x00000000e7200000, 0x00000000e7100000| Untracked 
| 114|0x00000000e7200000, 0x00000000e7300000, 0x00000000e7300000|100%| O|  |TAMS 0x00000000e7200000, 0x00000000e7200000| Untracked 
| 115|0x00000000e7300000, 0x00000000e7400000, 0x00000000e7400000|100%| O|  |TAMS 0x00000000e7300000, 0x00000000e7300000| Untracked 
| 116|0x00000000e7400000, 0x00000000e7500000, 0x00000000e7500000|100%| O|  |TAMS 0x00000000e7400000, 0x00000000e7400000| Untracked 
| 117|0x00000000e7500000, 0x00000000e7600000, 0x00000000e7600000|100%| O|  |TAMS 0x00000000e7500000, 0x00000000e7500000| Untracked 
| 118|0x00000000e7600000, 0x00000000e7700000, 0x00000000e7700000|100%|HS|  |TAMS 0x00000000e7600000, 0x00000000e7600000| Complete 
| 119|0x00000000e7700000, 0x00000000e7800000, 0x00000000e7800000|100%| O|  |TAMS 0x00000000e7700000, 0x00000000e7700000| Untracked 
| 120|0x00000000e7800000, 0x00000000e7900000, 0x00000000e7900000|100%| O|  |TAMS 0x00000000e7800000, 0x00000000e7800000| Untracked 
| 121|0x00000000e7900000, 0x00000000e7a00000, 0x00000000e7a00000|100%|HS|  |TAMS 0x00000000e7900000, 0x00000000e7900000| Complete 
| 122|0x00000000e7a00000, 0x00000000e7b00000, 0x00000000e7b00000|100%| O|  |TAMS 0x00000000e7a00000, 0x00000000e7a00000| Untracked 
| 123|0x00000000e7b00000, 0x00000000e7c00000, 0x00000000e7c00000|100%| O|  |TAMS 0x00000000e7b00000, 0x00000000e7b00000| Untracked 
| 124|0x00000000e7c00000, 0x00000000e7d00000, 0x00000000e7d00000|100%| O|  |TAMS 0x00000000e7c00000, 0x00000000e7c00000| Untracked 
| 125|0x00000000e7d00000, 0x00000000e7d74800, 0x00000000e7e00000| 45%| O|  |TAMS 0x00000000e7d00000, 0x00000000e7d00000| Untracked 
| 126|0x00000000e7e00000, 0x00000000e7e00000, 0x00000000e7f00000|  0%| F|  |TAMS 0x00000000e7e00000, 0x00000000e7e00000| Untracked 
| 127|0x00000000e7f00000, 0x00000000e7f00000, 0x00000000e8000000|  0%| F|  |TAMS 0x00000000e7f00000, 0x00000000e7f00000| Untracked 
| 128|0x00000000e8000000, 0x00000000e8000000, 0x00000000e8100000|  0%| F|  |TAMS 0x00000000e8000000, 0x00000000e8000000| Untracked 
| 129|0x00000000e8100000, 0x00000000e8100000, 0x00000000e8200000|  0%| F|  |TAMS 0x00000000e8100000, 0x00000000e8100000| Untracked 
| 130|0x00000000e8200000, 0x00000000e8200000, 0x00000000e8300000|  0%| F|  |TAMS 0x00000000e8200000, 0x00000000e8200000| Untracked 
| 131|0x00000000e8300000, 0x00000000e8300000, 0x00000000e8400000|  0%| F|  |TAMS 0x00000000e8300000, 0x00000000e8300000| Untracked 
| 132|0x00000000e8400000, 0x00000000e8400000, 0x00000000e8500000|  0%| F|  |TAMS 0x00000000e8400000, 0x00000000e8400000| Untracked 
| 133|0x00000000e8500000, 0x00000000e8500000, 0x00000000e8600000|  0%| F|  |TAMS 0x00000000e8500000, 0x00000000e8500000| Untracked 
| 134|0x00000000e8600000, 0x00000000e8600000, 0x00000000e8700000|  0%| F|  |TAMS 0x00000000e8600000, 0x00000000e8600000| Untracked 
| 135|0x00000000e8700000, 0x00000000e8700000, 0x00000000e8800000|  0%| F|  |TAMS 0x00000000e8700000, 0x00000000e8700000| Untracked 
| 136|0x00000000e8800000, 0x00000000e8800000, 0x00000000e8900000|  0%| F|  |TAMS 0x00000000e8800000, 0x00000000e8800000| Untracked 
| 137|0x00000000e8900000, 0x00000000e8900000, 0x00000000e8a00000|  0%| F|  |TAMS 0x00000000e8900000, 0x00000000e8900000| Untracked 
| 138|0x00000000e8a00000, 0x00000000e8a00000, 0x00000000e8b00000|  0%| F|  |TAMS 0x00000000e8a00000, 0x00000000e8a00000| Untracked 
| 139|0x00000000e8b00000, 0x00000000e8b00000, 0x00000000e8c00000|  0%| F|  |TAMS 0x00000000e8b00000, 0x00000000e8b00000| Untracked 
| 140|0x00000000e8c00000, 0x00000000e8c00000, 0x00000000e8d00000|  0%| F|  |TAMS 0x00000000e8c00000, 0x00000000e8c00000| Untracked 
| 141|0x00000000e8d00000, 0x00000000e8d00000, 0x00000000e8e00000|  0%| F|  |TAMS 0x00000000e8d00000, 0x00000000e8d00000| Untracked 
| 142|0x00000000e8e00000, 0x00000000e8e00000, 0x00000000e8f00000|  0%| F|  |TAMS 0x00000000e8e00000, 0x00000000e8e00000| Untracked 
| 143|0x00000000e8f00000, 0x00000000e8f00000, 0x00000000e9000000|  0%| F|  |TAMS 0x00000000e8f00000, 0x00000000e8f00000| Untracked 
| 144|0x00000000e9000000, 0x00000000e9000000, 0x00000000e9100000|  0%| F|  |TAMS 0x00000000e9000000, 0x00000000e9000000| Untracked 
| 145|0x00000000e9100000, 0x00000000e9100000, 0x00000000e9200000|  0%| F|  |TAMS 0x00000000e9100000, 0x00000000e9100000| Untracked 
| 146|0x00000000e9200000, 0x00000000e9200000, 0x00000000e9300000|  0%| F|  |TAMS 0x00000000e9200000, 0x00000000e9200000| Untracked 
| 147|0x00000000e9300000, 0x00000000e9300000, 0x00000000e9400000|  0%| F|  |TAMS 0x00000000e9300000, 0x00000000e9300000| Untracked 
| 148|0x00000000e9400000, 0x00000000e9400000, 0x00000000e9500000|  0%| F|  |TAMS 0x00000000e9400000, 0x00000000e9400000| Untracked 
| 149|0x00000000e9500000, 0x00000000e9500000, 0x00000000e9600000|  0%| F|  |TAMS 0x00000000e9500000, 0x00000000e9500000| Untracked 
| 150|0x00000000e9600000, 0x00000000e9600000, 0x00000000e9700000|  0%| F|  |TAMS 0x00000000e9600000, 0x00000000e9600000| Untracked 
| 151|0x00000000e9700000, 0x00000000e9700000, 0x00000000e9800000|  0%| F|  |TAMS 0x00000000e9700000, 0x00000000e9700000| Untracked 
| 152|0x00000000e9800000, 0x00000000e9800000, 0x00000000e9900000|  0%| F|  |TAMS 0x00000000e9800000, 0x00000000e9800000| Untracked 
| 153|0x00000000e9900000, 0x00000000e9900000, 0x00000000e9a00000|  0%| F|  |TAMS 0x00000000e9900000, 0x00000000e9900000| Untracked 
| 154|0x00000000e9a00000, 0x00000000e9a00000, 0x00000000e9b00000|  0%| F|  |TAMS 0x00000000e9a00000, 0x00000000e9a00000| Untracked 
| 155|0x00000000e9b00000, 0x00000000e9b00000, 0x00000000e9c00000|  0%| F|  |TAMS 0x00000000e9b00000, 0x00000000e9b00000| Untracked 
| 156|0x00000000e9c00000, 0x00000000e9c00000, 0x00000000e9d00000|  0%| F|  |TAMS 0x00000000e9c00000, 0x00000000e9c00000| Untracked 
| 157|0x00000000e9d00000, 0x00000000e9d00000, 0x00000000e9e00000|  0%| F|  |TAMS 0x00000000e9d00000, 0x00000000e9d00000| Untracked 
| 158|0x00000000e9e00000, 0x00000000e9e00000, 0x00000000e9f00000|  0%| F|  |TAMS 0x00000000e9e00000, 0x00000000e9e00000| Untracked 
| 159|0x00000000e9f00000, 0x00000000e9f5f5f0, 0x00000000ea000000| 37%| S|CS|TAMS 0x00000000e9f00000, 0x00000000e9f00000| Complete 
| 160|0x00000000ea000000, 0x00000000ea100000, 0x00000000ea100000|100%| S|CS|TAMS 0x00000000ea000000, 0x00000000ea000000| Complete 
| 161|0x00000000ea100000, 0x00000000ea100000, 0x00000000ea200000|  0%| F|  |TAMS 0x00000000ea100000, 0x00000000ea100000| Untracked 
| 162|0x00000000ea200000, 0x00000000ea200000, 0x00000000ea300000|  0%| F|  |TAMS 0x00000000ea200000, 0x00000000ea200000| Untracked 
| 163|0x00000000ea300000, 0x00000000ea300000, 0x00000000ea400000|  0%| F|  |TAMS 0x00000000ea300000, 0x00000000ea300000| Untracked 
| 164|0x00000000ea400000, 0x00000000ea500000, 0x00000000ea500000|100%| S|CS|TAMS 0x00000000ea400000, 0x00000000ea400000| Complete 
| 165|0x00000000ea500000, 0x00000000ea600000, 0x00000000ea600000|100%| S|CS|TAMS 0x00000000ea500000, 0x00000000ea500000| Complete 
| 166|0x00000000ea600000, 0x00000000ea700000, 0x00000000ea700000|100%| S|CS|TAMS 0x00000000ea600000, 0x00000000ea600000| Complete 
| 167|0x00000000ea700000, 0x00000000ea800000, 0x00000000ea800000|100%| S|CS|TAMS 0x00000000ea700000, 0x00000000ea700000| Complete 
| 168|0x00000000ea800000, 0x00000000ea900000, 0x00000000ea900000|100%| S|CS|TAMS 0x00000000ea800000, 0x00000000ea800000| Complete 
| 169|0x00000000ea900000, 0x00000000eaa00000, 0x00000000eaa00000|100%| S|CS|TAMS 0x00000000ea900000, 0x00000000ea900000| Complete 
| 170|0x00000000eaa00000, 0x00000000eab00000, 0x00000000eab00000|100%| S|CS|TAMS 0x00000000eaa00000, 0x00000000eaa00000| Complete 
| 171|0x00000000eab00000, 0x00000000eac00000, 0x00000000eac00000|100%| S|CS|TAMS 0x00000000eab00000, 0x00000000eab00000| Complete 
| 172|0x00000000eac00000, 0x00000000eac00000, 0x00000000ead00000|  0%| F|  |TAMS 0x00000000eac00000, 0x00000000eac00000| Untracked 
| 173|0x00000000ead00000, 0x00000000ead00000, 0x00000000eae00000|  0%| F|  |TAMS 0x00000000ead00000, 0x00000000ead00000| Untracked 
| 174|0x00000000eae00000, 0x00000000eae00000, 0x00000000eaf00000|  0%| F|  |TAMS 0x00000000eae00000, 0x00000000eae00000| Untracked 
| 175|0x00000000eaf00000, 0x00000000eaf00000, 0x00000000eb000000|  0%| F|  |TAMS 0x00000000eaf00000, 0x00000000eaf00000| Untracked 
| 176|0x00000000eb000000, 0x00000000eb000000, 0x00000000eb100000|  0%| F|  |TAMS 0x00000000eb000000, 0x00000000eb000000| Untracked 
| 177|0x00000000eb100000, 0x00000000eb100000, 0x00000000eb200000|  0%| F|  |TAMS 0x00000000eb100000, 0x00000000eb100000| Untracked 
| 178|0x00000000eb200000, 0x00000000eb200000, 0x00000000eb300000|  0%| F|  |TAMS 0x00000000eb200000, 0x00000000eb200000| Untracked 
| 179|0x00000000eb300000, 0x00000000eb300000, 0x00000000eb400000|  0%| F|  |TAMS 0x00000000eb300000, 0x00000000eb300000| Untracked 
| 180|0x00000000eb400000, 0x00000000eb400000, 0x00000000eb500000|  0%| F|  |TAMS 0x00000000eb400000, 0x00000000eb400000| Untracked 
| 181|0x00000000eb500000, 0x00000000eb500000, 0x00000000eb600000|  0%| F|  |TAMS 0x00000000eb500000, 0x00000000eb500000| Untracked 
| 182|0x00000000eb600000, 0x00000000eb600000, 0x00000000eb700000|  0%| F|  |TAMS 0x00000000eb600000, 0x00000000eb600000| Untracked 
| 183|0x00000000eb700000, 0x00000000eb700000, 0x00000000eb800000|  0%| F|  |TAMS 0x00000000eb700000, 0x00000000eb700000| Untracked 
| 184|0x00000000eb800000, 0x00000000eb800000, 0x00000000eb900000|  0%| F|  |TAMS 0x00000000eb800000, 0x00000000eb800000| Untracked 
| 185|0x00000000eb900000, 0x00000000eb900000, 0x00000000eba00000|  0%| F|  |TAMS 0x00000000eb900000, 0x00000000eb900000| Untracked 
| 186|0x00000000eba00000, 0x00000000eba00000, 0x00000000ebb00000|  0%| F|  |TAMS 0x00000000eba00000, 0x00000000eba00000| Untracked 
| 187|0x00000000ebb00000, 0x00000000ebb00000, 0x00000000ebc00000|  0%| F|  |TAMS 0x00000000ebb00000, 0x00000000ebb00000| Untracked 
| 188|0x00000000ebc00000, 0x00000000ebc00000, 0x00000000ebd00000|  0%| F|  |TAMS 0x00000000ebc00000, 0x00000000ebc00000| Untracked 
| 189|0x00000000ebd00000, 0x00000000ebd00000, 0x00000000ebe00000|  0%| F|  |TAMS 0x00000000ebd00000, 0x00000000ebd00000| Untracked 
| 190|0x00000000ebe00000, 0x00000000ebe00000, 0x00000000ebf00000|  0%| F|  |TAMS 0x00000000ebe00000, 0x00000000ebe00000| Untracked 
| 191|0x00000000ebf00000, 0x00000000ebf00000, 0x00000000ec000000|  0%| F|  |TAMS 0x00000000ebf00000, 0x00000000ebf00000| Untracked 
| 192|0x00000000ec000000, 0x00000000ec000000, 0x00000000ec100000|  0%| F|  |TAMS 0x00000000ec000000, 0x00000000ec000000| Untracked 
| 193|0x00000000ec100000, 0x00000000ec100000, 0x00000000ec200000|  0%| F|  |TAMS 0x00000000ec100000, 0x00000000ec100000| Untracked 
| 194|0x00000000ec200000, 0x00000000ec200000, 0x00000000ec300000|  0%| F|  |TAMS 0x00000000ec200000, 0x00000000ec200000| Untracked 
| 195|0x00000000ec300000, 0x00000000ec300000, 0x00000000ec400000|  0%| F|  |TAMS 0x00000000ec300000, 0x00000000ec300000| Untracked 
| 196|0x00000000ec400000, 0x00000000ec400000, 0x00000000ec500000|  0%| F|  |TAMS 0x00000000ec400000, 0x00000000ec400000| Untracked 
| 197|0x00000000ec500000, 0x00000000ec500000, 0x00000000ec600000|  0%| F|  |TAMS 0x00000000ec500000, 0x00000000ec500000| Untracked 
| 198|0x00000000ec600000, 0x00000000ec600000, 0x00000000ec700000|  0%| F|  |TAMS 0x00000000ec600000, 0x00000000ec600000| Untracked 
| 199|0x00000000ec700000, 0x00000000ec700000, 0x00000000ec800000|  0%| F|  |TAMS 0x00000000ec700000, 0x00000000ec700000| Untracked 
| 200|0x00000000ec800000, 0x00000000ec800000, 0x00000000ec900000|  0%| F|  |TAMS 0x00000000ec800000, 0x00000000ec800000| Untracked 
| 201|0x00000000ec900000, 0x00000000ec900000, 0x00000000eca00000|  0%| F|  |TAMS 0x00000000ec900000, 0x00000000ec900000| Untracked 
| 202|0x00000000eca00000, 0x00000000eca00000, 0x00000000ecb00000|  0%| F|  |TAMS 0x00000000eca00000, 0x00000000eca00000| Untracked 
| 203|0x00000000ecb00000, 0x00000000ecb00000, 0x00000000ecc00000|  0%| F|  |TAMS 0x00000000ecb00000, 0x00000000ecb00000| Untracked 
| 204|0x00000000ecc00000, 0x00000000ecc00000, 0x00000000ecd00000|  0%| F|  |TAMS 0x00000000ecc00000, 0x00000000ecc00000| Untracked 
| 205|0x00000000ecd00000, 0x00000000ecd00000, 0x00000000ece00000|  0%| F|  |TAMS 0x00000000ecd00000, 0x00000000ecd00000| Untracked 
| 206|0x00000000ece00000, 0x00000000ece00000, 0x00000000ecf00000|  0%| F|  |TAMS 0x00000000ece00000, 0x00000000ece00000| Untracked 
| 207|0x00000000ecf00000, 0x00000000ecf00000, 0x00000000ed000000|  0%| F|  |TAMS 0x00000000ecf00000, 0x00000000ecf00000| Untracked 
| 208|0x00000000ed000000, 0x00000000ed000000, 0x00000000ed100000|  0%| F|  |TAMS 0x00000000ed000000, 0x00000000ed000000| Untracked 
| 209|0x00000000ed100000, 0x00000000ed100000, 0x00000000ed200000|  0%| F|  |TAMS 0x00000000ed100000, 0x00000000ed100000| Untracked 
| 210|0x00000000ed200000, 0x00000000ed200000, 0x00000000ed300000|  0%| F|  |TAMS 0x00000000ed200000, 0x00000000ed200000| Untracked 
| 211|0x00000000ed300000, 0x00000000ed300000, 0x00000000ed400000|  0%| F|  |TAMS 0x00000000ed300000, 0x00000000ed300000| Untracked 
| 212|0x00000000ed400000, 0x00000000ed400000, 0x00000000ed500000|  0%| F|  |TAMS 0x00000000ed400000, 0x00000000ed400000| Untracked 
| 213|0x00000000ed500000, 0x00000000ed500000, 0x00000000ed600000|  0%| F|  |TAMS 0x00000000ed500000, 0x00000000ed500000| Untracked 
| 214|0x00000000ed600000, 0x00000000ed600000, 0x00000000ed700000|  0%| F|  |TAMS 0x00000000ed600000, 0x00000000ed600000| Untracked 
| 215|0x00000000ed700000, 0x00000000ed700000, 0x00000000ed800000|  0%| F|  |TAMS 0x00000000ed700000, 0x00000000ed700000| Untracked 
| 216|0x00000000ed800000, 0x00000000ed800000, 0x00000000ed900000|  0%| F|  |TAMS 0x00000000ed800000, 0x00000000ed800000| Untracked 
| 217|0x00000000ed900000, 0x00000000ed900000, 0x00000000eda00000|  0%| F|  |TAMS 0x00000000ed900000, 0x00000000ed900000| Untracked 
| 218|0x00000000eda00000, 0x00000000eda00000, 0x00000000edb00000|  0%| F|  |TAMS 0x00000000eda00000, 0x00000000eda00000| Untracked 
| 219|0x00000000edb00000, 0x00000000edb00000, 0x00000000edc00000|  0%| F|  |TAMS 0x00000000edb00000, 0x00000000edb00000| Untracked 
| 220|0x00000000edc00000, 0x00000000edc00000, 0x00000000edd00000|  0%| F|  |TAMS 0x00000000edc00000, 0x00000000edc00000| Untracked 
| 221|0x00000000edd00000, 0x00000000edd00000, 0x00000000ede00000|  0%| F|  |TAMS 0x00000000edd00000, 0x00000000edd00000| Untracked 
| 222|0x00000000ede00000, 0x00000000ede00000, 0x00000000edf00000|  0%| F|  |TAMS 0x00000000ede00000, 0x00000000ede00000| Untracked 
| 223|0x00000000edf00000, 0x00000000edf00000, 0x00000000ee000000|  0%| F|  |TAMS 0x00000000edf00000, 0x00000000edf00000| Untracked 
| 224|0x00000000ee000000, 0x00000000ee000000, 0x00000000ee100000|  0%| F|  |TAMS 0x00000000ee000000, 0x00000000ee000000| Untracked 
| 225|0x00000000ee100000, 0x00000000ee100000, 0x00000000ee200000|  0%| F|  |TAMS 0x00000000ee100000, 0x00000000ee100000| Untracked 
| 226|0x00000000ee200000, 0x00000000ee200000, 0x00000000ee300000|  0%| F|  |TAMS 0x00000000ee200000, 0x00000000ee200000| Untracked 
| 227|0x00000000ee300000, 0x00000000ee300000, 0x00000000ee400000|  0%| F|  |TAMS 0x00000000ee300000, 0x00000000ee300000| Untracked 
| 228|0x00000000ee400000, 0x00000000ee400000, 0x00000000ee500000|  0%| F|  |TAMS 0x00000000ee400000, 0x00000000ee400000| Untracked 
| 229|0x00000000ee500000, 0x00000000ee500000, 0x00000000ee600000|  0%| F|  |TAMS 0x00000000ee500000, 0x00000000ee500000| Untracked 
| 230|0x00000000ee600000, 0x00000000ee600000, 0x00000000ee700000|  0%| F|  |TAMS 0x00000000ee600000, 0x00000000ee600000| Untracked 
| 231|0x00000000ee700000, 0x00000000ee700000, 0x00000000ee800000|  0%| F|  |TAMS 0x00000000ee700000, 0x00000000ee700000| Untracked 
| 232|0x00000000ee800000, 0x00000000ee800000, 0x00000000ee900000|  0%| F|  |TAMS 0x00000000ee800000, 0x00000000ee800000| Untracked 
| 233|0x00000000ee900000, 0x00000000ee900000, 0x00000000eea00000|  0%| F|  |TAMS 0x00000000ee900000, 0x00000000ee900000| Untracked 
| 234|0x00000000eea00000, 0x00000000eea00000, 0x00000000eeb00000|  0%| F|  |TAMS 0x00000000eea00000, 0x00000000eea00000| Untracked 
| 235|0x00000000eeb00000, 0x00000000eeb00000, 0x00000000eec00000|  0%| F|  |TAMS 0x00000000eeb00000, 0x00000000eeb00000| Untracked 
| 236|0x00000000eec00000, 0x00000000eec00000, 0x00000000eed00000|  0%| F|  |TAMS 0x00000000eec00000, 0x00000000eec00000| Untracked 
| 237|0x00000000eed00000, 0x00000000eed00000, 0x00000000eee00000|  0%| F|  |TAMS 0x00000000eed00000, 0x00000000eed00000| Untracked 
| 238|0x00000000eee00000, 0x00000000eee00000, 0x00000000eef00000|  0%| F|  |TAMS 0x00000000eee00000, 0x00000000eee00000| Untracked 
| 239|0x00000000eef00000, 0x00000000eef00000, 0x00000000ef000000|  0%| F|  |TAMS 0x00000000eef00000, 0x00000000eef00000| Untracked 
| 240|0x00000000ef000000, 0x00000000ef000000, 0x00000000ef100000|  0%| F|  |TAMS 0x00000000ef000000, 0x00000000ef000000| Untracked 
| 241|0x00000000ef100000, 0x00000000ef100000, 0x00000000ef200000|  0%| F|  |TAMS 0x00000000ef100000, 0x00000000ef100000| Untracked 
| 242|0x00000000ef200000, 0x00000000ef200000, 0x00000000ef300000|  0%| F|  |TAMS 0x00000000ef200000, 0x00000000ef200000| Untracked 
| 243|0x00000000ef300000, 0x00000000ef300000, 0x00000000ef400000|  0%| F|  |TAMS 0x00000000ef300000, 0x00000000ef300000| Untracked 
| 244|0x00000000ef400000, 0x00000000ef400000, 0x00000000ef500000|  0%| F|  |TAMS 0x00000000ef400000, 0x00000000ef400000| Untracked 
| 245|0x00000000ef500000, 0x00000000ef500000, 0x00000000ef600000|  0%| F|  |TAMS 0x00000000ef500000, 0x00000000ef500000| Untracked 
| 246|0x00000000ef600000, 0x00000000ef600000, 0x00000000ef700000|  0%| F|  |TAMS 0x00000000ef600000, 0x00000000ef600000| Untracked 
| 247|0x00000000ef700000, 0x00000000ef700000, 0x00000000ef800000|  0%| F|  |TAMS 0x00000000ef700000, 0x00000000ef700000| Untracked 
| 248|0x00000000ef800000, 0x00000000ef800000, 0x00000000ef900000|  0%| F|  |TAMS 0x00000000ef800000, 0x00000000ef800000| Untracked 
| 249|0x00000000ef900000, 0x00000000ef900000, 0x00000000efa00000|  0%| F|  |TAMS 0x00000000ef900000, 0x00000000ef900000| Untracked 
| 250|0x00000000efa00000, 0x00000000efa00000, 0x00000000efb00000|  0%| F|  |TAMS 0x00000000efa00000, 0x00000000efa00000| Untracked 
| 251|0x00000000efb00000, 0x00000000efb00000, 0x00000000efc00000|  0%| F|  |TAMS 0x00000000efb00000, 0x00000000efb00000| Untracked 
| 252|0x00000000efc00000, 0x00000000efc00000, 0x00000000efd00000|  0%| F|  |TAMS 0x00000000efc00000, 0x00000000efc00000| Untracked 
| 253|0x00000000efd00000, 0x00000000efd00000, 0x00000000efe00000|  0%| F|  |TAMS 0x00000000efd00000, 0x00000000efd00000| Untracked 
| 254|0x00000000efe00000, 0x00000000efe00000, 0x00000000eff00000|  0%| F|  |TAMS 0x00000000efe00000, 0x00000000efe00000| Untracked 
| 255|0x00000000eff00000, 0x00000000eff00000, 0x00000000f0000000|  0%| F|  |TAMS 0x00000000eff00000, 0x00000000eff00000| Untracked 
| 256|0x00000000f0000000, 0x00000000f0000000, 0x00000000f0100000|  0%| F|  |TAMS 0x00000000f0000000, 0x00000000f0000000| Untracked 
| 257|0x00000000f0100000, 0x00000000f0100000, 0x00000000f0200000|  0%| F|  |TAMS 0x00000000f0100000, 0x00000000f0100000| Untracked 
| 258|0x00000000f0200000, 0x00000000f0200000, 0x00000000f0300000|  0%| F|  |TAMS 0x00000000f0200000, 0x00000000f0200000| Untracked 
| 259|0x00000000f0300000, 0x00000000f0300000, 0x00000000f0400000|  0%| F|  |TAMS 0x00000000f0300000, 0x00000000f0300000| Untracked 
| 260|0x00000000f0400000, 0x00000000f0400000, 0x00000000f0500000|  0%| F|  |TAMS 0x00000000f0400000, 0x00000000f0400000| Untracked 
| 261|0x00000000f0500000, 0x00000000f0500000, 0x00000000f0600000|  0%| F|  |TAMS 0x00000000f0500000, 0x00000000f0500000| Untracked 
| 262|0x00000000f0600000, 0x00000000f06aafc8, 0x00000000f0700000| 66%| E|  |TAMS 0x00000000f0600000, 0x00000000f0600000| Complete 
| 263|0x00000000f0700000, 0x00000000f0800000, 0x00000000f0800000|100%| E|CS|TAMS 0x00000000f0700000, 0x00000000f0700000| Complete 
| 264|0x00000000f0800000, 0x00000000f0900000, 0x00000000f0900000|100%| E|CS|TAMS 0x00000000f0800000, 0x00000000f0800000| Complete 
| 265|0x00000000f0900000, 0x00000000f0a00000, 0x00000000f0a00000|100%| E|CS|TAMS 0x00000000f0900000, 0x00000000f0900000| Complete 
| 266|0x00000000f0a00000, 0x00000000f0b00000, 0x00000000f0b00000|100%| E|CS|TAMS 0x00000000f0a00000, 0x00000000f0a00000| Complete 
| 267|0x00000000f0b00000, 0x00000000f0c00000, 0x00000000f0c00000|100%| E|CS|TAMS 0x00000000f0b00000, 0x00000000f0b00000| Complete 
| 268|0x00000000f0c00000, 0x00000000f0d00000, 0x00000000f0d00000|100%| E|CS|TAMS 0x00000000f0c00000, 0x00000000f0c00000| Complete 
| 269|0x00000000f0d00000, 0x00000000f0e00000, 0x00000000f0e00000|100%| E|CS|TAMS 0x00000000f0d00000, 0x00000000f0d00000| Complete 
| 270|0x00000000f0e00000, 0x00000000f0f00000, 0x00000000f0f00000|100%| E|CS|TAMS 0x00000000f0e00000, 0x00000000f0e00000| Complete 
| 271|0x00000000f0f00000, 0x00000000f1000000, 0x00000000f1000000|100%| E|CS|TAMS 0x00000000f0f00000, 0x00000000f0f00000| Complete 
| 272|0x00000000f1000000, 0x00000000f1100000, 0x00000000f1100000|100%| E|CS|TAMS 0x00000000f1000000, 0x00000000f1000000| Complete 
| 273|0x00000000f1100000, 0x00000000f1200000, 0x00000000f1200000|100%| E|CS|TAMS 0x00000000f1100000, 0x00000000f1100000| Complete 
| 274|0x00000000f1200000, 0x00000000f1300000, 0x00000000f1300000|100%| E|CS|TAMS 0x00000000f1200000, 0x00000000f1200000| Complete 
| 275|0x00000000f1300000, 0x00000000f1400000, 0x00000000f1400000|100%| E|CS|TAMS 0x00000000f1300000, 0x00000000f1300000| Complete 
| 276|0x00000000f1400000, 0x00000000f1500000, 0x00000000f1500000|100%| E|CS|TAMS 0x00000000f1400000, 0x00000000f1400000| Complete 
| 277|0x00000000f1500000, 0x00000000f1600000, 0x00000000f1600000|100%| E|CS|TAMS 0x00000000f1500000, 0x00000000f1500000| Complete 
| 278|0x00000000f1600000, 0x00000000f1700000, 0x00000000f1700000|100%| E|CS|TAMS 0x00000000f1600000, 0x00000000f1600000| Complete 
| 279|0x00000000f1700000, 0x00000000f1800000, 0x00000000f1800000|100%| E|CS|TAMS 0x00000000f1700000, 0x00000000f1700000| Complete 
| 280|0x00000000f1800000, 0x00000000f1900000, 0x00000000f1900000|100%| E|CS|TAMS 0x00000000f1800000, 0x00000000f1800000| Complete 
| 281|0x00000000f1900000, 0x00000000f1a00000, 0x00000000f1a00000|100%| E|CS|TAMS 0x00000000f1900000, 0x00000000f1900000| Complete 
| 282|0x00000000f1a00000, 0x00000000f1b00000, 0x00000000f1b00000|100%| E|CS|TAMS 0x00000000f1a00000, 0x00000000f1a00000| Complete 
| 283|0x00000000f1b00000, 0x00000000f1c00000, 0x00000000f1c00000|100%| E|CS|TAMS 0x00000000f1b00000, 0x00000000f1b00000| Complete 

Card table byte_map: [0x0000025864180000,0x0000025864280000] _byte_map_base: 0x0000025863a80000

Marking Bits (Prev, Next): (CMBitMap*) 0x000002584b6d6c90, (CMBitMap*) 0x000002584b6d6cd0
 Prev Bits: [0x0000025864380000, 0x0000025864b80000)
 Next Bits: [0x0000025864b80000, 0x0000025865380000)

Polling page: 0x000002584b560000

Metaspace:

Usage:
  Non-class:     71.90 MB used.
      Class:     10.43 MB used.
       Both:     82.33 MB used.

Virtual space:
  Non-class space:       80.00 MB reserved,      72.31 MB ( 90%) committed,  10 nodes.
      Class space:      208.00 MB reserved,      10.75 MB (  5%) committed,  1 nodes.
              Both:      288.00 MB reserved,      83.06 MB ( 29%) committed. 

Chunk freelists:
   Non-Class:  3.53 MB
       Class:  1.26 MB
        Both:  4.79 MB

MaxMetaspaceSize: 256.00 MB
CompressedClassSpaceSize: 208.00 MB
 - commit_granule_bytes: 65536.
 - commit_granule_words: 8192.
 - virtual_space_node_default_size: 1048576.
 - enlarge_chunks_in_place: 1.
 - new_chunks_are_fully_committed: 0.
 - uncommit_free_chunks: 1.
 - use_allocation_guard: 0.
 - handle_deallocations: 1.


Internal statistics:

num_allocs_failed_limit: 9.
num_arena_births: 1244.
num_arena_deaths: 356.
num_vsnodes_births: 11.
num_vsnodes_deaths: 0.
num_space_committed: 1370.
num_space_uncommitted: 41.
num_chunks_returned_to_freelist: 701.
num_chunks_taken_from_freelist: 5395.
num_chunk_merges: 217.
num_chunk_splits: 3211.
num_chunks_enlarged: 1961.
num_purges: 4.

CodeHeap 'non-profiled nmethods': size=120000Kb used=12455Kb max_used=12455Kb free=107544Kb
 bounds [0x000002585c0f0000, 0x000002585cd30000, 0x0000025863620000]
CodeHeap 'profiled nmethods': size=120000Kb used=31571Kb max_used=32352Kb free=88428Kb
 bounds [0x0000025854bc0000, 0x0000025856b60000, 0x000002585c0f0000]
CodeHeap 'non-nmethods': size=5760Kb used=2403Kb max_used=2517Kb free=3356Kb
 bounds [0x0000025854620000, 0x00000258548c0000, 0x0000025854bc0000]
 total_blobs=16420 nmethods=15493 adapters=838
 compilation: enabled
              stopped_count=0, restarted_count=0
 full_count=0

Compilation events (20 events):
Event: 8898.307 Thread 0x0000025867dc3370 19404       3       org.gradle.api.internal.file.AbstractFileCollection::iterator (10 bytes)
Event: 8898.308 Thread 0x0000025867dc3370 nmethod 19404 0x0000025854ce1b10 code [0x0000025854ce1cc0, 0x0000025854ce1f58]
Event: 8898.324 Thread 0x0000025867dc3370 19405       3       com.google.common.collect.ImmutableSortedMap::size (8 bytes)
Event: 8898.324 Thread 0x0000025867dc3370 nmethod 19405 0x0000025855710b90 code [0x0000025855710d40, 0x0000025855710f28]
Event: 8898.324 Thread 0x0000025867dc3370 19408       3       org.gradle.internal.resources.DefaultResourceLockCoordinationService$DefaultResourceLockState::registerUnlocked (53 bytes)
Event: 8898.324 Thread 0x0000025867dc3370 nmethod 19408 0x0000025855907610 code [0x0000025855907820, 0x0000025855908078]
Event: 8898.324 Thread 0x0000025867dc3370 19406       3       org.gradle.internal.serialize.AbstractEncoder::writeBinary (9 bytes)
Event: 8898.324 Thread 0x0000025867dc3370 nmethod 19406 0x000002585581f590 code [0x000002585581f760, 0x000002585581fb18]
Event: 8898.324 Thread 0x0000025867dc3370 19407       3       org.gradle.internal.serialize.AbstractEncoder::writeBinary (13 bytes)
Event: 8898.324 Thread 0x0000025867dc3370 nmethod 19407 0x0000025856ac5690 code [0x0000025856ac5840, 0x0000025856ac5af8]
Event: 8898.324 Thread 0x0000025867dc3370 19409       1       org.gradle.execution.plan.Node::getMutationInfo (5 bytes)
Event: 8898.325 Thread 0x0000025867dc3370 nmethod 19409 0x000002585c7aac90 code [0x000002585c7aae20, 0x000002585c7aaef8]
Event: 8898.325 Thread 0x0000025867dc3370 19410       1       java.util.HashMap::loadFactor (5 bytes)
Event: 8898.325 Thread 0x0000025867dc3370 nmethod 19410 0x000002585c7aa990 code [0x000002585c7aab20, 0x000002585c7aabf8]
Event: 8898.325 Thread 0x0000025867dc3370 19411       1       kotlin.reflect.jvm.internal.pcollections.ConsPStack::size (5 bytes)
Event: 8898.325 Thread 0x0000025867dc3370 nmethod 19411 0x000002585c7aa690 code [0x000002585c7aa820, 0x000002585c7aa8f8]
Event: 8898.326 Thread 0x000002586d738720 19412       4       org.gradle.internal.operations.CurrentBuildOperationRef::getId (20 bytes)
Event: 8898.326 Thread 0x0000025867da0a20 19413       4       org.gradle.internal.file.DefaultFileHierarchySet$Node::contains (101 bytes)
Event: 8898.327 Thread 0x000002586d738720 nmethod 19412 0x000002585c118390 code [0x000002585c118540, 0x000002585c118728]
Event: 8898.349 Thread 0x0000025867da0a20 nmethod 19413 0x000002585cac7390 code [0x000002585cac7680, 0x000002585cac8ed0]

GC Heap History (20 events):
Event: 8851.606 GC heap before
{Heap before GC invocations=26 (full 0):
 garbage-first heap   total 290816K, used 236741K [0x00000000e0000000, 0x0000000100000000)
  region size 1024K, 132 young (135168K), 15 survivors (15360K)
 Metaspace       used 77668K, committed 78592K, reserved 286720K
  class space    used 9872K, committed 10432K, reserved 212992K
}
Event: 8851.617 GC heap after
{Heap after GC invocations=27 (full 0):
 garbage-first heap   total 290816K, used 124193K [0x00000000e0000000, 0x0000000100000000)
  region size 1024K, 16 young (16384K), 16 survivors (16384K)
 Metaspace       used 77668K, committed 78592K, reserved 286720K
  class space    used 9872K, committed 10432K, reserved 212992K
}
Event: 8853.875 GC heap before
{Heap before GC invocations=27 (full 0):
 garbage-first heap   total 290816K, used 236833K [0x00000000e0000000, 0x0000000100000000)
  region size 1024K, 127 young (130048K), 16 survivors (16384K)
 Metaspace       used 80072K, committed 80832K, reserved 286720K
  class space    used 10153K, committed 10496K, reserved 212992K
}
Event: 8853.885 GC heap after
{Heap after GC invocations=28 (full 0):
 garbage-first heap   total 290816K, used 124751K [0x00000000e0000000, 0x0000000100000000)
  region size 1024K, 13 young (13312K), 13 survivors (13312K)
 Metaspace       used 80072K, committed 80832K, reserved 286720K
  class space    used 10153K, committed 10496K, reserved 212992K
}
Event: 8854.600 GC heap before
{Heap before GC invocations=28 (full 0):
 garbage-first heap   total 290816K, used 234319K [0x00000000e0000000, 0x0000000100000000)
  region size 1024K, 121 young (123904K), 13 survivors (13312K)
 Metaspace       used 80553K, committed 81344K, reserved 286720K
  class space    used 10217K, committed 10560K, reserved 212992K
}
Event: 8854.610 GC heap after
{Heap after GC invocations=29 (full 0):
 garbage-first heap   total 290816K, used 128248K [0x00000000e0000000, 0x0000000100000000)
  region size 1024K, 6 young (6144K), 6 survivors (6144K)
 Metaspace       used 80553K, committed 81344K, reserved 286720K
  class space    used 10217K, committed 10560K, reserved 212992K
}
Event: 8854.753 GC heap before
{Heap before GC invocations=29 (full 0):
 garbage-first heap   total 290816K, used 237816K [0x00000000e0000000, 0x0000000100000000)
  region size 1024K, 112 young (114688K), 6 survivors (6144K)
 Metaspace       used 80653K, committed 81408K, reserved 286720K
  class space    used 10229K, committed 10560K, reserved 212992K
}
Event: 8854.757 GC heap after
{Heap after GC invocations=30 (full 0):
 garbage-first heap   total 290816K, used 128248K [0x00000000e0000000, 0x0000000100000000)
  region size 1024K, 6 young (6144K), 6 survivors (6144K)
 Metaspace       used 80653K, committed 81408K, reserved 286720K
  class space    used 10229K, committed 10560K, reserved 212992K
}
Event: 8854.973 GC heap before
{Heap before GC invocations=30 (full 0):
 garbage-first heap   total 290816K, used 242936K [0x00000000e0000000, 0x0000000100000000)
  region size 1024K, 116 young (118784K), 6 survivors (6144K)
 Metaspace       used 80824K, committed 81600K, reserved 286720K
  class space    used 10246K, committed 10560K, reserved 212992K
}
Event: 8854.976 GC heap after
{Heap after GC invocations=31 (full 0):
 garbage-first heap   total 290816K, used 129405K [0x00000000e0000000, 0x0000000100000000)
  region size 1024K, 7 young (7168K), 7 survivors (7168K)
 Metaspace       used 80824K, committed 81600K, reserved 286720K
  class space    used 10246K, committed 10560K, reserved 212992K
}
Event: 8855.071 GC heap before
{Heap before GC invocations=31 (full 0):
 garbage-first heap   total 290816K, used 246141K [0x00000000e0000000, 0x0000000100000000)
  region size 1024K, 119 young (121856K), 7 survivors (7168K)
 Metaspace       used 80844K, committed 81600K, reserved 286720K
  class space    used 10248K, committed 10560K, reserved 212992K
}
Event: 8855.078 GC heap after
{Heap after GC invocations=32 (full 0):
 garbage-first heap   total 290816K, used 129402K [0x00000000e0000000, 0x0000000100000000)
  region size 1024K, 7 young (7168K), 7 survivors (7168K)
 Metaspace       used 80844K, committed 81600K, reserved 286720K
  class space    used 10248K, committed 10560K, reserved 212992K
}
Event: 8855.128 GC heap before
{Heap before GC invocations=32 (full 0):
 garbage-first heap   total 290816K, used 247162K [0x00000000e0000000, 0x0000000100000000)
  region size 1024K, 121 young (123904K), 7 survivors (7168K)
 Metaspace       used 80844K, committed 81600K, reserved 286720K
  class space    used 10248K, committed 10560K, reserved 212992K
}
Event: 8855.136 GC heap after
{Heap after GC invocations=33 (full 0):
 garbage-first heap   total 290816K, used 129272K [0x00000000e0000000, 0x0000000100000000)
  region size 1024K, 6 young (6144K), 6 survivors (6144K)
 Metaspace       used 80844K, committed 81600K, reserved 286720K
  class space    used 10248K, committed 10560K, reserved 212992K
}
Event: 8864.264 GC heap before
{Heap before GC invocations=33 (full 0):
 garbage-first heap   total 290816K, used 250104K [0x00000000e0000000, 0x0000000100000000)
  region size 1024K, 123 young (125952K), 6 survivors (6144K)
 Metaspace       used 81496K, committed 82240K, reserved 286720K
  class space    used 10313K, committed 10624K, reserved 212992K
}
Event: 8864.269 GC heap after
{Heap after GC invocations=34 (full 0):
 garbage-first heap   total 290816K, used 128752K [0x00000000e0000000, 0x0000000100000000)
  region size 1024K, 7 young (7168K), 7 survivors (7168K)
 Metaspace       used 81496K, committed 82240K, reserved 286720K
  class space    used 10313K, committed 10624K, reserved 212992K
}
Event: 8864.876 GC heap before
{Heap before GC invocations=34 (full 0):
 garbage-first heap   total 290816K, used 251632K [0x00000000e0000000, 0x0000000100000000)
  region size 1024K, 126 young (129024K), 7 survivors (7168K)
 Metaspace       used 81722K, committed 82496K, reserved 286720K
  class space    used 10336K, committed 10688K, reserved 212992K
}
Event: 8864.882 GC heap after
{Heap after GC invocations=35 (full 0):
 garbage-first heap   total 290816K, used 133642K [0x00000000e0000000, 0x0000000100000000)
  region size 1024K, 11 young (11264K), 11 survivors (11264K)
 Metaspace       used 81722K, committed 82496K, reserved 286720K
  class space    used 10336K, committed 10688K, reserved 212992K
}
Event: 8865.628 GC heap before
{Heap before GC invocations=35 (full 0):
 garbage-first heap   total 290816K, used 247306K [0x00000000e0000000, 0x0000000100000000)
  region size 1024K, 123 young (125952K), 11 survivors (11264K)
 Metaspace       used 83064K, committed 83840K, reserved 286720K
  class space    used 10494K, committed 10816K, reserved 212992K
}
Event: 8865.636 GC heap after
{Heap after GC invocations=36 (full 0):
 garbage-first heap   total 290816K, used 138063K [0x00000000e0000000, 0x0000000100000000)
  region size 1024K, 10 young (10240K), 10 survivors (10240K)
 Metaspace       used 83064K, committed 83840K, reserved 286720K
  class space    used 10494K, committed 10816K, reserved 212992K
}

Deoptimization events (20 events):
Event: 8897.946 Thread 0x0000025869d32500 Uncommon trap: trap_request=0xffffff76 fr.pc=0x000002585c8ea614 relative=0x0000000000000174
Event: 8897.946 Thread 0x0000025869d32500 Uncommon trap: reason=predicate action=maybe_recompile pc=0x000002585c8ea614 method=java.util.Arrays.binarySearch0([Ljava/lang/Object;IILjava/lang/Object;)I @ 12 c2
Event: 8897.946 Thread 0x0000025869d32500 DEOPT PACKING pc=0x000002585c8ea614 sp=0x000000eac12f9890
Event: 8897.946 Thread 0x0000025869d32500 DEOPT UNPACKING pc=0x000002585466d72e sp=0x000000eac12f9800 mode 2
Event: 8897.947 Thread 0x0000025869d32500 Uncommon trap: trap_request=0xffffff45 fr.pc=0x000002585c94dd90 relative=0x0000000000000470
Event: 8897.947 Thread 0x0000025869d32500 Uncommon trap: reason=unstable_if action=reinterpret pc=0x000002585c94dd90 method=sun.util.calendar.ZoneInfo.getOffsets(J[II)I @ 4 c2
Event: 8897.947 Thread 0x0000025869d32500 DEOPT PACKING pc=0x000002585c94dd90 sp=0x000000eac12f97e0
Event: 8897.947 Thread 0x0000025869d32500 DEOPT UNPACKING pc=0x000002585466d72e sp=0x000000eac12f9760 mode 2
Event: 8898.014 Thread 0x0000025869d32500 Uncommon trap: trap_request=0xffffff45 fr.pc=0x000002585c950f14 relative=0x0000000000000454
Event: 8898.014 Thread 0x0000025869d32500 Uncommon trap: reason=unstable_if action=reinterpret pc=0x000002585c950f14 method=sun.nio.cs.UTF_8$Encoder.encodeArrayLoop(Ljava/nio/CharBuffer;Ljava/nio/ByteBuffer;)Ljava/nio/charset/CoderResult; @ 113 c2
Event: 8898.014 Thread 0x0000025869d32500 DEOPT PACKING pc=0x000002585c950f14 sp=0x000000eac12f9880
Event: 8898.014 Thread 0x0000025869d32500 DEOPT UNPACKING pc=0x000002585466d72e sp=0x000000eac12f97e8 mode 2
Event: 8898.045 Thread 0x000002586ff16e00 Uncommon trap: trap_request=0xffffff45 fr.pc=0x000002585c338fb0 relative=0x00000000000015d0
Event: 8898.045 Thread 0x000002586ff16e00 Uncommon trap: reason=unstable_if action=reinterpret pc=0x000002585c338fb0 method=java.util.WeakHashMap.remove(Ljava/lang/Object;)Ljava/lang/Object; @ 92 c2
Event: 8898.045 Thread 0x000002586ff16e00 DEOPT PACKING pc=0x000002585c338fb0 sp=0x000000eac5ffd320
Event: 8898.045 Thread 0x000002586ff16e00 DEOPT UNPACKING pc=0x000002585466d72e sp=0x000000eac5ffd208 mode 2
Event: 8898.050 Thread 0x0000025869d32500 Uncommon trap: trap_request=0xffffff45 fr.pc=0x000002585c321774 relative=0x0000000000000254
Event: 8898.050 Thread 0x0000025869d32500 Uncommon trap: reason=unstable_if action=reinterpret pc=0x000002585c321774 method=java.io.BufferedWriter.write(I)V @ 19 c2
Event: 8898.050 Thread 0x0000025869d32500 DEOPT PACKING pc=0x000002585c321774 sp=0x000000eac12f8c50
Event: 8898.050 Thread 0x0000025869d32500 DEOPT UNPACKING pc=0x000002585466d72e sp=0x000000eac12f8bf8 mode 2

Classes unloaded (20 events):
Event: 8797.007 Thread 0x0000025867d7d1f0 Unloading class 0x0000000800d1e400 'jdk/internal/reflect/GeneratedSerializationConstructorAccessor9'
Event: 8797.007 Thread 0x0000025867d7d1f0 Unloading class 0x0000000800cea400 'java/lang/invoke/LambdaForm$DMH+0x0000000800cea400'
Event: 8797.007 Thread 0x0000025867d7d1f0 Unloading class 0x0000000800ce9c00 'java/lang/invoke/LambdaForm$DMH+0x0000000800ce9c00'
Event: 8797.007 Thread 0x0000025867d7d1f0 Unloading class 0x0000000800ce9800 'java/lang/invoke/LambdaForm$MH+0x0000000800ce9800'
Event: 8797.007 Thread 0x0000025867d7d1f0 Unloading class 0x0000000800ce9400 'java/lang/invoke/LambdaForm$MH+0x0000000800ce9400'
Event: 8797.007 Thread 0x0000025867d7d1f0 Unloading class 0x0000000800ce9000 'java/lang/invoke/LambdaForm$MH+0x0000000800ce9000'
Event: 8797.007 Thread 0x0000025867d7d1f0 Unloading class 0x0000000800ce8c00 'java/lang/invoke/LambdaForm$MH+0x0000000800ce8c00'
Event: 8797.007 Thread 0x0000025867d7d1f0 Unloading class 0x0000000800ce8800 'java/lang/invoke/LambdaForm$MH+0x0000000800ce8800'
Event: 8797.007 Thread 0x0000025867d7d1f0 Unloading class 0x0000000800ce8400 'java/lang/invoke/LambdaForm$MH+0x0000000800ce8400'
Event: 8797.007 Thread 0x0000025867d7d1f0 Unloading class 0x0000000800ce8000 'java/lang/invoke/LambdaForm$MH+0x0000000800ce8000'
Event: 8797.007 Thread 0x0000025867d7d1f0 Unloading class 0x0000000800cc3800 'java/lang/invoke/LambdaForm$MH+0x0000000800cc3800'
Event: 8797.007 Thread 0x0000025867d7d1f0 Unloading class 0x0000000800cc3000 'java/lang/invoke/LambdaForm$MH+0x0000000800cc3000'
Event: 8797.007 Thread 0x0000025867d7d1f0 Unloading class 0x0000000800cc2c00 'java/lang/invoke/LambdaForm$MH+0x0000000800cc2c00'
Event: 8797.007 Thread 0x0000025867d7d1f0 Unloading class 0x0000000800cc2800 'java/lang/invoke/LambdaForm$MH+0x0000000800cc2800'
Event: 8797.007 Thread 0x0000025867d7d1f0 Unloading class 0x0000000800cc2400 'java/lang/invoke/LambdaForm$MH+0x0000000800cc2400'
Event: 8797.007 Thread 0x0000025867d7d1f0 Unloading class 0x0000000800cc1c00 'java/lang/invoke/LambdaForm$MH+0x0000000800cc1c00'
Event: 8797.007 Thread 0x0000025867d7d1f0 Unloading class 0x0000000800c26c00 'java/lang/invoke/LambdaForm$MH+0x0000000800c26c00'
Event: 8797.007 Thread 0x0000025867d7d1f0 Unloading class 0x0000000800c26800 'java/lang/invoke/LambdaForm$MH+0x0000000800c26800'
Event: 8797.007 Thread 0x0000025867d7d1f0 Unloading class 0x0000000800c26000 'java/lang/invoke/LambdaForm$MH+0x0000000800c26000'
Event: 8797.007 Thread 0x0000025867d7d1f0 Unloading class 0x0000000800c24400 'java/lang/invoke/LambdaForm$MH+0x0000000800c24400'

Classes redefined (0 events):
No events

Internal exceptions (20 events):
Event: 8865.344 Thread 0x0000025869d32500 Exception <a 'sun/nio/fs/WindowsException'{0x00000000edcc1bf0}> (0x00000000edcc1bf0) 
thrown [t:\workspace\open\src\hotspot\share\prims\jni.cpp, line 579]
Event: 8865.345 Thread 0x0000025869d32500 Exception <a 'sun/nio/fs/WindowsException'{0x00000000edcc2c50}> (0x00000000edcc2c50) 
thrown [t:\workspace\open\src\hotspot\share\prims\jni.cpp, line 579]
Event: 8865.346 Thread 0x0000025869d32500 Exception <a 'sun/nio/fs/WindowsException'{0x00000000edcc3dd8}> (0x00000000edcc3dd8) 
thrown [t:\workspace\open\src\hotspot\share\prims\jni.cpp, line 579]
Event: 8865.346 Thread 0x0000025869d32500 Exception <a 'sun/nio/fs/WindowsException'{0x00000000edcc4060}> (0x00000000edcc4060) 
thrown [t:\workspace\open\src\hotspot\share\prims\jni.cpp, line 579]
Event: 8865.347 Thread 0x0000025869d32500 Exception <a 'sun/nio/fs/WindowsException'{0x00000000edcc6200}> (0x00000000edcc6200) 
thrown [t:\workspace\open\src\hotspot\share\prims\jni.cpp, line 579]
Event: 8865.347 Thread 0x0000025869d32500 Exception <a 'sun/nio/fs/WindowsException'{0x00000000edcc6468}> (0x00000000edcc6468) 
thrown [t:\workspace\open\src\hotspot\share\prims\jni.cpp, line 579]
Event: 8865.347 Thread 0x0000025869d32500 Exception <a 'sun/nio/fs/WindowsException'{0x00000000edcc85f8}> (0x00000000edcc85f8) 
thrown [t:\workspace\open\src\hotspot\share\prims\jni.cpp, line 579]
Event: 8865.576 Thread 0x000002586abbef10 Exception <a 'java/lang/NoSuchMethodError'{0x00000000ec3d0b80}: static Lorg/gradle/internal/build/event/types/DefaultTaskSkippedResult;.<clinit>()V> (0x00000000ec3d0b80) 
thrown [t:\workspace\open\src\hotspot\share\prims\jni.cpp, line 1210]
Event: 8865.579 Thread 0x0000025869d32500 Implicit null exception at 0x000002585c387ac0 to 0x000002585c38d30c
Event: 8865.721 Thread 0x0000025869d32500 Implicit null exception at 0x000002585c263240 to 0x000002585c263910
Event: 8865.816 Thread 0x000002586ff1b310 Exception <a 'java/lang/NoSuchMethodError'{0x00000000f1363c20}: static Ljava/lang/Object;.<clinit>()V> (0x00000000f1363c20) 
thrown [t:\workspace\open\src\hotspot\share\prims\jni.cpp, line 1210]
Event: 8865.817 Thread 0x000002586ff1b310 Exception <a 'java/lang/NoSuchMethodError'{0x00000000f136d9a8}: static Lorg/gradle/api/internal/tasks/testing/junitplatform/JUnitPlatformTestFramework$JUnitPlatformTestClassProcessorFactory;.<clinit>()V> (0x00000000f136d9a8) 
thrown [t:\workspace\open\src\hotspot\share\prims\jni.cpp, line 1210]
Event: 8865.818 Thread 0x000002586ff1b310 Exception <a 'java/lang/NoSuchMethodError'{0x00000000f137fcf8}: static Lorg/gradle/api/internal/tasks/testing/junitplatform/JUnitPlatformSpec;.<clinit>()V> (0x00000000f137fcf8) 
thrown [t:\workspace\open\src\hotspot\share\prims\jni.cpp, line 1210]
Event: 8865.818 Thread 0x000002586ff1b310 Exception <a 'java/lang/NoSuchMethodError'{0x00000000f1381e48}: static Lorg/gradle/api/internal/tasks/testing/junit/AbstractJUnitSpec;.<clinit>()V> (0x00000000f1381e48) 
thrown [t:\workspace\open\src\hotspot\share\prims\jni.cpp, line 1210]
Event: 8865.831 Thread 0x000002586ff19330 Exception <a 'java/lang/NoSuchMethodError'{0x00000000f13d9b60}: 'void java.lang.invoke.DirectMethodHandle$Holder.invokeStatic(java.lang.Object, long)'> (0x00000000f13d9b60) 
thrown [t:\workspace\open\src\hotspot\share\interpreter\linkResolver.cpp, line 790]
Event: 8865.832 Thread 0x000002586ff19330 Exception <a 'java/lang/NoSuchMethodError'{0x00000000f13df3d0}: 'java.lang.Object java.lang.invoke.DirectMethodHandle$Holder.newInvokeSpecial(java.lang.Object, long)'> (0x00000000f13df3d0) 
thrown [t:\workspace\open\src\hotspot\share\interpreter\linkResolver.cpp, line 790]
Event: 8865.833 Thread 0x000002586ff19330 Exception <a 'java/lang/NoSuchMethodError'{0x00000000f13e98f8}: 'java.lang.Object java.lang.invoke.DirectMethodHandle$Holder.invokeStaticInit(java.lang.Object, java.lang.Object, long, java.lang.Object)'> (0x00000000f13e98f8) 
thrown [t:\workspace\open\src\hotspot\share\interpreter\linkResolver.cpp, line 790]
Event: 8865.834 Thread 0x000002586ff19330 Exception <a 'java/lang/NoSuchMethodError'{0x00000000f13f1b58}: 'java.lang.Object java.lang.invoke.DirectMethodHandle$Holder.newInvokeSpecial(java.lang.Object, java.lang.Object, long)'> (0x00000000f13f1b58) 
thrown [t:\workspace\open\src\hotspot\share\interpreter\linkResolver.cpp, line 790]
Event: 8865.834 Thread 0x000002586ff19330 Exception <a 'java/lang/NoSuchMethodError'{0x00000000f13f58b0}: 'java.lang.Object java.lang.invoke.Invokers$Holder.linkToTargetMethod(java.lang.Object, long, java.lang.Object)'> (0x00000000f13f58b0) 
thrown [t:\workspace\open\src\hotspot\share\interpreter\linkResolver.cpp, line 790]
Event: 8897.946 Thread 0x0000025869d32500 Implicit null exception at 0x000002585c94d960 to 0x000002585c94dd70

Events (20 events):
Event: 8897.940 loading class java/text/ChoiceFormat
Event: 8897.940 loading class java/text/ChoiceFormat done
Event: 8897.943 Executing  VM operation: HandshakeAllThreads
Event: 8897.944 Executing  VM operation: HandshakeAllThreads done
Event: 8897.944 Executing  VM operation: Cleanup
Event: 8897.944 Executing  VM operation: Cleanup done
Event: 8898.014 Thread 0x000002586d738cb0 Thread added: 0x000002586d738cb0
Event: 8898.014 Thread 0x000002586d738720 Thread added: 0x000002586d738720
Event: 8898.044 loading class java/math/BigDecimal$StringBuilderHelper
Event: 8898.045 loading class java/math/BigDecimal$StringBuilderHelper done
Event: 8898.325 Thread 0x0000025869d33a40 Thread exited: 0x0000025869d33a40
Event: 8898.325 Thread 0x0000025869d32fa0 Thread exited: 0x0000025869d32fa0
Event: 8898.325 Thread 0x0000025869d30a70 Thread exited: 0x0000025869d30a70
Event: 8898.325 Thread 0x0000025869d33f90 Thread exited: 0x0000025869d33f90
Event: 8898.325 Thread 0x0000025869d2f530 Thread exited: 0x0000025869d2f530
Event: 8898.325 Thread 0x0000025869d334f0 Thread exited: 0x0000025869d334f0
Event: 8898.325 Thread 0x0000025869d32500 Thread exited: 0x0000025869d32500
Event: 8898.371 Thread 0x000002586abc4960 Thread exited: 0x000002586abc4960
Event: 8898.372 Thread 0x0000025869d344e0 Thread exited: 0x0000025869d344e0
Event: 8898.383 Thread 0x000002586abbd9d0 Thread exited: 0x000002586abbd9d0


Dynamic libraries:
0x00007ff6e49c0000 - 0x00007ff6e49ce000 	C:\Users\PC-YK-D-1\.jdks\openjdk-16.0.2\bin\java.exe
0x00007ff8b7470000 - 0x00007ff8b7665000 	C:\Windows\SYSTEM32\ntdll.dll
0x00007ff8b6a70000 - 0x00007ff8b6b2d000 	C:\Windows\System32\KERNEL32.DLL
0x00007ff8b4fd0000 - 0x00007ff8b5299000 	C:\Windows\System32\KERNELBASE.dll
0x00007ff8b4c00000 - 0x00007ff8b4d00000 	C:\Windows\System32\ucrtbase.dll
0x00007ff8a1050000 - 0x00007ff8a1069000 	C:\Users\PC-YK-D-1\.jdks\openjdk-16.0.2\bin\VCRUNTIME140.dll
0x00007ff892ec0000 - 0x00007ff892ed8000 	C:\Users\PC-YK-D-1\.jdks\openjdk-16.0.2\bin\jli.dll
0x00007ff8b64c0000 - 0x00007ff8b6660000 	C:\Windows\System32\USER32.dll
0x00007ff8a5080000 - 0x00007ff8a531a000 	C:\Windows\WinSxS\amd64_microsoft.windows.common-controls_6595b64144ccf1df_6.0.19041.1110_none_60b5254171f9507e\COMCTL32.dll
0x00007ff8b4f70000 - 0x00007ff8b4f92000 	C:\Windows\System32\win32u.dll
0x00007ff8b6660000 - 0x00007ff8b66fe000 	C:\Windows\System32\msvcrt.dll
0x00007ff8b59c0000 - 0x00007ff8b59ea000 	C:\Windows\System32\GDI32.dll
0x00007ff8b4e60000 - 0x00007ff8b4f6b000 	C:\Windows\System32\gdi32full.dll
0x00007ff8b5390000 - 0x00007ff8b542d000 	C:\Windows\System32\msvcp_win.dll
0x00007ff8b6b30000 - 0x00007ff8b6b60000 	C:\Windows\System32\IMM32.DLL
0x00007ff8a8bc0000 - 0x00007ff8a8bcc000 	C:\Users\PC-YK-D-1\.jdks\openjdk-16.0.2\bin\vcruntime140_1.dll
0x00007ff8715d0000 - 0x00007ff871661000 	C:\Users\PC-YK-D-1\.jdks\openjdk-16.0.2\bin\msvcp140.dll
0x00007ff849850000 - 0x00007ff84a3fb000 	C:\Users\PC-YK-D-1\.jdks\openjdk-16.0.2\bin\server\jvm.dll
0x00007ff8b6360000 - 0x00007ff8b640c000 	C:\Windows\System32\ADVAPI32.dll
0x00007ff8b69d0000 - 0x00007ff8b6a6b000 	C:\Windows\System32\sechost.dll
0x00007ff8b72a0000 - 0x00007ff8b73ca000 	C:\Windows\System32\RPCRT4.dll
0x00007ff8b68a0000 - 0x00007ff8b68a8000 	C:\Windows\System32\PSAPI.DLL
0x00007ff8a1520000 - 0x00007ff8a1529000 	C:\Windows\SYSTEM32\WSOCK32.dll
0x00007ff8b6830000 - 0x00007ff8b689b000 	C:\Windows\System32\WS2_32.dll
0x00007ff8acc90000 - 0x00007ff8accb7000 	C:\Windows\SYSTEM32\WINMM.dll
0x00007ff8ae690000 - 0x00007ff8ae69a000 	C:\Windows\SYSTEM32\VERSION.dll
0x00007ff8b2ac0000 - 0x00007ff8b2ad2000 	C:\Windows\SYSTEM32\kernel.appcore.dll
0x00007ff8a6bb0000 - 0x00007ff8a6bba000 	C:\Users\PC-YK-D-1\.jdks\openjdk-16.0.2\bin\jimage.dll
0x00007ff8a6740000 - 0x00007ff8a6924000 	C:\Windows\SYSTEM32\DBGHELP.DLL
0x00007ff8a6140000 - 0x00007ff8a616c000 	C:\Windows\SYSTEM32\dbgcore.DLL
0x00007ff8b5300000 - 0x00007ff8b5383000 	C:\Windows\System32\bcryptPrimitives.dll
0x00007ff88fff0000 - 0x00007ff890015000 	C:\Users\PC-YK-D-1\.jdks\openjdk-16.0.2\bin\java.dll
0x00007ff8b6b60000 - 0x00007ff8b729f000 	C:\Windows\System32\SHELL32.dll
0x00007ff8b2cc0000 - 0x00007ff8b3451000 	C:\Windows\SYSTEM32\windows.storage.dll
0x00007ff8b5580000 - 0x00007ff8b58d5000 	C:\Windows\System32\combase.dll
0x00007ff8b4540000 - 0x00007ff8b456c000 	C:\Windows\SYSTEM32\Wldp.dll
0x00007ff8b62b0000 - 0x00007ff8b635e000 	C:\Windows\System32\SHCORE.dll
0x00007ff8b5fc0000 - 0x00007ff8b6015000 	C:\Windows\System32\shlwapi.dll
0x00007ff8b4af0000 - 0x00007ff8b4b0f000 	C:\Windows\SYSTEM32\profapi.dll
0x00007ff88ffd0000 - 0x00007ff88ffe9000 	C:\Users\PC-YK-D-1\.jdks\openjdk-16.0.2\bin\net.dll
0x00007ff8abf90000 - 0x00007ff8ac09a000 	C:\Windows\SYSTEM32\WINHTTP.dll
0x00007ff8b4320000 - 0x00007ff8b438a000 	C:\Windows\system32\mswsock.dll
0x00007ff88cb90000 - 0x00007ff88cba3000 	C:\Users\PC-YK-D-1\.jdks\openjdk-16.0.2\bin\nio.dll
0x00007ff883e80000 - 0x00007ff883e98000 	C:\Users\PC-YK-D-1\.jdks\openjdk-16.0.2\bin\zip.dll
0x00007ff8a63a0000 - 0x00007ff8a63b0000 	C:\Users\PC-YK-D-1\.jdks\openjdk-16.0.2\bin\verify.dll
0x00007ff8a12b0000 - 0x00007ff8a12d7000 	F:\Yunus Files\gradle-7.1.1-all\native\8bec1ad78214c89d9ad589b4d07fe93259594b29d510b10fafb7a158f7737e5d\windows-amd64\native-platform.dll
0x00007ff858ea0000 - 0x00007ff858fdd000 	F:\Yunus Files\gradle-7.1.1-all\native\53dbd7edfb1c66fb8903c78663c9afc45aea4f116125fa6feffd364cf09443e8\windows-amd64\native-platform-file-events.dll
0x00007ff8ad8d0000 - 0x00007ff8ad8d9000 	C:\Users\PC-YK-D-1\.jdks\openjdk-16.0.2\bin\management.dll
0x00007ff8ace20000 - 0x00007ff8ace2b000 	C:\Users\PC-YK-D-1\.jdks\openjdk-16.0.2\bin\management_ext.dll
0x00007ff8b4580000 - 0x00007ff8b4598000 	C:\Windows\SYSTEM32\CRYPTSP.dll
0x00007ff8b3c70000 - 0x00007ff8b3ca4000 	C:\Windows\system32\rsaenh.dll
0x00007ff8b4fa0000 - 0x00007ff8b4fc7000 	C:\Windows\System32\bcrypt.dll
0x00007ff8b4ab0000 - 0x00007ff8b4ade000 	C:\Windows\SYSTEM32\USERENV.dll
0x00007ff8b44a0000 - 0x00007ff8b44ac000 	C:\Windows\SYSTEM32\CRYPTBASE.dll
0x00007ff8b3fe0000 - 0x00007ff8b401b000 	C:\Windows\SYSTEM32\IPHLPAPI.DLL
0x00007ff8b54e0000 - 0x00007ff8b54e8000 	C:\Windows\System32\NSI.dll
0x00007ff8aeef0000 - 0x00007ff8aef07000 	C:\Windows\SYSTEM32\dhcpcsvc6.DLL
0x00007ff8aeed0000 - 0x00007ff8aeeed000 	C:\Windows\SYSTEM32\dhcpcsvc.DLL
0x00007ff8b4020000 - 0x00007ff8b40ec000 	C:\Windows\SYSTEM32\DNSAPI.dll
0x00007ff8a59e0000 - 0x00007ff8a59ee000 	C:\Users\PC-YK-D-1\.jdks\openjdk-16.0.2\bin\sunmscapi.dll
0x00007ff8b4d00000 - 0x00007ff8b4e5f000 	C:\Windows\System32\CRYPT32.dll
0x00007ff8b4690000 - 0x00007ff8b46b7000 	C:\Windows\SYSTEM32\ncrypt.dll
0x00007ff8b4650000 - 0x00007ff8b468b000 	C:\Windows\SYSTEM32\NTASN1.dll
0x00007ff8a3f70000 - 0x00007ff8a3f77000 	C:\Windows\system32\wshunix.dll

dbghelp: loaded successfully - version: 4.0.5 - missing functions: none
symbol engine: initialized successfully - sym options: 0x614 - pdb path: .;C:\Users\PC-YK-D-1\.jdks\openjdk-16.0.2\bin;C:\Windows\SYSTEM32;C:\Windows\WinSxS\amd64_microsoft.windows.common-controls_6595b64144ccf1df_6.0.19041.1110_none_60b5254171f9507e;C:\Users\PC-YK-D-1\.jdks\openjdk-16.0.2\bin\server;F:\Yunus Files\gradle-7.1.1-all\native\8bec1ad78214c89d9ad589b4d07fe93259594b29d510b10fafb7a158f7737e5d\windows-amd64;F:\Yunus Files\gradle-7.1.1-all\native\53dbd7edfb1c66fb8903c78663c9afc45aea4f116125fa6feffd364cf09443e8\windows-amd64

VM Arguments:
jvm_args: -XX:MaxMetaspaceSize=256m -XX:+HeapDumpOnOutOfMemoryError --add-opens=java.base/java.util=ALL-UNNAMED --add-opens=java.base/java.lang=ALL-UNNAMED --add-opens=java.base/java.lang.invoke=ALL-UNNAMED --add-opens=java.base/java.util=ALL-UNNAMED --add-opens=java.prefs/java.util.prefs=ALL-UNNAMED --add-opens=java.prefs/java.util.prefs=ALL-UNNAMED --add-opens=java.base/java.nio.charset=ALL-UNNAMED --add-opens=java.base/java.net=ALL-UNNAMED --add-opens=java.base/java.util.concurrent.atomic=ALL-UNNAMED -Xms256m -Xmx512m -Dfile.encoding=windows-1252 -Duser.country=US -Duser.language=en -Duser.variant 
java_command: org.gradle.launcher.daemon.bootstrap.GradleDaemon 7.1.1
java_class_path (initial): F:\Yunus Files\gradle-7.1.1-all\wrapper\dists\gradle-7.1.1-bin\f29rtwfnc96ub43tt7p47zsru\gradle-7.1.1\lib\gradle-launcher-7.1.1.jar
Launcher Type: SUN_STANDARD

[Global flags]
     intx CICompilerCount                          = 4                                         {product} {ergonomic}
   size_t CompressedClassSpaceSize                 = 218103808                                 {product} {ergonomic}
     uint ConcGCThreads                            = 2                                         {product} {ergonomic}
     uint G1ConcRefinementThreads                  = 8                                         {product} {ergonomic}
   size_t G1HeapRegionSize                         = 1048576                                   {product} {ergonomic}
    uintx GCDrainStackTargetSize                   = 64                                        {product} {ergonomic}
     bool HeapDumpOnOutOfMemoryError               = true                                   {manageable} {command line}
   size_t InitialHeapSize                          = 268435456                                 {product} {command line}
   size_t MarkStackSize                            = 4194304                                   {product} {ergonomic}
   size_t MaxHeapSize                              = 536870912                                 {product} {command line}
   size_t MaxMetaspaceSize                         = 268435456                                 {product} {command line}
   size_t MaxNewSize                               = 321912832                                 {product} {ergonomic}
   size_t MinHeapDeltaBytes                        = 1048576                                   {product} {ergonomic}
   size_t MinHeapSize                              = 268435456                                 {product} {command line}
    uintx NonNMethodCodeHeapSize                   = 5839372                                {pd product} {ergonomic}
    uintx NonProfiledCodeHeapSize                  = 122909434                              {pd product} {ergonomic}
    uintx ProfiledCodeHeapSize                     = 122909434                              {pd product} {ergonomic}
    uintx ReservedCodeCacheSize                    = 251658240                              {pd product} {ergonomic}
     bool SegmentedCodeCache                       = true                                      {product} {ergonomic}
   size_t SoftMaxHeapSize                          = 536870912                              {manageable} {ergonomic}
     bool UseCompressedClassPointers               = true                           {product lp64_product} {ergonomic}
     bool UseCompressedOops                        = true                           {product lp64_product} {ergonomic}
     bool UseG1GC                                  = true                                      {product} {ergonomic}
     bool UseLargePagesIndividualAllocation        = false                                  {pd product} {ergonomic}

Logging:
Log output configuration:
 #0: stdout all=warning uptime,level,tags
 #1: stderr all=off uptime,level,tags

Environment Variables:
PATH=C:\Program Files (x86)\VMware\VMware Workstation\bin\;C:\Program Files\Common Files\Oracle\Java\javapath;C:\Program Files (x86)\Common Files\Oracle\Java\javapath;C:\Windows\system32;C:\Windows;C:\Windows\System32\Wbem;C:\Windows\System32\WindowsPowerShell\v1.0\;C:\Windows\System32\OpenSSH\;C:\Program Files\7-Zip;C:\Program Files (x86)\NVIDIA Corporation\PhysX\Common;C:\Program Files\NVIDIA Corporation\NVIDIA NvDLISR;C:\Program Files\Docker\Docker\resources\bin;C:\ProgramData\DockerDesktop\version-bin;C:\Program Files\Git\cmd;C:\Program Files (x86)\Microsoft SQL Server\110\Tools\Binn\;C:\Program Files\Microsoft SQL Server\110\Tools\Binn\;C:\Program Files\Microsoft SQL Server\110\DTS\Binn\;C:\Users\PC-YK-D-1\AppData\Local\Microsoft\WindowsApps;
USERNAME=PC-YK-D-1
OS=Windows_NT
PROCESSOR_IDENTIFIER=Intel64 Family 6 Model 158 Stepping 9, GenuineIntel



---------------  S Y S T E M  ---------------

OS:
 Windows 10 , 64 bit Build 19041 (10.0.19041.1023)
OS uptime: 5 days 2:39 hours
Hyper-V role detected

CPU: total 8 (initial active 8) (4 cores per cpu, 2 threads per core) family 6 model 158 stepping 9 microcode 0xb4, cx8, cmov, fxsr, ht, mmx, 3dnowpref, sse, sse2, sse3, ssse3, sse4.1, sse4.2, popcnt, lzcnt, tsc, tscinvbit, avx, avx2, aes, erms, clmul, bmi1, bmi2, rtm, adx, fma, vzeroupper, clflush, clflushopt, hv

Memory: 4k page, system-wide physical 16343M (6029M free)
TotalPageFile size 19799M (AvailPageFile size 4389M)
current process WorkingSet (physical memory assigned to process): 534M, peak: 576M
current process commit charge ("private bytes"): 604M, peak: 653M

vm_info: OpenJDK 64-Bit Server VM (16.0.2+7-67) for windows-amd64 JRE (16.0.2+7-67), built on Jun  8 2021 23:21:43 by "mach5one" with MS VC++ 16.7 (VS2019)

END.
