#
# A fatal error has been detected by the Java Runtime Environment:
#
#  EXCEPTION_ACCESS_VIOLATION (0xc0000005) at pc=0x00007ffc36b3c4be, pid=16920, tid=6288
#
# JRE version: OpenJDK Runtime Environment (16.0.2+7) (build 16.0.2+7-67)
# Java VM: OpenJDK 64-Bit Server VM (16.0.2+7-67, mixed mode, sharing, tiered, compressed oops, compressed class ptrs, g1 gc, windows-amd64)
# Problematic frame:
# C  [native-platform-file-events.dll+0x1c4be]
#
# No core dump will be written. Minidumps are not enabled by default on client versions of Windows
#
# If you would like to submit a bug report, please visit:
#   https://bugreport.java.com/bugreport/crash.jsp
# The crash happened outside the Java Virtual Machine in native code.
# See problematic frame for where to report the bug.
#

---------------  S U M M A R Y ------------

Command Line: --add-opens=java.base/java.util=ALL-UNNAMED --add-opens=java.base/java.lang=ALL-UNNAMED --add-opens=java.base/java.lang.invoke=ALL-UNNAMED --add-opens=java.base/java.util=ALL-UNNAMED --add-opens=java.prefs/java.util.prefs=ALL-UNNAMED --add-opens=java.prefs/java.util.prefs=ALL-UNNAMED --add-opens=java.base/java.nio.charset=ALL-UNNAMED --add-opens=java.base/java.net=ALL-UNNAMED --add-opens=java.base/java.util.concurrent.atomic=ALL-UNNAMED -XX:MaxMetaspaceSize=256m -XX:+HeapDumpOnOutOfMemoryError -Xms256m -Xmx512m -Dfile.encoding=windows-1252 -Duser.country=US -Duser.language=en -Duser.variant org.gradle.launcher.daemon.bootstrap.GradleDaemon 7.1.1

Host: Intel(R) Core(TM) i7-7700 CPU @ 3.60GHz, 8 cores, 15G,  Windows 10 , 64 bit Build 19041 (10.0.19041.1023)
Time: Thu Jul 22 17:27:23 2021 Azerbaijan Standard Time elapsed time: 1487.337551 seconds (0d 0h 24m 47s)

---------------  T H R E A D  ---------------

Current thread (0x000001b422deb680):  JavaThread "File watcher server" daemon [_thread_in_native, id=6288, stack(0x00000066a5100000,0x00000066a5200000)]

Stack: [0x00000066a5100000,0x00000066a5200000],  sp=0x00000066a51feab0,  free space=1018k
Native frames: (J=compiled Java code, j=interpreted, Vv=VM code, C=native code)
C  [native-platform-file-events.dll+0x1c4be]

Java frames: (J=compiled Java code, j=interpreted, Vv=VM code)
j  net.rubygrapefruit.platform.internal.jni.AbstractFileEventFunctions$NativeFileWatcher.executeRunLoop0(Ljava/lang/Object;)V+0
j  net.rubygrapefruit.platform.internal.jni.AbstractFileEventFunctions$NativeFileWatcher.access$100(Lnet/rubygrapefruit/platform/internal/jni/AbstractFileEventFunctions$NativeFileWatcher;Ljava/lang/Object;)V+2
j  net.rubygrapefruit.platform.internal.jni.AbstractFileEventFunctions$NativeFileWatcher$1.run()V+26
v  ~StubRoutines::call_stub

siginfo: EXCEPTION_ACCESS_VIOLATION (0xc0000005), reading address 0xffffffffffffffff


Register to memory mapping:

RIP=0x00007ffc36b3c4be native-platform-file-events.dll
RAX=0x0062002d00740073 is an unknown value
RBX=0x0000000000000001 is an unknown value
RCX=0x0062002d00740073 is an unknown value
RDX=0x00000066a51feb08 is pointing into the stack for thread: 0x000001b422deb680
RSP=0x00000066a51feab0 is pointing into the stack for thread: 0x000001b422deb680
RBP=0x00000066a51ff4a8 is pointing into the stack for thread: 0x000001b422deb680
RSI=0x0 is NULL
RDI=0x00000000ffffffff is an unallocated location in the heap
R8 =0x00000066a51feb10 is pointing into the stack for thread: 0x000001b422deb680
R9 =0x000000007ffec000 points into unknown readable memory: 0x0000000000000001 | 01 00 00 00 00 00 00 00
R10=0x0000000000000001 is an unknown value
R11=0x00000349ee707cff is an unknown value
R12=0x0 is NULL
R13={method} {0x000001b421b1ad90} 'executeRunLoop0' '(Ljava/lang/Object;)V' in 'net/rubygrapefruit/platform/internal/jni/AbstractFileEventFunctions$NativeFileWatcher'
R14=0x00000066a51ff4d0 is pointing into the stack for thread: 0x000001b422deb680
R15=0x000001b422deb680 is a thread


Registers:
RAX=0x0062002d00740073, RBX=0x0000000000000001, RCX=0x0062002d00740073, RDX=0x00000066a51feb08
RSP=0x00000066a51feab0, RBP=0x00000066a51ff4a8, RSI=0x0000000000000000, RDI=0x00000000ffffffff
R8 =0x00000066a51feb10, R9 =0x000000007ffec000, R10=0x0000000000000001, R11=0x00000349ee707cff
R12=0x0000000000000000, R13=0x000001b421b1ad88, R14=0x00000066a51ff4d0, R15=0x000001b422deb680
RIP=0x00007ffc36b3c4be, EFLAGS=0x0000000000010206

Top of Stack: (sp=0x00000066a51feab0)
0x00000066a51feab0:   0001eea175501354 0001eea175403f60
0x00000066a51feac0:   0001eea175501354 00007ffc36b57be5
0x00000066a51fead0:   00000066a51feb88 00000066a51feb08
0x00000066a51feae0:   0000006600000000 00000066a51feb18
0x00000066a51feaf0:   00000066a51f0001 000004f2412c521d
0x00000066a51feb00:   00000066a51feb10 0000000000000001
0x00000066a51feb10:   0001eea175403f60 0001eea175501354
0x00000066a51feb20:   00000066a51ff4d0 00007ffc36b57777
0x00000066a51feb30:   00000066a51feb88 00000066a51feb80
0x00000066a51feb40:   000001b41e1afff0 00000008001f8100
0x00000066a51feb50:   0000000000000000 00007ffc36b48bee
0x00000066a51feb60:   0001eea175501354 0000000000000001
0x00000066a51feb70:   00000066a3cfc1c0 00000066a51febe0
0x00000066a51feb80:   00007747d41b1dcc 0000000000000001
0x00000066a51feb90:   0000000000000000 00007ffc36b3c6ec
0x00000066a51feba0:   0062002d00740073 0000006600000003 

Instructions: (pc=0x00007ffc36b3c4be)
0x00007ffc36b3c3be:   8b 00 48 89 44 24 38 48 8b 44 24 38 48 89 44 24
0x00007ffc36b3c3ce:   58 48 8b 84 24 b0 00 00 00 48 83 c0 08 48 89 44
0x00007ffc36b3c3de:   24 40 48 8d 54 24 70 48 8b 4c 24 40 e8 26 50 fe
0x00007ffc36b3c3ee:   ff 48 8b 00 48 89 44 24 48 48 8b 44 24 48 48 89
0x00007ffc36b3c3fe:   44 24 60 4c 8b 4c 24 50 4c 8b 44 24 58 48 8b 54
0x00007ffc36b3c40e:   24 60 48 8d 4c 24 78 e8 31 92 fe ff 48 8d 4c 24
0x00007ffc36b3c41e:   78 e8 8b 6a fe ff 48 8b c8 ff 15 db ab 11 00 89
0x00007ffc36b3c42e:   44 24 24 83 7c 24 24 ff 74 15 8b 44 24 24 83 e0
0x00007ffc36b3c43e:   10 85 c0 74 0a c7 44 24 28 01 00 00 00 eb 08 c7
0x00007ffc36b3c44e:   44 24 28 00 00 00 00 0f b6 44 24 28 88 44 24 20
0x00007ffc36b3c45e:   48 8d 4c 24 78 e8 1f 97 fe ff 0f b6 44 24 20 48
0x00007ffc36b3c46e:   8b 8c 24 98 00 00 00 48 33 cc e8 8f 76 fe ff 48
0x00007ffc36b3c47e:   81 c4 a8 00 00 00 c3 cc cc cc cc cc cc cc cc cc
0x00007ffc36b3c48e:   cc cc 48 89 4c 24 08 48 81 ec e8 00 00 00 48 8b
0x00007ffc36b3c49e:   05 a5 7d 10 00 48 33 c4 48 89 84 24 d0 00 00 00
0x00007ffc36b3c4ae:   c7 44 24 30 00 00 00 00 48 8b 84 24 f0 00 00 00
0x00007ffc36b3c4be:   83 78 68 03 0f 84 02 01 00 00 48 8b 84 24 f0 00
0x00007ffc36b3c4ce:   00 00 48 8b 48 28 ff 15 36 ab 11 00 89 44 24 38
0x00007ffc36b3c4de:   83 7c 24 38 00 0f 85 d0 00 00 00 ba 07 00 00 00
0x00007ffc36b3c4ee:   48 8b 0d 1b b0 10 00 e8 48 a4 fe ff 88 44 24 34
0x00007ffc36b3c4fe:   0f b6 44 24 34 85 c0 0f 84 90 00 00 00 ff 15 07
0x00007ffc36b3c50e:   ab 11 00 89 44 24 3c 48 8b 84 24 f0 00 00 00 48
0x00007ffc36b3c51e:   83 c0 08 48 8b d0 48 8d 8c 24 90 00 00 00 e8 05
0x00007ffc36b3c52e:   51 fe ff 48 89 44 24 40 48 8b 44 24 40 48 89 44
0x00007ffc36b3c53e:   24 48 8b 44 24 30 83 c8 01 89 44 24 30 48 8b 4c
0x00007ffc36b3c54e:   24 48 e8 d5 52 fe ff 48 89 44 24 50 48 8b 84 24
0x00007ffc36b3c55e:   f0 00 00 00 48 8b 40 28 48 89 44 24 58 8b 44 24
0x00007ffc36b3c56e:   3c 89 44 24 28 48 8b 44 24 50 48 89 44 24 20 4c
0x00007ffc36b3c57e:   8b 4c 24 58 4c 8d 05 77 af 0d 00 ba 07 00 00 00
0x00007ffc36b3c58e:   48 8b 0d 7b af 10 00 e8 f8 71 fe ff 90 8b 44 24
0x00007ffc36b3c59e:   30 83 e0 01 85 c0 74 13 83 64 24 30 fe 48 8d 8c
0x00007ffc36b3c5ae:   24 90 00 00 00 e8 e7 5a fe ff 90 eb 00 48 8b 84 


Stack slot to memory mapping:
stack at sp + 0 slots: 0x0001eea175501354 is an unknown value
stack at sp + 1 slots: 0x0001eea175403f60 is an unknown value
stack at sp + 2 slots: 0x0001eea175501354 is an unknown value
stack at sp + 3 slots: 0x00007ffc36b57be5 native-platform-file-events.dll
stack at sp + 4 slots: 0x00000066a51feb88 is pointing into the stack for thread: 0x000001b422deb680
stack at sp + 5 slots: 0x00000066a51feb08 is pointing into the stack for thread: 0x000001b422deb680
stack at sp + 6 slots: 0x0000006600000000 is an unknown value
stack at sp + 7 slots: 0x00000066a51feb18 is pointing into the stack for thread: 0x000001b422deb680


---------------  P R O C E S S  ---------------

Threads class SMR info:
_java_thread_list=0x000001b423a8e270, length=41, elements={
0x000001b4022db9b0, 0x000001b41ca78340, 0x000001b41ca798b0, 0x000001b41ca8d530,
0x000001b41ca8e040, 0x000001b41ca91100, 0x000001b41ca941d0, 0x000001b41ca98ab0,
0x000001b41ca9d410, 0x000001b41caa2570, 0x000001b41d4d5fc0, 0x000001b41d4d64e0,
0x000001b41eccc3d0, 0x000001b41eb5b150, 0x000001b41e9d8ba0, 0x000001b41e9d8650,
0x000001b41e9d90f0, 0x000001b41e9d9b90, 0x000001b422deb680, 0x000001b422de6c20,
0x000001b422de46f0, 0x000001b422de5190, 0x000001b422deb130, 0x000001b422debbd0,
0x000001b422dec120, 0x000001b422de9bf0, 0x000001b422de8160, 0x000001b422de7c10,
0x000001b422dea140, 0x000001b422f2a040, 0x000001b422f2cac0, 0x000001b41f022590,
0x000001b41f01e080, 0x000001b41e8e24c0, 0x000001b41f01ab60, 0x000001b41f01b600,
0x000001b41f01d090, 0x000001b41f01fb10, 0x000001b41f01eb20, 0x000001b41f4d3080,
0x000001b41f4ce2a0
}

Java Threads: ( => current thread )
  0x000001b4022db9b0 JavaThread "main" [_thread_blocked, id=9900, stack(0x00000066a2900000,0x00000066a2a00000)]
  0x000001b41ca78340 JavaThread "Reference Handler" daemon [_thread_blocked, id=4256, stack(0x00000066a3000000,0x00000066a3100000)]
  0x000001b41ca798b0 JavaThread "Finalizer" daemon [_thread_blocked, id=5676, stack(0x00000066a3100000,0x00000066a3200000)]
  0x000001b41ca8d530 JavaThread "Signal Dispatcher" daemon [_thread_blocked, id=12852, stack(0x00000066a3200000,0x00000066a3300000)]
  0x000001b41ca8e040 JavaThread "Attach Listener" daemon [_thread_blocked, id=14396, stack(0x00000066a3300000,0x00000066a3400000)]
  0x000001b41ca91100 JavaThread "Service Thread" daemon [_thread_blocked, id=1100, stack(0x00000066a3400000,0x00000066a3500000)]
  0x000001b41ca941d0 JavaThread "Monitor Deflation Thread" daemon [_thread_blocked, id=5748, stack(0x00000066a3500000,0x00000066a3600000)]
  0x000001b41ca98ab0 JavaThread "C2 CompilerThread0" daemon [_thread_in_native, id=16056, stack(0x00000066a3600000,0x00000066a3700000)]
  0x000001b41ca9d410 JavaThread "C1 CompilerThread0" daemon [_thread_blocked, id=13032, stack(0x00000066a3700000,0x00000066a3800000)]
  0x000001b41caa2570 JavaThread "Sweeper thread" daemon [_thread_blocked, id=17628, stack(0x00000066a3800000,0x00000066a3900000)]
  0x000001b41d4d5fc0 JavaThread "Common-Cleaner" daemon [_thread_blocked, id=11180, stack(0x00000066a3900000,0x00000066a3a00000)]
  0x000001b41d4d64e0 JavaThread "Notification Thread" daemon [_thread_blocked, id=11436, stack(0x00000066a3a00000,0x00000066a3b00000)]
  0x000001b41eccc3d0 JavaThread "Daemon health stats" [_thread_blocked, id=16844, stack(0x00000066a4300000,0x00000066a4400000)]
  0x000001b41eb5b150 JavaThread "Incoming local TCP Connector on port 60341" [_thread_in_native, id=16220, stack(0x00000066a4400000,0x00000066a4500000)]
  0x000001b41e9d8ba0 JavaThread "Daemon periodic checks" [_thread_blocked, id=5712, stack(0x00000066a4500000,0x00000066a4600000)]
  0x000001b41e9d8650 JavaThread "Cache worker for journal cache (F:\Yunus Files\gradle-7.1.1-all\caches\journal-1)" [_thread_blocked, id=18332, stack(0x00000066a4d00000,0x00000066a4e00000)]
  0x000001b41e9d90f0 JavaThread "File lock request listener" [_thread_in_native, id=17228, stack(0x00000066a4e00000,0x00000066a4f00000)]
  0x000001b41e9d9b90 JavaThread "Cache worker for file hash cache (F:\Yunus Files\gradle-7.1.1-all\caches\7.1.1\fileHashes)" [_thread_blocked, id=9972, stack(0x00000066a4f00000,0x00000066a5000000)]
=>0x000001b422deb680 JavaThread "File watcher server" daemon [_thread_in_native, id=6288, stack(0x00000066a5100000,0x00000066a5200000)]
  0x000001b422de6c20 JavaThread "File watcher consumer" daemon [_thread_blocked, id=12548, stack(0x00000066a5200000,0x00000066a5300000)]
  0x000001b422de46f0 JavaThread "Cache worker for execution history cache (F:\Yunus Files\gradle-7.1.1-all\caches\7.1.1\executionHistory)" [_thread_blocked, id=8796, stack(0x00000066a5600000,0x00000066a5700000)]
  0x000001b422de5190 JavaThread "jar transforms" [_thread_blocked, id=11244, stack(0x00000066a5a00000,0x00000066a5b00000)]
  0x000001b422deb130 JavaThread "jar transforms Thread 2" [_thread_blocked, id=8900, stack(0x00000066a5b00000,0x00000066a5c00000)]
  0x000001b422debbd0 JavaThread "Cache worker for file content cache (F:\Yunus Files\gradle-7.1.1-all\caches\7.1.1\fileContent)" [_thread_blocked, id=8776, stack(0x00000066a5c00000,0x00000066a5d00000)]
  0x000001b422dec120 JavaThread "jar transforms Thread 3" [_thread_blocked, id=16612, stack(0x00000066a5d00000,0x00000066a5e00000)]
  0x000001b422de9bf0 JavaThread "jar transforms Thread 4" [_thread_blocked, id=9220, stack(0x00000066a5e00000,0x00000066a5f00000)]
  0x000001b422de8160 JavaThread "jar transforms Thread 5" [_thread_blocked, id=10796, stack(0x00000066a5f00000,0x00000066a6000000)]
  0x000001b422de7c10 JavaThread "jar transforms Thread 6" [_thread_blocked, id=7812, stack(0x00000066a6000000,0x00000066a6100000)]
  0x000001b422dea140 JavaThread "jar transforms Thread 7" [_thread_blocked, id=4112, stack(0x00000066a6200000,0x00000066a6300000)]
  0x000001b422f2a040 JavaThread "jar transforms Thread 8" [_thread_blocked, id=9284, stack(0x00000066a7800000,0x00000066a7900000)]
  0x000001b422f2cac0 JavaThread "Memory manager" [_thread_blocked, id=9980, stack(0x00000066a7900000,0x00000066a7a00000)]
  0x000001b41f022590 JavaThread "Daemon Thread 2" [_thread_blocked, id=11776, stack(0x00000066a2600000,0x00000066a2700000)]
  0x000001b41f01e080 JavaThread "Daemon worker Thread 2" [_thread_blocked, id=14184, stack(0x00000066a3c00000,0x00000066a3d00000)]
  0x000001b41e8e24c0 JavaThread "Cache worker for Java compile cache (F:\Yunus Files\gradle-7.1.1-all\caches\7.1.1\javaCompile)" [_thread_blocked, id=13428, stack(0x00000066abc00000,0x00000066abd00000)]
  0x000001b41f01ab60 JavaThread "Handler for socket connection from /127.0.0.1:60341 to /127.0.0.1:60885" [_thread_in_native, id=3044, stack(0x00000066a3d00000,0x00000066a3e00000)]
  0x000001b41f01b600 JavaThread "Cancel handler" [_thread_blocked, id=7420, stack(0x00000066a4600000,0x00000066a4700000)]
  0x000001b41f01d090 JavaThread "Asynchronous log dispatcher for DefaultDaemonConnection: socket connection from /127.0.0.1:60341 to /127.0.0.1:60885" [_thread_blocked, id=7380, stack(0x00000066a4700000,0x00000066a4800000)]
  0x000001b41f01fb10 JavaThread "Stdin handler" [_thread_blocked, id=9744, stack(0x00000066a4800000,0x00000066a4900000)]
  0x000001b41f01eb20 JavaThread "Daemon client event forwarder" [_thread_blocked, id=13524, stack(0x00000066a4900000,0x00000066a4a00000)]
  0x000001b41f4d3080 JavaThread "C2 CompilerThread1" daemon [_thread_blocked, id=16396, stack(0x00000066a4a00000,0x00000066a4b00000)]
  0x000001b41f4ce2a0 JavaThread "C2 CompilerThread2" daemon [_thread_in_native, id=13852, stack(0x00000066a7700000,0x00000066a7800000)]

Other Threads:
  0x000001b41ca70030 VMThread "VM Thread" [stack: 0x00000066a2f00000,0x00000066a3000000] [id=10352]
  0x000001b41d4e15c0 WatcherThread [stack: 0x00000066a3b00000,0x00000066a3c00000] [id=12084]
  0x000001b4023057d0 GCTaskThread "GC Thread#0" [stack: 0x00000066a2a00000,0x00000066a2b00000] [id=1980]
  0x000001b41e087820 GCTaskThread "GC Thread#1" [stack: 0x00000066a3e00000,0x00000066a3f00000] [id=17332]
  0x000001b41e087b30 GCTaskThread "GC Thread#2" [stack: 0x00000066a3f00000,0x00000066a4000000] [id=12780]
  0x000001b41e087e40 GCTaskThread "GC Thread#3" [stack: 0x00000066a4000000,0x00000066a4100000] [id=1836]
  0x000001b41e1572b0 GCTaskThread "GC Thread#4" [stack: 0x00000066a4100000,0x00000066a4200000] [id=2456]
  0x000001b41e157990 GCTaskThread "GC Thread#5" [stack: 0x00000066a4200000,0x00000066a4300000] [id=14012]
  0x000001b41e738850 GCTaskThread "GC Thread#6" [stack: 0x00000066a5700000,0x00000066a5800000] [id=5520]
  0x000001b41e738b60 GCTaskThread "GC Thread#7" [stack: 0x00000066a5800000,0x00000066a5900000] [id=16116]
  0x000001b40230a820 ConcurrentGCThread "G1 Main Marker" [stack: 0x00000066a2b00000,0x00000066a2c00000] [id=17184]
  0x000001b40230c950 ConcurrentGCThread "G1 Conc#0" [stack: 0x00000066a2c00000,0x00000066a2d00000] [id=1556]
  0x000001b41e739180 ConcurrentGCThread "G1 Conc#1" [stack: 0x00000066a5900000,0x00000066a5a00000] [id=10428]
  0x000001b41c9300b0 ConcurrentGCThread "G1 Refine#0" [stack: 0x00000066a2d00000,0x00000066a2e00000] [id=7992]
  0x000001b422d9a690 ConcurrentGCThread "G1 Refine#1" [stack: 0x00000066aae00000,0x00000066aaf00000] [id=5864]
  0x000001b422d9ad10 ConcurrentGCThread "G1 Refine#2" [stack: 0x00000066aaf00000,0x00000066ab000000] [id=6032]
  0x000001b425fbabf0 ConcurrentGCThread "G1 Refine#3" [stack: 0x00000066a5400000,0x00000066a5500000] [id=3280]
  0x000001b425fbd2f0 ConcurrentGCThread "G1 Refine#4" [stack: 0x00000066ac500000,0x00000066ac600000] [id=16988]
  0x000001b425fba8b0 ConcurrentGCThread "G1 Refine#5" [stack: 0x00000066ac600000,0x00000066ac700000] [id=12096]
  0x000001b41c930a40 ConcurrentGCThread "G1 Service" [stack: 0x00000066a2e00000,0x00000066a2f00000] [id=13588]

Threads with active compile tasks:
C2 CompilerThread0  1487399 15407       4       org.gradle.internal.logging.sink.OutputEventTransformer::onOutput (399 bytes)
C2 CompilerThread2  1487400 15480       4       org.gradle.api.internal.tasks.compile.incremental.serialization.HierarchicalNameSerializer::writeName (88 bytes)

VM state: not at safepoint (normal execution)

VM Mutex/Monitor currently owned by a thread: None

Heap address: 0x00000000e0000000, size: 512 MB, Compressed Oops mode: 32-bit

CDS archive(s) mapped at: [0x0000000800000000-0x0000000800bb0000-0x0000000800bb0000), size 12255232, SharedBaseAddress: 0x0000000800000000, ArchiveRelocationMode: 0.
Compressed class space mapped at: 0x0000000800c00000-0x000000080dc00000, reserved size: 218103808
Narrow klass base: 0x0000000800000000, Narrow klass shift: 3, Narrow klass range: 0x100000000

GC Precious Log:
 CPUs: 8 total, 8 available
 Memory: 16343M
 Large Page Support: Disabled
 NUMA Support: Disabled
 Compressed Oops: Enabled (32-bit)
 Heap Region Size: 1M
 Heap Min Capacity: 256M
 Heap Initial Capacity: 256M
 Heap Max Capacity: 512M
 Pre-touch: Disabled
 Parallel Workers: 8
 Concurrent Workers: 2
 Concurrent Refinement Workers: 8
 Periodic GC: Disabled

Heap:
 garbage-first heap   total 301056K, used 202052K [0x00000000e0000000, 0x0000000100000000)
  region size 1024K, 78 young (79872K), 13 survivors (13312K)
 Metaspace       used 84261K, committed 85056K, reserved 294912K
  class space    used 10889K, committed 11264K, reserved 212992K

Heap Regions: E=young(eden), S=young(survivor), O=old, HS=humongous(starts), HC=humongous(continues), CS=collection set, F=free, OA=open archive, CA=closed archive, TAMS=top-at-mark-start (previous, next)
|   0|0x00000000e0000000, 0x00000000e0100000, 0x00000000e0100000|100%| O|  |TAMS 0x00000000e0100000, 0x00000000e0000000| Untracked 
|   1|0x00000000e0100000, 0x00000000e0200000, 0x00000000e0200000|100%| O|  |TAMS 0x00000000e0200000, 0x00000000e0100000| Untracked 
|   2|0x00000000e0200000, 0x00000000e0300000, 0x00000000e0300000|100%| O|  |TAMS 0x00000000e0300000, 0x00000000e0200000| Untracked 
|   3|0x00000000e0300000, 0x00000000e0400000, 0x00000000e0400000|100%|HS|  |TAMS 0x00000000e0400000, 0x00000000e0300000| Complete 
|   4|0x00000000e0400000, 0x00000000e0500000, 0x00000000e0500000|100%|HC|  |TAMS 0x00000000e0500000, 0x00000000e0400000| Complete 
|   5|0x00000000e0500000, 0x00000000e0600000, 0x00000000e0600000|100%|HC|  |TAMS 0x00000000e0600000, 0x00000000e0500000| Complete 
|   6|0x00000000e0600000, 0x00000000e0700000, 0x00000000e0700000|100%| O|  |TAMS 0x00000000e0700000, 0x00000000e0600000| Untracked 
|   7|0x00000000e0700000, 0x00000000e0800000, 0x00000000e0800000|100%| O|  |TAMS 0x00000000e0800000, 0x00000000e0700000| Untracked 
|   8|0x00000000e0800000, 0x00000000e0900000, 0x00000000e0900000|100%| O|  |TAMS 0x00000000e0900000, 0x00000000e0800000| Untracked 
|   9|0x00000000e0900000, 0x00000000e0a00000, 0x00000000e0a00000|100%| O|  |TAMS 0x00000000e0a00000, 0x00000000e0900000| Untracked 
|  10|0x00000000e0a00000, 0x00000000e0b00000, 0x00000000e0b00000|100%| O|  |TAMS 0x00000000e0b00000, 0x00000000e0a00000| Untracked 
|  11|0x00000000e0b00000, 0x00000000e0c00000, 0x00000000e0c00000|100%| O|  |TAMS 0x00000000e0c00000, 0x00000000e0b00000| Untracked 
|  12|0x00000000e0c00000, 0x00000000e0d00000, 0x00000000e0d00000|100%| O|  |TAMS 0x00000000e0d00000, 0x00000000e0c00000| Untracked 
|  13|0x00000000e0d00000, 0x00000000e0e00000, 0x00000000e0e00000|100%| O|  |TAMS 0x00000000e0e00000, 0x00000000e0d00000| Untracked 
|  14|0x00000000e0e00000, 0x00000000e0f00000, 0x00000000e0f00000|100%| O|  |TAMS 0x00000000e0f00000, 0x00000000e0e00000| Untracked 
|  15|0x00000000e0f00000, 0x00000000e1000000, 0x00000000e1000000|100%| O|  |TAMS 0x00000000e1000000, 0x00000000e0f00000| Untracked 
|  16|0x00000000e1000000, 0x00000000e1100000, 0x00000000e1100000|100%| O|  |TAMS 0x00000000e1100000, 0x00000000e1000000| Untracked 
|  17|0x00000000e1100000, 0x00000000e1200000, 0x00000000e1200000|100%| O|  |TAMS 0x00000000e1200000, 0x00000000e1100000| Untracked 
|  18|0x00000000e1200000, 0x00000000e1300000, 0x00000000e1300000|100%| O|  |TAMS 0x00000000e1300000, 0x00000000e1200000| Untracked 
|  19|0x00000000e1300000, 0x00000000e1400000, 0x00000000e1400000|100%| O|  |TAMS 0x00000000e1400000, 0x00000000e1300000| Untracked 
|  20|0x00000000e1400000, 0x00000000e1500000, 0x00000000e1500000|100%|HS|  |TAMS 0x00000000e1500000, 0x00000000e1400000| Complete 
|  21|0x00000000e1500000, 0x00000000e1600000, 0x00000000e1600000|100%|HC|  |TAMS 0x00000000e1600000, 0x00000000e1500000| Complete 
|  22|0x00000000e1600000, 0x00000000e1700000, 0x00000000e1700000|100%|HC|  |TAMS 0x00000000e1700000, 0x00000000e1600000| Complete 
|  23|0x00000000e1700000, 0x00000000e1800000, 0x00000000e1800000|100%|HC|  |TAMS 0x00000000e1800000, 0x00000000e1700000| Complete 
|  24|0x00000000e1800000, 0x00000000e1900000, 0x00000000e1900000|100%|HC|  |TAMS 0x00000000e1900000, 0x00000000e1800000| Complete 
|  25|0x00000000e1900000, 0x00000000e1a00000, 0x00000000e1a00000|100%|HS|  |TAMS 0x00000000e1a00000, 0x00000000e1900000| Complete 
|  26|0x00000000e1a00000, 0x00000000e1b00000, 0x00000000e1b00000|100%|HC|  |TAMS 0x00000000e1b00000, 0x00000000e1a00000| Complete 
|  27|0x00000000e1b00000, 0x00000000e1c00000, 0x00000000e1c00000|100%|HC|  |TAMS 0x00000000e1c00000, 0x00000000e1b00000| Complete 
|  28|0x00000000e1c00000, 0x00000000e1d00000, 0x00000000e1d00000|100%|HC|  |TAMS 0x00000000e1d00000, 0x00000000e1c00000| Complete 
|  29|0x00000000e1d00000, 0x00000000e1e00000, 0x00000000e1e00000|100%| O|  |TAMS 0x00000000e1e00000, 0x00000000e1d00000| Untracked 
|  30|0x00000000e1e00000, 0x00000000e1f00000, 0x00000000e1f00000|100%| O|  |TAMS 0x00000000e1f00000, 0x00000000e1e00000| Untracked 
|  31|0x00000000e1f00000, 0x00000000e2000000, 0x00000000e2000000|100%| O|  |TAMS 0x00000000e2000000, 0x00000000e1f00000| Untracked 
|  32|0x00000000e2000000, 0x00000000e2100000, 0x00000000e2100000|100%| O|  |TAMS 0x00000000e2100000, 0x00000000e2000000| Untracked 
|  33|0x00000000e2100000, 0x00000000e2200000, 0x00000000e2200000|100%| O|  |TAMS 0x00000000e2200000, 0x00000000e2100000| Untracked 
|  34|0x00000000e2200000, 0x00000000e2300000, 0x00000000e2300000|100%| O|  |TAMS 0x00000000e2300000, 0x00000000e2200000| Untracked 
|  35|0x00000000e2300000, 0x00000000e2400000, 0x00000000e2400000|100%| O|  |TAMS 0x00000000e2400000, 0x00000000e2300000| Untracked 
|  36|0x00000000e2400000, 0x00000000e2400000, 0x00000000e2500000|  0%| F|  |TAMS 0x00000000e2400000, 0x00000000e2400000| Untracked 
|  37|0x00000000e2500000, 0x00000000e2600000, 0x00000000e2600000|100%| O|  |TAMS 0x00000000e2600000, 0x00000000e2500000| Untracked 
|  38|0x00000000e2600000, 0x00000000e2700000, 0x00000000e2700000|100%| O|  |TAMS 0x00000000e2700000, 0x00000000e2600000| Untracked 
|  39|0x00000000e2700000, 0x00000000e2800000, 0x00000000e2800000|100%|HS|  |TAMS 0x00000000e2700000, 0x00000000e2700000| Complete 
|  40|0x00000000e2800000, 0x00000000e2900000, 0x00000000e2900000|100%|HS|  |TAMS 0x00000000e2800000, 0x00000000e2800000| Complete 
|  41|0x00000000e2900000, 0x00000000e2900000, 0x00000000e2a00000|  0%| F|  |TAMS 0x00000000e2900000, 0x00000000e2900000| Untracked 
|  42|0x00000000e2a00000, 0x00000000e2a00000, 0x00000000e2b00000|  0%| F|  |TAMS 0x00000000e2a00000, 0x00000000e2a00000| Untracked 
|  43|0x00000000e2b00000, 0x00000000e2b00000, 0x00000000e2c00000|  0%| F|  |TAMS 0x00000000e2b00000, 0x00000000e2b00000| Untracked 
|  44|0x00000000e2c00000, 0x00000000e2c00000, 0x00000000e2d00000|  0%| F|  |TAMS 0x00000000e2c00000, 0x00000000e2c00000| Untracked 
|  45|0x00000000e2d00000, 0x00000000e2d00000, 0x00000000e2e00000|  0%| F|  |TAMS 0x00000000e2d00000, 0x00000000e2d00000| Untracked 
|  46|0x00000000e2e00000, 0x00000000e2e00000, 0x00000000e2f00000|  0%| F|  |TAMS 0x00000000e2e00000, 0x00000000e2e00000| Untracked 
|  47|0x00000000e2f00000, 0x00000000e2f00000, 0x00000000e3000000|  0%| F|  |TAMS 0x00000000e2f00000, 0x00000000e2f00000| Untracked 
|  48|0x00000000e3000000, 0x00000000e3100000, 0x00000000e3100000|100%|HS|  |TAMS 0x00000000e3100000, 0x00000000e3000000| Complete 
|  49|0x00000000e3100000, 0x00000000e3200000, 0x00000000e3200000|100%|HC|  |TAMS 0x00000000e3200000, 0x00000000e3100000| Complete 
|  50|0x00000000e3200000, 0x00000000e3300000, 0x00000000e3300000|100%|HC|  |TAMS 0x00000000e3300000, 0x00000000e3200000| Complete 
|  51|0x00000000e3300000, 0x00000000e3400000, 0x00000000e3400000|100%|HC|  |TAMS 0x00000000e3400000, 0x00000000e3300000| Complete 
|  52|0x00000000e3400000, 0x00000000e3500000, 0x00000000e3500000|100%|HC|  |TAMS 0x00000000e3500000, 0x00000000e3400000| Complete 
|  53|0x00000000e3500000, 0x00000000e3600000, 0x00000000e3600000|100%|HS|  |TAMS 0x00000000e3600000, 0x00000000e3500000| Complete 
|  54|0x00000000e3600000, 0x00000000e3700000, 0x00000000e3700000|100%|HC|  |TAMS 0x00000000e3700000, 0x00000000e3600000| Complete 
|  55|0x00000000e3700000, 0x00000000e3800000, 0x00000000e3800000|100%|HC|  |TAMS 0x00000000e3800000, 0x00000000e3700000| Complete 
|  56|0x00000000e3800000, 0x00000000e3900000, 0x00000000e3900000|100%|HC|  |TAMS 0x00000000e3900000, 0x00000000e3800000| Complete 
|  57|0x00000000e3900000, 0x00000000e3a00000, 0x00000000e3a00000|100%|HS|  |TAMS 0x00000000e3a00000, 0x00000000e3900000| Complete 
|  58|0x00000000e3a00000, 0x00000000e3b00000, 0x00000000e3b00000|100%|HC|  |TAMS 0x00000000e3b00000, 0x00000000e3a00000| Complete 
|  59|0x00000000e3b00000, 0x00000000e3c00000, 0x00000000e3c00000|100%|HC|  |TAMS 0x00000000e3c00000, 0x00000000e3b00000| Complete 
|  60|0x00000000e3c00000, 0x00000000e3d00000, 0x00000000e3d00000|100%|HC|  |TAMS 0x00000000e3d00000, 0x00000000e3c00000| Complete 
|  61|0x00000000e3d00000, 0x00000000e3e00000, 0x00000000e3e00000|100%|HC|  |TAMS 0x00000000e3e00000, 0x00000000e3d00000| Complete 
|  62|0x00000000e3e00000, 0x00000000e3f00000, 0x00000000e3f00000|100%|HS|  |TAMS 0x00000000e3f00000, 0x00000000e3e00000| Complete 
|  63|0x00000000e3f00000, 0x00000000e4000000, 0x00000000e4000000|100%|HC|  |TAMS 0x00000000e4000000, 0x00000000e3f00000| Complete 
|  64|0x00000000e4000000, 0x00000000e4100000, 0x00000000e4100000|100%|HC|  |TAMS 0x00000000e4100000, 0x00000000e4000000| Complete 
|  65|0x00000000e4100000, 0x00000000e4200000, 0x00000000e4200000|100%|HC|  |TAMS 0x00000000e4200000, 0x00000000e4100000| Complete 
|  66|0x00000000e4200000, 0x00000000e4300000, 0x00000000e4300000|100%| O|  |TAMS 0x00000000e4300000, 0x00000000e4200000| Untracked 
|  67|0x00000000e4300000, 0x00000000e4400000, 0x00000000e4400000|100%| O|  |TAMS 0x00000000e4400000, 0x00000000e4300000| Untracked 
|  68|0x00000000e4400000, 0x00000000e4400000, 0x00000000e4500000|  0%| F|  |TAMS 0x00000000e4400000, 0x00000000e4400000| Untracked 
|  69|0x00000000e4500000, 0x00000000e4500000, 0x00000000e4600000|  0%| F|  |TAMS 0x00000000e4500000, 0x00000000e4500000| Untracked 
|  70|0x00000000e4600000, 0x00000000e4600000, 0x00000000e4700000|  0%| F|  |TAMS 0x00000000e4600000, 0x00000000e4600000| Untracked 
|  71|0x00000000e4700000, 0x00000000e4800000, 0x00000000e4800000|100%| O|  |TAMS 0x00000000e4800000, 0x00000000e4700000| Untracked 
|  72|0x00000000e4800000, 0x00000000e4900000, 0x00000000e4900000|100%| O|  |TAMS 0x00000000e4900000, 0x00000000e4800000| Untracked 
|  73|0x00000000e4900000, 0x00000000e4a00000, 0x00000000e4a00000|100%| O|  |TAMS 0x00000000e4a00000, 0x00000000e4900000| Untracked 
|  74|0x00000000e4a00000, 0x00000000e4b00000, 0x00000000e4b00000|100%| O|  |TAMS 0x00000000e4b00000, 0x00000000e4a00000| Untracked 
|  75|0x00000000e4b00000, 0x00000000e4c00000, 0x00000000e4c00000|100%| O|  |TAMS 0x00000000e4c00000, 0x00000000e4b00000| Untracked 
|  76|0x00000000e4c00000, 0x00000000e4d00000, 0x00000000e4d00000|100%| O|  |TAMS 0x00000000e4d00000, 0x00000000e4c00000| Untracked 
|  77|0x00000000e4d00000, 0x00000000e4d00000, 0x00000000e4e00000|  0%| F|  |TAMS 0x00000000e4d00000, 0x00000000e4d00000| Untracked 
|  78|0x00000000e4e00000, 0x00000000e4e00000, 0x00000000e4f00000|  0%| F|  |TAMS 0x00000000e4e00000, 0x00000000e4e00000| Untracked 
|  79|0x00000000e4f00000, 0x00000000e4f00000, 0x00000000e5000000|  0%| F|  |TAMS 0x00000000e4f00000, 0x00000000e4f00000| Untracked 
|  80|0x00000000e5000000, 0x00000000e5100000, 0x00000000e5100000|100%| O|  |TAMS 0x00000000e5100000, 0x00000000e5000000| Untracked 
|  81|0x00000000e5100000, 0x00000000e5200000, 0x00000000e5200000|100%| O|  |TAMS 0x00000000e5200000, 0x00000000e5100000| Untracked 
|  82|0x00000000e5200000, 0x00000000e5300000, 0x00000000e5300000|100%| O|  |TAMS 0x00000000e5300000, 0x00000000e5200000| Untracked 
|  83|0x00000000e5300000, 0x00000000e5400000, 0x00000000e5400000|100%| O|  |TAMS 0x00000000e5400000, 0x00000000e5300000| Untracked 
|  84|0x00000000e5400000, 0x00000000e5500000, 0x00000000e5500000|100%| O|  |TAMS 0x00000000e5500000, 0x00000000e5400000| Untracked 
|  85|0x00000000e5500000, 0x00000000e5600000, 0x00000000e5600000|100%| O|  |TAMS 0x00000000e5600000, 0x00000000e5500000| Untracked 
|  86|0x00000000e5600000, 0x00000000e5700000, 0x00000000e5700000|100%| O|  |TAMS 0x00000000e5700000, 0x00000000e5600000| Untracked 
|  87|0x00000000e5700000, 0x00000000e5800000, 0x00000000e5800000|100%| O|  |TAMS 0x00000000e5800000, 0x00000000e5700000| Untracked 
|  88|0x00000000e5800000, 0x00000000e5900000, 0x00000000e5900000|100%| O|  |TAMS 0x00000000e5900000, 0x00000000e5800000| Untracked 
|  89|0x00000000e5900000, 0x00000000e5a00000, 0x00000000e5a00000|100%| O|  |TAMS 0x00000000e5a00000, 0x00000000e5900000| Untracked 
|  90|0x00000000e5a00000, 0x00000000e5a00000, 0x00000000e5b00000|  0%| F|  |TAMS 0x00000000e5a00000, 0x00000000e5a00000| Untracked 
|  91|0x00000000e5b00000, 0x00000000e5b00000, 0x00000000e5c00000|  0%| F|  |TAMS 0x00000000e5b00000, 0x00000000e5b00000| Untracked 
|  92|0x00000000e5c00000, 0x00000000e5d00000, 0x00000000e5d00000|100%| O|  |TAMS 0x00000000e5d00000, 0x00000000e5c00000| Untracked 
|  93|0x00000000e5d00000, 0x00000000e5d00000, 0x00000000e5e00000|  0%| F|  |TAMS 0x00000000e5d00000, 0x00000000e5d00000| Untracked 
|  94|0x00000000e5e00000, 0x00000000e5e00000, 0x00000000e5f00000|  0%| F|  |TAMS 0x00000000e5e00000, 0x00000000e5e00000| Untracked 
|  95|0x00000000e5f00000, 0x00000000e6000000, 0x00000000e6000000|100%| O|  |TAMS 0x00000000e5f00000, 0x00000000e5f00000| Untracked 
|  96|0x00000000e6000000, 0x00000000e6100000, 0x00000000e6100000|100%| O|  |TAMS 0x00000000e6100000, 0x00000000e6000000| Untracked 
|  97|0x00000000e6100000, 0x00000000e6200000, 0x00000000e6200000|100%| O|  |TAMS 0x00000000e6200000, 0x00000000e6100000| Untracked 
|  98|0x00000000e6200000, 0x00000000e6300000, 0x00000000e6300000|100%| O|  |TAMS 0x00000000e6300000, 0x00000000e6200000| Untracked 
|  99|0x00000000e6300000, 0x00000000e6400000, 0x00000000e6400000|100%| O|  |TAMS 0x00000000e6400000, 0x00000000e6300000| Untracked 
| 100|0x00000000e6400000, 0x00000000e6400000, 0x00000000e6500000|  0%| F|  |TAMS 0x00000000e6400000, 0x00000000e6400000| Untracked 
| 101|0x00000000e6500000, 0x00000000e6500000, 0x00000000e6600000|  0%| F|  |TAMS 0x00000000e6500000, 0x00000000e6500000| Untracked 
| 102|0x00000000e6600000, 0x00000000e6600000, 0x00000000e6700000|  0%| F|  |TAMS 0x00000000e6600000, 0x00000000e6600000| Untracked 
| 103|0x00000000e6700000, 0x00000000e6700000, 0x00000000e6800000|  0%| F|  |TAMS 0x00000000e6700000, 0x00000000e6700000| Untracked 
| 104|0x00000000e6800000, 0x00000000e6800000, 0x00000000e6900000|  0%| F|  |TAMS 0x00000000e6800000, 0x00000000e6800000| Untracked 
| 105|0x00000000e6900000, 0x00000000e6900000, 0x00000000e6a00000|  0%| F|  |TAMS 0x00000000e6900000, 0x00000000e6900000| Untracked 
| 106|0x00000000e6a00000, 0x00000000e6a00000, 0x00000000e6b00000|  0%| F|  |TAMS 0x00000000e6a00000, 0x00000000e6a00000| Untracked 
| 107|0x00000000e6b00000, 0x00000000e6b00000, 0x00000000e6c00000|  0%| F|  |TAMS 0x00000000e6b00000, 0x00000000e6b00000| Untracked 
| 108|0x00000000e6c00000, 0x00000000e6c00000, 0x00000000e6d00000|  0%| F|  |TAMS 0x00000000e6c00000, 0x00000000e6c00000| Untracked 
| 109|0x00000000e6d00000, 0x00000000e6e00000, 0x00000000e6e00000|100%| O|  |TAMS 0x00000000e6d00000, 0x00000000e6d00000| Untracked 
| 110|0x00000000e6e00000, 0x00000000e6e00000, 0x00000000e6f00000|  0%| F|  |TAMS 0x00000000e6e00000, 0x00000000e6e00000| Untracked 
| 111|0x00000000e6f00000, 0x00000000e7000000, 0x00000000e7000000|100%| O|  |TAMS 0x00000000e7000000, 0x00000000e6f00000| Untracked 
| 112|0x00000000e7000000, 0x00000000e7100000, 0x00000000e7100000|100%| O|  |TAMS 0x00000000e7100000, 0x00000000e7000000| Untracked 
| 113|0x00000000e7100000, 0x00000000e7200000, 0x00000000e7200000|100%| O|  |TAMS 0x00000000e7200000, 0x00000000e7100000| Untracked 
| 114|0x00000000e7200000, 0x00000000e7300000, 0x00000000e7300000|100%| O|  |TAMS 0x00000000e7300000, 0x00000000e7200000| Untracked 
| 115|0x00000000e7300000, 0x00000000e7400000, 0x00000000e7400000|100%| O|  |TAMS 0x00000000e7400000, 0x00000000e7300000| Untracked 
| 116|0x00000000e7400000, 0x00000000e7400000, 0x00000000e7500000|  0%| F|  |TAMS 0x00000000e7400000, 0x00000000e7400000| Untracked 
| 117|0x00000000e7500000, 0x00000000e7600000, 0x00000000e7600000|100%| O|  |TAMS 0x00000000e7500000, 0x00000000e7500000| Untracked 
| 118|0x00000000e7600000, 0x00000000e7700000, 0x00000000e7700000|100%| O|  |TAMS 0x00000000e7600000, 0x00000000e7600000| Untracked 
| 119|0x00000000e7700000, 0x00000000e7800000, 0x00000000e7800000|100%| O|  |TAMS 0x00000000e7700000, 0x00000000e7700000| Untracked 
| 120|0x00000000e7800000, 0x00000000e7900000, 0x00000000e7900000|100%| O|  |TAMS 0x00000000e7800000, 0x00000000e7800000| Untracked 
| 121|0x00000000e7900000, 0x00000000e7a00000, 0x00000000e7a00000|100%| O|  |TAMS 0x00000000e7900000, 0x00000000e7900000| Untracked 
| 122|0x00000000e7a00000, 0x00000000e7b00000, 0x00000000e7b00000|100%| O|  |TAMS 0x00000000e7a00000, 0x00000000e7a00000| Untracked 
| 123|0x00000000e7b00000, 0x00000000e7c00000, 0x00000000e7c00000|100%| O|  |TAMS 0x00000000e7b00000, 0x00000000e7b00000| Untracked 
| 124|0x00000000e7c00000, 0x00000000e7d00000, 0x00000000e7d00000|100%| O|  |TAMS 0x00000000e7c00000, 0x00000000e7c00000| Untracked 
| 125|0x00000000e7d00000, 0x00000000e7e00000, 0x00000000e7e00000|100%| O|  |TAMS 0x00000000e7d00000, 0x00000000e7d00000| Untracked 
| 126|0x00000000e7e00000, 0x00000000e7f00000, 0x00000000e7f00000|100%| O|  |TAMS 0x00000000e7e00000, 0x00000000e7e00000| Untracked 
| 127|0x00000000e7f00000, 0x00000000e8000000, 0x00000000e8000000|100%| O|  |TAMS 0x00000000e7f00000, 0x00000000e7f00000| Untracked 
| 128|0x00000000e8000000, 0x00000000e8100000, 0x00000000e8100000|100%| O|  |TAMS 0x00000000e8000000, 0x00000000e8000000| Untracked 
| 129|0x00000000e8100000, 0x00000000e8200000, 0x00000000e8200000|100%|HS|  |TAMS 0x00000000e8100000, 0x00000000e8100000| Complete 
| 130|0x00000000e8200000, 0x00000000e8300000, 0x00000000e8300000|100%| O|  |TAMS 0x00000000e8200000, 0x00000000e8200000| Untracked 
| 131|0x00000000e8300000, 0x00000000e8400000, 0x00000000e8400000|100%| O|  |TAMS 0x00000000e8300000, 0x00000000e8300000| Untracked 
| 132|0x00000000e8400000, 0x00000000e8500000, 0x00000000e8500000|100%| O|  |TAMS 0x00000000e8400000, 0x00000000e8400000| Untracked 
| 133|0x00000000e8500000, 0x00000000e8600000, 0x00000000e8600000|100%| O|  |TAMS 0x00000000e8500000, 0x00000000e8500000| Untracked 
| 134|0x00000000e8600000, 0x00000000e8700000, 0x00000000e8700000|100%| O|  |TAMS 0x00000000e8600000, 0x00000000e8600000| Untracked 
| 135|0x00000000e8700000, 0x00000000e8800000, 0x00000000e8800000|100%| O|  |TAMS 0x00000000e8700000, 0x00000000e8700000| Untracked 
| 136|0x00000000e8800000, 0x00000000e8900000, 0x00000000e8900000|100%| O|  |TAMS 0x00000000e8800000, 0x00000000e8800000| Untracked 
| 137|0x00000000e8900000, 0x00000000e8a00000, 0x00000000e8a00000|100%| O|  |TAMS 0x00000000e8900000, 0x00000000e8900000| Untracked 
| 138|0x00000000e8a00000, 0x00000000e8b00000, 0x00000000e8b00000|100%| O|  |TAMS 0x00000000e8a00000, 0x00000000e8a00000| Untracked 
| 139|0x00000000e8b00000, 0x00000000e8c00000, 0x00000000e8c00000|100%| O|  |TAMS 0x00000000e8b00000, 0x00000000e8b00000| Untracked 
| 140|0x00000000e8c00000, 0x00000000e8d00000, 0x00000000e8d00000|100%| O|  |TAMS 0x00000000e8c00000, 0x00000000e8c00000| Untracked 
| 141|0x00000000e8d00000, 0x00000000e8e00000, 0x00000000e8e00000|100%| O|  |TAMS 0x00000000e8d00000, 0x00000000e8d00000| Untracked 
| 142|0x00000000e8e00000, 0x00000000e8f00000, 0x00000000e8f00000|100%| O|  |TAMS 0x00000000e8e00000, 0x00000000e8e00000| Untracked 
| 143|0x00000000e8f00000, 0x00000000e9000000, 0x00000000e9000000|100%| O|  |TAMS 0x00000000e8f00000, 0x00000000e8f00000| Untracked 
| 144|0x00000000e9000000, 0x00000000e9100000, 0x00000000e9100000|100%| O|  |TAMS 0x00000000e9000000, 0x00000000e9000000| Untracked 
| 145|0x00000000e9100000, 0x00000000e9200000, 0x00000000e9200000|100%| O|  |TAMS 0x00000000e9100000, 0x00000000e9100000| Untracked 
| 146|0x00000000e9200000, 0x00000000e9300000, 0x00000000e9300000|100%| O|  |TAMS 0x00000000e9200000, 0x00000000e9200000| Untracked 
| 147|0x00000000e9300000, 0x00000000e9400000, 0x00000000e9400000|100%| O|  |TAMS 0x00000000e9300000, 0x00000000e9300000| Untracked 
| 148|0x00000000e9400000, 0x00000000e9500000, 0x00000000e9500000|100%| O|  |TAMS 0x00000000e9400000, 0x00000000e9400000| Untracked 
| 149|0x00000000e9500000, 0x00000000e9600000, 0x00000000e9600000|100%| O|  |TAMS 0x00000000e9500000, 0x00000000e9500000| Untracked 
| 150|0x00000000e9600000, 0x00000000e9691e00, 0x00000000e9700000| 56%| O|  |TAMS 0x00000000e9600000, 0x00000000e9600000| Untracked 
| 151|0x00000000e9700000, 0x00000000e9700000, 0x00000000e9800000|  0%| F|  |TAMS 0x00000000e9700000, 0x00000000e9700000| Untracked 
| 152|0x00000000e9800000, 0x00000000e9800000, 0x00000000e9900000|  0%| F|  |TAMS 0x00000000e9800000, 0x00000000e9800000| Untracked 
| 153|0x00000000e9900000, 0x00000000e9900000, 0x00000000e9a00000|  0%| F|  |TAMS 0x00000000e9900000, 0x00000000e9900000| Untracked 
| 154|0x00000000e9a00000, 0x00000000e9a00000, 0x00000000e9b00000|  0%| F|  |TAMS 0x00000000e9a00000, 0x00000000e9a00000| Untracked 
| 155|0x00000000e9b00000, 0x00000000e9b00000, 0x00000000e9c00000|  0%| F|  |TAMS 0x00000000e9b00000, 0x00000000e9b00000| Untracked 
| 156|0x00000000e9c00000, 0x00000000e9c00000, 0x00000000e9d00000|  0%| F|  |TAMS 0x00000000e9c00000, 0x00000000e9c00000| Untracked 
| 157|0x00000000e9d00000, 0x00000000e9d00000, 0x00000000e9e00000|  0%| F|  |TAMS 0x00000000e9d00000, 0x00000000e9d00000| Untracked 
| 158|0x00000000e9e00000, 0x00000000e9e00000, 0x00000000e9f00000|  0%| F|  |TAMS 0x00000000e9e00000, 0x00000000e9e00000| Untracked 
| 159|0x00000000e9f00000, 0x00000000e9f00000, 0x00000000ea000000|  0%| F|  |TAMS 0x00000000e9f00000, 0x00000000e9f00000| Untracked 
| 160|0x00000000ea000000, 0x00000000ea000000, 0x00000000ea100000|  0%| F|  |TAMS 0x00000000ea000000, 0x00000000ea000000| Untracked 
| 161|0x00000000ea100000, 0x00000000ea100000, 0x00000000ea200000|  0%| F|  |TAMS 0x00000000ea100000, 0x00000000ea100000| Untracked 
| 162|0x00000000ea200000, 0x00000000ea200000, 0x00000000ea300000|  0%| F|  |TAMS 0x00000000ea200000, 0x00000000ea200000| Untracked 
| 163|0x00000000ea300000, 0x00000000ea300000, 0x00000000ea400000|  0%| F|  |TAMS 0x00000000ea300000, 0x00000000ea300000| Untracked 
| 164|0x00000000ea400000, 0x00000000ea400000, 0x00000000ea500000|  0%| F|  |TAMS 0x00000000ea400000, 0x00000000ea400000| Untracked 
| 165|0x00000000ea500000, 0x00000000ea500000, 0x00000000ea600000|  0%| F|  |TAMS 0x00000000ea500000, 0x00000000ea500000| Untracked 
| 166|0x00000000ea600000, 0x00000000ea600000, 0x00000000ea700000|  0%| F|  |TAMS 0x00000000ea600000, 0x00000000ea600000| Untracked 
| 167|0x00000000ea700000, 0x00000000ea700000, 0x00000000ea800000|  0%| F|  |TAMS 0x00000000ea700000, 0x00000000ea700000| Untracked 
| 168|0x00000000ea800000, 0x00000000ea800000, 0x00000000ea900000|  0%| F|  |TAMS 0x00000000ea800000, 0x00000000ea800000| Untracked 
| 169|0x00000000ea900000, 0x00000000ea900000, 0x00000000eaa00000|  0%| F|  |TAMS 0x00000000ea900000, 0x00000000ea900000| Untracked 
| 170|0x00000000eaa00000, 0x00000000eaa00000, 0x00000000eab00000|  0%| F|  |TAMS 0x00000000eaa00000, 0x00000000eaa00000| Untracked 
| 171|0x00000000eab00000, 0x00000000eab00000, 0x00000000eac00000|  0%| F|  |TAMS 0x00000000eab00000, 0x00000000eab00000| Untracked 
| 172|0x00000000eac00000, 0x00000000eac00000, 0x00000000ead00000|  0%| F|  |TAMS 0x00000000eac00000, 0x00000000eac00000| Untracked 
| 173|0x00000000ead00000, 0x00000000ead00000, 0x00000000eae00000|  0%| F|  |TAMS 0x00000000ead00000, 0x00000000ead00000| Untracked 
| 174|0x00000000eae00000, 0x00000000eae00000, 0x00000000eaf00000|  0%| F|  |TAMS 0x00000000eae00000, 0x00000000eae00000| Untracked 
| 175|0x00000000eaf00000, 0x00000000eaf00000, 0x00000000eb000000|  0%| F|  |TAMS 0x00000000eaf00000, 0x00000000eaf00000| Untracked 
| 176|0x00000000eb000000, 0x00000000eb000000, 0x00000000eb100000|  0%| F|  |TAMS 0x00000000eb000000, 0x00000000eb000000| Untracked 
| 177|0x00000000eb100000, 0x00000000eb1bf400, 0x00000000eb200000| 74%| S|CS|TAMS 0x00000000eb100000, 0x00000000eb100000| Complete 
| 178|0x00000000eb200000, 0x00000000eb300000, 0x00000000eb300000|100%| S|CS|TAMS 0x00000000eb200000, 0x00000000eb200000| Complete 
| 179|0x00000000eb300000, 0x00000000eb400000, 0x00000000eb400000|100%| S|CS|TAMS 0x00000000eb300000, 0x00000000eb300000| Complete 
| 180|0x00000000eb400000, 0x00000000eb500000, 0x00000000eb500000|100%| S|CS|TAMS 0x00000000eb400000, 0x00000000eb400000| Complete 
| 181|0x00000000eb500000, 0x00000000eb600000, 0x00000000eb600000|100%| S|CS|TAMS 0x00000000eb500000, 0x00000000eb500000| Complete 
| 182|0x00000000eb600000, 0x00000000eb700000, 0x00000000eb700000|100%| S|CS|TAMS 0x00000000eb600000, 0x00000000eb600000| Complete 
| 183|0x00000000eb700000, 0x00000000eb800000, 0x00000000eb800000|100%| S|CS|TAMS 0x00000000eb700000, 0x00000000eb700000| Complete 
| 184|0x00000000eb800000, 0x00000000eb900000, 0x00000000eb900000|100%| S|CS|TAMS 0x00000000eb800000, 0x00000000eb800000| Complete 
| 185|0x00000000eb900000, 0x00000000eba00000, 0x00000000eba00000|100%| S|CS|TAMS 0x00000000eb900000, 0x00000000eb900000| Complete 
| 186|0x00000000eba00000, 0x00000000ebb00000, 0x00000000ebb00000|100%| S|CS|TAMS 0x00000000eba00000, 0x00000000eba00000| Complete 
| 187|0x00000000ebb00000, 0x00000000ebc00000, 0x00000000ebc00000|100%| S|CS|TAMS 0x00000000ebb00000, 0x00000000ebb00000| Complete 
| 188|0x00000000ebc00000, 0x00000000ebd00000, 0x00000000ebd00000|100%| S|CS|TAMS 0x00000000ebc00000, 0x00000000ebc00000| Complete 
| 189|0x00000000ebd00000, 0x00000000ebd00000, 0x00000000ebe00000|  0%| F|  |TAMS 0x00000000ebd00000, 0x00000000ebd00000| Untracked 
| 190|0x00000000ebe00000, 0x00000000ebe00000, 0x00000000ebf00000|  0%| F|  |TAMS 0x00000000ebe00000, 0x00000000ebe00000| Untracked 
| 191|0x00000000ebf00000, 0x00000000ebf00000, 0x00000000ec000000|  0%| F|  |TAMS 0x00000000ebf00000, 0x00000000ebf00000| Untracked 
| 192|0x00000000ec000000, 0x00000000ec000000, 0x00000000ec100000|  0%| F|  |TAMS 0x00000000ec000000, 0x00000000ec000000| Untracked 
| 193|0x00000000ec100000, 0x00000000ec100000, 0x00000000ec200000|  0%| F|  |TAMS 0x00000000ec100000, 0x00000000ec100000| Untracked 
| 194|0x00000000ec200000, 0x00000000ec200000, 0x00000000ec300000|  0%| F|  |TAMS 0x00000000ec200000, 0x00000000ec200000| Untracked 
| 195|0x00000000ec300000, 0x00000000ec300000, 0x00000000ec400000|  0%| F|  |TAMS 0x00000000ec300000, 0x00000000ec300000| Untracked 
| 196|0x00000000ec400000, 0x00000000ec500000, 0x00000000ec500000|100%| S|CS|TAMS 0x00000000ec400000, 0x00000000ec400000| Complete 
| 197|0x00000000ec500000, 0x00000000ec500000, 0x00000000ec600000|  0%| F|  |TAMS 0x00000000ec500000, 0x00000000ec500000| Untracked 
| 198|0x00000000ec600000, 0x00000000ec600000, 0x00000000ec700000|  0%| F|  |TAMS 0x00000000ec600000, 0x00000000ec600000| Untracked 
| 199|0x00000000ec700000, 0x00000000ec700000, 0x00000000ec800000|  0%| F|  |TAMS 0x00000000ec700000, 0x00000000ec700000| Untracked 
| 200|0x00000000ec800000, 0x00000000ec800000, 0x00000000ec900000|  0%| F|  |TAMS 0x00000000ec800000, 0x00000000ec800000| Untracked 
| 201|0x00000000ec900000, 0x00000000ec900000, 0x00000000eca00000|  0%| F|  |TAMS 0x00000000ec900000, 0x00000000ec900000| Untracked 
| 202|0x00000000eca00000, 0x00000000eca00000, 0x00000000ecb00000|  0%| F|  |TAMS 0x00000000eca00000, 0x00000000eca00000| Untracked 
| 203|0x00000000ecb00000, 0x00000000ecb00000, 0x00000000ecc00000|  0%| F|  |TAMS 0x00000000ecb00000, 0x00000000ecb00000| Untracked 
| 204|0x00000000ecc00000, 0x00000000ecc00000, 0x00000000ecd00000|  0%| F|  |TAMS 0x00000000ecc00000, 0x00000000ecc00000| Untracked 
| 205|0x00000000ecd00000, 0x00000000ecd00000, 0x00000000ece00000|  0%| F|  |TAMS 0x00000000ecd00000, 0x00000000ecd00000| Untracked 
| 206|0x00000000ece00000, 0x00000000ece00000, 0x00000000ecf00000|  0%| F|  |TAMS 0x00000000ece00000, 0x00000000ece00000| Untracked 
| 207|0x00000000ecf00000, 0x00000000ecf00000, 0x00000000ed000000|  0%| F|  |TAMS 0x00000000ecf00000, 0x00000000ecf00000| Untracked 
| 208|0x00000000ed000000, 0x00000000ed000000, 0x00000000ed100000|  0%| F|  |TAMS 0x00000000ed000000, 0x00000000ed000000| Untracked 
| 209|0x00000000ed100000, 0x00000000ed100000, 0x00000000ed200000|  0%| F|  |TAMS 0x00000000ed100000, 0x00000000ed100000| Untracked 
| 210|0x00000000ed200000, 0x00000000ed200000, 0x00000000ed300000|  0%| F|  |TAMS 0x00000000ed200000, 0x00000000ed200000| Untracked 
| 211|0x00000000ed300000, 0x00000000ed300000, 0x00000000ed400000|  0%| F|  |TAMS 0x00000000ed300000, 0x00000000ed300000| Untracked 
| 212|0x00000000ed400000, 0x00000000ed400000, 0x00000000ed500000|  0%| F|  |TAMS 0x00000000ed400000, 0x00000000ed400000| Untracked 
| 213|0x00000000ed500000, 0x00000000ed500000, 0x00000000ed600000|  0%| F|  |TAMS 0x00000000ed500000, 0x00000000ed500000| Untracked 
| 214|0x00000000ed600000, 0x00000000ed600000, 0x00000000ed700000|  0%| F|  |TAMS 0x00000000ed600000, 0x00000000ed600000| Untracked 
| 215|0x00000000ed700000, 0x00000000ed700000, 0x00000000ed800000|  0%| F|  |TAMS 0x00000000ed700000, 0x00000000ed700000| Untracked 
| 216|0x00000000ed800000, 0x00000000ed800000, 0x00000000ed900000|  0%| F|  |TAMS 0x00000000ed800000, 0x00000000ed800000| Untracked 
| 217|0x00000000ed900000, 0x00000000ed900000, 0x00000000eda00000|  0%| F|  |TAMS 0x00000000ed900000, 0x00000000ed900000| Untracked 
| 218|0x00000000eda00000, 0x00000000eda00000, 0x00000000edb00000|  0%| F|  |TAMS 0x00000000eda00000, 0x00000000eda00000| Untracked 
| 219|0x00000000edb00000, 0x00000000edb00000, 0x00000000edc00000|  0%| F|  |TAMS 0x00000000edb00000, 0x00000000edb00000| Untracked 
| 220|0x00000000edc00000, 0x00000000edc00000, 0x00000000edd00000|  0%| F|  |TAMS 0x00000000edc00000, 0x00000000edc00000| Untracked 
| 221|0x00000000edd00000, 0x00000000edd00000, 0x00000000ede00000|  0%| F|  |TAMS 0x00000000edd00000, 0x00000000edd00000| Untracked 
| 222|0x00000000ede00000, 0x00000000ede00000, 0x00000000edf00000|  0%| F|  |TAMS 0x00000000ede00000, 0x00000000ede00000| Untracked 
| 223|0x00000000edf00000, 0x00000000edf00000, 0x00000000ee000000|  0%| F|  |TAMS 0x00000000edf00000, 0x00000000edf00000| Untracked 
| 224|0x00000000ee000000, 0x00000000ee000000, 0x00000000ee100000|  0%| F|  |TAMS 0x00000000ee000000, 0x00000000ee000000| Untracked 
| 225|0x00000000ee100000, 0x00000000ee100000, 0x00000000ee200000|  0%| F|  |TAMS 0x00000000ee100000, 0x00000000ee100000| Untracked 
| 226|0x00000000ee200000, 0x00000000ee200000, 0x00000000ee300000|  0%| F|  |TAMS 0x00000000ee200000, 0x00000000ee200000| Untracked 
| 227|0x00000000ee300000, 0x00000000ee300000, 0x00000000ee400000|  0%| F|  |TAMS 0x00000000ee300000, 0x00000000ee300000| Untracked 
| 228|0x00000000ee400000, 0x00000000ee400800, 0x00000000ee500000|  0%| E|  |TAMS 0x00000000ee400000, 0x00000000ee400000| Complete 
| 229|0x00000000ee500000, 0x00000000ee600000, 0x00000000ee600000|100%| E|CS|TAMS 0x00000000ee500000, 0x00000000ee500000| Complete 
| 230|0x00000000ee600000, 0x00000000ee700000, 0x00000000ee700000|100%| E|CS|TAMS 0x00000000ee600000, 0x00000000ee600000| Complete 
| 231|0x00000000ee700000, 0x00000000ee800000, 0x00000000ee800000|100%| E|CS|TAMS 0x00000000ee700000, 0x00000000ee700000| Complete 
| 232|0x00000000ee800000, 0x00000000ee900000, 0x00000000ee900000|100%| E|CS|TAMS 0x00000000ee800000, 0x00000000ee800000| Complete 
| 233|0x00000000ee900000, 0x00000000eea00000, 0x00000000eea00000|100%| E|CS|TAMS 0x00000000ee900000, 0x00000000ee900000| Complete 
| 234|0x00000000eea00000, 0x00000000eeb00000, 0x00000000eeb00000|100%| E|CS|TAMS 0x00000000eea00000, 0x00000000eea00000| Complete 
| 235|0x00000000eeb00000, 0x00000000eec00000, 0x00000000eec00000|100%| E|CS|TAMS 0x00000000eeb00000, 0x00000000eeb00000| Complete 
| 236|0x00000000eec00000, 0x00000000eed00000, 0x00000000eed00000|100%| E|CS|TAMS 0x00000000eec00000, 0x00000000eec00000| Complete 
| 237|0x00000000eed00000, 0x00000000eee00000, 0x00000000eee00000|100%| E|CS|TAMS 0x00000000eed00000, 0x00000000eed00000| Complete 
| 238|0x00000000eee00000, 0x00000000eef00000, 0x00000000eef00000|100%| E|CS|TAMS 0x00000000eee00000, 0x00000000eee00000| Complete 
| 239|0x00000000eef00000, 0x00000000ef000000, 0x00000000ef000000|100%| E|CS|TAMS 0x00000000eef00000, 0x00000000eef00000| Complete 
| 240|0x00000000ef000000, 0x00000000ef100000, 0x00000000ef100000|100%| E|CS|TAMS 0x00000000ef000000, 0x00000000ef000000| Complete 
| 241|0x00000000ef100000, 0x00000000ef200000, 0x00000000ef200000|100%| E|CS|TAMS 0x00000000ef100000, 0x00000000ef100000| Complete 
| 242|0x00000000ef200000, 0x00000000ef300000, 0x00000000ef300000|100%| E|CS|TAMS 0x00000000ef200000, 0x00000000ef200000| Complete 
| 243|0x00000000ef300000, 0x00000000ef400000, 0x00000000ef400000|100%| E|CS|TAMS 0x00000000ef300000, 0x00000000ef300000| Complete 
| 244|0x00000000ef400000, 0x00000000ef500000, 0x00000000ef500000|100%| E|CS|TAMS 0x00000000ef400000, 0x00000000ef400000| Complete 
| 245|0x00000000ef500000, 0x00000000ef600000, 0x00000000ef600000|100%| E|CS|TAMS 0x00000000ef500000, 0x00000000ef500000| Complete 
| 246|0x00000000ef600000, 0x00000000ef700000, 0x00000000ef700000|100%| E|CS|TAMS 0x00000000ef600000, 0x00000000ef600000| Complete 
| 247|0x00000000ef700000, 0x00000000ef800000, 0x00000000ef800000|100%| E|CS|TAMS 0x00000000ef700000, 0x00000000ef700000| Complete 
| 248|0x00000000ef800000, 0x00000000ef900000, 0x00000000ef900000|100%| E|CS|TAMS 0x00000000ef800000, 0x00000000ef800000| Complete 
| 249|0x00000000ef900000, 0x00000000efa00000, 0x00000000efa00000|100%| E|CS|TAMS 0x00000000ef900000, 0x00000000ef900000| Complete 
| 250|0x00000000efa00000, 0x00000000efb00000, 0x00000000efb00000|100%| E|CS|TAMS 0x00000000efa00000, 0x00000000efa00000| Complete 
| 251|0x00000000efb00000, 0x00000000efc00000, 0x00000000efc00000|100%| E|CS|TAMS 0x00000000efb00000, 0x00000000efb00000| Complete 
| 252|0x00000000efc00000, 0x00000000efd00000, 0x00000000efd00000|100%| E|CS|TAMS 0x00000000efc00000, 0x00000000efc00000| Complete 
| 253|0x00000000efd00000, 0x00000000efe00000, 0x00000000efe00000|100%| E|CS|TAMS 0x00000000efd00000, 0x00000000efd00000| Complete 
| 254|0x00000000efe00000, 0x00000000eff00000, 0x00000000eff00000|100%| E|CS|TAMS 0x00000000efe00000, 0x00000000efe00000| Complete 
| 255|0x00000000eff00000, 0x00000000f0000000, 0x00000000f0000000|100%| E|CS|TAMS 0x00000000eff00000, 0x00000000eff00000| Complete 
| 256|0x00000000f0000000, 0x00000000f0100000, 0x00000000f0100000|100%| E|CS|TAMS 0x00000000f0000000, 0x00000000f0000000| Complete 
| 257|0x00000000f0100000, 0x00000000f0200000, 0x00000000f0200000|100%| E|CS|TAMS 0x00000000f0100000, 0x00000000f0100000| Complete 
| 258|0x00000000f0200000, 0x00000000f0300000, 0x00000000f0300000|100%| E|CS|TAMS 0x00000000f0200000, 0x00000000f0200000| Complete 
| 259|0x00000000f0300000, 0x00000000f0400000, 0x00000000f0400000|100%| E|CS|TAMS 0x00000000f0300000, 0x00000000f0300000| Complete 
| 260|0x00000000f0400000, 0x00000000f0500000, 0x00000000f0500000|100%| E|CS|TAMS 0x00000000f0400000, 0x00000000f0400000| Complete 
| 261|0x00000000f0500000, 0x00000000f0600000, 0x00000000f0600000|100%| E|CS|TAMS 0x00000000f0500000, 0x00000000f0500000| Complete 
| 262|0x00000000f0600000, 0x00000000f0700000, 0x00000000f0700000|100%| E|CS|TAMS 0x00000000f0600000, 0x00000000f0600000| Complete 
| 263|0x00000000f0700000, 0x00000000f0800000, 0x00000000f0800000|100%| E|CS|TAMS 0x00000000f0700000, 0x00000000f0700000| Complete 
| 264|0x00000000f0800000, 0x00000000f0900000, 0x00000000f0900000|100%| E|CS|TAMS 0x00000000f0800000, 0x00000000f0800000| Complete 
| 265|0x00000000f0900000, 0x00000000f0a00000, 0x00000000f0a00000|100%| E|CS|TAMS 0x00000000f0900000, 0x00000000f0900000| Complete 
| 266|0x00000000f0a00000, 0x00000000f0b00000, 0x00000000f0b00000|100%| E|CS|TAMS 0x00000000f0a00000, 0x00000000f0a00000| Complete 
| 267|0x00000000f0b00000, 0x00000000f0c00000, 0x00000000f0c00000|100%| E|CS|TAMS 0x00000000f0b00000, 0x00000000f0b00000| Complete 
| 268|0x00000000f0c00000, 0x00000000f0d00000, 0x00000000f0d00000|100%| E|CS|TAMS 0x00000000f0c00000, 0x00000000f0c00000| Complete 
| 269|0x00000000f0d00000, 0x00000000f0e00000, 0x00000000f0e00000|100%| E|CS|TAMS 0x00000000f0d00000, 0x00000000f0d00000| Complete 
| 270|0x00000000f0e00000, 0x00000000f0f00000, 0x00000000f0f00000|100%| E|CS|TAMS 0x00000000f0e00000, 0x00000000f0e00000| Complete 
| 271|0x00000000f0f00000, 0x00000000f1000000, 0x00000000f1000000|100%| E|CS|TAMS 0x00000000f0f00000, 0x00000000f0f00000| Complete 
| 272|0x00000000f1000000, 0x00000000f1100000, 0x00000000f1100000|100%| E|CS|TAMS 0x00000000f1000000, 0x00000000f1000000| Complete 
| 273|0x00000000f1100000, 0x00000000f1200000, 0x00000000f1200000|100%| E|CS|TAMS 0x00000000f1100000, 0x00000000f1100000| Complete 
| 274|0x00000000f1200000, 0x00000000f1300000, 0x00000000f1300000|100%| E|CS|TAMS 0x00000000f1200000, 0x00000000f1200000| Complete 
| 275|0x00000000f1300000, 0x00000000f1400000, 0x00000000f1400000|100%| E|CS|TAMS 0x00000000f1300000, 0x00000000f1300000| Complete 
| 276|0x00000000f1400000, 0x00000000f1500000, 0x00000000f1500000|100%| E|CS|TAMS 0x00000000f1400000, 0x00000000f1400000| Complete 
| 277|0x00000000f1500000, 0x00000000f1600000, 0x00000000f1600000|100%| E|CS|TAMS 0x00000000f1500000, 0x00000000f1500000| Complete 
| 278|0x00000000f1600000, 0x00000000f1700000, 0x00000000f1700000|100%| E|CS|TAMS 0x00000000f1600000, 0x00000000f1600000| Complete 
| 279|0x00000000f1700000, 0x00000000f1800000, 0x00000000f1800000|100%| E|CS|TAMS 0x00000000f1700000, 0x00000000f1700000| Complete 
| 280|0x00000000f1800000, 0x00000000f1900000, 0x00000000f1900000|100%| E|CS|TAMS 0x00000000f1800000, 0x00000000f1800000| Complete 
| 281|0x00000000f1900000, 0x00000000f1a00000, 0x00000000f1a00000|100%| E|CS|TAMS 0x00000000f1900000, 0x00000000f1900000| Complete 
| 282|0x00000000f1a00000, 0x00000000f1b00000, 0x00000000f1b00000|100%| E|CS|TAMS 0x00000000f1a00000, 0x00000000f1a00000| Complete 
| 283|0x00000000f1b00000, 0x00000000f1c00000, 0x00000000f1c00000|100%| E|CS|TAMS 0x00000000f1b00000, 0x00000000f1b00000| Complete 
| 284|0x00000000f1c00000, 0x00000000f1d00000, 0x00000000f1d00000|100%| E|CS|TAMS 0x00000000f1c00000, 0x00000000f1c00000| Complete 
| 285|0x00000000f1d00000, 0x00000000f1e00000, 0x00000000f1e00000|100%| E|CS|TAMS 0x00000000f1d00000, 0x00000000f1d00000| Complete 
| 286|0x00000000f1e00000, 0x00000000f1f00000, 0x00000000f1f00000|100%| E|CS|TAMS 0x00000000f1e00000, 0x00000000f1e00000| Complete 
| 287|0x00000000f1f00000, 0x00000000f2000000, 0x00000000f2000000|100%| E|CS|TAMS 0x00000000f1f00000, 0x00000000f1f00000| Complete 
| 288|0x00000000f2000000, 0x00000000f2100000, 0x00000000f2100000|100%| E|CS|TAMS 0x00000000f2000000, 0x00000000f2000000| Complete 
| 289|0x00000000f2100000, 0x00000000f2200000, 0x00000000f2200000|100%| E|CS|TAMS 0x00000000f2100000, 0x00000000f2100000| Complete 
| 290|0x00000000f2200000, 0x00000000f2300000, 0x00000000f2300000|100%| E|CS|TAMS 0x00000000f2200000, 0x00000000f2200000| Complete 
| 291|0x00000000f2300000, 0x00000000f2400000, 0x00000000f2400000|100%| E|  |TAMS 0x00000000f2300000, 0x00000000f2300000| Complete 
| 292|0x00000000f2400000, 0x00000000f2500000, 0x00000000f2500000|100%| E|CS|TAMS 0x00000000f2400000, 0x00000000f2400000| Complete 
| 293|0x00000000f2500000, 0x00000000f2600000, 0x00000000f2600000|100%| E|CS|TAMS 0x00000000f2500000, 0x00000000f2500000| Complete 

Card table byte_map: [0x000001b418e80000,0x000001b418f80000] _byte_map_base: 0x000001b418780000

Marking Bits (Prev, Next): (CMBitMap*) 0x000001b402305dd0, (CMBitMap*) 0x000001b402305e10
 Prev Bits: [0x000001b419080000, 0x000001b419880000)
 Next Bits: [0x000001b419880000, 0x000001b41a080000)

Polling page: 0x000001b401ac0000

Metaspace:

Usage:
  Non-class:     71.65 MB used.
      Class:     10.63 MB used.
       Both:     82.29 MB used.

Virtual space:
  Non-class space:       80.00 MB reserved,      72.06 MB ( 90%) committed,  10 nodes.
      Class space:      208.00 MB reserved,      11.00 MB (  5%) committed,  1 nodes.
              Both:      288.00 MB reserved,      83.06 MB ( 29%) committed. 

Chunk freelists:
   Non-Class:  3.54 MB
       Class:  941.00 KB
        Both:  4.46 MB

MaxMetaspaceSize: 256.00 MB
CompressedClassSpaceSize: 208.00 MB
 - commit_granule_bytes: 65536.
 - commit_granule_words: 8192.
 - virtual_space_node_default_size: 1048576.
 - enlarge_chunks_in_place: 1.
 - new_chunks_are_fully_committed: 0.
 - uncommit_free_chunks: 1.
 - use_allocation_guard: 0.
 - handle_deallocations: 1.


Internal statistics:

num_allocs_failed_limit: 9.
num_arena_births: 1138.
num_arena_deaths: 176.
num_vsnodes_births: 11.
num_vsnodes_deaths: 0.
num_space_committed: 1329.
num_space_uncommitted: 0.
num_chunks_returned_to_freelist: 236.
num_chunks_taken_from_freelist: 4679.
num_chunk_merges: 80.
num_chunk_splits: 2858.
num_chunks_enlarged: 1754.
num_purges: 4.

CodeHeap 'non-profiled nmethods': size=120000Kb used=9471Kb max_used=9488Kb free=110528Kb
 bounds [0x000001b411520000, 0x000001b411e70000, 0x000001b418a50000]
CodeHeap 'profiled nmethods': size=120000Kb used=27331Kb max_used=27335Kb free=92668Kb
 bounds [0x000001b409ff0000, 0x000001b40bab0000, 0x000001b411520000]
CodeHeap 'non-nmethods': size=5760Kb used=2425Kb max_used=2549Kb free=3334Kb
 bounds [0x000001b409a50000, 0x000001b409ce0000, 0x000001b409ff0000]
 total_blobs=14213 nmethods=13256 adapters=868
 compilation: enabled
              stopped_count=0, restarted_count=0
 full_count=0

Compilation events (20 events):
Event: 1487.299 Thread 0x000001b41ca9d410 15490       3       org.gradle.internal.snapshot.PathUtil::equalChars (60 bytes)
Event: 1487.301 Thread 0x000001b41ca9d410 nmethod 15490 0x000001b40a2cb310 code [0x000001b40a2cb5a0, 0x000001b40a2cc198]
Event: 1487.301 Thread 0x000001b41ca9d410 15491       1       java.util.stream.Collectors$CollectorImpl::finisher (5 bytes)
Event: 1487.301 Thread 0x000001b41ca9d410 nmethod 15491 0x000001b411c7bf90 code [0x000001b411c7c120, 0x000001b411c7c1f8]
Event: 1487.301 Thread 0x000001b41ca9d410 15492       3       com.google.common.collect.ImmutableMultimap$1::hasNext (30 bytes)
Event: 1487.302 Thread 0x000001b41ca9d410 nmethod 15492 0x000001b40b2ee890 code [0x000001b40b2eea60, 0x000001b40b2eed98]
Event: 1487.302 Thread 0x000001b41ca9d410 15493       3       java.io.Bits::putLong (86 bytes)
Event: 1487.302 Thread 0x000001b41ca9d410 nmethod 15493 0x000001b40a9c0610 code [0x000001b40a9c07c0, 0x000001b40a9c0a38]
Event: 1487.303 Thread 0x000001b41ca9d410 15494       3       kotlin.reflect.jvm.internal.ReflectProperties$Val::<init> (5 bytes)
Event: 1487.303 Thread 0x000001b41ca9d410 nmethod 15494 0x000001b40a7c2210 code [0x000001b40a7c23c0, 0x000001b40a7c2518]
Event: 1487.304 Thread 0x000001b41ca9d410 15495       3       org.gradle.internal.snapshot.AbstractListChildMap::visitChildren (47 bytes)
Event: 1487.304 Thread 0x000001b41ca9d410 nmethod 15495 0x000001b40a1e2290 code [0x000001b40a1e2480, 0x000001b40a1e2ab8]
Event: 1487.305 Thread 0x000001b41ca9d410 15496       3       com.google.common.collect.ImmutableMultimap$1::next (5 bytes)
Event: 1487.306 Thread 0x000001b41ca9d410 nmethod 15496 0x000001b40a2caf90 code [0x000001b40a2cb140, 0x000001b40a2cb288]
Event: 1487.306 Thread 0x000001b41ca9d410 15497       3       com.google.common.collect.ImmutableMultimap$1::next (68 bytes)
Event: 1487.306 Thread 0x000001b41ca9d410 nmethod 15497 0x000001b40a848b10 code [0x000001b40a848d60, 0x000001b40a849918]
Event: 1487.329 Thread 0x000001b41ca9d410 15498       3       org.gradle.internal.snapshot.AbstractIncompleteFileSystemNode::accept (16 bytes)
Event: 1487.329 Thread 0x000001b41ca9d410 nmethod 15498 0x000001b40a5c7710 code [0x000001b40a5c7920, 0x000001b40a5c8058]
Event: 1487.329 Thread 0x000001b41ca9d410 15499       3       org.gradle.internal.snapshot.AbstractIncompleteFileSystemNode$$Lambda$250/0x0000000800f559c8::<init> (10 bytes)
Event: 1487.329 Thread 0x000001b41ca9d410 nmethod 15499 0x000001b40a1e1e90 code [0x000001b40a1e2040, 0x000001b40a1e21f8]

GC Heap History (20 events):
Event: 1446.614 GC heap before
{Heap before GC invocations=11 (full 0):
 garbage-first heap   total 262144K, used 205631K [0x00000000e0000000, 0x0000000100000000)
  region size 1024K, 132 young (135168K), 16 survivors (16384K)
 Metaspace       used 68574K, committed 69248K, reserved 278528K
  class space    used 9079K, committed 9408K, reserved 212992K
}
Event: 1446.627 GC heap after
{Heap after GC invocations=12 (full 0):
 garbage-first heap   total 262144K, used 98608K [0x00000000e0000000, 0x0000000100000000)
  region size 1024K, 17 young (17408K), 17 survivors (17408K)
 Metaspace       used 68574K, committed 69248K, reserved 278528K
  class space    used 9079K, committed 9408K, reserved 212992K
}
Event: 1448.060 GC heap before
{Heap before GC invocations=12 (full 0):
 garbage-first heap   total 262144K, used 205104K [0x00000000e0000000, 0x0000000100000000)
  region size 1024K, 121 young (123904K), 17 survivors (17408K)
 Metaspace       used 69313K, committed 70080K, reserved 278528K
  class space    used 9119K, committed 9472K, reserved 212992K
}
Event: 1448.068 GC heap after
{Heap after GC invocations=13 (full 0):
 garbage-first heap   total 262144K, used 102738K [0x00000000e0000000, 0x0000000100000000)
  region size 1024K, 5 young (5120K), 5 survivors (5120K)
 Metaspace       used 69313K, committed 70080K, reserved 278528K
  class space    used 9119K, committed 9472K, reserved 212992K
}
Event: 1465.643 GC heap before
{Heap before GC invocations=13 (full 0):
 garbage-first heap   total 262144K, used 208210K [0x00000000e0000000, 0x0000000100000000)
  region size 1024K, 109 young (111616K), 5 survivors (5120K)
 Metaspace       used 73715K, committed 74496K, reserved 278528K
  class space    used 9654K, committed 10048K, reserved 212992K
}
Event: 1465.651 GC heap after
{Heap after GC invocations=14 (full 0):
 garbage-first heap   total 262144K, used 111157K [0x00000000e0000000, 0x0000000100000000)
  region size 1024K, 13 young (13312K), 13 survivors (13312K)
 Metaspace       used 73715K, committed 74496K, reserved 278528K
  class space    used 9654K, committed 10048K, reserved 212992K
}
Event: 1466.121 GC heap before
{Heap before GC invocations=14 (full 0):
 garbage-first heap   total 262144K, used 209461K [0x00000000e0000000, 0x0000000100000000)
  region size 1024K, 110 young (112640K), 13 survivors (13312K)
 Metaspace       used 74855K, committed 75648K, reserved 286720K
  class space    used 9797K, committed 10176K, reserved 212992K
}
Event: 1466.132 GC heap after
{Heap after GC invocations=15 (full 0):
 garbage-first heap   total 262144K, used 119090K [0x00000000e0000000, 0x0000000100000000)
  region size 1024K, 8 young (8192K), 8 survivors (8192K)
 Metaspace       used 74855K, committed 75648K, reserved 286720K
  class space    used 9797K, committed 10176K, reserved 212992K
}
Event: 1466.901 GC heap before
{Heap before GC invocations=15 (full 0):
 garbage-first heap   total 262144K, used 213298K [0x00000000e0000000, 0x0000000100000000)
  region size 1024K, 99 young (101376K), 8 survivors (8192K)
 Metaspace       used 81511K, committed 82368K, reserved 286720K
  class space    used 10620K, committed 11008K, reserved 212992K
}
Event: 1466.910 GC heap after
{Heap after GC invocations=16 (full 0):
 garbage-first heap   total 262144K, used 132019K [0x00000000e0000000, 0x0000000100000000)
  region size 1024K, 13 young (13312K), 13 survivors (13312K)
 Metaspace       used 81511K, committed 82368K, reserved 286720K
  class space    used 10620K, committed 11008K, reserved 212992K
}
Event: 1466.923 GC heap before
{Heap before GC invocations=16 (full 0):
 garbage-first heap   total 262144K, used 132019K [0x00000000e0000000, 0x0000000100000000)
  region size 1024K, 14 young (14336K), 13 survivors (13312K)
 Metaspace       used 81516K, committed 82368K, reserved 286720K
  class space    used 10620K, committed 11008K, reserved 212992K
}
Event: 1466.928 GC heap after
{Heap after GC invocations=17 (full 0):
 garbage-first heap   total 262144K, used 132741K [0x00000000e0000000, 0x0000000100000000)
  region size 1024K, 2 young (2048K), 2 survivors (2048K)
 Metaspace       used 81516K, committed 82368K, reserved 286720K
  class space    used 10620K, committed 11008K, reserved 212992K
}
Event: 1467.489 GC heap before
{Heap before GC invocations=18 (full 0):
 garbage-first heap   total 301056K, used 210565K [0x00000000e0000000, 0x0000000100000000)
  region size 1024K, 79 young (80896K), 2 survivors (2048K)
 Metaspace       used 82799K, committed 83456K, reserved 286720K
  class space    used 10760K, committed 11072K, reserved 212992K
}
Event: 1467.494 GC heap after
{Heap after GC invocations=19 (full 0):
 garbage-first heap   total 301056K, used 141497K [0x00000000e0000000, 0x0000000100000000)
  region size 1024K, 10 young (10240K), 10 survivors (10240K)
 Metaspace       used 82799K, committed 83456K, reserved 286720K
  class space    used 10760K, committed 11072K, reserved 212992K
}
Event: 1467.805 GC heap before
{Heap before GC invocations=19 (full 0):
 garbage-first heap   total 301056K, used 145593K [0x00000000e0000000, 0x0000000100000000)
  region size 1024K, 14 young (14336K), 10 survivors (10240K)
 Metaspace       used 83221K, committed 83968K, reserved 286720K
  class space    used 10829K, committed 11200K, reserved 212992K
}
Event: 1467.825 GC heap after
{Heap after GC invocations=20 (full 0):
 garbage-first heap   total 301056K, used 123626K [0x00000000e0000000, 0x0000000100000000)
  region size 1024K, 2 young (2048K), 2 survivors (2048K)
 Metaspace       used 83221K, committed 83968K, reserved 286720K
  class space    used 10829K, committed 11200K, reserved 212992K
}
Event: 1486.148 GC heap before
{Heap before GC invocations=20 (full 0):
 garbage-first heap   total 301056K, used 220906K [0x00000000e0000000, 0x0000000100000000)
  region size 1024K, 98 young (100352K), 2 survivors (2048K)
 Metaspace       used 83741K, committed 84480K, reserved 294912K
  class space    used 10863K, committed 11200K, reserved 212992K
}
Event: 1486.155 GC heap after
{Heap after GC invocations=21 (full 0):
 garbage-first heap   total 301056K, used 128941K [0x00000000e0000000, 0x0000000100000000)
  region size 1024K, 7 young (7168K), 7 survivors (7168K)
 Metaspace       used 83741K, committed 84480K, reserved 294912K
  class space    used 10863K, committed 11200K, reserved 212992K
}
Event: 1486.642 GC heap before
{Heap before GC invocations=21 (full 0):
 garbage-first heap   total 301056K, used 230317K [0x00000000e0000000, 0x0000000100000000)
  region size 1024K, 104 young (106496K), 7 survivors (7168K)
 Metaspace       used 83932K, committed 84672K, reserved 294912K
  class space    used 10871K, committed 11200K, reserved 212992K
}
Event: 1486.648 GC heap after
{Heap after GC invocations=22 (full 0):
 garbage-first heap   total 301056K, used 137540K [0x00000000e0000000, 0x0000000100000000)
  region size 1024K, 13 young (13312K), 13 survivors (13312K)
 Metaspace       used 83932K, committed 84672K, reserved 294912K
  class space    used 10871K, committed 11200K, reserved 212992K
}

Deoptimization events (20 events):
Event: 1486.620 Thread 0x000001b422f2d010 Uncommon trap: trap_request=0xffffffd6 fr.pc=0x000001b411dcd660 relative=0x00000000000003c0
Event: 1486.620 Thread 0x000001b422f2d010 Uncommon trap: reason=array_check action=maybe_recompile pc=0x000001b411dcd660 method=java.util.LinkedHashMap.valuesToArray([Ljava/lang/Object;)[Ljava/lang/Object; @ 25 c2
Event: 1486.620 Thread 0x000001b422f2d010 DEOPT PACKING pc=0x000001b411dcd660 sp=0x00000066a7af80f0
Event: 1486.620 Thread 0x000001b422f2d010 DEOPT UNPACKING pc=0x000001b409a9d72e sp=0x00000066a7af8098 mode 2
Event: 1486.622 Thread 0x000001b422f2d010 Uncommon trap: trap_request=0xffffffd6 fr.pc=0x000001b411dcd660 relative=0x00000000000003c0
Event: 1486.622 Thread 0x000001b422f2d010 Uncommon trap: reason=array_check action=maybe_recompile pc=0x000001b411dcd660 method=java.util.LinkedHashMap.valuesToArray([Ljava/lang/Object;)[Ljava/lang/Object; @ 25 c2
Event: 1486.622 Thread 0x000001b422f2d010 DEOPT PACKING pc=0x000001b411dcd660 sp=0x00000066a7af80f0
Event: 1486.622 Thread 0x000001b422f2d010 DEOPT UNPACKING pc=0x000001b409a9d72e sp=0x00000066a7af8098 mode 2
Event: 1486.750 Thread 0x000001b422f2d010 Uncommon trap: trap_request=0xffffff45 fr.pc=0x000001b4116ba134 relative=0x0000000000000814
Event: 1486.750 Thread 0x000001b422f2d010 Uncommon trap: reason=unstable_if action=reinterpret pc=0x000001b4116ba134 method=java.util.ComparableTimSort.sort([Ljava/lang/Object;II[Ljava/lang/Object;II)V @ 105 c2
Event: 1486.750 Thread 0x000001b422f2d010 DEOPT PACKING pc=0x000001b4116ba134 sp=0x00000066a7af83d0
Event: 1486.750 Thread 0x000001b422f2d010 DEOPT UNPACKING pc=0x000001b409a9d72e sp=0x00000066a7af8360 mode 2
Event: 1487.290 Thread 0x000001b422f2d010 Uncommon trap: trap_request=0xffffff45 fr.pc=0x000001b4118b7230 relative=0x00000000000003d0
Event: 1487.290 Thread 0x000001b422f2d010 Uncommon trap: reason=unstable_if action=reinterpret pc=0x000001b4118b7230 method=org.gradle.internal.snapshot.PathUtil.equalChars(CCLorg/gradle/internal/snapshot/CaseSensitivity;)Z @ 40 c2
Event: 1487.290 Thread 0x000001b422f2d010 DEOPT PACKING pc=0x000001b4118b7230 sp=0x00000066a7afbc20
Event: 1487.290 Thread 0x000001b422f2d010 DEOPT UNPACKING pc=0x000001b409a9d72e sp=0x00000066a7afbbb0 mode 2
Event: 1487.305 Thread 0x000001b41e8e2a10 Uncommon trap: trap_request=0xffffffde fr.pc=0x000001b411a2c560 relative=0x00000000000004a0
Event: 1487.305 Thread 0x000001b41e8e2a10 Uncommon trap: reason=class_check action=maybe_recompile pc=0x000001b411a2c560 method=java.io.BufferedOutputStream.write([BII)V @ 20 c2
Event: 1487.305 Thread 0x000001b41e8e2a10 DEOPT PACKING pc=0x000001b411a2c560 sp=0x00000066a81fe3c0
Event: 1487.306 Thread 0x000001b41e8e2a10 DEOPT UNPACKING pc=0x000001b409a9d72e sp=0x00000066a81fe2f0 mode 2

Classes unloaded (20 events):
Event: 1466.990 Thread 0x000001b41ca70030 Unloading class 0x00000008012dc800 'jdk/internal/reflect/GeneratedSerializationConstructorAccessor28'
Event: 1466.990 Thread 0x000001b41ca70030 Unloading class 0x00000008012dc400 'jdk/internal/reflect/GeneratedSerializationConstructorAccessor27'
Event: 1466.990 Thread 0x000001b41ca70030 Unloading class 0x00000008012dc000 'jdk/internal/reflect/GeneratedSerializationConstructorAccessor26'
Event: 1466.990 Thread 0x000001b41ca70030 Unloading class 0x00000008012d8400 'jdk/internal/reflect/GeneratedSerializationConstructorAccessor25'
Event: 1466.990 Thread 0x000001b41ca70030 Unloading class 0x00000008012d3400 'jdk/internal/reflect/GeneratedSerializationConstructorAccessor24'
Event: 1466.990 Thread 0x000001b41ca70030 Unloading class 0x00000008012d2400 'jdk/internal/reflect/GeneratedSerializationConstructorAccessor23'
Event: 1466.990 Thread 0x000001b41ca70030 Unloading class 0x00000008012d2000 'jdk/internal/reflect/GeneratedSerializationConstructorAccessor22'
Event: 1466.990 Thread 0x000001b41ca70030 Unloading class 0x00000008012d1c00 'jdk/internal/reflect/GeneratedSerializationConstructorAccessor21'
Event: 1466.990 Thread 0x000001b41ca70030 Unloading class 0x00000008012d1800 'jdk/internal/reflect/GeneratedSerializationConstructorAccessor20'
Event: 1466.990 Thread 0x000001b41ca70030 Unloading class 0x00000008012d1400 'jdk/internal/reflect/GeneratedSerializationConstructorAccessor19'
Event: 1466.990 Thread 0x000001b41ca70030 Unloading class 0x00000008012d1000 'jdk/internal/reflect/GeneratedSerializationConstructorAccessor18'
Event: 1466.990 Thread 0x000001b41ca70030 Unloading class 0x00000008012d0c00 'jdk/internal/reflect/GeneratedSerializationConstructorAccessor17'
Event: 1466.990 Thread 0x000001b41ca70030 Unloading class 0x00000008012d0800 'jdk/internal/reflect/GeneratedSerializationConstructorAccessor16'
Event: 1466.990 Thread 0x000001b41ca70030 Unloading class 0x00000008012d0400 'jdk/internal/reflect/GeneratedSerializationConstructorAccessor15'
Event: 1466.990 Thread 0x000001b41ca70030 Unloading class 0x00000008012d0000 'jdk/internal/reflect/GeneratedSerializationConstructorAccessor14'
Event: 1466.990 Thread 0x000001b41ca70030 Unloading class 0x00000008012b1000 'jdk/internal/reflect/GeneratedSerializationConstructorAccessor13'
Event: 1466.990 Thread 0x000001b41ca70030 Unloading class 0x00000008012b0c00 'jdk/internal/reflect/GeneratedSerializationConstructorAccessor12'
Event: 1466.990 Thread 0x000001b41ca70030 Unloading class 0x00000008012b0800 'jdk/internal/reflect/GeneratedSerializationConstructorAccessor11'
Event: 1466.990 Thread 0x000001b41ca70030 Unloading class 0x00000008012b0400 'jdk/internal/reflect/GeneratedSerializationConstructorAccessor10'
Event: 1466.990 Thread 0x000001b41ca70030 Unloading class 0x00000008012b0000 'jdk/internal/reflect/GeneratedSerializationConstructorAccessor9'

Classes redefined (0 events):
No events

Internal exceptions (20 events):
Event: 1486.842 Thread 0x000001b422f2d010 Exception <a 'sun/nio/fs/WindowsException'{0x00000000efa22da8}> (0x00000000efa22da8) 
thrown [t:\workspace\open\src\hotspot\share\prims\jni.cpp, line 579]
Event: 1486.842 Thread 0x000001b422f2d010 Exception <a 'sun/nio/fs/WindowsException'{0x00000000efa23f68}> (0x00000000efa23f68) 
thrown [t:\workspace\open\src\hotspot\share\prims\jni.cpp, line 579]
Event: 1486.851 Thread 0x000001b422f2d010 Exception <a 'sun/nio/fs/WindowsException'{0x00000000efa31338}> (0x00000000efa31338) 
thrown [t:\workspace\open\src\hotspot\share\prims\jni.cpp, line 579]
Event: 1486.865 Thread 0x000001b422f2d010 Exception <a 'sun/nio/fs/WindowsException'{0x00000000efa3c4e8}> (0x00000000efa3c4e8) 
thrown [t:\workspace\open\src\hotspot\share\prims\jni.cpp, line 579]
Event: 1486.875 Thread 0x000001b422f2d010 Exception <a 'sun/nio/fs/WindowsException'{0x00000000efa510d8}> (0x00000000efa510d8) 
thrown [t:\workspace\open\src\hotspot\share\prims\jni.cpp, line 579]
Event: 1486.884 Thread 0x000001b422f2d010 Exception <a 'sun/nio/fs/WindowsException'{0x00000000efa5a1d0}> (0x00000000efa5a1d0) 
thrown [t:\workspace\open\src\hotspot\share\prims\jni.cpp, line 579]
Event: 1486.884 Thread 0x000001b422f2d010 Exception <a 'sun/nio/fs/WindowsException'{0x00000000efa5b3b8}> (0x00000000efa5b3b8) 
thrown [t:\workspace\open\src\hotspot\share\prims\jni.cpp, line 579]
Event: 1486.895 Thread 0x000001b422f2d010 Exception <a 'sun/nio/fs/WindowsException'{0x00000000efa7bc80}> (0x00000000efa7bc80) 
thrown [t:\workspace\open\src\hotspot\share\prims\jni.cpp, line 579]
Event: 1486.896 Thread 0x000001b422f2d010 Exception <a 'sun/nio/fs/WindowsException'{0x00000000efa7ce58}> (0x00000000efa7ce58) 
thrown [t:\workspace\open\src\hotspot\share\prims\jni.cpp, line 579]
Event: 1486.908 Thread 0x000001b422f2d010 Exception <a 'sun/nio/fs/WindowsException'{0x00000000efa95c88}> (0x00000000efa95c88) 
thrown [t:\workspace\open\src\hotspot\share\prims\jni.cpp, line 579]
Event: 1486.918 Thread 0x000001b422f2d010 Exception <a 'sun/nio/fs/WindowsException'{0x00000000efab0868}> (0x00000000efab0868) 
thrown [t:\workspace\open\src\hotspot\share\prims\jni.cpp, line 579]
Event: 1486.918 Thread 0x000001b422f2d010 Exception <a 'sun/nio/fs/WindowsException'{0x00000000efab1a28}> (0x00000000efab1a28) 
thrown [t:\workspace\open\src\hotspot\share\prims\jni.cpp, line 579]
Event: 1486.926 Thread 0x000001b422f2d010 Exception <a 'sun/nio/fs/WindowsException'{0x00000000efabac40}> (0x00000000efabac40) 
thrown [t:\workspace\open\src\hotspot\share\prims\jni.cpp, line 579]
Event: 1486.934 Thread 0x000001b422f2d010 Exception <a 'sun/nio/fs/WindowsException'{0x00000000efaca5e8}> (0x00000000efaca5e8) 
thrown [t:\workspace\open\src\hotspot\share\prims\jni.cpp, line 579]
Event: 1486.951 Thread 0x000001b422f2d010 Exception <a 'sun/nio/fs/WindowsException'{0x00000000ef96a640}> (0x00000000ef96a640) 
thrown [t:\workspace\open\src\hotspot\share\prims\jni.cpp, line 579]
Event: 1486.951 Thread 0x000001b422f2d010 Exception <a 'sun/nio/fs/WindowsException'{0x00000000ef96b810}> (0x00000000ef96b810) 
thrown [t:\workspace\open\src\hotspot\share\prims\jni.cpp, line 579]
Event: 1486.965 Thread 0x000001b422f2d010 Exception <a 'sun/nio/fs/WindowsException'{0x00000000ef999698}> (0x00000000ef999698) 
thrown [t:\workspace\open\src\hotspot\share\prims\jni.cpp, line 579]
Event: 1487.003 Thread 0x000001b422f2d010 Exception <a 'java/lang/NoSuchMethodError'{0x00000000ef83c9c8}: 'int java.lang.invoke.DirectMethodHandle$Holder.invokeStatic(java.lang.Object)'> (0x00000000ef83c9c8) 
thrown [t:\workspace\open\src\hotspot\share\interpreter\linkResolver.cpp, line 790]
Event: 1487.287 Thread 0x000001b41f01eb20 Exception <a 'java/lang/NoSuchMethodError'{0x00000000ee9ac150}: static Lorg/gradle/internal/build/event/types/DefaultJavaCompileTaskSuccessResult;.<clinit>()V> (0x00000000ee9ac150) 
thrown [t:\workspace\open\src\hotspot\share\prims\jni.cpp, line 1210]
Event: 1487.287 Thread 0x000001b41f01eb20 Exception <a 'java/lang/NoSuchMethodError'{0x00000000ee9ad990}: static Lorg/gradle/internal/build/event/types/DefaultTaskSuccessResult;.<clinit>()V> (0x00000000ee9ad990) 
thrown [t:\workspace\open\src\hotspot\share\prims\jni.cpp, line 1210]

Events (20 events):
Event: 1487.274 Thread 0x000001b41caa2570 flushing nmethod 0x000001b40a5c6210
Event: 1487.275 Thread 0x000001b41caa2570 flushing nmethod 0x000001b40a7c2210
Event: 1487.275 Thread 0x000001b41caa2570 flushing nmethod 0x000001b40a848b10
Event: 1487.275 Thread 0x000001b41caa2570 flushing nmethod 0x000001b40a883610
Event: 1487.277 Executing  VM operation: ICBufferFull
Event: 1487.277 Executing  VM operation: ICBufferFull done
Event: 1487.277 Thread 0x000001b41caa2570 flushing nmethod 0x000001b40a9c0610
Event: 1487.277 Thread 0x000001b41caa2570 flushing nmethod 0x000001b40aa0c510
Event: 1487.279 Thread 0x000001b41caa2570 flushing nmethod 0x000001b40ac0d010
Event: 1487.282 Thread 0x000001b41caa2570 flushing nmethod 0x000001b40b1d3b90
Event: 1487.283 Thread 0x000001b41caa2570 flushing nmethod 0x000001b40b2ee890
Event: 1487.283 Thread 0x000001b41caa2570 flushing nmethod 0x000001b40b2eec10
Event: 1487.283 Thread 0x000001b41caa2570 flushing nmethod 0x000001b40b2fb910
Event: 1487.302 Thread 0x000001b422f2dab0 Thread exited: 0x000001b422f2dab0
Event: 1487.302 Thread 0x000001b422f2d010 Thread exited: 0x000001b422f2d010
Event: 1487.302 Thread 0x000001b422f28060 Thread exited: 0x000001b422f28060
Event: 1487.302 Thread 0x000001b422f28b00 Thread exited: 0x000001b422f28b00
Event: 1487.302 Thread 0x000001b422f2d560 Thread exited: 0x000001b422f2d560
Event: 1487.302 Thread 0x000001b422f2eff0 Thread exited: 0x000001b422f2eff0
Event: 1487.302 Thread 0x000001b422f2c570 Thread exited: 0x000001b422f2c570


Dynamic libraries:
0x00007ff6c5cb0000 - 0x00007ff6c5cbe000 	C:\Users\PC-YK-D-1\.jdks\openjdk-16.0.2\bin\java.exe
0x00007ffc92ad0000 - 0x00007ffc92cc5000 	C:\Windows\SYSTEM32\ntdll.dll
0x00007ffc90de0000 - 0x00007ffc90e9d000 	C:\Windows\System32\KERNEL32.DLL
0x00007ffc90210000 - 0x00007ffc904d9000 	C:\Windows\System32\KERNELBASE.dll
0x00007ffc909b0000 - 0x00007ffc90ab0000 	C:\Windows\System32\ucrtbase.dll
0x00007ffc8b960000 - 0x00007ffc8b978000 	C:\Users\PC-YK-D-1\.jdks\openjdk-16.0.2\bin\jli.dll
0x00007ffc85a90000 - 0x00007ffc85aa9000 	C:\Users\PC-YK-D-1\.jdks\openjdk-16.0.2\bin\VCRUNTIME140.dll
0x00007ffc92320000 - 0x00007ffc924c0000 	C:\Windows\System32\USER32.dll
0x00007ffc90920000 - 0x00007ffc90942000 	C:\Windows\System32\win32u.dll
0x00007ffc70160000 - 0x00007ffc703fa000 	C:\Windows\WinSxS\amd64_microsoft.windows.common-controls_6595b64144ccf1df_6.0.19041.1110_none_60b5254171f9507e\COMCTL32.dll
0x00007ffc91a70000 - 0x00007ffc91a9a000 	C:\Windows\System32\GDI32.dll
0x00007ffc91ce0000 - 0x00007ffc91d7e000 	C:\Windows\System32\msvcrt.dll
0x00007ffc904e0000 - 0x00007ffc905eb000 	C:\Windows\System32\gdi32full.dll
0x00007ffc90800000 - 0x00007ffc9089d000 	C:\Windows\System32\msvcp_win.dll
0x00007ffc91e60000 - 0x00007ffc91e90000 	C:\Windows\System32\IMM32.DLL
0x00007ffc86480000 - 0x00007ffc8648c000 	C:\Users\PC-YK-D-1\.jdks\openjdk-16.0.2\bin\vcruntime140_1.dll
0x00007ffc4d010000 - 0x00007ffc4d0a1000 	C:\Users\PC-YK-D-1\.jdks\openjdk-16.0.2\bin\msvcp140.dll
0x00007ffc18140000 - 0x00007ffc18ceb000 	C:\Users\PC-YK-D-1\.jdks\openjdk-16.0.2\bin\server\jvm.dll
0x00007ffc90fd0000 - 0x00007ffc9107c000 	C:\Windows\System32\ADVAPI32.dll
0x00007ffc91b20000 - 0x00007ffc91bbb000 	C:\Windows\System32\sechost.dll
0x00007ffc91e90000 - 0x00007ffc91fba000 	C:\Windows\System32\RPCRT4.dll
0x00007ffc90b40000 - 0x00007ffc90b48000 	C:\Windows\System32\PSAPI.DLL
0x00007ffc8a970000 - 0x00007ffc8a97a000 	C:\Windows\SYSTEM32\VERSION.dll
0x00007ffc765f0000 - 0x00007ffc765f9000 	C:\Windows\SYSTEM32\WSOCK32.dll
0x00007ffc89af0000 - 0x00007ffc89b17000 	C:\Windows\SYSTEM32\WINMM.dll
0x00007ffc91a00000 - 0x00007ffc91a6b000 	C:\Windows\System32\WS2_32.dll
0x00007ffc8e120000 - 0x00007ffc8e132000 	C:\Windows\SYSTEM32\kernel.appcore.dll
0x00007ffc85e80000 - 0x00007ffc85e8a000 	C:\Users\PC-YK-D-1\.jdks\openjdk-16.0.2\bin\jimage.dll
0x00007ffc73220000 - 0x00007ffc73404000 	C:\Windows\SYSTEM32\DBGHELP.DLL
0x00007ffc72850000 - 0x00007ffc7287c000 	C:\Windows\SYSTEM32\dbgcore.DLL
0x00007ffc90ab0000 - 0x00007ffc90b33000 	C:\Windows\System32\bcryptPrimitives.dll
0x00007ffc7e3b0000 - 0x00007ffc7e3d5000 	C:\Users\PC-YK-D-1\.jdks\openjdk-16.0.2\bin\java.dll
0x00007ffc91130000 - 0x00007ffc9186f000 	C:\Windows\System32\SHELL32.dll
0x00007ffc8e320000 - 0x00007ffc8eab1000 	C:\Windows\SYSTEM32\windows.storage.dll
0x00007ffc91fc0000 - 0x00007ffc92315000 	C:\Windows\System32\combase.dll
0x00007ffc8fba0000 - 0x00007ffc8fbcc000 	C:\Windows\SYSTEM32\Wldp.dll
0x00007ffc929e0000 - 0x00007ffc92a8e000 	C:\Windows\System32\SHCORE.dll
0x00007ffc90d80000 - 0x00007ffc90dd5000 	C:\Windows\System32\shlwapi.dll
0x00007ffc90150000 - 0x00007ffc9016f000 	C:\Windows\SYSTEM32\profapi.dll
0x00007ffc7e2b0000 - 0x00007ffc7e2c9000 	C:\Users\PC-YK-D-1\.jdks\openjdk-16.0.2\bin\net.dll
0x00007ffc88bf0000 - 0x00007ffc88cfa000 	C:\Windows\SYSTEM32\WINHTTP.dll
0x00007ffc8f980000 - 0x00007ffc8f9ea000 	C:\Windows\system32\mswsock.dll
0x00007ffc7e290000 - 0x00007ffc7e2a3000 	C:\Users\PC-YK-D-1\.jdks\openjdk-16.0.2\bin\nio.dll
0x00007ffc7e270000 - 0x00007ffc7e288000 	C:\Users\PC-YK-D-1\.jdks\openjdk-16.0.2\bin\zip.dll
0x00007ffc85ba0000 - 0x00007ffc85bb0000 	C:\Users\PC-YK-D-1\.jdks\openjdk-16.0.2\bin\verify.dll
0x00007ffc7dc20000 - 0x00007ffc7dc47000 	F:\Yunus Files\gradle-7.1.1-all\native\8bec1ad78214c89d9ad589b4d07fe93259594b29d510b10fafb7a158f7737e5d\windows-amd64\native-platform.dll
0x00007ffc36b20000 - 0x00007ffc36c5d000 	F:\Yunus Files\gradle-7.1.1-all\native\53dbd7edfb1c66fb8903c78663c9afc45aea4f116125fa6feffd364cf09443e8\windows-amd64\native-platform-file-events.dll
0x00007ffc85a40000 - 0x00007ffc85a49000 	C:\Users\PC-YK-D-1\.jdks\openjdk-16.0.2\bin\management.dll
0x00007ffc7e3a0000 - 0x00007ffc7e3ab000 	C:\Users\PC-YK-D-1\.jdks\openjdk-16.0.2\bin\management_ext.dll
0x00007ffc8fbe0000 - 0x00007ffc8fbf8000 	C:\Windows\SYSTEM32\CRYPTSP.dll
0x00007ffc8f2d0000 - 0x00007ffc8f304000 	C:\Windows\system32\rsaenh.dll
0x00007ffc908a0000 - 0x00007ffc908c7000 	C:\Windows\System32\bcrypt.dll
0x00007ffc90110000 - 0x00007ffc9013e000 	C:\Windows\SYSTEM32\USERENV.dll
0x00007ffc8fb00000 - 0x00007ffc8fb0c000 	C:\Windows\SYSTEM32\CRYPTBASE.dll
0x00007ffc8f640000 - 0x00007ffc8f67b000 	C:\Windows\SYSTEM32\IPHLPAPI.DLL
0x00007ffc91aa0000 - 0x00007ffc91aa8000 	C:\Windows\System32\NSI.dll
0x00007ffc8ab10000 - 0x00007ffc8ab27000 	C:\Windows\SYSTEM32\dhcpcsvc6.DLL
0x00007ffc8aaf0000 - 0x00007ffc8ab0d000 	C:\Windows\SYSTEM32\dhcpcsvc.DLL
0x00007ffc8f690000 - 0x00007ffc8f75c000 	C:\Windows\SYSTEM32\DNSAPI.dll
0x00007ffc7e1f0000 - 0x00007ffc7e1fe000 	C:\Users\PC-YK-D-1\.jdks\openjdk-16.0.2\bin\sunmscapi.dll
0x00007ffc906a0000 - 0x00007ffc907ff000 	C:\Windows\System32\CRYPT32.dll
0x00007ffc8fcf0000 - 0x00007ffc8fd17000 	C:\Windows\SYSTEM32\ncrypt.dll
0x00007ffc8fcb0000 - 0x00007ffc8fceb000 	C:\Windows\SYSTEM32\NTASN1.dll
0x00007ffc7e1e0000 - 0x00007ffc7e1e7000 	C:\Windows\system32\wshunix.dll
0x00007ffc86ee0000 - 0x00007ffc86eea000 	C:\Windows\System32\rasadhlp.dll
0x00007ffc87680000 - 0x00007ffc876ff000 	C:\Windows\System32\fwpuclnt.dll

dbghelp: loaded successfully - version: 4.0.5 - missing functions: none
symbol engine: initialized successfully - sym options: 0x614 - pdb path: .;C:\Users\PC-YK-D-1\.jdks\openjdk-16.0.2\bin;C:\Windows\SYSTEM32;C:\Windows\WinSxS\amd64_microsoft.windows.common-controls_6595b64144ccf1df_6.0.19041.1110_none_60b5254171f9507e;C:\Users\PC-YK-D-1\.jdks\openjdk-16.0.2\bin\server;F:\Yunus Files\gradle-7.1.1-all\native\8bec1ad78214c89d9ad589b4d07fe93259594b29d510b10fafb7a158f7737e5d\windows-amd64;F:\Yunus Files\gradle-7.1.1-all\native\53dbd7edfb1c66fb8903c78663c9afc45aea4f116125fa6feffd364cf09443e8\windows-amd64

VM Arguments:
jvm_args: --add-opens=java.base/java.util=ALL-UNNAMED --add-opens=java.base/java.lang=ALL-UNNAMED --add-opens=java.base/java.lang.invoke=ALL-UNNAMED --add-opens=java.base/java.util=ALL-UNNAMED --add-opens=java.prefs/java.util.prefs=ALL-UNNAMED --add-opens=java.prefs/java.util.prefs=ALL-UNNAMED --add-opens=java.base/java.nio.charset=ALL-UNNAMED --add-opens=java.base/java.net=ALL-UNNAMED --add-opens=java.base/java.util.concurrent.atomic=ALL-UNNAMED -XX:MaxMetaspaceSize=256m -XX:+HeapDumpOnOutOfMemoryError -Xms256m -Xmx512m -Dfile.encoding=windows-1252 -Duser.country=US -Duser.language=en -Duser.variant 
java_command: org.gradle.launcher.daemon.bootstrap.GradleDaemon 7.1.1
java_class_path (initial): F:\Yunus Files\gradle-7.1.1-all\wrapper\dists\gradle-7.1.1-bin\f29rtwfnc96ub43tt7p47zsru\gradle-7.1.1\lib\gradle-launcher-7.1.1.jar
Launcher Type: SUN_STANDARD

[Global flags]
     intx CICompilerCount                          = 4                                         {product} {ergonomic}
   size_t CompressedClassSpaceSize                 = 218103808                                 {product} {ergonomic}
     uint ConcGCThreads                            = 2                                         {product} {ergonomic}
     uint G1ConcRefinementThreads                  = 8                                         {product} {ergonomic}
   size_t G1HeapRegionSize                         = 1048576                                   {product} {ergonomic}
    uintx GCDrainStackTargetSize                   = 64                                        {product} {ergonomic}
     bool HeapDumpOnOutOfMemoryError               = true                                   {manageable} {command line}
   size_t InitialHeapSize                          = 268435456                                 {product} {command line}
   size_t MarkStackSize                            = 4194304                                   {product} {ergonomic}
   size_t MaxHeapSize                              = 536870912                                 {product} {command line}
   size_t MaxMetaspaceSize                         = 268435456                                 {product} {command line}
   size_t MaxNewSize                               = 321912832                                 {product} {ergonomic}
   size_t MinHeapDeltaBytes                        = 1048576                                   {product} {ergonomic}
   size_t MinHeapSize                              = 268435456                                 {product} {command line}
    uintx NonNMethodCodeHeapSize                   = 5839372                                {pd product} {ergonomic}
    uintx NonProfiledCodeHeapSize                  = 122909434                              {pd product} {ergonomic}
    uintx ProfiledCodeHeapSize                     = 122909434                              {pd product} {ergonomic}
    uintx ReservedCodeCacheSize                    = 251658240                              {pd product} {ergonomic}
     bool SegmentedCodeCache                       = true                                      {product} {ergonomic}
   size_t SoftMaxHeapSize                          = 536870912                              {manageable} {ergonomic}
     bool UseCompressedClassPointers               = true                           {product lp64_product} {ergonomic}
     bool UseCompressedOops                        = true                           {product lp64_product} {ergonomic}
     bool UseG1GC                                  = true                                      {product} {ergonomic}
     bool UseLargePagesIndividualAllocation        = false                                  {pd product} {ergonomic}

Logging:
Log output configuration:
 #0: stdout all=warning uptime,level,tags
 #1: stderr all=off uptime,level,tags

Environment Variables:
PATH=C:\Program Files\Common Files\Oracle\Java\javapath;C:\Program Files (x86)\Common Files\Oracle\Java\javapath;C:\Windows\system32;C:\Windows;C:\Windows\System32\Wbem;C:\Windows\System32\WindowsPowerShell\v1.0\;C:\Windows\System32\OpenSSH\;C:\Program Files\7-Zip;C:\Program Files (x86)\NVIDIA Corporation\PhysX\Common;C:\Program Files\NVIDIA Corporation\NVIDIA NvDLISR;C:\Program Files\Docker\Docker\resources\bin;C:\ProgramData\DockerDesktop\version-bin;C:\Program Files\Git\cmd;C:\Program Files (x86)\Microsoft SQL Server\110\Tools\Binn\;C:\Program Files\Microsoft SQL Server\110\Tools\Binn\;C:\Program Files\Microsoft SQL Server\110\DTS\Binn\;C:\Users\PC-YK-D-1\AppData\Local\Microsoft\WindowsApps;
USERNAME=PC-YK-D-1
OS=Windows_NT
PROCESSOR_IDENTIFIER=Intel64 Family 6 Model 158 Stepping 9, GenuineIntel



---------------  S Y S T E M  ---------------

OS:
 Windows 10 , 64 bit Build 19041 (10.0.19041.1023)
OS uptime: 6 days 7:04 hours
Hyper-V role detected

CPU: total 8 (initial active 8) (4 cores per cpu, 2 threads per core) family 6 model 158 stepping 9 microcode 0xb4, cx8, cmov, fxsr, ht, mmx, 3dnowpref, sse, sse2, sse3, ssse3, sse4.1, sse4.2, popcnt, lzcnt, tsc, tscinvbit, avx, avx2, aes, erms, clmul, bmi1, bmi2, rtm, adx, fma, vzeroupper, clflush, clflushopt, hv

Memory: 4k page, system-wide physical 16343M (8672M free)
TotalPageFile size 18775M (AvailPageFile size 4722M)
current process WorkingSet (physical memory assigned to process): 572M, peak: 588M
current process commit charge ("private bytes"): 613M, peak: 632M

vm_info: OpenJDK 64-Bit Server VM (16.0.2+7-67) for windows-amd64 JRE (16.0.2+7-67), built on Jun  8 2021 23:21:43 by "mach5one" with MS VC++ 16.7 (VS2019)

END.
